TRAINING DNN MODEL
[?1034hSet nb of threads to 16	
Setting up training dataset...	
Using a total of 1503 utterances out of 1503	
Done setting up dataset with 469083 datapoints across 1503 utterances.	
Setting up neural network...	
Done setting up neural network.	
Using model:	
nn.Sequential {
  [input -> (1) -> (2) -> (3) -> (4) -> (5) -> (6) -> (7) -> (8) -> (9) -> (10) -> output]
  (1): nn.Linear(429 -> 1024)
  (2): nn.Add
  (3): nn.ReLU
  (4): nn.Dropout(0.500000)
  (5): nn.Linear(1024 -> 1024)
  (6): nn.Add
  (7): nn.ReLU
  (8): nn.Dropout(0.500000)
  (9): nn.Linear(1024 -> 4)
  (10): nn.LogSoftMax
}
Converting network to CUDA	
Training neural network using minibatch size 128...	
Converting weights to CUDA	
Converting criterion to CUDA	
Using class NLL criterion with weights:	
1e-05 *
 0.4075
 0.6634
 4.0256
 2.0798
[torch.CudaTensor of size 4]

================================	
Epoch 1:	
  time to learn 1 sample = 0.26513671554183ms	
  time to learn all 469083 samples = 124371.12593651ms	
================================	
ConfusionMatrix:
[[   64004   42127   67637   71649]   26.080% 	[class: 1]
 [   19178   81663   26028   23875]   54.173% 	[class: 2]
 [    5900    4525    8364    6052]   33.670% 	[class: 3]
 [   11038    7512   10910   18621]]  38.728% 	[class: 4]
 + average row correct: 38.162883371115% 
 + average rowUcol correct (VOC measure): 20.373232290149% 
 + global correct: 36.80627948572%
Saving current network state...	
Saved.	
================================	
Epoch 2:	
  time to learn 1 sample = 0.27165254364741ms	
  time to learn all 469083 samples = 127427.59013176ms	
================================	
ConfusionMatrix:
[[   55580   38668   83689   67480]   22.647% 	[class: 1]
 [   16285   81387   32718   20354]   53.990% 	[class: 2]
 [    5224    4127   10053    5437]   40.469% 	[class: 3]
 [   10112    6854   13302   17813]]  37.048% 	[class: 4]
 + average row correct: 38.538664951921% 
 + average rowUcol correct (VOC measure): 19.945621676743% 
 + global correct: 35.139410296259%
Saving current network state...	
Saved.	
================================	
Epoch 3:	
  time to learn 1 sample = 0.25701506156049ms	
  time to learn all 469083 samples = 120561.39612198ms	
================================	
ConfusionMatrix:
[[   49146   33908   95904   66459]   20.026% 	[class: 1]
 [   13958   79059   38196   19531]   52.446% 	[class: 2]
 [    4410    3568   11608    5255]   46.729% 	[class: 3]
 [    9281    5965   15391   17444]]  36.280% 	[class: 4]
 + average row correct: 38.870255276561% 
 + average rowUcol correct (VOC measure): 19.472480006516% 
 + global correct: 33.524344305805%
Saving current network state...	
Saved.	
================================	
Epoch 4:	
  time to learn 1 sample = 0.25441551921694ms	
  time to learn all 469083 samples = 119341.99500084ms	
================================	
ConfusionMatrix:
[[   48478   31720   95938   69281]   19.753% 	[class: 1]
 [   13383   78331   38914   20116]   51.963% 	[class: 2]
 [    4385    3446   11617    5393]   46.765% 	[class: 3]
 [    8702    5580   15430   18369]]  38.204% 	[class: 4]
 + average row correct: 39.171488955617% 
 + average rowUcol correct (VOC measure): 19.556732848287% 
 + global correct: 33.425854273124%
Saving current network state...	
Saved.	
================================	
Epoch 5:	
  time to learn 1 sample = 0.25250788646386ms	
  time to learn all 469083 samples = 118447.15690613ms	
================================	
ConfusionMatrix:
[[   51268   31611   93964   68574]   20.890% 	[class: 1]
 [   14618   78112   38133   19881]   51.818% 	[class: 2]
 [    4646    3367   11643    5185]   46.870% 	[class: 3]
 [    9398    5474   14871   18338]]  38.140% 	[class: 4]
 + average row correct: 39.429426938295% 
 + average rowUcol correct (VOC measure): 19.819046929479% 
 + global correct: 33.972879000092%
Saving current network state...	
Saved.	
================================	
Epoch 6:	
  time to learn 1 sample = 0.25232011397365ms	
  time to learn all 469083 samples = 118359.0760231ms	
================================	
ConfusionMatrix:
[[   47931   29556   99761   68169]   19.530% 	[class: 1]
 [   13010   76868   40987   19879]   50.992% 	[class: 2]
 [    4341    3096   12275    5129]   49.414% 	[class: 3]
 [    8692    5093   15786   18510]]  38.498% 	[class: 4]
 + average row correct: 39.608662948012% 
 + average rowUcol correct (VOC measure): 19.577333144844% 
 + global correct: 33.167691005643%
Saving current network state...	
Saved.	
================================	
Epoch 7:	
  time to learn 1 sample = 0.25191736003064ms	
  time to learn all 469083 samples = 118170.15099525ms	
================================	
ConfusionMatrix:
[[   49010   28111  102206   66090]   19.970% 	[class: 1]
 [   13250   75436   42977   19081]   50.042% 	[class: 2]
 [    4428    2918   12522    4973]   50.409% 	[class: 3]
 [    9022    4772   16366   17921]]  37.273% 	[class: 4]
 + average row correct: 39.42341580987% 
 + average rowUcol correct (VOC measure): 19.533100165427% 
 + global correct: 33.019529592844%
Saving current network state...	
Saved.	
================================	
Epoch 8:	
  time to learn 1 sample = 0.25179887984757ms	
  time to learn all 469083 samples = 118114.57395554ms	
================================	
ConfusionMatrix:
[[   43339   27017  107982   67079]   17.659% 	[class: 1]
 [   11733   74543   45606   18862]   49.450% 	[class: 2]
 [    3961    2859   13120    4901]   52.816% 	[class: 3]
 [    8009    4597   17396   18079]]  37.601% 	[class: 4]
 + average row correct: 39.381607621908% 
 + average rowUcol correct (VOC measure): 19.015953876078% 
 + global correct: 31.781369182%
Saving current network state...	
Saved.	
================================	
Epoch 9:	
  time to learn 1 sample = 0.25446446363384ms	
  time to learn all 469083 samples = 119364.95399475ms	
================================	
ConfusionMatrix:
[[   43858   26222  109764   65573]   17.871% 	[class: 1]
 [   12226   74254   45776   18488]   49.258% 	[class: 2]
 [    4046    2755   13300    4740]   53.541% 	[class: 3]
 [    8120    4373   17775   17813]]  37.048% 	[class: 4]
 + average row correct: 39.429391920567% 
 + average rowUcol correct (VOC measure): 19.078828766942% 
 + global correct: 31.812067374004%
Saving current network state...	
Saved.	
================================	
Epoch 10:	
  time to learn 1 sample = 0.25147650398464ms	
  time to learn all 469083 samples = 117963.35291862ms	
================================	
ConfusionMatrix:
[[   42020   25206  111882   66309]   17.122% 	[class: 1]
 [   11193   73938   46623   18990]   49.049% 	[class: 2]
 [    3912    2651   13524    4754]   54.442% 	[class: 3]
 [    7855    4190   17910   18126]]  37.699% 	[class: 4]
 + average row correct: 39.577932655811% 
 + average rowUcol correct (VOC measure): 18.987099081278% 
 + global correct: 31.467352259621%
Saving current network state...	
Saved.	
================================	
Epoch 11:	
  time to learn 1 sample = 0.25221609393638ms	
  time to learn all 469083 samples = 118310.28199196ms	
================================	
ConfusionMatrix:
[[   44731   24417  113916   62353]   18.227% 	[class: 1]
 [   12689   73183   47130   17742]   48.548% 	[class: 2]
 [    4089    2496   13888    4368]   55.908% 	[class: 3]
 [    8243    4073   18189   17576]]  36.555% 	[class: 4]
 + average row correct: 39.809237420559% 
 + average rowUcol correct (VOC measure): 19.219049438834% 
 + global correct: 31.844684203009%
Saving current network state...	
Saved.	
================================	
Epoch 12:	
  time to learn 1 sample = 0.2558265615919ms	
  time to learn all 469083 samples = 120003.89099121ms	
================================	
ConfusionMatrix:
[[   42284   24402  114230   64501]   17.229% 	[class: 1]
 [   11519   73666   47184   18375]   48.868% 	[class: 2]
 [    3756    2544   13963    4578]   56.209% 	[class: 3]
 [    7883    4059   18464   17675]]  36.761% 	[class: 4]
 + average row correct: 39.767026156187% 
 + average rowUcol correct (VOC measure): 19.034259021282% 
 + global correct: 31.463088621843%
Saving current network state...	
Saved.	
================================	
Epoch 13:	
  time to learn 1 sample = 0.25767089397664ms	
  time to learn all 469083 samples = 120869.03595924ms	
================================	
ConfusionMatrix:
[[   44377   24373  112543   64124]   18.082% 	[class: 1]
 [   12665   73062   46898   18119]   48.468% 	[class: 2]
 [    4049    2472   13734    4586]   55.288% 	[class: 3]
 [    8328    4044   18030   17679]]  36.769% 	[class: 4]
 + average row correct: 39.651679247618% 
 + average rowUcol correct (VOC measure): 19.131479784846% 
 + global correct: 31.732550529437%
Saving current network state...	
Saved.	
================================	
Epoch 14:	
  time to learn 1 sample = 0.25773043369053ms	
  time to learn all 469083 samples = 120896.96502686ms	
================================	
ConfusionMatrix:
[[   41895   22670  118195   62657]   17.071% 	[class: 1]
 [   11834   72420   49489   17001]   48.042% 	[class: 2]
 [    3793    2333   14366    4349]   57.832% 	[class: 3]
 [    7813    3717   19164   17387]]  36.162% 	[class: 4]
 + average row correct: 39.776590839028% 
 + average rowUcol correct (VOC measure): 18.97142380476% 
 + global correct: 31.139052150685%
Saving current network state...	
Saved.	
================================	
Epoch 15:	
  time to learn 1 sample = 0.25072966820377ms	
  time to learn all 469083 samples = 117613.02495003ms	
================================	
ConfusionMatrix:
[[   40955   22170  115820   66472]   16.688% 	[class: 1]
 [   11932   71253   49348   18211]   47.268% 	[class: 2]
 [    3742    2210   14234    4655]   57.300% 	[class: 3]
 [    7816    3659   18616   17990]]  37.416% 	[class: 4]
 + average row correct: 39.667983353138% 
 + average rowUcol correct (VOC measure): 18.749687448144% 
 + global correct: 30.790286580413%
Saving current network state...	
Saved.	
================================	
Epoch 16:	
  time to learn 1 sample = 0.24890150983519ms	
  time to learn all 469083 samples = 116755.46693802ms	
================================	
ConfusionMatrix:
[[   37502   21731  121825   64359]   15.281% 	[class: 1]
 [   11692   71244   50354   17454]   47.262% 	[class: 2]
 [    3539    2165   14726    4411]   59.281% 	[class: 3]
 [    7321    3480   19717   17563]]  36.528% 	[class: 4]
 + average row correct: 39.587871357799% 
 + average rowUcol correct (VOC measure): 18.466004356742% 
 + global correct: 30.066107703754%
Saving current network state...	
Saved.	
================================	
Epoch 17:	
  time to learn 1 sample = 0.24957199045528ms	
  time to learn all 469083 samples = 117069.97799873ms	
================================	
ConfusionMatrix:
[[   40294   21162  119996   63965]   16.419% 	[class: 1]
 [   12712   70944   49920   17168]   47.063% 	[class: 2]
 [    3621    2122   14652    4446]   58.983% 	[class: 3]
 [    7721    3494   19174   17692]]  36.796% 	[class: 4]
 + average row correct: 39.815132319927% 
 + average rowUcol correct (VOC measure): 18.750501796603% 
 + global correct: 30.609081974832%
Saving current network state...	
Saved.	
================================	
Epoch 18:	
  time to learn 1 sample = 0.24918100641021ms	
  time to learn all 469083 samples = 116886.57402992ms	
================================	
ConfusionMatrix:
[[   41307   20928  120495   62687]   16.831% 	[class: 1]
 [   12184   70058   51412   17090]   46.475% 	[class: 2]
 [    3741    2063   14762    4275]   59.426% 	[class: 3]
 [    7975    3355   19392   17359]]  36.104% 	[class: 4]
 + average row correct: 39.708944782615% 
 + average rowUcol correct (VOC measure): 18.716429173946% 
 + global correct: 30.588616513495%
Saving current network state...	
Saved.	
================================	
Epoch 19:	
  time to learn 1 sample = 0.24910934558711ms	
  time to learn all 469083 samples = 116852.95915604ms	
================================	
ConfusionMatrix:
[[   41427   20665  121457   61868]   16.880% 	[class: 1]
 [   12357   70448   51591   16348]   46.734% 	[class: 2]
 [    3701    2151   14783    4206]   59.510% 	[class: 3]
 [    7989    3308   19717   17067]]  35.496% 	[class: 4]
 + average row correct: 39.655155315995% 
 + average rowUcol correct (VOC measure): 18.769004195929% 
 + global correct: 30.639566984947%
Saving current network state...	
Saved.	
================================	
Epoch 20:	
  time to learn 1 sample = 0.24860843800412ms	
  time to learn all 469083 samples = 116617.99192429ms	
================================	
ConfusionMatrix:
[[   40580   21335  121642   61860]   16.535% 	[class: 1]
 [   13043   71269   49754   16678]   47.278% 	[class: 2]
 [    3717    2072   14887    4165]   59.929% 	[class: 3]
 [    7887    3375   19411   17408]]  36.206% 	[class: 4]
 + average row correct: 39.987001568079% 
 + average rowUcol correct (VOC measure): 18.846402876079% 
 + global correct: 30.728890196404%
Saving current network state...	
Saved.	
================================	
Epoch 21:	
  time to learn 1 sample = 0.24926074051824ms	
  time to learn all 469083 samples = 116923.97594452ms	
================================	
ConfusionMatrix:
[[   37767   20882  123225   63543]   15.389% 	[class: 1]
 [   11444   70442   51485   17373]   46.730% 	[class: 2]
 [    3402    2034   15142    4263]   60.956% 	[class: 3]
 [    7244    3248   19882   17707]]  36.827% 	[class: 4]
 + average row correct: 39.975395053625% 
 + average rowUcol correct (VOC measure): 18.531160056591% 
 + global correct: 30.071010887199%
Saving current network state...	
Saved.	
================================	
Epoch 22:	
  time to learn 1 sample = 0.25593443834573ms	
  time to learn all 469083 samples = 120054.49414253ms	
================================	
ConfusionMatrix:
[[   40018   21432  123493   60474]   16.306% 	[class: 1]
 [   12572   71330   50693   16149]   47.319% 	[class: 2]
 [    3511    2167   15162    4001]   61.036% 	[class: 3]
 [    7838    3299   20039   16905]]  35.159% 	[class: 4]
 + average row correct: 39.955090731382% 
 + average rowUcol correct (VOC measure): 18.766898289323% 
 + global correct: 30.573480599382%
Saving current network state...	
Saved.	
================================	
Epoch 23:	
  time to learn 1 sample = 0.25164880233991ms	
  time to learn all 469083 samples = 118044.17514801ms	
================================	
ConfusionMatrix:
[[   38336   20815  124980   61286]   15.621% 	[class: 1]
 [   12482   70167   51609   16486]   46.547% 	[class: 2]
 [    3592    2043   15198    4008]   61.181% 	[class: 3]
 [    7376    3160   20375   17170]]  35.711% 	[class: 4]
 + average row correct: 39.764892309904% 
 + average rowUcol correct (VOC measure): 18.506973423064% 
 + global correct: 30.031145873971%
Saving current network state...	
Saved.	
================================	
Epoch 24:	
  time to learn 1 sample = 0.25004867767524ms	
  time to learn all 469083 samples = 117293.58386993ms	
================================	
ConfusionMatrix:
[[   38658   20109  124931   61719]   15.752% 	[class: 1]
 [   12617   69860   51669   16598]   46.343% 	[class: 2]
 [    3452    2017   15195    4177]   61.169% 	[class: 3]
 [    7508    3034   20244   17295]]  35.971% 	[class: 4]
 + average row correct: 39.808754995465% 
 + average rowUcol correct (VOC measure): 18.546436913311% 
 + global correct: 30.060351792753%
Saving current network state...	
Saved.	
================================	
Epoch 25:	
  time to learn 1 sample = 0.24989833790272ms	
  time to learn all 469083 samples = 117223.06203842ms	
================================	
ConfusionMatrix:
[[   39684   20320  125144   60269]   16.170% 	[class: 1]
 [   13319   70264   50963   16198]   46.611% 	[class: 2]
 [    3590    2006   15307    3938]   61.620% 	[class: 3]
 [    7618    3031   20192   17240]]  35.856% 	[class: 4]
 + average row correct: 40.064391121268% 
 + average rowUcol correct (VOC measure): 18.735079839826% 
 + global correct: 30.377353261576%
Saving current network state...	
Saved.	
================================	
Epoch 26:	
  time to learn 1 sample = 0.25903230374358ms	
  time to learn all 469083 samples = 121507.65013695ms	
================================	
ConfusionMatrix:
[[   38327   19348  126754   60988]   15.617% 	[class: 1]
 [   12711   69623   52238   16172]   46.186% 	[class: 2]
 [    3552    1999   15269    4021]   61.467% 	[class: 3]
 [    7514    2848   20424   17295]]  35.971% 	[class: 4]
 + average row correct: 39.810206368566% 
 + average rowUcol correct (VOC measure): 18.55615992099% 
 + global correct: 29.955039939627%
Saving current network state...	
Saved.	
================================	
Epoch 27:	
  time to learn 1 sample = 0.25473293237816ms	
  time to learn all 469083 samples = 119490.88811874ms	
================================	
ConfusionMatrix:
[[   37773   19062  127598   60984]   15.391% 	[class: 1]
 [   12644   69238   52324   16538]   45.931% 	[class: 2]
 [    3393    1907   15583    3958]   62.731% 	[class: 3]
 [    7276    2941   20257   17607]]  36.619% 	[class: 4]
 + average row correct: 40.168156847358% 
 + average rowUcol correct (VOC measure): 18.553491868079% 
 + global correct: 29.888314008395%
Saving current network state...	
Saved.	
================================	
Epoch 28:	
  time to learn 1 sample = 0.25064477926977ms	
  time to learn all 469083 samples = 117573.2049942ms	
================================	
ConfusionMatrix:
[[   38028   19556  127205   60628]   15.495% 	[class: 1]
 [   12714   69949   52130   15951]   46.403% 	[class: 2]
 [    3389    1935   15422    4095]   62.083% 	[class: 3]
 [    7242    2867   20772   17200]]  35.773% 	[class: 4]
 + average row correct: 39.938395470381% 
 + average rowUcol correct (VOC measure): 18.577851355076% 
 + global correct: 29.973160400185%
Saving current network state...	
Saved.	
================================	
Epoch 29:	
  time to learn 1 sample = 0.25074565873618ms	
  time to learn all 469083 samples = 117620.52583694ms	
================================	
ConfusionMatrix:
[[   36807   18723  129184   60703]   14.998% 	[class: 1]
 [   12420   69182   52793   16349]   45.894% 	[class: 2]
 [    3227    1857   15917    3840]   64.076% 	[class: 3]
 [    7055    2826   20825   17375]]  36.137% 	[class: 4]
 + average row correct: 40.275973081589% 
 + average rowUcol correct (VOC measure): 18.479321151972% 
 + global correct: 29.692186670589%
Saving current network state...	
Saved.	
================================	
Epoch 30:	
  time to learn 1 sample = 0.25002985203937ms	
  time to learn all 469083 samples = 117284.75308418ms	
================================	
ConfusionMatrix:
[[   39934   18840  128078   58565]   16.272% 	[class: 1]
 [   14145   69326   51328   15945]   45.989% 	[class: 2]
 [    3698    1866   15627    3650]   62.908% 	[class: 3]
 [    7711    2718   20314   17338]]  36.060% 	[class: 4]
 + average row correct: 40.307300165296% 
 + average rowUcol correct (VOC measure): 18.808607012033% 
 + global correct: 30.319794151568%
Saving current network state...	
Saved.	
================================	
Epoch 31:	
  time to learn 1 sample = 0.25669309688413ms	
  time to learn all 469083 samples = 120410.3679657ms	
================================	
ConfusionMatrix:
[[   38450   18434  130212   58321]   15.667% 	[class: 1]
 [   13269   69243   52374   15858]   45.934% 	[class: 2]
 [    3380    1850   15910    3701]   64.047% 	[class: 3]
 [    7293    2646   21152   16990]]  35.336% 	[class: 4]
 + average row correct: 40.246231108904% 
 + average rowUcol correct (VOC measure): 18.648212961853% 
 + global correct: 29.971881308852%
Saving current network state...	
Saved.	
================================	
Epoch 32:	
  time to learn 1 sample = 0.25593450442021ms	
  time to learn all 469083 samples = 120054.52513695ms	
================================	
ConfusionMatrix:
[[   37681   18607  129336   59793]   15.354% 	[class: 1]
 [   12745   68870   52851   16278]   45.687% 	[class: 2]
 [    3413    1829   15784    3815]   63.540% 	[class: 3]
 [    7245    2804   20676   17356]]  36.097% 	[class: 4]
 + average row correct: 40.169531852007% 
 + average rowUcol correct (VOC measure): 18.523990921676% 
 + global correct: 29.779591245046%
Saving current network state...	
Saved.	
================================	
Epoch 33:	
  time to learn 1 sample = 0.25299468562058ms	
  time to learn all 469083 samples = 118675.50611496ms	
================================	
ConfusionMatrix:
[[   36255   18690  131103   59369]   14.773% 	[class: 1]
 [   13170   69148   52726   15700]   45.871% 	[class: 2]
 [    3174    1881   15981    3805]   64.333% 	[class: 3]
 [    6952    2743   21323   17063]]  35.488% 	[class: 4]
 + average row correct: 40.116287022829% 
 + average rowUcol correct (VOC measure): 18.401936069131% 
 + global correct: 29.51439297523%
Saving current network state...	
Saved.	
================================	
Epoch 34:	
  time to learn 1 sample = 0.25057074332324ms	
  time to learn all 469083 samples = 117538.4759903ms	
================================	
ConfusionMatrix:
[[   34265   18408  132619   60125]   13.962% 	[class: 1]
 [   13183   68637   52547   16377]   45.532% 	[class: 2]
 [    3123    1840   16182    3696]   65.142% 	[class: 3]
 [    6583    2597   21516   17385]]  36.158% 	[class: 4]
 + average row correct: 40.198536962271% 
 + average rowUcol correct (VOC measure): 18.213168904185% 
 + global correct: 29.092719198948%
Saving current network state...	
Saved.	
================================	
Epoch 35:	
  time to learn 1 sample = 0.25018898378384ms	
  time to learn all 469083 samples = 117359.39908028ms	
================================	
ConfusionMatrix:
[[   34310   18211  131418   61478]   13.980% 	[class: 1]
 [   12740   68788   52817   16399]   45.632% 	[class: 2]
 [    3055    1878   16078    3830]   64.724% 	[class: 3]
 [    6656    2624   21247   17554]]  36.509% 	[class: 4]
 + average row correct: 40.211370587349% 
 + average rowUcol correct (VOC measure): 18.242851085961% 
 + global correct: 29.148359671956%
Saving current network state...	
Saved.	
================================	
Epoch 36:	
  time to learn 1 sample = 0.25225492285866ms	
  time to learn all 469083 samples = 118328.49597931ms	
================================	
ConfusionMatrix:
[[   31545   18919  132157   62796]   12.854% 	[class: 1]
 [   11822   69346   52871   16705]   46.002% 	[class: 2]
 [    2917    1835   16220    3869]   65.295% 	[class: 3]
 [    6288    2698   21408   17687]]  36.786% 	[class: 4]
 + average row correct: 40.234312042594% 
 + average rowUcol correct (VOC measure): 18.029219657183% 
 + global correct: 28.736492262563%
Saving current network state...	
Saved.	
================================	
Epoch 37:	
  time to learn 1 sample = 0.25967403179958ms	
  time to learn all 469083 samples = 121808.67385864ms	
================================	
ConfusionMatrix:
[[   36737   18415  131039   59226]   14.969% 	[class: 1]
 [   13598   68797   52321   16028]   45.638% 	[class: 2]
 [    3318    1767   15969    3787]   64.285% 	[class: 3]
 [    7006    2711   21333   17031]]  35.421% 	[class: 4]
 + average row correct: 40.078460797668% 
 + average rowUcol correct (VOC measure): 18.403838947415% 
 + global correct: 29.532939799566%
Saving current network state...	
Saved.	
================================	
Epoch 38:	
  time to learn 1 sample = 0.2505673115164ms	
  time to learn all 469083 samples = 117536.86618805ms	
================================	
ConfusionMatrix:
[[   33618   18018  134248   59533]   13.698% 	[class: 1]
 [   12545   68634   53573   15992]   45.530% 	[class: 2]
 [    2924    1714   16399    3804]   66.016% 	[class: 3]
 [    6639    2504   21686   17252]]  35.881% 	[class: 4]
 + average row correct: 40.281366929412% 
 + average rowUcol correct (VOC measure): 18.195493705571% 
 + global correct: 28.972058249819%
Saving current network state...	
Saved.	
================================	
Epoch 39:	
  time to learn 1 sample = 0.25052747216284ms	
  time to learn all 469083 samples = 117518.17822456ms	
================================	
ConfusionMatrix:
[[   32309   17641  136061   59406]   13.165% 	[class: 1]
 [   12373   68716   54294   15361]   45.585% 	[class: 2]
 [    2831    1707   16628    3675]   66.938% 	[class: 3]
 [    6156    2456   22161   17308]]  35.998% 	[class: 4]
 + average row correct: 40.421205386519% 
 + average rowUcol correct (VOC measure): 18.155088089406% 
 + global correct: 28.771240910457%
Saving current network state...	
Saved.	
================================	
Epoch 40:	
  time to learn 1 sample = 0.25739210744814ms	
  time to learn all 469083 samples = 120738.2619381ms	
================================	
ConfusionMatrix:
[[   32266   16741  138021   58389]   13.147% 	[class: 1]
 [   12527   68271   54395   15551]   45.289% 	[class: 2]
 [    2903    1649   16672    3617]   67.115% 	[class: 3]
 [    6294    2340   22315   17132]]  35.632% 	[class: 4]
 + average row correct: 40.295791998506% 
 + average rowUcol correct (VOC measure): 18.121885694563% 
 + global correct: 28.639068139327%
Saving current network state...	
Saved.	
================================	
Epoch 41:	
  time to learn 1 sample = 0.25571931610347ms	
  time to learn all 469083 samples = 119953.58395576ms	
================================	
ConfusionMatrix:
[[   36155   17424  133921   57917]   14.732% 	[class: 1]
 [   14397   68366   52560   15421]   45.352% 	[class: 2]
 [    3235    1726   16339    3541]   65.774% 	[class: 3]
 [    7004    2405   21831   16841]]  35.026% 	[class: 4]
 + average row correct: 40.221272408962% 
 + average rowUcol correct (VOC measure): 18.387942016125% 
 + global correct: 29.355359286096%
Saving current network state...	
Saved.	
================================	
Epoch 42:	
  time to learn 1 sample = 0.25024897737859ms	
  time to learn all 469083 samples = 117387.54105568ms	
================================	
ConfusionMatrix:
[[   30968   17784  138446   58219]   12.619% 	[class: 1]
 [   12200   68470   54539   15535]   45.421% 	[class: 2]
 [    2672    1673   16919    3577]   68.109% 	[class: 3]
 [    6071    2498   22554   16958]]  35.270% 	[class: 4]
 + average row correct: 40.354679897428% 
 + average rowUcol correct (VOC measure): 17.958414368331% 
 + global correct: 28.420343521296%
Saving current network state...	
Saved.	
================================	
Epoch 43:	
  time to learn 1 sample = 0.26095869605804ms	
  time to learn all 469083 samples = 122411.28802299ms	
================================	
ConfusionMatrix:
[[   30345   17410  141170   56492]   12.365% 	[class: 1]
 [   12687   68300   54607   15150]   45.309% 	[class: 2]
 [    2765    1571   17167    3338]   69.108% 	[class: 3]
 [    5912    2497   23051   16621]]  34.569% 	[class: 4]
 + average row correct: 40.337386354804% 
 + average rowUcol correct (VOC measure): 17.89603382349% 
 + global correct: 28.232317095269%
Saving current network state...	
Saved.	
================================	
Epoch 44:	
  time to learn 1 sample = 0.25234347435191ms	
  time to learn all 469083 samples = 118370.03397942ms	
================================	
ConfusionMatrix:
[[   31853   17343  138651   57570]   12.979% 	[class: 1]
 [   12975   69012   53050   15707]   45.781% 	[class: 2]
 [    2782    1682   16904    3473]   68.049% 	[class: 3]
 [    6261    2440   22490   16890]]  35.128% 	[class: 4]
 + average row correct: 40.484268590808% 
 + average rowUcol correct (VOC measure): 18.146816827357% 
 + global correct: 28.706859980004%
Saving current network state...	
Saved.	
================================	
Epoch 45:	
  time to learn 1 sample = 0.25280415833282ms	
  time to learn all 469083 samples = 118586.13300323ms	
================================	
ConfusionMatrix:
[[   31320   16824  143188   54085]   12.762% 	[class: 1]
 [   12474   68049   56074   14147]   45.142% 	[class: 2]
 [    2738    1579   17331    3193]   69.768% 	[class: 3]
 [    6009    2321   23569   16182]]  33.656% 	[class: 4]
 + average row correct: 40.33186994493% 
 + average rowUcol correct (VOC measure): 17.992672510445% 
 + global correct: 28.328035763394%
Saving current network state...	
Saved.	
================================	
Epoch 46:	
  time to learn 1 sample = 0.25345220565044ms	
  time to learn all 469083 samples = 118890.12098312ms	
================================	
ConfusionMatrix:
[[   35375   16293  140785   52964]   14.414% 	[class: 1]
 [   14322   67059   55375   13988]   44.485% 	[class: 2]
 [    3107    1556   16991    3187]   68.399% 	[class: 3]
 [    6799    2288   22998   15996]]  33.269% 	[class: 4]
 + average row correct: 40.141867846251% 
 + average rowUcol correct (VOC measure): 18.214114941657% 
 + global correct: 28.86930457936%
Saving current network state...	
Saved.	
================================	
Epoch 47:	
  time to learn 1 sample = 0.25344393160075ms	
  time to learn all 469083 samples = 118886.23976707ms	
================================	
ConfusionMatrix:
[[   32673   16152  141788   54804]   13.313% 	[class: 1]
 [   12818   67461   56278   14187]   44.752% 	[class: 2]
 [    2787    1495   17300    3259]   69.643% 	[class: 3]
 [    6397    2228   23063   16393]]  34.095% 	[class: 4]
 + average row correct: 40.45069180429% 
 + average rowUcol correct (VOC measure): 18.103378079832% 
 + global correct: 28.529492648423%
Saving current network state...	
Saved.	
================================	
Epoch 48:	
  time to learn 1 sample = 0.25280543306202ms	
  time to learn all 469083 samples = 118586.73095703ms	
================================	
ConfusionMatrix:
[[   31064   17313  140825   56215]   12.658% 	[class: 1]
 [   12417   68816   54789   14722]   45.651% 	[class: 2]
 [    2707    1619   17270    3245]   69.522% 	[class: 3]
 [    5952    2465   22966   16698]]  34.729% 	[class: 4]
 + average row correct: 40.639899671078% 
 + average rowUcol correct (VOC measure): 18.096317537129% 
 + global correct: 28.53396946809%
Saving current network state...	
Saved.	
================================	
Epoch 49:	
  time to learn 1 sample = 0.2526678944576ms	
  time to learn all 469083 samples = 118522.21393585ms	
================================	
ConfusionMatrix:
[[   31906   17107  140461   55943]   13.001% 	[class: 1]
 [   13444   68381   53793   15126]   45.362% 	[class: 2]
 [    2868    1600   17144    3229]   69.015% 	[class: 3]
 [    6215    2322   23022   16522]]  34.363% 	[class: 4]
 + average row correct: 40.435212105513% 
 + average rowUcol correct (VOC measure): 18.074551038444% 
 + global correct: 28.556353566426%
Saving current network state...	
Saved.	
================================	
Epoch 50:	
  time to learn 1 sample = 0.25268870131133ms	
  time to learn all 469083 samples = 118531.97407722ms	
================================	
ConfusionMatrix:
[[   32269   16300  144045   52803]   13.149% 	[class: 1]
 [   13597   67061   55984   14102]   44.487% 	[class: 2]
 [    2905    1491   17378    3067]   69.957% 	[class: 3]
 [    6318    2311   23599   15853]]  32.971% 	[class: 4]
 + average row correct: 40.140923857689% 
 + average rowUcol correct (VOC measure): 17.926271818578% 
 + global correct: 28.259604377051%
Saving current network state...	
Saved.	
================================	
Epoch 51:	
  time to learn 1 sample = 0.26050166599587ms	
  time to learn all 469083 samples = 122196.90299034ms	
================================	
ConfusionMatrix:
[[   32517   16470  143165   53265]   13.250% 	[class: 1]
 [   13334   67864   55437   14109]   45.019% 	[class: 2]
 [    3076    1553   17108    3104]   68.870% 	[class: 3]
 [    6344    2259   23290   16188]]  33.668% 	[class: 4]
 + average row correct: 40.201815590262% 
 + average rowUcol correct (VOC measure): 18.098440207541% 
 + global correct: 28.497515365085%
Saving current network state...	
Saved.	
================================	
Epoch 52:	
  time to learn 1 sample = 0.25134831796872ms	
  time to learn all 469083 samples = 117903.22303772ms	
================================	
ConfusionMatrix:
[[   32442   16282  142366   54327]   13.219% 	[class: 1]
 [   13515   67944   54862   14423]   45.072% 	[class: 2]
 [    2958    1567   17201    3115]   69.244% 	[class: 3]
 [    6265    2229   23228   16359]]  34.024% 	[class: 4]
 + average row correct: 40.389951318502% 
 + average rowUcol correct (VOC measure): 18.130979314446% 
 + global correct: 28.554861293204%
Saving current network state...	
Saved.	
================================	
Epoch 53:	
  time to learn 1 sample = 0.25675435656756ms	
  time to learn all 469083 samples = 120439.10384178ms	
================================	
ConfusionMatrix:
[[   32009   16324  143393   53691]   13.043% 	[class: 1]
 [   13542   67693   55026   14483]   44.906% 	[class: 2]
 [    2790    1540   17389    3122]   70.001% 	[class: 3]
 [    6362    2195   23350   16174]]  33.639% 	[class: 4]
 + average row correct: 40.397227182984% 
 + average rowUcol correct (VOC measure): 18.042701855302% 
 + global correct: 28.40968442685%
Saving current network state...	
Saved.	
================================	
Epoch 54:	
  time to learn 1 sample = 0.25655047206954ms	
  time to learn all 469083 samples = 120343.4650898ms	
================================	
ConfusionMatrix:
[[   33448   17193  140767   54009]   13.629% 	[class: 1]
 [   13420   68898   54464   13962]   45.705% 	[class: 2]
 [    2896    1606   17106    3233]   68.862% 	[class: 3]
 [    6600    2278   23002   16201]]  33.695% 	[class: 4]
 + average row correct: 40.472883358598% 
 + average rowUcol correct (VOC measure): 18.295733816922% 
 + global correct: 28.918762777589%
Saving current network state...	
Saved.	
================================	
Epoch 55:	
  time to learn 1 sample = 0.25456626865123ms	
  time to learn all 469083 samples = 119412.70899773ms	
================================	
ConfusionMatrix:
[[   28847   15112  146492   54966]   11.754% 	[class: 1]
 [   12080   66749   57639   14276]   44.280% 	[class: 2]
 [    2581    1471   17673    3116]   71.144% 	[class: 3]
 [    5726    2034   23803   16518]]  34.355% 	[class: 4]
 + average row correct: 40.383247844875% 
 + average rowUcol correct (VOC measure): 17.742853239179% 
 + global correct: 27.668237817188%
Saving current network state...	
Saved.	
================================	
Epoch 56:	
  time to learn 1 sample = 0.25478941690975ms	
  time to learn all 469083 samples = 119517.38405228ms	
================================	
ConfusionMatrix:
[[   30793   16259  143799   54566]   12.547% 	[class: 1]
 [   12753   67627   55677   14687]   44.862% 	[class: 2]
 [    2813    1521   17375    3132]   69.945% 	[class: 3]
 [    6091    2262   23298   16430]]  34.172% 	[class: 4]
 + average row correct: 40.381428599358% 
 + average rowUcol correct (VOC measure): 17.945729196072% 
 + global correct: 28.187975262374%
Saving current network state...	
Saved.	
================================	
Epoch 57:	
  time to learn 1 sample = 0.25427615136595ms	
  time to learn all 469083 samples = 119276.61991119ms	
================================	
ConfusionMatrix:
[[   30490   15776  146489   52662]   12.424% 	[class: 1]
 [   12356   67578   56600   14210]   44.830% 	[class: 2]
 [    2633    1421   17692    3095]   71.221% 	[class: 3]
 [    6002    2133   23953   15993]]  33.263% 	[class: 4]
 + average row correct: 40.43424539268% 
 + average rowUcol correct (VOC measure): 17.937773838639% 
 + global correct: 28.087353410804%
Saving current network state...	
Saved.	
================================	
Epoch 58:	
  time to learn 1 sample = 0.25625481011886ms	
  time to learn all 469083 samples = 120204.77509499ms	
================================	
ConfusionMatrix:
[[   45093   15331  133146   51847]   18.374% 	[class: 1]
 [   18234   67143   51630   13737]   44.541% 	[class: 2]
 [    4182    1434   16224    3001]   65.311% 	[class: 3]
 [    8431    2134   21657   15859]]  32.984% 	[class: 4]
 + average row correct: 40.302602574229% 
 + average rowUcol correct (VOC measure): 19.127497822046% 
 + global correct: 30.766197026965%
Saving current network state...	
Saved.	
================================	
Epoch 59:	
  time to learn 1 sample = 0.25638224339397ms	
  time to learn all 469083 samples = 120264.55187798ms	
================================	
ConfusionMatrix:
[[   32123   16118  144255   52921]   13.089% 	[class: 1]
 [   13359   67658   55628   14099]   44.883% 	[class: 2]
 [    2755    1443   17606    3037]   70.875% 	[class: 3]
 [    6195    2203   23374   16309]]  33.920% 	[class: 4]
 + average row correct: 40.691617876291% 
 + average rowUcol correct (VOC measure): 18.145035393536% 
 + global correct: 28.501565820974%
Saving current network state...	
Saved.	
================================	
Epoch 60:	
  time to learn 1 sample = 0.25623768056406ms	
  time to learn all 469083 samples = 120196.73991203ms	
================================	
ConfusionMatrix:
[[   30532   15759  144995   54131]   12.441% 	[class: 1]
 [   12637   67653   56197   14257]   44.879% 	[class: 2]
 [    2666    1433   17661    3081]   71.096% 	[class: 3]
 [    6033    2111   23473   16464]]  34.242% 	[class: 4]
 + average row correct: 40.66466242075% 
 + average rowUcol correct (VOC measure): 18.020177446306% 
 + global correct: 28.206095722932%
Saving current network state...	
Saved.	
================================	
Epoch 61:	
  time to learn 1 sample = 0.25658436116205ms	
  time to learn all 469083 samples = 120359.36188698ms	
================================	
ConfusionMatrix:
[[   33666   15610  142496   53645]   13.718% 	[class: 1]
 [   13316   68142   54833   14453]   45.204% 	[class: 2]
 [    2816    1456   17460    3109]   70.287% 	[class: 3]
 [    6619    2128   23037   16297]]  33.895% 	[class: 4]
 + average row correct: 40.775894001126% 
 + average rowUcol correct (VOC measure): 18.358658440411% 
 + global correct: 28.900002771365%
Saving current network state...	
Saved.	
================================	
Epoch 62:	
  time to learn 1 sample = 0.25798465525218ms	
  time to learn all 469083 samples = 121016.21603966ms	
================================	
ConfusionMatrix:
[[   33847   16062  142765   52743]   13.792% 	[class: 1]
 [   13129   68548   55116   13951]   45.473% 	[class: 2]
 [    2838    1503   17559    2941]   70.686% 	[class: 3]
 [    6593    2264   23088   16136]]  33.560% 	[class: 4]
 + average row correct: 40.877585485578% 
 + average rowUcol correct (VOC measure): 18.417087756097% 
 + global correct: 29.011923263047%
Saving current network state...	
Saved.	
================================	
Epoch 63:	
  time to learn 1 sample = 0.25520736849141ms	
  time to learn all 469083 samples = 119713.43803406ms	
================================	
ConfusionMatrix:
[[   32081   16280  144987   52069]   13.072% 	[class: 1]
 [   13316   68997   54644   13787]   45.771% 	[class: 2]
 [    2854    1454   17516    3017]   70.512% 	[class: 3]
 [    6211    2182   23762   15926]]  33.123% 	[class: 4]
 + average row correct: 40.619685873389% 
 + average rowUcol correct (VOC measure): 18.270656466484% 
 + global correct: 28.677227697444%
Saving current network state...	
Saved.	
================================	
Epoch 64:	
  time to learn 1 sample = 0.25053277946838ms	
  time to learn all 469083 samples = 117520.66779137ms	
================================	
ConfusionMatrix:
[[   30734   15601  147310   51772]   12.523% 	[class: 1]
 [   13193   68381   55900   13270]   45.362% 	[class: 2]
 [    2652    1387   17834    2968]   71.793% 	[class: 3]
 [    5996    2136   23941   16008]]  33.294% 	[class: 4]
 + average row correct: 40.742982178926% 
 + average rowUcol correct (VOC measure): 18.15537866205% 
 + global correct: 28.344024405063%
Saving current network state...	
Saved.	
================================	
Epoch 65:	
  time to learn 1 sample = 0.25020411738108ms	
  time to learn all 469083 samples = 117366.49799347ms	
================================	
ConfusionMatrix:
[[   31907   15715  145120   52675]   13.001% 	[class: 1]
 [   13052   68609   55296   13787]   45.514% 	[class: 2]
 [    2661    1543   17627    3010]   70.959% 	[class: 3]
 [    6291    2110   23632   16048]]  33.377% 	[class: 4]
 + average row correct: 40.712757781148% 
 + average rowUcol correct (VOC measure): 18.249256908894% 
 + global correct: 28.607090855989%
Saving current network state...	
Saved.	
================================	
Epoch 66:	
  time to learn 1 sample = 0.25013414247374ms	
  time to learn all 469083 samples = 117333.67395401ms	
================================	
ConfusionMatrix:
[[   30447   16317  147504   51149]   12.406% 	[class: 1]
 [   12542   68681   55873   13648]   45.561% 	[class: 2]
 [    2648    1540   17671    2982]   71.136% 	[class: 3]
 [    5989    2272   23931   15889]]  33.046% 	[class: 4]
 + average row correct: 40.537581034005% 
 + average rowUcol correct (VOC measure): 18.084238655865% 
 + global correct: 28.286678476943%
Saving current network state...	
Saved.	
================================	
Epoch 67:	
  time to learn 1 sample = 0.25030868278694ms	
  time to learn all 469083 samples = 117415.54784775ms	
================================	
ConfusionMatrix:
[[   30258   15579  148743   50837]   12.329% 	[class: 1]
 [   12819   67756   56416   13753]   44.948% 	[class: 2]
 [    2681    1427   17886    2847]   72.002% 	[class: 3]
 [    6018    2085   24078   15900]]  33.069% 	[class: 4]
 + average row correct: 40.587018802762% 
 + average rowUcol correct (VOC measure): 18.008548952639% 
 + global correct: 28.097372959583%
Saving current network state...	
Saved.	
================================	
Epoch 68:	
  time to learn 1 sample = 0.25225424330805ms	
  time to learn all 469083 samples = 118328.17721367ms	
================================	
ConfusionMatrix:
[[   29816   15824  148625   51152]   12.149% 	[class: 1]
 [   12828   67959   56364   13593]   45.082% 	[class: 2]
 [    2593    1399   17972    2877]   72.348% 	[class: 3]
 [    6075    2102   24184   15720]]  32.695% 	[class: 4]
 + average row correct: 40.568618103862% 
 + average rowUcol correct (VOC measure): 17.948013730347% 
 + global correct: 28.026383390573%
Saving current network state...	
Saved.	
================================	
Epoch 69:	
  time to learn 1 sample = 0.25018876624632ms	
  time to learn all 469083 samples = 117359.29703712ms	
================================	
ConfusionMatrix:
[[   30538   15985  145708   53186]   12.443% 	[class: 1]
 [   13341   68504   55149   13750]   45.444% 	[class: 2]
 [    2720    1422   17594    3105]   70.826% 	[class: 3]
 [    6005    2195   23710   16171]]  33.633% 	[class: 4]
 + average row correct: 40.586631931365% 
 + average rowUcol correct (VOC measure): 18.093952350318% 
 + global correct: 28.312047121725%
Saving current network state...	
Saved.	
================================	
Epoch 70:	
  time to learn 1 sample = 0.25002205830032ms	
  time to learn all 469083 samples = 117281.09717369ms	
================================	
ConfusionMatrix:
[[   27361   16406  153223   48427]   11.149% 	[class: 1]
 [   12616   68492   56872   12764]   45.436% 	[class: 2]
 [    2412    1377   18283    2769]   73.600% 	[class: 3]
 [    5512    2160   25492   14917]]  31.025% 	[class: 4]
 + average row correct: 40.302393957973% 
 + average rowUcol correct (VOC measure): 17.687311582267% 
 + global correct: 27.511762310721%
Saving current network state...	
Saved.	
================================	
Epoch 71:	
  time to learn 1 sample = 0.25022396005568ms	
  time to learn all 469083 samples = 117375.8058548ms	
================================	
ConfusionMatrix:
[[   26362   15681  152611   50763]   10.742% 	[class: 1]
 [   12040   68608   56595   13501]   45.513% 	[class: 2]
 [    2330    1327   18329    2855]   73.785% 	[class: 3]
 [    5225    2023   25222   15611]]  32.468% 	[class: 4]
 + average row correct: 40.62701035291% 
 + average rowUcol correct (VOC measure): 17.744828574359% 
 + global correct: 27.481277300606%
Saving current network state...	
Saved.	
================================	
Epoch 72:	
  time to learn 1 sample = 0.25218209353379ms	
  time to learn all 469083 samples = 118294.33298111ms	
================================	
ConfusionMatrix:
[[   29183   14825  148525   52884]   11.891% 	[class: 1]
 [   12394   67118   57349   13883]   44.524% 	[class: 2]
 [    2534    1279   18094    2934]   72.839% 	[class: 3]
 [    5782    1940   24153   16206]]  33.706% 	[class: 4]
 + average row correct: 40.740140527487% 
 + average rowUcol correct (VOC measure): 17.897292971611% 
 + global correct: 27.841767874768%
Saving current network state...	
Saved.	
================================	
Epoch 73:	
  time to learn 1 sample = 0.25046791516793ms	
  time to learn all 469083 samples = 117490.24105072ms	
================================	
ConfusionMatrix:
[[   30534   15525  149085   50273]   12.442% 	[class: 1]
 [   13474   68262   56168   12840]   45.283% 	[class: 2]
 [    2734    1379   17948    2780]   72.252% 	[class: 3]
 [    5751    2076   24736   15518]]  32.275% 	[class: 4]
 + average row correct: 40.562825091183% 
 + average rowUcol correct (VOC measure): 18.074450083077% 
 + global correct: 28.195862992264%
Saving current network state...	
Saved.	
================================	
Epoch 74:	
  time to learn 1 sample = 0.25048689429991ms	
  time to learn all 469083 samples = 117499.14383888ms	
================================	
ConfusionMatrix:
[[   28856   14836  151346   50379]   11.758% 	[class: 1]
 [   12651   67359   57744   12990]   44.684% 	[class: 2]
 [    2520    1321   18207    2793]   73.294% 	[class: 3]
 [    5607    1837   25153   15484]]  32.204% 	[class: 4]
 + average row correct: 40.485113300383% 
 + average rowUcol correct (VOC measure): 17.835118435323% 
 + global correct: 27.693606461969%
Saving current network state...	
Saved.	
================================	
Epoch 75:	
  time to learn 1 sample = 0.2502586705048ms	
  time to learn all 469083 samples = 117392.0879364ms	
================================	
ConfusionMatrix:
[[   31239   15547  147246   51385]   12.729% 	[class: 1]
 [   12963   68269   56193   13319]   45.288% 	[class: 2]
 [    2710    1428   17848    2855]   71.849% 	[class: 3]
 [    5994    2086   23905   16096]]  33.477% 	[class: 4]
 + average row correct: 40.835696458817% 
 + average rowUcol correct (VOC measure): 18.224268592894% 
 + global correct: 28.449549440078%
Saving current network state...	
Saved.	
================================	
Epoch 76:	
  time to learn 1 sample = 0.25438169365759ms	
  time to learn all 469083 samples = 119326.12800598ms	
================================	
ConfusionMatrix:
[[   30482   15431  147358   52146]   12.420% 	[class: 1]
 [   12661   67999   56418   13666]   45.109% 	[class: 2]
 [    2608    1431   17853    2949]   71.869% 	[class: 3]
 [    6045    2038   23784   16214]]  33.722% 	[class: 4]
 + average row correct: 40.780191682279% 
 + average rowUcol correct (VOC measure): 18.115368299186% 
 + global correct: 28.256833012495%
Saving current network state...	
Saved.	
================================	
Epoch 77:	
  time to learn 1 sample = 0.2510132197188ms	
  time to learn all 469083 samples = 117746.03414536ms	
================================	
ConfusionMatrix:
[[   30272   15099  151300   48746]   12.335% 	[class: 1]
 [   12494   67676   58092   12482]   44.895% 	[class: 2]
 [    2651    1354   18206    2630]   73.290% 	[class: 3]
 [    6058    2043   24611   15369]]  31.965% 	[class: 4]
 + average row correct: 40.621129237115% 
 + average rowUcol correct (VOC measure): 18.026386573911% 
 + global correct: 28.038321576352%
Saving current network state...	
Saved.	
================================	
Epoch 78:	
  time to learn 1 sample = 0.25111103993679ms	
  time to learn all 469083 samples = 117791.91994667ms	
================================	
ConfusionMatrix:
[[   28311   14772  153612   48722]   11.536% 	[class: 1]
 [   12582   67554   57964   12644]   44.814% 	[class: 2]
 [    2296    1323   18543    2679]   74.647% 	[class: 3]
 [    5550    1904   25093   15534]]  32.308% 	[class: 4]
 + average row correct: 40.826083347201% 
 + average rowUcol correct (VOC measure): 17.906974256039% 
 + global correct: 27.701281009971%
Saving current network state...	
Saved.	
================================	
Epoch 79:	
  time to learn 1 sample = 0.25041583018018ms	
  time to learn all 469083 samples = 117465.80886841ms	
================================	
ConfusionMatrix:
[[   28782   15060  153547   48028]   11.728% 	[class: 1]
 [   12705   67492   57964   12583]   44.773% 	[class: 2]
 [    2497    1369   18313    2662]   73.721% 	[class: 3]
 [    5695    1971   25248   15167]]  31.545% 	[class: 4]
 + average row correct: 40.441485308111% 
 + average rowUcol correct (VOC measure): 17.832636274397% 
 + global correct: 27.661202814854%
Saving current network state...	
Saved.	
================================	
Epoch 80:	
  time to learn 1 sample = 0.25127518165164ms	
  time to learn all 469083 samples = 117868.9160347ms	
================================	
ConfusionMatrix:
[[   29419   15000  151470   49528]   11.987% 	[class: 1]
 [   12936   67920   56528   13360]   45.057% 	[class: 2]
 [    2488    1349   18325    2679]   73.769% 	[class: 3]
 [    5889    1955   24553   15684]]  32.620% 	[class: 4]
 + average row correct: 40.858248621225% 
 + average rowUcol correct (VOC measure): 18.031860329211% 
 + global correct: 28.001014745791%
Saving current network state...	
Saved.	
================================	
Epoch 81:	
  time to learn 1 sample = 0.25317838436497ms	
  time to learn all 469083 samples = 118761.67607307ms	
================================	
ConfusionMatrix:
[[   28000   14941  155180   47296]   11.409% 	[class: 1]
 [   12671   68013   57500   12560]   45.118% 	[class: 2]
 [    2427    1329   18549    2536]   74.671% 	[class: 3]
 [    5490    1936   25517   15138]]  31.484% 	[class: 4]
 + average row correct: 40.670660324395% 
 + average rowUcol correct (VOC measure): 17.88428388536% 
 + global correct: 27.649690992852%
Saving current network state...	
Saved.	
================================	
Epoch 82:	
  time to learn 1 sample = 0.25618352642855ms	
  time to learn all 469083 samples = 120171.33712769ms	
================================	
ConfusionMatrix:
[[   27576   14654  155476   47711]   11.236% 	[class: 1]
 [   12469   67287   58324   12664]   44.637% 	[class: 2]
 [    2357    1292   18666    2526]   75.142% 	[class: 3]
 [    5504    1886   25519   15172]]  31.555% 	[class: 4]
 + average row correct: 40.64249265939% 
 + average rowUcol correct (VOC measure): 17.757145315409% 
 + global correct: 27.436722285821%
Saving current network state...	
Saved.	
================================	
Epoch 83:	
  time to learn 1 sample = 0.25285024629912ms	
  time to learn all 469083 samples = 118607.75208473ms	
================================	
ConfusionMatrix:
[[   24667   14538  160318   45894]   10.051% 	[class: 1]
 [   11640   67538   59524   12042]   44.803% 	[class: 2]
 [    2124    1311   18946    2460]   76.269% 	[class: 3]
 [    4730    1911   26861   14579]]  30.322% 	[class: 4]
 + average row correct: 40.36124702543% 
 + average rowUcol correct (VOC measure): 17.461127787828% 
 + global correct: 26.803358893842%
Saving current network state...	
Saved.	
================================	
Epoch 84:	
  time to learn 1 sample = 0.24994593490849ms	
  time to learn all 469083 samples = 117245.38898468ms	
================================	
ConfusionMatrix:
[[   26620   14987  155751   48059]   10.847% 	[class: 1]
 [   12280   67611   58271   12582]   44.852% 	[class: 2]
 [    2187    1308   18767    2579]   75.548% 	[class: 3]
 [    5193    1922   25752   15214]]  31.642% 	[class: 4]
 + average row correct: 40.72232618928% 
 + average rowUcol correct (VOC measure): 17.704884149134% 
 + global correct: 27.33247634214%
Saving current network state...	
Saved.	
================================	
Epoch 85:	
  time to learn 1 sample = 0.24975306299322ms	
  time to learn all 469083 samples = 117154.91604805ms	
================================	
ConfusionMatrix:
[[   27280   15061  154017   49059]   11.116% 	[class: 1]
 [   12065   68689   57662   12328]   45.567% 	[class: 2]
 [    2363    1313   18428    2737]   74.184% 	[class: 3]
 [    5499    1970   25304   15308]]  31.838% 	[class: 4]
 + average row correct: 40.676045417786% 
 + average rowUcol correct (VOC measure): 17.896355688572% 
 + global correct: 27.650756902297%
Saving current network state...	
Saved.	
================================	
Epoch 86:	
  time to learn 1 sample = 0.25285387429634ms	
  time to learn all 469083 samples = 118609.45391655ms	
================================	
ConfusionMatrix:
[[   26842   15316  153900   49359]   10.937% 	[class: 1]
 [   12394   68574   57279   12497]   45.490% 	[class: 2]
 [    2367    1364   18408    2702]   74.103% 	[class: 3]
 [    5164    2007   25527   15383]]  31.994% 	[class: 4]
 + average row correct: 40.631223283708% 
 + average rowUcol correct (VOC measure): 17.821035161614% 
 + global correct: 27.544592321615%
Saving current network state...	
Saved.	
================================	
Epoch 87:	
  time to learn 1 sample = 0.24984423865985ms	
  time to learn all 469083 samples = 117197.68500328ms	
================================	
ConfusionMatrix:
[[   25895   14520  156939   48063]   10.551% 	[class: 1]
 [   12431   67366   58595   12352]   44.689% 	[class: 2]
 [    2291    1279   18637    2634]   75.025% 	[class: 3]
 [    5098    1940   26026   15017]]  31.233% 	[class: 4]
 + average row correct: 40.374577045441% 
 + average rowUcol correct (VOC measure): 17.563917860389% 
 + global correct: 27.055979432211%
Saving current network state...	
Saved.	
================================	
Epoch 88:	
  time to learn 1 sample = 0.25134808975763ms	
  time to learn all 469083 samples = 117903.11598778ms	
================================	
ConfusionMatrix:
[[   29998   15200  152446   47773]   12.223% 	[class: 1]
 [   13520   67961   56901   12362]   45.084% 	[class: 2]
 [    2573    1376   18315    2577]   73.729% 	[class: 3]
 [    5699    1995   25148   15239]]  31.694% 	[class: 4]
 + average row correct: 40.682585723698% 
 + average rowUcol correct (VOC measure): 18.04549023509% 
 + global correct: 28.036189757463%
Saving current network state...	
Saved.	
================================	
Epoch 89:	
  time to learn 1 sample = 0.25000901316492ms	
  time to learn all 469083 samples = 117274.97792244ms	
================================	
ConfusionMatrix:
[[   39256   14653  143469   48039]   15.996% 	[class: 1]
 [   17276   67177   53905   12386]   44.564% 	[class: 2]
 [    3734    1306   17218    2583]   69.313% 	[class: 3]
 [    7476    1949   23865   14791]]  30.763% 	[class: 4]
 + average row correct: 40.158690884709% 
 + average rowUcol correct (VOC measure): 18.618816882372% 
 + global correct: 29.513327065786%
Saving current network state...	
Saved.	
================================	
Epoch 90:	
  time to learn 1 sample = 0.25523738206154ms	
  time to learn all 469083 samples = 119727.51688957ms	
================================	
ConfusionMatrix:
[[   41700   14588  140116   49013]   16.991% 	[class: 1]
 [   18455   67927   52217   12145]   45.061% 	[class: 2]
 [    4043    1313   16848    2637]   67.823% 	[class: 3]
 [    7877    1842   23204   15158]]  31.526% 	[class: 4]
 + average row correct: 40.35049341619% 
 + average rowUcol correct (VOC measure): 18.998462334275% 
 + global correct: 30.193590473328%
Saving current network state...	
Saved.	
================================	
Epoch 91:	
  time to learn 1 sample = 0.25534614777127ms	
  time to learn all 469083 samples = 119778.53703499ms	
================================	
ConfusionMatrix:
[[   23917   14491  159364   47645]   9.745% 	[class: 1]
 [   11619   67806   59781   11538]   44.981% 	[class: 2]
 [    2233    1352   18642    2614]   75.045% 	[class: 3]
 [    4486    1816   27012   14767]]  30.713% 	[class: 4]
 + average row correct: 40.12109823525% 
 + average rowUcol correct (VOC measure): 17.412620782852% 
 + global correct: 26.675876124268%
Saving current network state...	
Saved.	
================================	
Epoch 92:	
  time to learn 1 sample = 0.25348767493954ms	
  time to learn all 469083 samples = 118906.75902367ms	
================================	
ConfusionMatrix:
[[   24167   14906  155821   50523]   9.847% 	[class: 1]
 [   11904   67791   58043   13006]   44.971% 	[class: 2]
 [    2098    1283   18580    2880]   74.796% 	[class: 3]
 [    4581    1921   26207   15372]]  31.971% 	[class: 4]
 + average row correct: 40.396253578365% 
 + average rowUcol correct (VOC measure): 17.435504496098% 
 + global correct: 26.841731633847%
Saving current network state...	
Saved.	
================================	
Epoch 93:	
  time to learn 1 sample = 0.25063155573327ms	
  time to learn all 469083 samples = 117567.00205803ms	
================================	
ConfusionMatrix:
[[   26324   14540  157870   46683]   10.726% 	[class: 1]
 [   12512   67745   58567   11920]   44.940% 	[class: 2]
 [    2343    1313   18624    2561]   74.973% 	[class: 3]
 [    4925    1885   26708   14563]]  30.288% 	[class: 4]
 + average row correct: 40.231990627944% 
 + average rowUcol correct (VOC measure): 17.603863403201% 
 + global correct: 27.128674456333%
Saving current network state...	
Saved.	
================================	
Epoch 94:	
  time to learn 1 sample = 0.25366123684218ms	
  time to learn all 469083 samples = 118988.17396164ms	
================================	
ConfusionMatrix:
[[   30002   14890  153049   47476]   12.225% 	[class: 1]
 [   14331   68175   56114   12124]   45.226% 	[class: 2]
 [    2754    1347   18205    2535]   73.286% 	[class: 3]
 [    5608    1882   25853   14738]]  30.652% 	[class: 4]
 + average row correct: 40.347281098366% 
 + average rowUcol correct (VOC measure): 17.985212057829% 
 + global correct: 27.952409275118%
Saving current network state...	
Saved.	
================================	
Epoch 95:	
  time to learn 1 sample = 0.25347593299619ms	
  time to learn all 469083 samples = 118901.25107765ms	
================================	
ConfusionMatrix:
[[   26279   14608  156616   47914]   10.708% 	[class: 1]
 [   13369   67880   57103   12392]   45.030% 	[class: 2]
 [    2447    1310   18460    2624]   74.313% 	[class: 3]
 [    5009    1837   26279   14956]]  31.106% 	[class: 4]
 + average row correct: 40.289088338614% 
 + average rowUcol correct (VOC measure): 17.649564892054% 
 + global correct: 27.196679478898%
Saving current network state...	
Saved.	
================================	
Epoch 96:	
  time to learn 1 sample = 0.25259819706307ms	
  time to learn all 469083 samples = 118489.52007294ms	
================================	
ConfusionMatrix:
[[   31609   14540  151515   47753]   12.880% 	[class: 1]
 [   14926   68069   55500   12249]   45.155% 	[class: 2]
 [    2880    1288   18108    2565]   72.896% 	[class: 3]
 [    5997    1870   25271   14943]]  31.079% 	[class: 4]
 + average row correct: 40.502373129129% 
 + average rowUcol correct (VOC measure): 18.174830265343% 
 + global correct: 28.295418934389%
Saving current network state...	
Saved.	
================================	
Epoch 97:	
  time to learn 1 sample = 0.25921938550134ms	
  time to learn all 469083 samples = 121595.40700912ms	
================================	
ConfusionMatrix:
[[   35439   14387  147083   48508]   14.440% 	[class: 1]
 [   16229   67029   55092   12394]   44.465% 	[class: 2]
 [    3352    1295   17571    2623]   70.734% 	[class: 3]
 [    6759    1884   24458   14980]]  31.156% 	[class: 4]
 + average row correct: 40.198850259185% 
 + average rowUcol correct (VOC measure): 18.318710848689% 
 + global correct: 28.783605460015%
Saving current network state...	
Saved.	
================================	
Epoch 98:	
  time to learn 1 sample = 0.25258960128149ms	
  time to learn all 469083 samples = 118485.48793793ms	
================================	
ConfusionMatrix:
[[   25102   14313  159084   46918]   10.228% 	[class: 1]
 [   12027   67506   59200   12011]   44.782% 	[class: 2]
 [    2190    1254   18938    2459]   76.237% 	[class: 3]
 [    4794    1799   26662   14826]]  30.835% 	[class: 4]
 + average row correct: 40.52062984556% 
 + average rowUcol correct (VOC measure): 17.552990838885% 
 + global correct: 26.940221666528%
Saving current network state...	
Saved.	
================================	
Epoch 99:	
  time to learn 1 sample = 0.25245953468422ms	
  time to learn all 469083 samples = 118424.47590828ms	
================================	
ConfusionMatrix:
[[   23504   14633  161415   45865]   9.577% 	[class: 1]
 [   11734   68031   59405   11574]   45.130% 	[class: 2]
 [    2030    1309   19117    2385]   76.957% 	[class: 3]
 [    4540    1922   27110   14509]]  30.176% 	[class: 4]
 + average row correct: 40.46023376286% 
 + average rowUcol correct (VOC measure): 17.428899556398% 
 + global correct: 26.682058399047%
Saving current network state...	
Saved.	
================================	
Epoch 100:	
  time to learn 1 sample = 0.2522594509936ms	
  time to learn all 469083 samples = 118330.62005043ms	
================================	
ConfusionMatrix:
[[   36412   14368  149980   44657]   14.837% 	[class: 1]
 [   16634   67916   54327   11867]   45.054% 	[class: 2]
 [    3477    1312   17772    2280]   71.543% 	[class: 3]
 [    6854    1932   25515   13780]]  28.660% 	[class: 4]
 + average row correct: 40.023409575224% 
 + average rowUcol correct (VOC measure): 18.394923396409% 
 + global correct: 28.967155066374%
Saving current network state...	
Saved.	
Done training neural network.	
COMPLETED TRAINING
