TRAINING DNN MODEL WITH NESTEROV-ACCELERATED GRADIENT DESCENT
[?1034hSetting up training dataset...	
Using a total of 1503 utterances out of 1503	
Done setting up dataset with 469083 datapoints across 1503 utterances.	
Setting up neural network...	
Done setting up neural network.	
Converting network to CUDA...	
Done conversion.	
Set batch size to 1024	
Training neural network...	
Using class NLL criterion with weights:	
1e-05 *
 0.4075
 0.6634
 4.0256
 2.0798
[torch.DoubleTensor of size 4]

================================	
Epoch 1:	
  time to learn 1 sample = 0.10805391781807ms	
  time to learn all 469083 samples = 50686.255931854ms	
================================	
ConfusionMatrix:
[[  103378   65799   26994   49517]   42.077% 	[class: 1]
 [   49711   64562   13065   24068]   42.642% 	[class: 2]
 [   11427    6081    2682    4651]   10.797% 	[class: 3]
 [   19430   12655    3727   12269]]  25.517% 	[class: 4]
 + average row correct: 30.258151330054% 
 + average rowUcol correct (VOC measure): 18.167681805789% 
 + global correct: 38.911654071351%
Saving current network state...	
Saved.	
================================	
Epoch 2:	
  time to learn 1 sample = 0.11406835904655ms	
  time to learn all 469083 samples = 53507.528066635ms	
================================	
ConfusionMatrix:
[[  126320   67568   12271   39529]   51.415% 	[class: 1]
 [   53454   75991    4986   16975]   50.190% 	[class: 2]
 [   13081    6677    1366    3717]   5.499% 	[class: 3]
 [   23653   12509    1990    9929]]  20.651% 	[class: 4]
 + average row correct: 31.938639562577% 
 + average rowUcol correct (VOC measure): 20.445722388104% 
 + global correct: 45.446537990196%
Saving current network state...	
Saved.	
================================	
Epoch 3:	
  time to learn 1 sample = 0.10896563077358ms	
  time to learn all 469083 samples = 51113.924980164ms	
================================	
ConfusionMatrix:
[[  139040   68302    6117   32229]   56.592% 	[class: 1]
 [   55573   80309    2374   13150]   53.042% 	[class: 2]
 [   14269    6841     735    2996]   2.959% 	[class: 3]
 [   26003   12632    1129    8317]]  17.298% 	[class: 4]
 + average row correct: 32.472740579396% 
 + average rowUcol correct (VOC measure): 21.260663541034% 
 + global correct: 48.594303172658%
Saving current network state...	
Saved.	
================================	
Epoch 4:	
  time to learn 1 sample = 0.111573570167ms	
  time to learn all 469083 samples = 52337.265014648ms	
================================	
ConfusionMatrix:
[[  146824   67533    3511   27820]   59.760% 	[class: 1]
 [   56493   82556    1355   11002]   54.526% 	[class: 2]
 [   14852    6903     440    2646]   1.771% 	[class: 3]
 [   27466   12518     625    7472]]  15.540% 	[class: 4]
 + average row correct: 32.899572700262% 
 + average rowUcol correct (VOC measure): 21.762305893935% 
 + global correct: 50.485940904139%
Saving current network state...	
Saved.	
================================	
Epoch 5:	
  time to learn 1 sample = 0.112251706278ms	
  time to learn all 469083 samples = 52655.367136002ms	
================================	
ConfusionMatrix:
[[  152036   66764    2055   24897]   61.866% 	[class: 1]
 [   57098   83111     804    9731]   55.134% 	[class: 2]
 [   15788    7017     302    2332]   1.187% 	[class: 3]
 [   28512   12483     398    6688]]  13.910% 	[class: 4]
 + average row correct: 33.024125662632% 
 + average rowUcol correct (VOC measure): 21.944769797847% 
 + global correct: 51.516756876362%
Saving current network state...	
Saved.	
================================	
Epoch 6:	
  time to learn 1 sample = 0.10655966835877ms	
  time to learn all 469083 samples = 49985.328912735ms	
================================	
ConfusionMatrix:
[[  155446   66135    1552   22555]   63.270% 	[class: 1]
 [   57704   84362     609    8731]   55.719% 	[class: 2]
 [   15529    6933     205    2174]   0.825% 	[class: 3]
 [   29025   12451     291    6314]]  13.132% 	[class: 4]
 + average row correct: 33.236497244798% 
 + average rowUcol correct (VOC measure): 22.194206074346% 
 + global correct: 52.408215890523%
Saving current network state...	
Saved.	
================================	
Epoch 7:	
  time to learn 1 sample = 0.10751198204915ms	
  time to learn all 469083 samples = 50432.043075562ms	
================================	
ConfusionMatrix:
[[  157431   65922    1153   21182]   64.078% 	[class: 1]
 [   58087   84853     435    8031]   56.043% 	[class: 2]
 [   15640    6976     178    2047]   0.717% 	[class: 3]
 [   29436   12459     221    5965]]  12.406% 	[class: 4]
 + average row correct: 33.310916449409% 
 + average rowUcol correct (VOC measure): 22.288331319578% 
 + global correct: 52.855009191176%
Saving current network state...	
Saved.	
================================	
Epoch 8:	
  time to learn 1 sample = 0.10601451120481ms	
  time to learn all 469083 samples = 49729.604959488ms	
================================	
ConfusionMatrix:
[[  158825   66312     853   19698]   64.645% 	[class: 1]
 [   57571   86023     374    7438]   56.816% 	[class: 2]
 [   15772    6994     130    1945]   0.523% 	[class: 3]
 [   29912   12318     178    5673]]  11.799% 	[class: 4]
 + average row correct: 33.445819735061% 
 + average rowUcol correct (VOC measure): 22.413859632798% 
 + global correct: 53.32818457244%
Saving current network state...	
Saved.	
================================	
Epoch 9:	
  time to learn 1 sample = 0.11442281661083ms	
  time to learn all 469083 samples = 53673.798084259ms	
================================	
ConfusionMatrix:
[[  160334   65531     710   19113]   65.259% 	[class: 1]
 [   57556   86217     301    7332]   56.944% 	[class: 2]
 [   15819    7034     128    1860]   0.515% 	[class: 3]
 [   30000   12274     157    5650]]  11.751% 	[class: 4]
 + average row correct: 33.617428562138% 
 + average rowUcol correct (VOC measure): 22.579051286448% 
 + global correct: 53.685193695534%
Saving current network state...	
Saved.	
================================	
Epoch 10:	
  time to learn 1 sample = 0.10872444926469ms	
  time to learn all 469083 samples = 51000.790834427ms	
================================	
ConfusionMatrix:
[[  161249   65394     648   18461]   65.615% 	[class: 1]
 [   57663   85968     260    6853]   57.029% 	[class: 2]
 [   16282    7148     132    1877]   0.519% 	[class: 3]
 [   30261   12283     138    5399]]  11.229% 	[class: 4]
 + average row correct: 33.597877831198% 
 + average rowUcol correct (VOC measure): 22.560372180305% 
 + global correct: 53.77433959695%
Saving current network state...	
Saved.	
================================	
Epoch 11:	
  time to learn 1 sample = 0.10977145225924ms	
  time to learn all 469083 samples = 51491.922140121ms	
================================	
ConfusionMatrix:
[[  162312   64620     548   18208]   66.064% 	[class: 1]
 [   58056   86493     245    6612]   57.127% 	[class: 2]
 [   16194    6834      83    1730]   0.334% 	[class: 3]
 [   30377   12180     120    5404]]  11.239% 	[class: 4]
 + average row correct: 33.691075077513% 
 + average rowUcol correct (VOC measure): 22.673915873747% 
 + global correct: 54.102839052288%
Saving current network state...	
Saved.	
================================	
Epoch 12:	
  time to learn 1 sample = 0.11275850973766ms	
  time to learn all 469083 samples = 52893.10002327ms	
================================	
ConfusionMatrix:
[[  163159   64387     449   17693]   66.409% 	[class: 1]
 [   58396   86400     222    6388]   57.065% 	[class: 2]
 [   16053    6930      93    1765]   0.374% 	[class: 3]
 [   30424   12251     106    5300]]  11.023% 	[class: 4]
 + average row correct: 33.717894880101% 
 + average rowUcol correct (VOC measure): 22.711135679856% 
 + global correct: 54.243259803922%
Saving current network state...	
Saved.	
================================	
Epoch 13:	
  time to learn 1 sample = 0.105451988661ms	
  time to learn all 469083 samples = 49465.735197067ms	
================================	
ConfusionMatrix:
[[  163367   64540     430   17351]   66.494% 	[class: 1]
 [   57580   87392     209    6225]   57.720% 	[class: 2]
 [   16139    6935      66    1701]   0.266% 	[class: 3]
 [   30476   12266      79    5260]]  10.940% 	[class: 4]
 + average row correct: 33.854887407506% 
 + average rowUcol correct (VOC measure): 22.821318201022% 
 + global correct: 54.48431542756%
Saving current network state...	
Saved.	
================================	
Epoch 14:	
  time to learn 1 sample = 0.10605586010611ms	
  time to learn all 469083 samples = 49749.001026154ms	
================================	
ConfusionMatrix:
[[  163930   64399     343   17016]   66.723% 	[class: 1]
 [   56964   88124     177    6141]   58.204% 	[class: 2]
 [   16184    6967      74    1616]   0.298% 	[class: 3]
 [   30458   12263      82    5278]]  10.977% 	[class: 4]
 + average row correct: 34.05045166146% 
 + average rowUcol correct (VOC measure): 22.990318416851% 
 + global correct: 54.765369689542%
Saving current network state...	
Saved.	
================================	
Epoch 15:	
  time to learn 1 sample = 0.10716989718538ms	
  time to learn all 469083 samples = 50271.576881409ms	
================================	
ConfusionMatrix:
[[  164494   64070     296   16892]   66.935% 	[class: 1]
 [   56958   87619     166    6001]   58.124% 	[class: 2]
 [   16616    7082      72    1669]   0.283% 	[class: 3]
 [   30710   12070      76    5225]]  10.867% 	[class: 4]
 + average row correct: 34.052359766793% 
 + average rowUcol correct (VOC measure): 22.978197026532% 
 + global correct: 54.766220724401%
Saving current network state...	
Saved.	
================================	
Epoch 16:	
  time to learn 1 sample = 0.10954485237154ms	
  time to learn all 469083 samples = 51385.627985001ms	
================================	
ConfusionMatrix:
[[  165445   63372     346   16525]   67.339% 	[class: 1]
 [   57573   87845     171    5817]   58.019% 	[class: 2]
 [   16368    6871      52    1550]   0.209% 	[class: 3]
 [   30703   12075      66    5237]]  10.892% 	[class: 4]
 + average row correct: 34.115084219957% 
 + average rowUcol correct (VOC measure): 23.072751436848% 
 + global correct: 55.014935661765%
Saving current network state...	
Saved.	
================================	
Epoch 17:	
  time to learn 1 sample = 0.11240576401068ms	
  time to learn all 469083 samples = 52727.63299942ms	
================================	
ConfusionMatrix:
[[  165467   63501     277   16443]   67.348% 	[class: 1]
 [   57545   87936     141    5784]   58.080% 	[class: 2]
 [   16302    6906      64    1569]   0.258% 	[class: 3]
 [   30736   12009      65    5271]]  10.963% 	[class: 4]
 + average row correct: 34.162103879498% 
 + average rowUcol correct (VOC measure): 23.108472739113% 
 + global correct: 55.048764297386%
Saving current network state...	
Saved.	
================================	
Epoch 18:	
  time to learn 1 sample = 0.10875260868325ms	
  time to learn all 469083 samples = 51013.999938965ms	
================================	
ConfusionMatrix:
[[  165307   63838     302   16241]   67.283% 	[class: 1]
 [   57252   88354     145    5655]   58.356% 	[class: 2]
 [   16435    6839      47    1520]   0.189% 	[class: 3]
 [   30901   11995      60    5125]]  10.659% 	[class: 4]
 + average row correct: 34.121819850407% 
 + average rowUcol correct (VOC measure): 23.073111870326% 
 + global correct: 55.068976375272%
Saving current network state...	
Saved.	
================================	
Epoch 19:	
  time to learn 1 sample = 0.10675389022649ms	
  time to learn all 469083 samples = 50076.435089111ms	
================================	
ConfusionMatrix:
[[  166498   63006     283   15901]   67.768% 	[class: 1]
 [   57094   88653     119    5540]   58.553% 	[class: 2]
 [   16438    6831      44    1528]   0.177% 	[class: 3]
 [   30838   12053      56    5134]]  10.678% 	[class: 4]
 + average row correct: 34.294040352688% 
 + average rowUcol correct (VOC measure): 23.240753702703% 
 + global correct: 55.387263412309%
Saving current network state...	
Saved.	
================================	
Epoch 20:	
  time to learn 1 sample = 0.10619508716763ms	
  time to learn all 469083 samples = 49814.310073853ms	
================================	
ConfusionMatrix:
[[  166712   62797     290   15953]   67.837% 	[class: 1]
 [   56973   88235     153    5383]   58.533% 	[class: 2]
 [   16767    7076      56    1540]   0.220% 	[class: 3]
 [   31042   11947      51    5041]]  10.484% 	[class: 4]
 + average row correct: 34.268756664824% 
 + average rowUcol correct (VOC measure): 23.204943764722% 
 + global correct: 55.326627178649%
Saving current network state...	
Saved.	
================================	
Epoch 21:	
  time to learn 1 sample = 0.10558620117775ms	
  time to learn all 469083 samples = 49528.692007065ms	
================================	
ConfusionMatrix:
[[  167591   62282     301   15514]   68.213% 	[class: 1]
 [   57187   88772     167    5280]   58.632% 	[class: 2]
 [   16426    6832      53    1530]   0.213% 	[class: 3]
 [   30966   11971      49    5095]]  10.597% 	[class: 4]
 + average row correct: 34.413689159555% 
 + average rowUcol correct (VOC measure): 23.368833487621% 
 + global correct: 55.638744212963%
Saving current network state...	
Saved.	
================================	
Epoch 22:	
  time to learn 1 sample = 0.10625830621352ms	
  time to learn all 469083 samples = 49843.965053558ms	
================================	
ConfusionMatrix:
[[  167055   62623     274   15736]   67.995% 	[class: 1]
 [   57075   88854     127    5350]   58.686% 	[class: 2]
 [   16482    6832      51    1476]   0.205% 	[class: 3]
 [   30857   11954      49    5221]]  10.859% 	[class: 4]
 + average row correct: 34.436188772088% 
 + average rowUcol correct (VOC measure): 23.368373466656% 
 + global correct: 55.568533837146%
Saving current network state...	
Saved.	
================================	
Epoch 23:	
  time to learn 1 sample = 0.10562473581447ms	
  time to learn all 469083 samples = 49546.767950058ms	
================================	
ConfusionMatrix:
[[  166774   62946     304   15664]   67.880% 	[class: 1]
 [   56754   89323     143    5186]   58.996% 	[class: 2]
 [   16574    6802      62    1403]   0.250% 	[class: 3]
 [   31083   11865      58    5075]]  10.555% 	[class: 4]
 + average row correct: 34.420194569975% 
 + average rowUcol correct (VOC measure): 23.357337724883% 
 + global correct: 55.57981004902%
Saving current network state...	
Saved.	
================================	
Epoch 24:	
  time to learn 1 sample = 0.11160855558761ms	
  time to learn all 469083 samples = 52353.676080704ms	
================================	
ConfusionMatrix:
[[  167663   62348     292   15385]   68.242% 	[class: 1]
 [   56371   89743     144    5148]   59.273% 	[class: 2]
 [   16456    6815      66    1504]   0.266% 	[class: 3]
 [   30965   11862      56    5198]]  10.811% 	[class: 4]
 + average row correct: 34.647983830655% 
 + average rowUcol correct (VOC measure): 23.564834351419% 
 + global correct: 55.885331563181%
Saving current network state...	
Saved.	
================================	
Epoch 25:	
  time to learn 1 sample = 0.10626774571538ms	
  time to learn all 469083 samples = 49848.392963409ms	
================================	
ConfusionMatrix:
[[  167992   61844     290   15626]   68.358% 	[class: 1]
 [   56245   89234     138    5127]   59.196% 	[class: 2]
 [   16985    6892      60    1502]   0.236% 	[class: 3]
 [   31130   11846      51    5054]]  10.511% 	[class: 4]
 + average row correct: 34.575338044669% 
 + average rowUcol correct (VOC measure): 23.493591166334% 
 + global correct: 55.815121187364%
Saving current network state...	
Saved.	
================================	
Epoch 26:	
  time to learn 1 sample = 0.10562555005537ms	
  time to learn all 469083 samples = 49547.149896622ms	
================================	
ConfusionMatrix:
[[  168499   61541     282   15366]   68.583% 	[class: 1]
 [   56667   89431     173    5135]   59.067% 	[class: 2]
 [   16506    6802      47    1486]   0.189% 	[class: 3]
 [   31135   11699      60    5187]]  10.788% 	[class: 4]
 + average row correct: 34.656692561111% 
 + average rowUcol correct (VOC measure): 23.592767977971% 
 + global correct: 55.990434368192%
Saving current network state...	
Saved.	
================================	
Epoch 27:	
  time to learn 1 sample = 0.10645706231537ms	
  time to learn all 469083 samples = 49937.198162079ms	
================================	
ConfusionMatrix:
[[  168260   61876     303   15249]   68.485% 	[class: 1]
 [   56813   89345     141    5107]   59.010% 	[class: 2]
 [   16653    6737      47    1404]   0.189% 	[class: 3]
 [   31065   11813      59    5144]]  10.699% 	[class: 4]
 + average row correct: 34.595816474757% 
 + average rowUcol correct (VOC measure): 23.533413634868% 
 + global correct: 55.91213916122%
Saving current network state...	
Saved.	
================================	
Epoch 28:	
  time to learn 1 sample = 0.10573665226036ms	
  time to learn all 469083 samples = 49599.266052246ms	
================================	
ConfusionMatrix:
[[  167861   62208     288   15331]   68.323% 	[class: 1]
 [   56000   90172     147    5087]   59.556% 	[class: 2]
 [   16457    6952      50    1382]   0.201% 	[class: 3]
 [   31082   11738      53    5208]]  10.832% 	[class: 4]
 + average row correct: 34.728064318188% 
 + average rowUcol correct (VOC measure): 23.633223160869% 
 + global correct: 56.017454724946%
Saving current network state...	
Saved.	
================================	
Epoch 29:	
  time to learn 1 sample = 0.10629842714602ms	
  time to learn all 469083 samples = 49862.785100937ms	
================================	
ConfusionMatrix:
[[  168346   61686     274   15382]   68.520% 	[class: 1]
 [   55776   90376     135    5119]   59.691% 	[class: 2]
 [   16556    6810      49    1426]   0.197% 	[class: 3]
 [   30976   11800      53    5252]]  10.923% 	[class: 4]
 + average row correct: 34.832971275318% 
 + average rowUcol correct (VOC measure): 23.734538734425% 
 + global correct: 56.173194104031%
Saving current network state...	
Saved.	
================================	
Epoch 30:	
  time to learn 1 sample = 0.11380581464176ms	
  time to learn all 469083 samples = 53384.3729496ms	
================================	
ConfusionMatrix:
[[  168617   61470     269   15396]   68.613% 	[class: 1]
 [   55893   89684     129    5038]   59.494% 	[class: 2]
 [   16964    6941      59    1475]   0.232% 	[class: 3]
 [   31063   11659      57    5302]]  11.027% 	[class: 4]
 + average row correct: 34.841514122672% 
 + average rowUcol correct (VOC measure): 23.720055964077% 
 + global correct: 56.096388208061%
Saving current network state...	
Saved.	
================================	
Epoch 31:	
  time to learn 1 sample = 0.1137284724299ms	
  time to learn all 469083 samples = 53348.093032837ms	
================================	
ConfusionMatrix:
[[  168646   61500     283   15259]   68.642% 	[class: 1]
 [   55858   90376     156    5016]   59.691% 	[class: 2]
 [   16572    6783      55    1431]   0.221% 	[class: 3]
 [   31135   11614      41    5291]]  11.004% 	[class: 4]
 + average row correct: 34.889814443886% 
 + average rowUcol correct (VOC measure): 23.789760225918% 
 + global correct: 56.246595860566%
Saving current network state...	
Saved.	
================================	
Epoch 32:	
  time to learn 1 sample = 0.11278171255369ms	
  time to learn all 469083 samples = 52903.984069824ms	
================================	
ConfusionMatrix:
[[  168703   61340     291   15354]   68.666% 	[class: 1]
 [   56543   89784     135    4944]   59.300% 	[class: 2]
 [   16515    6788      72    1466]   0.290% 	[class: 3]
 [   30970   11677      45    5389]]  11.208% 	[class: 4]
 + average row correct: 34.865929972148% 
 + average rowUcol correct (VOC measure): 23.76804210362% 
 + global correct: 56.157237200436%
Saving current network state...	
Saved.	
================================	
Epoch 33:	
  time to learn 1 sample = 0.11457456986896ms	
  time to learn all 469083 samples = 53744.98295784ms	
================================	
ConfusionMatrix:
[[  168769   61313     359   15247]   68.692% 	[class: 1]
 [   55495   90766     150    4995]   59.949% 	[class: 2]
 [   16581    6798      73    1389]   0.294% 	[class: 3]
 [   31110   11595      57    5319]]  11.063% 	[class: 4]
 + average row correct: 34.99940080801% 
 + average rowUcol correct (VOC measure): 23.891557118623% 
 + global correct: 56.365527982026%
Saving current network state...	
Saved.	
================================	
Epoch 34:	
  time to learn 1 sample = 0.10980562089762ms	
  time to learn all 469083 samples = 51507.95006752ms	
================================	
ConfusionMatrix:
[[  168871   61215     351   15251]   68.734% 	[class: 1]
 [   55390   91004     143    4869]   60.106% 	[class: 2]
 [   16584    6754      59    1444]   0.238% 	[class: 3]
 [   31205   11556      58    5262]]  10.944% 	[class: 4]
 + average row correct: 35.005351208383% 
 + average rowUcol correct (VOC measure): 23.900200153003% 
 + global correct: 56.422760076253%
Saving current network state...	
Saved.	
================================	
Epoch 35:	
  time to learn 1 sample = 0.10964302481734ms	
  time to learn all 469083 samples = 51431.679010391ms	
================================	
ConfusionMatrix:
[[  169764   60793     357   14838]   69.079% 	[class: 1]
 [   55660   90280     162    4642]   59.890% 	[class: 2]
 [   17001    6899      89    1450]   0.350% 	[class: 3]
 [   31288   11506      47    5240]]  10.898% 	[class: 4]
 + average row correct: 35.054286470404% 
 + average rowUcol correct (VOC measure): 23.935694858665% 
 + global correct: 56.460418368736%
Saving current network state...	
Saved.	
================================	
Epoch 36:	
  time to learn 1 sample = 0.10500608401646ms	
  time to learn all 469083 samples = 49256.568908691ms	
================================	
ConfusionMatrix:
[[  169750   60571     331   15036]   69.092% 	[class: 1]
 [   55824   90700     180    4702]   59.905% 	[class: 2]
 [   16680    6650      74    1437]   0.298% 	[class: 3]
 [   31144   11603      56    5278]]  10.977% 	[class: 4]
 + average row correct: 35.068013216369% 
 + average rowUcol correct (VOC measure): 23.974954878213% 
 + global correct: 56.551691857298%
Saving current network state...	
Saved.	
================================	
Epoch 37:	
  time to learn 1 sample = 0.10781055585134ms	
  time to learn all 469083 samples = 50572.098970413ms	
================================	
ConfusionMatrix:
[[  169995   60540     326   14827]   69.191% 	[class: 1]
 [   55981   90430     133    4862]   59.727% 	[class: 2]
 [   16683    6763      67    1328]   0.270% 	[class: 3]
 [   31031   11628      57    5365]]  11.158% 	[class: 4]
 + average row correct: 35.086552961729% 
 + average rowUcol correct (VOC measure): 23.986049974337% 
 + global correct: 56.563393586601%
Saving current network state...	
Saved.	
================================	
Epoch 38:	
  time to learn 1 sample = 0.11215885282784ms	
  time to learn all 469083 samples = 52611.811161041ms	
================================	
ConfusionMatrix:
[[  169339   61241     343   14765]   68.924% 	[class: 1]
 [   55046   91464     167    4729]   60.410% 	[class: 2]
 [   16635    6798      73    1335]   0.294% 	[class: 3]
 [   31179   11630      58    5214]]  10.844% 	[class: 4]
 + average row correct: 35.118059685919% 
 + average rowUcol correct (VOC measure): 24.004943150794% 
 + global correct: 56.612966367102%
Saving current network state...	
Saved.	
================================	
Epoch 39:	
  time to learn 1 sample = 0.10582023647751ms	
  time to learn all 469083 samples = 49638.473987579ms	
================================	
ConfusionMatrix:
[[  169650   60628     361   15049]   69.051% 	[class: 1]
 [   55133   91338     158    4777]   60.327% 	[class: 2]
 [   16614    6792      59    1376]   0.238% 	[class: 3]
 [   31006   11569      59    5447]]  11.329% 	[class: 4]
 + average row correct: 35.235960461432% 
 + average rowUcol correct (VOC measure): 24.106614582706% 
 + global correct: 56.6989208878%
Saving current network state...	
Saved.	
================================	
Epoch 40:	
  time to learn 1 sample = 0.11068226711009ms	
  time to learn all 469083 samples = 51919.169902802ms	
================================	
ConfusionMatrix:
[[  170217   60140     357   15038]   69.264% 	[class: 1]
 [   54905   90952     135    4752]   60.335% 	[class: 2]
 [   17008    6862      70    1499]   0.275% 	[class: 3]
 [   31050   11534      50    5447]]  11.329% 	[class: 4]
 + average row correct: 35.300774371717% 
 + average rowUcol correct (VOC measure): 24.150673055556% 
 + global correct: 56.739770561002%
Saving current network state...	
Saved.	
================================	
Epoch 41:	
  time to learn 1 sample = 0.10508109227437ms	
  time to learn all 469083 samples = 49291.754007339ms	
================================	
ConfusionMatrix:
[[  170623   59785     394   14886]   69.447% 	[class: 1]
 [   55260   91305     160    4681]   60.305% 	[class: 2]
 [   16693    6747      63    1338]   0.254% 	[class: 3]
 [   31224   11430      56    5371]]  11.171% 	[class: 4]
 + average row correct: 35.294027917553% 
 + average rowUcol correct (VOC measure): 24.187103129225% 
 + global correct: 56.88359545207%
Saving current network state...	
Saved.	
================================	
Epoch 42:	
  time to learn 1 sample = 0.10567613667722ms	
  time to learn all 469083 samples = 49570.879220963ms	
================================	
ConfusionMatrix:
[[  170041   60206     371   15070]   69.210% 	[class: 1]
 [   55690   90887     166    4663]   60.029% 	[class: 2]
 [   16730    6702      68    1341]   0.274% 	[class: 3]
 [   31259   11380      56    5386]]  11.202% 	[class: 4]
 + average row correct: 35.178618307691% 
 + average rowUcol correct (VOC measure): 24.073889985448% 
 + global correct: 56.675091911765%
Saving current network state...	
Saved.	
================================	
Epoch 43:	
  time to learn 1 sample = 0.10599957583102ms	
  time to learn all 469083 samples = 49722.599029541ms	
================================	
ConfusionMatrix:
[[  170243   60361     319   14765]   69.292% 	[class: 1]
 [   54816   91929     141    4520]   60.717% 	[class: 2]
 [   16650    6724      64    1403]   0.258% 	[class: 3]
 [   31389   11375      54    5263]]  10.946% 	[class: 4]
 + average row correct: 35.303246165859% 
 + average rowUcol correct (VOC measure): 24.185548094101% 
 + global correct: 56.912743395969%
Saving current network state...	
Saved.	
================================	
Epoch 44:	
  time to learn 1 sample = 0.10569914482768ms	
  time to learn all 469083 samples = 49581.671953201ms	
================================	
ConfusionMatrix:
[[  170643   60051     351   14643]   69.455% 	[class: 1]
 [   54796   91790     129    4691]   60.625% 	[class: 2]
 [   16738    6650      72    1381]   0.290% 	[class: 3]
 [   31290   11339      68    5384]]  11.198% 	[class: 4]
 + average row correct: 35.391963686561% 
 + average rowUcol correct (VOC measure): 24.269496748457% 
 + global correct: 56.995719294662%
Saving current network state...	
Saved.	
================================	
Epoch 45:	
  time to learn 1 sample = 0.10996821037046ms	
  time to learn all 469083 samples = 51584.218025208ms	
================================	
ConfusionMatrix:
[[  170729   59771     395   14857]   69.472% 	[class: 1]
 [   54763   91294     142    4545]   60.562% 	[class: 2]
 [   17179    6769     103    1388]   0.405% 	[class: 3]
 [   31304   11306      61    5410]]  11.252% 	[class: 4]
 + average row correct: 35.422770364676% 
 + average rowUcol correct (VOC measure): 24.27712532226% 
 + global correct: 56.92061546841%
Saving current network state...	
Saved.	
================================	
Epoch 46:	
  time to learn 1 sample = 0.110665144671ms	
  time to learn all 469083 samples = 51911.138057709ms	
================================	
ConfusionMatrix:
[[  170991   59378     402   14917]   69.597% 	[class: 1]
 [   55011   91590     185    4620]   60.493% 	[class: 2]
 [   16670    6717      79    1375]   0.318% 	[class: 3]
 [   31274   11283      56    5468]]  11.372% 	[class: 4]
 + average row correct: 35.445070406422% 
 + average rowUcol correct (VOC measure): 24.328389920993% 
 + global correct: 57.046568627451%
Saving current network state...	
Saved.	
================================	
Epoch 47:	
  time to learn 1 sample = 0.10625436817452ms	
  time to learn all 469083 samples = 49842.117786407ms	
================================	
ConfusionMatrix:
[[  170833   59307     364   15184]   69.532% 	[class: 1]
 [   54936   91519     173    4778]   60.446% 	[class: 2]
 [   16650    6706      93    1392]   0.374% 	[class: 3]
 [   31302   11194      57    5528]]  11.497% 	[class: 4]
 + average row correct: 35.462556360289% 
 + average rowUcol correct (VOC measure): 24.342037155293% 
 + global correct: 57.013591026688%
Saving current network state...	
Saved.	
================================	
Epoch 48:	
  time to learn 1 sample = 0.11127995093428ms	
  time to learn all 469083 samples = 52199.533224106ms	
================================	
ConfusionMatrix:
[[  170770   59956     397   14565]   69.507% 	[class: 1]
 [   54711   91911     177    4607]   60.705% 	[class: 2]
 [   16715    6670      76    1380]   0.306% 	[class: 3]
 [   31249   11387      59    5386]]  11.202% 	[class: 4]
 + average row correct: 35.429930972168% 
 + average rowUcol correct (VOC measure): 24.30727253668% 
 + global correct: 57.04976000817%
Saving current network state...	
Saved.	
================================	
Epoch 49:	
  time to learn 1 sample = 0.10601144789027ms	
  time to learn all 469083 samples = 49728.168010712ms	
================================	
ConfusionMatrix:
[[  170862   59712     391   14723]   69.544% 	[class: 1]
 [   54342   92352     184    4528]   60.996% 	[class: 2]
 [   16702    6719      78    1342]   0.314% 	[class: 3]
 [   31138   11395      71    5477]]  11.391% 	[class: 4]
 + average row correct: 35.561438213335% 
 + average rowUcol correct (VOC measure): 24.421398108825% 
 + global correct: 57.182946963508%
Saving current network state...	
Saved.	
================================	
Epoch 50:	
  time to learn 1 sample = 0.10528179249072ms	
  time to learn all 469083 samples = 49385.899066925ms	
================================	
ConfusionMatrix:
[[  171309   59340     448   14655]   69.708% 	[class: 1]
 [   54481   91533     177    4553]   60.721% 	[class: 2]
 [   17123    6796      94    1426]   0.370% 	[class: 3]
 [   31364   11264      55    5398]]  11.227% 	[class: 4]
 + average row correct: 35.506325919414% 
 + average rowUcol correct (VOC measure): 24.365331581794% 
 + global correct: 57.090396922658%
Saving current network state...	
Saved.	
================================	
Epoch 51:	
  time to learn 1 sample = 0.10472137111537ms	
  time to learn all 469083 samples = 49123.01492691ms	
================================	
ConfusionMatrix:
[[  171429   59002     434   14823]   69.775% 	[class: 1]
 [   54287   92278     175    4666]   60.947% 	[class: 2]
 [   16731    6647      84    1379]   0.338% 	[class: 3]
 [   31190   11283      74    5534]]  11.510% 	[class: 4]
 + average row correct: 35.64259095001% 
 + average rowUcol correct (VOC measure): 24.511038186029% 
 + global correct: 57.301240808824%
Saving current network state...	
Saved.	
================================	
Epoch 52:	
  time to learn 1 sample = 0.1195509937239ms	
  time to learn all 469083 samples = 56079.338788986ms	
================================	
ConfusionMatrix:
[[  171261   58966     407   15054]   69.707% 	[class: 1]
 [   54631   91906     204    4665]   60.702% 	[class: 2]
 [   16671    6749      97    1324]   0.390% 	[class: 3]
 [   31175   11266      75    5565]]  11.574% 	[class: 4]
 + average row correct: 35.593274061102% 
 + average rowUcol correct (VOC measure): 24.465423577931% 
 + global correct: 57.195712486383%
Saving current network state...	
Saved.	
================================	
Epoch 53:	
  time to learn 1 sample = 0.10439859067331ms	
  time to learn all 469083 samples = 48971.60410881ms	
================================	
ConfusionMatrix:
[[  171152   59385     444   14707]   69.662% 	[class: 1]
 [   54293   92375     185    4553]   61.011% 	[class: 2]
 [   16734    6682     102    1323]   0.411% 	[class: 3]
 [   31241   11251      58    5531]]  11.504% 	[class: 4]
 + average row correct: 35.646976425778% 
 + average rowUcol correct (VOC measure): 24.507414561231% 
 + global correct: 57.266135620915%
Saving current network state...	
Saved.	
================================	
Epoch 54:	
  time to learn 1 sample = 0.11385166982259ms	
  time to learn all 469083 samples = 53405.882835388ms	
================================	
ConfusionMatrix:
[[  171347   59176     447   14718]   69.742% 	[class: 1]
 [   54139   92515     197    4555]   61.104% 	[class: 2]
 [   16609    6753     104    1375]   0.419% 	[class: 3]
 [   31227   11223      75    5556]]  11.556% 	[class: 4]
 + average row correct: 35.704946808983% 
 + average rowUcol correct (VOC measure): 24.563467467669% 
 + global correct: 57.343154275599%
Saving current network state...	
Saved.	
================================	
Epoch 55:	
  time to learn 1 sample = 0.1073218872951ms	
  time to learn all 469083 samples = 50342.872858047ms	
================================	
ConfusionMatrix:
[[  171446   59054     461   14791]   69.764% 	[class: 1]
 [   54160   91896     169    4519]   60.962% 	[class: 2]
 [   17148    6801      98    1392]   0.385% 	[class: 3]
 [   31193   11221      66    5601]]  11.649% 	[class: 4]
 + average row correct: 35.689945711056% 
 + average rowUcol correct (VOC measure): 24.521346832626% 
 + global correct: 57.240817333878%
Saving current network state...	
Saved.	
================================	
Epoch 56:	
  time to learn 1 sample = 0.11569892524067ms	
  time to learn all 469083 samples = 54272.398948669ms	
================================	
ConfusionMatrix:
[[  171433   58765     520   14970]   69.777% 	[class: 1]
 [   54288   92398     182    4538]   61.027% 	[class: 2]
 [   16712    6663     102    1364]   0.411% 	[class: 3]
 [   31283   11046      88    5664]]  11.780% 	[class: 4]
 + average row correct: 35.748521320056% 
 + average rowUcol correct (VOC measure): 24.606371286791% 
 + global correct: 57.359111179194%
Saving current network state...	
Saved.	
================================	
Epoch 57:	
  time to learn 1 sample = 0.10816279839574ms	
  time to learn all 469083 samples = 50737.329959869ms	
================================	
ConfusionMatrix:
[[  171492   58976     491   14729]   69.801% 	[class: 1]
 [   54620   92041     215    4530]   60.791% 	[class: 2]
 [   16729    6630     106    1376]   0.427% 	[class: 3]
 [   31317   11102      49    5613]]  11.674% 	[class: 4]
 + average row correct: 35.673085355666% 
 + average rowUcol correct (VOC measure): 24.540111632086% 
 + global correct: 57.285709422658%
Saving current network state...	
Saved.	
================================	
Epoch 58:	
  time to learn 1 sample = 0.10927589975872ms	
  time to learn all 469083 samples = 51259.46688652ms	
================================	
ConfusionMatrix:
[[  171175   59328     467   14718]   69.672% 	[class: 1]
 [   53819   92880     204    4503]   61.345% 	[class: 2]
 [   16735    6685      86    1335]   0.346% 	[class: 3]
 [   31330   11092      67    5592]]  11.630% 	[class: 4]
 + average row correct: 35.748316207901% 
 + average rowUcol correct (VOC measure): 24.594488897128% 
 + global correct: 57.388046364379%
Saving current network state...	
Saved.	
================================	
Epoch 59:	
  time to learn 1 sample = 0.10903897598766ms	
  time to learn all 469083 samples = 51148.329973221ms	
================================	
ConfusionMatrix:
[[  171571   58812     441   14864]   69.833% 	[class: 1]
 [   53920   92780     171    4535]   61.279% 	[class: 2]
 [   16686    6661      90    1404]   0.362% 	[class: 3]
 [   31400   11106      72    5503]]  11.445% 	[class: 4]
 + average row correct: 35.729849623749% 
 + average rowUcol correct (VOC measure): 24.595611850964% 
 + global correct: 57.432938453159%
Saving current network state...	
Saved.	
================================	
Epoch 60:	
  time to learn 1 sample = 0.10573133936391ms	
  time to learn all 469083 samples = 49596.773862839ms	
================================	
ConfusionMatrix:
[[  172488   58067     510   14687]   70.188% 	[class: 1]
 [   53860   92198     166    4520]   61.162% 	[class: 2]
 [   17223    6674     108    1434]   0.425% 	[class: 3]
 [   31325   11003      74    5679]]  11.811% 	[class: 4]
 + average row correct: 35.896416311152% 
 + average rowUcol correct (VOC measure): 24.73163275281% 
 + global correct: 57.545487813181%
Saving current network state...	
Saved.	
================================	
Epoch 61:	
  time to learn 1 sample = 0.10503241215539ms	
  time to learn all 469083 samples = 49268.918991089ms	
================================	
ConfusionMatrix:
[[  172081   58192     527   14888]   70.040% 	[class: 1]
 [   53900   92711     226    4569]   61.233% 	[class: 2]
 [   16720    6607     120    1394]   0.483% 	[class: 3]
 [   31338   11005      77    5661]]  11.774% 	[class: 4]
 + average row correct: 35.882695904002% 
 + average rowUcol correct (VOC measure): 24.745728354901% 
 + global correct: 57.566763684641%
Saving current network state...	
Saved.	
================================	
Epoch 62:	
  time to learn 1 sample = 0.10549916736449ms	
  time to learn all 469083 samples = 49487.865924835ms	
================================	
ConfusionMatrix:
[[  171974   58130     481   15103]   69.997% 	[class: 1]
 [   54256   92334     191    4625]   60.984% 	[class: 2]
 [   16764    6618      99    1360]   0.399% 	[class: 3]
 [   31242   11023      56    5760]]  11.980% 	[class: 4]
 + average row correct: 35.83989929175% 
 + average rowUcol correct (VOC measure): 24.695903324755% 
 + global correct: 57.480383646514%
Saving current network state...	
Saved.	
================================	
Epoch 63:	
  time to learn 1 sample = 0.1045665880882ms	
  time to learn all 469083 samples = 49050.408840179ms	
================================	
ConfusionMatrix:
[[  171890   58587     499   14712]   69.963% 	[class: 1]
 [   53583   93107     206    4510]   61.495% 	[class: 2]
 [   16729    6636      93    1383]   0.374% 	[class: 3]
 [   31211   11008      78    5784]]  12.030% 	[class: 4]
 + average row correct: 35.965429944918% 
 + average rowUcol correct (VOC measure): 24.797828524606% 
 + global correct: 57.630804057734%
Saving current network state...	
Saved.	
================================	
Epoch 64:	
  time to learn 1 sample = 0.10572483763508ms	
  time to learn all 469083 samples = 49593.724012375ms	
================================	
ConfusionMatrix:
[[  171737   58437     552   14962]   69.900% 	[class: 1]
 [   53620   93112     197    4477]   61.498% 	[class: 2]
 [   16807    6562     124    1348]   0.499% 	[class: 3]
 [   31276   10910      79    5816]]  12.096% 	[class: 4]
 + average row correct: 35.998523794115% 
 + average rowUcol correct (VOC measure): 24.831525713671% 
 + global correct: 57.612719566993%
Saving current network state...	
Saved.	
================================	
Epoch 65:	
  time to learn 1 sample = 0.10522453183812ms	
  time to learn all 469083 samples = 49359.039068222ms	
================================	
ConfusionMatrix:
[[  172065   58207     606   14874]   70.016% 	[class: 1]
 [   53485   92604     234    4421]   61.431% 	[class: 2]
 [   17101    6760     123    1455]   0.484% 	[class: 3]
 [   31126   11043      95    5817]]  12.098% 	[class: 4]
 + average row correct: 36.007212207187% 
 + average rowUcol correct (VOC measure): 24.819178332109% 
 + global correct: 57.574422998366%
Saving current network state...	
Saved.	
================================	
Epoch 66:	
  time to learn 1 sample = 0.1087012296759ms	
  time to learn all 469083 samples = 50989.898920059ms	
================================	
ConfusionMatrix:
[[  172012   57975     648   15053]   70.012% 	[class: 1]
 [   53480   93022     253    4651]   61.439% 	[class: 2]
 [   16767    6604     129    1341]   0.519% 	[class: 3]
 [   31208   11034      99    5740]]  11.938% 	[class: 4]
 + average row correct: 35.977161000483% 
 + average rowUcol correct (VOC measure): 24.832267849706% 
 + global correct: 57.636974060458%
Saving current network state...	
Saved.	
================================	
Epoch 67:	
  time to learn 1 sample = 0.10530778568287ms	
  time to learn all 469083 samples = 49398.092031479ms	
================================	
ConfusionMatrix:
[[  172119   58049     591   14929]   70.056% 	[class: 1]
 [   54108   92547     215    4536]   61.125% 	[class: 2]
 [   16738    6614     129    1360]   0.519% 	[class: 3]
 [   31232   10897      87    5865]]  12.198% 	[class: 4]
 + average row correct: 35.974611598067% 
 + average rowUcol correct (VOC measure): 24.820337409619% 
 + global correct: 57.58527369281%
Saving current network state...	
Saved.	
================================	
Epoch 68:	
  time to learn 1 sample = 0.11054388224406ms	
  time to learn all 469083 samples = 51854.255914688ms	
================================	
ConfusionMatrix:
[[  171608   58382     638   15060]   69.848% 	[class: 1]
 [   53256   93445     264    4441]   61.718% 	[class: 2]
 [   16723    6585     139    1394]   0.560% 	[class: 3]
 [   31250   10877      79    5875]]  12.219% 	[class: 4]
 + average row correct: 36.086154566146% 
 + average rowUcol correct (VOC measure): 24.910563591402% 
 + global correct: 57.671866489651%
Saving current network state...	
Saved.	
================================	
Epoch 69:	
  time to learn 1 sample = 0.10525107497325ms	
  time to learn all 469083 samples = 49371.490001678ms	
================================	
ConfusionMatrix:
[[  172040   58053     643   14952]   70.024% 	[class: 1]
 [   53178   93547     220    4461]   61.786% 	[class: 2]
 [   16752    6544     150    1395]   0.604% 	[class: 3]
 [   31231   10970      99    5781]]  12.023% 	[class: 4]
 + average row correct: 36.109150177799% 
 + average rowUcol correct (VOC measure): 24.947239249013% 
 + global correct: 57.767820669935%
Saving current network state...	
Saved.	
================================	
Epoch 70:	
  time to learn 1 sample = 0.10665226157713ms	
  time to learn all 469083 samples = 50028.762817383ms	
================================	
ConfusionMatrix:
[[  172323   57825     671   14933]   70.121% 	[class: 1]
 [   53268   92800     253    4423]   61.561% 	[class: 2]
 [   17149    6750     137    1403]   0.539% 	[class: 3]
 [   31331   10889      72    5789]]  12.040% 	[class: 4]
 + average row correct: 36.065164103638% 
 + average rowUcol correct (VOC measure): 24.885287787765% 
 + global correct: 57.668036832789%
Saving current network state...	
Saved.	
================================	
Epoch 71:	
  time to learn 1 sample = 0.10955526825091ms	
  time to learn all 469083 samples = 51390.513896942ms	
================================	
ConfusionMatrix:
[[  172180   57757     742   15009]   70.081% 	[class: 1]
 [   53397   93214     252    4543]   61.566% 	[class: 2]
 [   16755    6572     136    1378]   0.547% 	[class: 3]
 [   31201   10864      90    5926]]  12.325% 	[class: 4]
 + average row correct: 36.129714525305% 
 + average rowUcol correct (VOC measure): 24.965366534889% 
 + global correct: 57.75462962963%
Saving current network state...	
Saved.	
================================	
Epoch 72:	
  time to learn 1 sample = 0.11411525058019ms	
  time to learn all 469083 samples = 53529.524087906ms	
================================	
ConfusionMatrix:
[[  172173   57822     709   14984]   70.078% 	[class: 1]
 [   53760   92896     232    4518]   61.356% 	[class: 2]
 [   16700    6605     141    1395]   0.568% 	[class: 3]
 [   31304   10854      87    5836]]  12.138% 	[class: 4]
 + average row correct: 36.034730868414% 
 + average rowUcol correct (VOC measure): 24.884651601315% 
 + global correct: 57.667398556645%
Saving current network state...	
Saved.	
================================	
Epoch 73:	
  time to learn 1 sample = 0.10522653084527ms	
  time to learn all 469083 samples = 49359.976768494ms	
================================	
ConfusionMatrix:
[[  172034   58070     697   14887]   70.021% 	[class: 1]
 [   52938   93784     259    4425]   61.942% 	[class: 2]
 [   16692    6645     131    1373]   0.527% 	[class: 3]
 [   31239   10909      75    5858]]  12.184% 	[class: 4]
 + average row correct: 36.168587673455% 
 + average rowUcol correct (VOC measure): 24.993765086401% 
 + global correct: 57.829307938453%
Saving current network state...	
Saved.	
================================	
Epoch 74:	
  time to learn 1 sample = 0.11175725874609ms	
  time to learn all 469083 samples = 52423.430204391ms	
================================	
ConfusionMatrix:
[[  172178   57873     705   14932]   70.080% 	[class: 1]
 [   52960   93691     235    4520]   61.881% 	[class: 2]
 [   16664    6596     168    1413]   0.676% 	[class: 3]
 [   31284   10901      85    5811]]  12.086% 	[class: 4]
 + average row correct: 36.180683260318% 
 + average rowUcol correct (VOC measure): 25.017257384025% 
 + global correct: 57.838031045752%
Saving current network state...	
Saved.	
================================	
Epoch 75:	
  time to learn 1 sample = 0.11367580751152ms	
  time to learn all 469083 samples = 53323.388814926ms	
================================	
ConfusionMatrix:
[[  172408   57611     673   15060]   70.155% 	[class: 1]
 [   52899   93178     270    4397]   61.812% 	[class: 2]
 [   17237    6688     167    1347]   0.656% 	[class: 3]
 [   31247   10734      85    6015]]  12.510% 	[class: 4]
 + average row correct: 36.283492716029% 
 + average rowUcol correct (VOC measure): 25.074706517626% 
 + global correct: 57.821010348584%
Saving current network state...	
Saved.	
================================	
Epoch 76:	
  time to learn 1 sample = 0.10821057888526ms	
  time to learn all 469083 samples = 50759.742975235ms	
================================	
ConfusionMatrix:
[[  172177   57334     761   15416]   70.080% 	[class: 1]
 [   53080   93513     288    4525]   61.763% 	[class: 2]
 [   16674    6664     160    1343]   0.644% 	[class: 3]
 [   31265   10723      86    6007]]  12.494% 	[class: 4]
 + average row correct: 36.245049652644% 
 + average rowUcol correct (VOC measure): 25.072699855082% 
 + global correct: 57.839945874183%
Saving current network state...	
Saved.	
================================	
Epoch 77:	
  time to learn 1 sample = 0.10824624436475ms	
  time to learn all 469083 samples = 50776.473045349ms	
================================	
ConfusionMatrix:
[[  172425   57379     760   15124]   70.180% 	[class: 1]
 [   53477   93057     288    4584]   61.462% 	[class: 2]
 [   16659    6609     163    1410]   0.656% 	[class: 3]
 [   31226   10770     109    5976]]  12.429% 	[class: 4]
 + average row correct: 36.181892617606% 
 + average rowUcol correct (VOC measure): 25.022945483215% 
 + global correct: 57.789734817538%
Saving current network state...	
Saved.	
================================	
Epoch 78:	
  time to learn 1 sample = 0.10511464692836ms	
  time to learn all 469083 samples = 49307.493925095ms	
================================	
ConfusionMatrix:
[[  171911   57952     741   15084]   69.971% 	[class: 1]
 [   52651   93958     295    4502]   62.057% 	[class: 2]
 [   16731    6598     159    1353]   0.640% 	[class: 3]
 [   31140   10816     120    6005]]  12.489% 	[class: 4]
 + average row correct: 36.289415985812% 
 + average rowUcol correct (VOC measure): 25.099977804348% 
 + global correct: 57.877391407952%
Saving current network state...	
Saved.	
================================	
Epoch 79:	
  time to learn 1 sample = 0.10560610586071ms	
  time to learn all 469083 samples = 49538.02895546ms	
================================	
ConfusionMatrix:
[[  172583   57493     667   14945]   70.245% 	[class: 1]
 [   52664   93964     258    4520]   62.061% 	[class: 2]
 [   16737    6603     135    1366]   0.543% 	[class: 3]
 [   31230   10759      86    6006]]  12.491% 	[class: 4]
 + average row correct: 36.335151607636% 
 + average rowUcol correct (VOC measure): 25.150058127474% 
 + global correct: 58.016748366013%
Saving current network state...	
Saved.	
================================	
Epoch 80:	
  time to learn 1 sample = 0.10562494928586ms	
  time to learn all 469083 samples = 49546.868085861ms	
================================	
ConfusionMatrix:
[[  172363   57433     697   15259]   70.137% 	[class: 1]
 [   52568   93364     259    4553]   61.935% 	[class: 2]
 [   17058    6759     145    1477]   0.570% 	[class: 3]
 [   31222   10667      89    6103]]  12.693% 	[class: 4]
 + average row correct: 36.333897884469% 
 + average rowUcol correct (VOC measure): 25.114778534044% 
 + global correct: 57.865051402505%
Saving current network state...	
Saved.	
================================	
Epoch 81:	
  time to learn 1 sample = 0.1049467557409ms	
  time to learn all 469083 samples = 49228.739023209ms	
================================	
ConfusionMatrix:
[[  172425   57064     753   15446]   70.180% 	[class: 1]
 [   52549   93964     292    4601]   62.061% 	[class: 2]
 [   16626    6603     156    1456]   0.628% 	[class: 3]
 [   31182   10691     113    6095]]  12.677% 	[class: 4]
 + average row correct: 36.386485269759% 
 + average rowUcol correct (VOC measure): 25.201752281282% 
 + global correct: 58.006535947712%
Saving current network state...	
Saved.	
================================	
Epoch 82:	
  time to learn 1 sample = 0.11039937888118ms	
  time to learn all 469083 samples = 51786.471843719ms	
================================	
ConfusionMatrix:
[[  172517   57255     762   15154]   70.218% 	[class: 1]
 [   53019   93445     271    4671]   61.718% 	[class: 2]
 [   16741    6523     175    1402]   0.704% 	[class: 3]
 [   31024   10787     104    6166]]  12.824% 	[class: 4]
 + average row correct: 36.366188095417% 
 + average rowUcol correct (VOC measure): 25.178824481554% 
 + global correct: 57.934836260893%
Saving current network state...	
Saved.	
================================	
Epoch 83:	
  time to learn 1 sample = 0.1050295658701ms	
  time to learn all 469083 samples = 49267.583847046ms	
================================	
ConfusionMatrix:
[[  172062   57634     771   15221]   70.033% 	[class: 1]
 [   52369   94249     302    4486]   62.249% 	[class: 2]
 [   16616    6645     174    1406]   0.700% 	[class: 3]
 [   31136   10753      98    6094]]  12.674% 	[class: 4]
 + average row correct: 36.414201301523% 
 + average rowUcol correct (VOC measure): 25.21371076582% 
 + global correct: 57.993557666122%
Saving current network state...	
Saved.	
================================	
Epoch 84:	
  time to learn 1 sample = 0.105713138386ms	
  time to learn all 469083 samples = 49588.236093521ms	
================================	
ConfusionMatrix:
[[  172164   57457     759   15308]   70.074% 	[class: 1]
 [   52212   94386     286    4522]   62.340% 	[class: 2]
 [   16605    6644     172    1420]   0.692% 	[class: 3]
 [   31121   10728     106    6126]]  12.741% 	[class: 4]
 + average row correct: 36.461828742176% 
 + average rowUcol correct (VOC measure): 25.257543695625% 
 + global correct: 58.050789760349%
Saving current network state...	
Saved.	
================================	
Epoch 85:	
  time to learn 1 sample = 0.11507596081218ms	
  time to learn all 469083 samples = 53980.176925659ms	
================================	
ConfusionMatrix:
[[  172438   57097     780   15437]   70.167% 	[class: 1]
 [   52304   93581     281    4578]   62.079% 	[class: 2]
 [   17069    6737     201    1432]   0.790% 	[class: 3]
 [   31093   10662      96    6230]]  12.957% 	[class: 4]
 + average row correct: 36.498583178036% 
 + average rowUcol correct (VOC measure): 25.267400813755% 
 + global correct: 57.966111791939%
Saving current network state...	
Saved.	
================================	
Epoch 86:	
  time to learn 1 sample = 0.10638063193134ms	
  time to learn all 469083 samples = 49901.345968246ms	
================================	
ConfusionMatrix:
[[  172620   56762     844   15462]   70.260% 	[class: 1]
 [   52366   94119     342    4579]   62.163% 	[class: 2]
 [   16714    6513     179    1435]   0.721% 	[class: 3]
 [   31083   10657     115    6226]]  12.949% 	[class: 4]
 + average row correct: 36.523181945086% 
 + average rowUcol correct (VOC measure): 25.328810547944% 
 + global correct: 58.113766339869%
Saving current network state...	
Saved.	
================================	
Epoch 87:	
  time to learn 1 sample = 0.10567389370276ms	
  time to learn all 469083 samples = 49569.827079773ms	
================================	
ConfusionMatrix:
[[  172604   56962     759   15363]   70.253% 	[class: 1]
 [   52922   93657     286    4541]   61.858% 	[class: 2]
 [   16628    6579     175    1459]   0.704% 	[class: 3]
 [   31114   10629      97    6241]]  12.980% 	[class: 4]
 + average row correct: 36.449043394532% 
 + average rowUcol correct (VOC measure): 25.253627751954% 
 + global correct: 58.014408020153%
Saving current network state...	
Saved.	
================================	
Epoch 88:	
  time to learn 1 sample = 0.10497228844475ms	
  time to learn all 469083 samples = 49240.71598053ms	
================================	
ConfusionMatrix:
[[  172332   57347     790   15219]   70.143% 	[class: 1]
 [   52252   94355     309    4490]   62.319% 	[class: 2]
 [   16673    6563     196    1409]   0.789% 	[class: 3]
 [   30969   10798      99    6215]]  12.926% 	[class: 4]
 + average row correct: 36.544234352186% 
 + average rowUcol correct (VOC measure): 25.332547491416% 
 + global correct: 58.103979438998%
Saving current network state...	
Saved.	
================================	
Epoch 89:	
  time to learn 1 sample = 0.10569573640104ms	
  time to learn all 469083 samples = 49580.07311821ms	
================================	
ConfusionMatrix:
[[  172420   57124     828   15316]   70.178% 	[class: 1]
 [   52168   94552     281    4405]   62.449% 	[class: 2]
 [   16706    6547     184    1404]   0.741% 	[class: 3]
 [   31015   10724     108    6234]]  12.966% 	[class: 4]
 + average row correct: 36.583518865518% 
 + average rowUcol correct (VOC measure): 25.370353343897% 
 + global correct: 58.16610498366%
Saving current network state...	
Saved.	
================================	
Epoch 90:	
  time to learn 1 sample = 0.10650286412834ms	
  time to learn all 469083 samples = 49958.683013916ms	
================================	
ConfusionMatrix:
[[  172817   56580     865   15490]   70.322% 	[class: 1]
 [   52010   93809     346    4579]   62.231% 	[class: 2]
 [   16927    6803     215    1494]   0.845% 	[class: 3]
 [   31039   10611     110    6321]]  13.147% 	[class: 4]
 + average row correct: 36.636026063934% 
 + average rowUcol correct (VOC measure): 25.401873537339% 
 + global correct: 58.117595996732%
Saving current network state...	
Saved.	
================================	
Epoch 91:	
  time to learn 1 sample = 0.10569063900905ms	
  time to learn all 469083 samples = 49577.68201828ms	
================================	
ConfusionMatrix:
[[  172297   56714     874   15803]   70.128% 	[class: 1]
 [   52141   94417     333    4515]   62.360% 	[class: 2]
 [   16641    6581     178    1441]   0.717% 	[class: 3]
 [   31024   10559     103    6395]]  13.300% 	[class: 4]
 + average row correct: 36.626387189608% 
 + average rowUcol correct (VOC measure): 25.405433867127% 
 + global correct: 58.144190836057%
Saving current network state...	
Saved.	
================================	
Epoch 92:	
  time to learn 1 sample = 0.10568212251684ms	
  time to learn all 469083 samples = 49573.687076569ms	
================================	
ConfusionMatrix:
[[  172458   56969     847   15414]   70.194% 	[class: 1]
 [   52724   93816     336    4530]   61.963% 	[class: 2]
 [   16678    6567     168    1428]   0.676% 	[class: 3]
 [   31092   10640      96    6253]]  13.005% 	[class: 4]
 + average row correct: 36.459635978099% 
 + average rowUcol correct (VOC measure): 25.262992398348% 
 + global correct: 58.018237677015%
Saving current network state...	
Saved.	
================================	
Epoch 93:	
  time to learn 1 sample = 0.11074694436893ms	
  time to learn all 469083 samples = 51949.508905411ms	
================================	
ConfusionMatrix:
[[  172470   57074     826   15318]   70.199% 	[class: 1]
 [   51880   94742     317    4467]   62.575% 	[class: 2]
 [   16705    6467     204    1465]   0.821% 	[class: 3]
 [   31015   10607      84    6375]]  13.259% 	[class: 4]
 + average row correct: 36.71342076268% 
 + average rowUcol correct (VOC measure): 25.482832244597% 
 + global correct: 58.251421228214%
Saving current network state...	
Saved.	
================================	
Epoch 94:	
  time to learn 1 sample = 0.11308816345042ms	
  time to learn all 469083 samples = 53047.734975815ms	
================================	
ConfusionMatrix:
[[  172097   57091     841   15659]   70.047% 	[class: 1]
 [   51816   94680     313    4597]   62.534% 	[class: 2]
 [   16670    6541     190    1440]   0.765% 	[class: 3]
 [   31027   10600      99    6355]]  13.217% 	[class: 4]
 + average row correct: 36.640740151051% 
 + average rowUcol correct (VOC measure): 25.412720174063% 
 + global correct: 58.151637391068%
Saving current network state...	
Saved.	
================================	
Epoch 95:	
  time to learn 1 sample = 0.10869107809445ms	
  time to learn all 469083 samples = 50985.136985779ms	
================================	
ConfusionMatrix:
[[  172763   56661     878   15450]   70.300% 	[class: 1]
 [   51823   94090     295    4536]   62.417% 	[class: 2]
 [   17045    6745     224    1425]   0.881% 	[class: 3]
 [   31033   10600     124    6324]]  13.153% 	[class: 4]
 + average row correct: 36.687538353726% 
 + average rowUcol correct (VOC measure): 25.446018436924% 
 + global correct: 58.168445329521%
Saving current network state...	
Saved.	
================================	
Epoch 96:	
  time to learn 1 sample = 0.10981845256163ms	
  time to learn all 469083 samples = 51513.969182968ms	
================================	
ConfusionMatrix:
[[  172916   56422     987   15363]   70.380% 	[class: 1]
 [   51922   94599     346    4539]   62.480% 	[class: 2]
 [   16584    6628     221    1408]   0.890% 	[class: 3]
 [   31226   10460     134    6261]]  13.022% 	[class: 4]
 + average row correct: 36.693025194108% 
 + average rowUcol correct (VOC measure): 25.495543750003% 
 + global correct: 58.29524952342%
Saving current network state...	
Saved.	
================================	
Epoch 97:	
  time to learn 1 sample = 0.10594778512883ms	
  time to learn all 469083 samples = 49698.304891586ms	
================================	
ConfusionMatrix:
[[  172484   56610     916   15678]   70.204% 	[class: 1]
 [   52238   94238     365    4565]   62.242% 	[class: 2]
 [   16703    6485     201    1452]   0.809% 	[class: 3]
 [   31111   10481     130    6359]]  13.226% 	[class: 4]
 + average row correct: 36.620286782272% 
 + average rowUcol correct (VOC measure): 25.413591787219% 
 + global correct: 58.143127042484%
Saving current network state...	
Saved.	
================================	
Epoch 98:	
  time to learn 1 sample = 0.11206355360539ms	
  time to learn all 469083 samples = 52567.107915878ms	
================================	
ConfusionMatrix:
[[  172446   56994     941   15307]   70.189% 	[class: 1]
 [   51774   94844     334    4454]   62.642% 	[class: 2]
 [   16736    6517     213    1375]   0.857% 	[class: 3]
 [   31103   10611     110    6257]]  13.013% 	[class: 4]
 + average row correct: 36.675525549799% 
 + average rowUcol correct (VOC measure): 25.46170942951% 
 + global correct: 58.244825708061%
Saving current network state...	
Saved.	
================================	
Epoch 99:	
  time to learn 1 sample = 0.10586335058395ms	
  time to learn all 469083 samples = 49658.69808197ms	
================================	
ConfusionMatrix:
[[  172707   56453     956   15572]   70.295% 	[class: 1]
 [   51543   94966     321    4576]   62.723% 	[class: 2]
 [   16643    6554     249    1395]   1.002% 	[class: 3]
 [   31054   10558     118    6351]]  13.209% 	[class: 4]
 + average row correct: 36.80733202491% 
 + average rowUcol correct (VOC measure): 25.588482688181% 
 + global correct: 58.353970928649%
Saving current network state...	
Saved.	
================================	
Epoch 100:	
  time to learn 1 sample = 0.10933622626719ms	
  time to learn all 469083 samples = 51287.765026093ms	
================================	
ConfusionMatrix:
[[  172975   56194     972   15611]   70.386% 	[class: 1]
 [   51684   94172     356    4532]   62.471% 	[class: 2]
 [   17024    6750     221    1444]   0.869% 	[class: 3]
 [   31088   10477     115    6401]]  13.313% 	[class: 4]
 + average row correct: 36.759791825898% 
 + average rowUcol correct (VOC measure): 25.519566843286% 
 + global correct: 58.246740536492%
Saving current network state...	
Saved.	
Done training neural network.	
COMPLETED TRAINING
