TRAINING DNN MODEL
[?1034hSetting up training dataset...	
Using a total of 100 utterances of dataset	
Done setting up dataset with 43135 datapoints across 100 utterances.	
Setting up neural network...	
Done setting up neural network.	
Converting network to CUDA...	
Done conversion.	
Training neural network...	
# StochasticGradient: training	
# current error = 0.8858522082171	
# current error = 0.75971061990479	
# current error = 0.68321225805245	
# current error = 0.61956454645901	
# current error = 0.56092405334552	
# current error = 0.5067943901359	
# current error = 0.4567478402943	
# current error = 0.41251262275758	
# current error = 0.37523735130982	
# current error = 0.34178479883919	
# current error = 0.32230501402374	
# current error = 0.28633828790077	
# current error = 0.28622805268709	
# current error = 0.27039994973082	
# current error = 0.2462779127779	
# current error = 0.23352152131808	
# current error = 0.225065947596	
# current error = 0.22588577632267	
# current error = 0.20643235893975	
# current error = 0.18770608144466	
# current error = 0.17853680871461	
# current error = 0.17522698707151	
# current error = 0.18420099759691	
# current error = 0.17423626563634	
# current error = 0.16843611240332	
# current error = 0.16120170611446	
# current error = 0.15164824835157	
# current error = 0.13750797516089	
# current error = 0.15114679607384	
# current error = 0.12742854513187	
# current error = 0.13331212209387	
# current error = 0.11933842565641	
# current error = 0.10796705366798	
# current error = 0.11323139926325	
# current error = 0.13123973324468	
# current error = 0.12166666081818	
# current error = 0.12993343430128	
# current error = 0.12125441624279	
# current error = 0.098971029311519	
# current error = 0.08200738031231	
# current error = 0.082336544563558	
# current error = 0.097869746371632	
# current error = 0.093862634689269	
# current error = 0.10999143956171	
# current error = 0.099975082848596	
# current error = 0.097762573604113	
# current error = 0.095841320675854	
# current error = 0.067776642177892	
# current error = 0.086379208401151	
# current error = 0.10300485659851	
# current error = 0.074407447386247	
# current error = 0.067451157093988	
# current error = 0.071697040847545	
# current error = 0.077277371260746	
# current error = 0.060917235542811	
# current error = 0.07503141905295	
# current error = 0.067874624894422	
# current error = 0.106358714652	
# current error = 0.064807622054367	
# current error = 0.075044385451658	
# current error = 0.067094233342252	
# current error = 0.07197358726253	
# current error = 0.065802752392668	
# current error = 0.067513713350823	
# current error = 0.060882562613783	
# current error = 0.058274411987952	
# current error = 0.065573220584903	
# current error = 0.060568504467809	
# current error = 0.048396596241705	
# current error = 0.049127977331309	
# current error = 0.068958762166839	
# current error = 0.057725982182656	
# current error = 0.051227461037028	
# current error = 0.047218102087521	
# current error = 0.046500745167306	
# current error = 0.054639349952971	
# current error = 0.07095522674249	
# current error = 0.048686766001252	
# current error = 0.072186582692601	
# current error = 0.042530512551354	
# current error = 0.027220259431866	
# current error = 0.04122009680005	
# current error = 0.055403586682846	
# current error = 0.032717836815166	
# current error = 0.036726143884675	
# current error = 0.05477252940224	
# current error = 0.039917238058214	
# current error = 0.060320545782202	
# current error = 0.052352735528363	
# current error = 0.048619933361608	
# current error = 0.048440321635658	
# current error = 0.022696583759084	
# current error = 0.024179421111525	
# current error = 0.017344661247859	
# current error = 0.027663796593613	
# current error = 0.023607000075363	
# current error = 0.045582638414763	
# current error = 0.056404894049397	
# current error = 0.038628571430335	
# current error = 0.054076664829442	
# StochasticGradient: you have reached the maximum number of iterations	
# training error = 0.054076664829442	
Done training neural network.	
Saving...	
Saved.	
COMPLETED TRAINING
