TRAINING DNN MODEL
[?1034hSet nb of threads to 16	
Setting up neural network...	
Done setting up neural network.	
Using model:	
nn.Sequential {
  [input -> (1) -> (2) -> (3) -> (4) -> (5) -> (6) -> (7) -> (8) -> (9) -> (10) -> (11) -> (12) -> (13) -> (14) -> output]
  (1): nn.Linear(819 -> 1024)
  (2): nn.Add
  (3): nn.ReLU
  (4): nn.Linear(1024 -> 1024)
  (5): nn.Add
  (6): nn.ReLU
  (7): nn.Linear(1024 -> 1024)
  (8): nn.Add
  (9): nn.ReLU
  (10): nn.Linear(1024 -> 1024)
  (11): nn.Add
  (12): nn.ReLU
  (13): nn.Linear(1024 -> 4)
  (14): nn.LogSoftMax
}
Using optimizer state:	
{}
Convert network to CUDA	
Loading validation dataset...	
Reading dataset...	
Done setting up dataset with 99824 datapoints across 320 utterances.	
Utterances per language:	
 78
 80
 80
 82
[torch.DoubleTensor of size 4]

Loaded validation dataset.	
Loading training dataset...	
Reading dataset...	
Done setting up dataset with 1372802 datapoints across 1022 utterances.	
Utterances per language:	
 330
 320
 160
 212
[torch.DoubleTensor of size 4]

Loaded training dataset.	
Training neural network using minibatch size 128...	
Convert criterion to CUDA	
================================	
Epoch 1:	
  time to learn 1 sample = 0.46290883040499ms	
  time to learn all 1372802 samples = 635482.16819763ms	
================================	
Training confusion matrix:	
ConfusionMatrix:
[[  162906   25087   72825   81891]   47.535% 	[class: 1]
 [   39377  232250   36285   35534]   67.623% 	[class: 2]
 [   55262   20731  225980   40670]   65.952% 	[class: 3]
 [   63272   18288   41360  221084]]  64.268% 	[class: 4]
 + average row correct: 61.344528198242% 
 + average rowUcol correct (VOC measure): 44.84665542841% 
 + global correct: 61.35043509552%
Validating neural network...	
================================	
Frame-Level Validation:	
  time to validate 1 sample = 1.14797604812ms	
  time to validate all 99824 samples = 114595.56102753ms	
  FER: 0.33193420419939	
================================	
ConfusionMatrix:
[[   12824    1845    3744    6622]   51.224% 	[class: 1]
 [    3741   16650    1958    2540]   66.897% 	[class: 2]
 [    3429    1087   18168    2157]   73.137% 	[class: 3]
 [    3763     724    1525   19047]]  76.009% 	[class: 4]
 + average row correct: 66.81676954031% 
 + average rowUcol correct (VOC measure): 50.749012082815% 
 + global correct: 66.806579580061%
================================	
Utterance-Level Validation:	
  time to validate 1 utterance = 0.12504085898399ms	
  time to validate all 320 utterances = 40.013074874878ms	
  UER: 0.103125	
================================	
ConfusionMatrix:
[[      64       3       1      11]   81.013% 	[class: 1]
 [      13      64       0       3]   80.000% 	[class: 2]
 [       1       0      78       0]   98.734% 	[class: 3]
 [       1       0       0      81]]  98.780% 	[class: 4]
 + average row correct: 89.631831645966% 
 + average rowUcol correct (VOC measure): 81.76713436842% 
 + global correct: 89.6875%
Done validating neural network.	
Best validation FER so far 1, current FER 0.33193420419939	
Generalization loss:	
0	
Saving current network state...	
Saved.	
Saving current optimizer state...	
Saved.	
================================	
Epoch 2:	
  time to learn 1 sample = 0.46077384203132ms	
  time to learn all 1372802 samples = 632551.25188828ms	
================================	
Training confusion matrix:	
ConfusionMatrix:
[[  223900   19414   46090   53305]   65.332% 	[class: 1]
 [   30545  271467   19789   21645]   79.042% 	[class: 2]
 [   36437   11629  274334   20243]   80.064% 	[class: 3]
 [   49455   12335   24414  257800]]  74.941% 	[class: 4]
 + average row correct: 74.844898283482% 
 + average rowUcol correct (VOC measure): 60.25171354413% 
 + global correct: 74.846991773031%
Validating neural network...	
================================	
Frame-Level Validation:	
  time to validate 1 sample = 1.1656911762159ms	
  time to validate all 99824 samples = 116363.95597458ms	
  FER: 0.26344366084308	
================================	
ConfusionMatrix:
[[   15070    2246    3495    4224]   60.196% 	[class: 1]
 [    3109   18643    1709    1428]   74.905% 	[class: 2]
 [    2286     480   21264     811]   85.600% 	[class: 3]
 [    4122     898    1490   18549]]  74.021% 	[class: 4]
 + average row correct: 73.680508136749% 
 + average rowUcol correct (VOC measure): 58.818521350622% 
 + global correct: 73.655633915692%
================================	
Utterance-Level Validation:	
  time to validate 1 utterance = 0.15436857938766ms	
  time to validate all 320 utterances = 49.397945404053ms	
  UER: 0.040625	
================================	
ConfusionMatrix:
[[      75       3       0       1]   94.937% 	[class: 1]
 [       8      72       0       0]   90.000% 	[class: 2]
 [       0       0      79       0]   100.000% 	[class: 3]
 [       1       0       0      81]]  98.780% 	[class: 4]
 + average row correct: 95.929299294949% 
 + average rowUcol correct (VOC measure): 92.391157150269% 
 + global correct: 95.9375%
Done validating neural network.	
Best validation FER so far 0.33193420419939, current FER 0.26344366084308	
Generalization loss:	
0	
Saving current network state...	
Saved.	
Saving current optimizer state...	
Saved.	
================================	
Epoch 3:	
  time to learn 1 sample = 0.45188735159651ms	
  time to learn all 1372802 samples = 620351.86004639ms	
================================	
Training confusion matrix:	
ConfusionMatrix:
[[  258016   15494   31403   37796]   75.287% 	[class: 1]
 [   22391  294374   12671   14010]   85.712% 	[class: 2]
 [   26379    8138  294584   13542]   85.974% 	[class: 3]
 [   37339    9485   15916  281264]]  81.762% 	[class: 4]
 + average row correct: 82.183735072613% 
 + average rowUcol correct (VOC measure): 70.054247975349% 
 + global correct: 82.185049264206%
Validating neural network...	
================================	
Frame-Level Validation:	
  time to validate 1 sample = 1.159083054585ms	
  time to validate all 99824 samples = 115704.3068409ms	
  FER: 0.22237137361757	
================================	
ConfusionMatrix:
[[   14795    2134    2626    5480]   59.097% 	[class: 1]
 [    2826   19045    1055    1963]   76.520% 	[class: 2]
 [    1423     572   21854     992]   87.976% 	[class: 3]
 [    1998     481     648   21932]]  87.521% 	[class: 4]
 + average row correct: 77.778497338295% 
 + average rowUcol correct (VOC measure): 63.882283866405% 
 + global correct: 77.762862638243%
================================	
Utterance-Level Validation:	
  time to validate 1 utterance = 0.14946237206459ms	
  time to validate all 320 utterances = 47.827959060669ms	
  UER: 0.053125	
================================	
ConfusionMatrix:
[[      70       2       0       7]   88.608% 	[class: 1]
 [       8      72       0       0]   90.000% 	[class: 2]
 [       0       0      79       0]   100.000% 	[class: 3]
 [       0       0       0      82]]  100.000% 	[class: 4]
 + average row correct: 94.651898741722% 
 + average rowUcol correct (VOC measure): 90.099869668484% 
 + global correct: 94.6875%
Done validating neural network.	
Best validation FER so far 0.26344366084308, current FER 0.22237137361757	
Generalization loss:	
0	
Saving current network state...	
Saved.	
Saving current optimizer state...	
Saved.	
================================	
Epoch 4:	
  time to learn 1 sample = 0.46225763376323ms	
  time to learn all 1372802 samples = 634588.20414543ms	
================================	
Training confusion matrix:	
ConfusionMatrix:
[[  279613   12232   22728   28136]   81.589% 	[class: 1]
 [   16424  307999    9137    9886]   89.679% 	[class: 2]
 [   19721    6372  306670    9880]   89.501% 	[class: 3]
 [   29480    7416   11476  295632]]  85.939% 	[class: 4]
 + average row correct: 86.676979064941% 
 + average rowUcol correct (VOC measure): 76.681430637836% 
 + global correct: 86.677758336599%
Validating neural network...	
================================	
Frame-Level Validation:	
  time to validate 1 sample = 1.1869410680146ms	
  time to validate all 99824 samples = 118485.20517349ms	
  FER: 0.20338796281455	
================================	
ConfusionMatrix:
[[   14304    2433    3530    4768]   57.136% 	[class: 1]
 [    2222   20059    1121    1487]   80.594% 	[class: 2]
 [     718     512   23009     602]   92.625% 	[class: 3]
 [    1682     574     654   22149]]  88.387% 	[class: 4]
 + average row correct: 79.685586690903% 
 + average rowUcol correct (VOC measure): 66.141213476658% 
 + global correct: 79.661203718545%
================================	
Utterance-Level Validation:	
  time to validate 1 utterance = 0.25329068303108ms	
  time to validate all 320 utterances = 81.053018569946ms	
  UER: 0.05625	
================================	
ConfusionMatrix:
[[      66       3       1       9]   83.544% 	[class: 1]
 [       4      75       0       1]   93.750% 	[class: 2]
 [       0       0      79       0]   100.000% 	[class: 3]
 [       0       0       0      82]]  100.000% 	[class: 4]
 + average row correct: 94.323575496674% 
 + average rowUcol correct (VOC measure): 89.439989626408% 
 + global correct: 94.375%
Done validating neural network.	
Best validation FER so far 0.22237137361757, current FER 0.20338796281455	
Generalization loss:	
0	
Saving current network state...	
Saved.	
Saving current optimizer state...	
Saved.	
================================	
Epoch 5:	
  time to learn 1 sample = 0.46641075032141ms	
  time to learn all 1372802 samples = 640289.61086273ms	
================================	
Training confusion matrix:	
ConfusionMatrix:
[[  293293    9957   17375   22084]   85.581% 	[class: 1]
 [   12846  316223    6778    7599]   92.074% 	[class: 2]
 [   15700    5223  313818    7902]   91.587% 	[class: 3]
 [   23215    6099    8914  305776]]  88.887% 	[class: 4]
 + average row correct: 89.53228443861% 
 + average rowUcol correct (VOC measure): 81.177966296673% 
 + global correct: 89.532940657138%
Validating neural network...	
================================	
Frame-Level Validation:	
  time to validate 1 sample = 1.1690010515653ms	
  time to validate all 99824 samples = 116694.36097145ms	
  FER: 0.18315234813271	
================================	
ConfusionMatrix:
[[   16196    2146    2463    4230]   64.693% 	[class: 1]
 [    2512   20178     893    1306]   81.072% 	[class: 2]
 [    1190     385   22868     398]   92.057% 	[class: 3]
 [    1732     466     562   22299]]  88.986% 	[class: 4]
 + average row correct: 81.702215969563% 
 + average rowUcol correct (VOC measure): 69.244758784771% 
 + global correct: 81.684765186729%
================================	
Utterance-Level Validation:	
  time to validate 1 utterance = 0.12407153844833ms	
  time to validate all 320 utterances = 39.702892303467ms	
  UER: 0.040625	
================================	
ConfusionMatrix:
[[      74       2       0       3]   93.671% 	[class: 1]
 [       7      73       0       0]   91.250% 	[class: 2]
 [       1       0      78       0]   98.734% 	[class: 3]
 [       0       0       0      82]]  100.000% 	[class: 4]
 + average row correct: 95.91376632452% 
 + average rowUcol correct (VOC measure): 92.321656644344% 
 + global correct: 95.9375%
Done validating neural network.	
Best validation FER so far 0.20338796281455, current FER 0.18315234813271	
Generalization loss:	
0	
Saving current network state...	
Saved.	
Saving current optimizer state...	
Saved.	
================================	
Epoch 6:	
  time to learn 1 sample = 0.45163797043318ms	
  time to learn all 1372802 samples = 620009.50908661ms	
================================	
Training confusion matrix:	
ConfusionMatrix:
[[  303308    8242   13551   17608]   88.503% 	[class: 1]
 [   10205  321679    5499    6063]   93.662% 	[class: 2]
 [   12740    4347  319199    6357]   93.158% 	[class: 3]
 [   19131    4995    7136  312742]]  90.912% 	[class: 4]
 + average row correct: 91.558864712715% 
 + average rowUcol correct (VOC measure): 84.520816802979% 
 + global correct: 91.559307168842%
Validating neural network...	
================================	
Frame-Level Validation:	
  time to validate 1 sample = 1.1884379002849ms	
  time to validate all 99824 samples = 118634.62495804ms	
  FER: 0.17604984773201	
================================	
ConfusionMatrix:
[[   15278    2445    2888    4424]   61.027% 	[class: 1]
 [    1932   20375    1138    1444]   81.863% 	[class: 2]
 [     594     271   23525     451]   94.702% 	[class: 3]
 [    1115     387     485   23072]]  92.071% 	[class: 4]
 + average row correct: 82.415764033794% 
 + average rowUcol correct (VOC measure): 69.935937225819% 
 + global correct: 82.395015226799%
================================	
Utterance-Level Validation:	
  time to validate 1 utterance = 0.21755322813988ms	
  time to validate all 320 utterances = 69.617033004761ms	
  UER: 0.05	
================================	
ConfusionMatrix:
[[      70       3       2       4]   88.608% 	[class: 1]
 [       6      73       0       1]   91.250% 	[class: 2]
 [       0       0      79       0]   100.000% 	[class: 3]
 [       0       0       0      82]]  100.000% 	[class: 4]
 + average row correct: 94.964399933815% 
 + average rowUcol correct (VOC measure): 90.522122383118% 
 + global correct: 95%
Done validating neural network.	
Best validation FER so far 0.18315234813271, current FER 0.17604984773201	
Generalization loss:	
0	
Saving current network state...	
Saved.	
Saving current optimizer state...	
Saved.	
================================	
Epoch 7:	
  time to learn 1 sample = 0.45917128543894ms	
  time to learn all 1372802 samples = 630351.25899315ms	
================================	
Training confusion matrix:	
ConfusionMatrix:
[[  309917    7048   11138   14606]   90.432% 	[class: 1]
 [    8332  325547    4481    5086]   94.788% 	[class: 2]
 [   10718    3798  322609    5518]   94.153% 	[class: 3]
 [   16070    4410    5990  317534]]  92.305% 	[class: 4]
 + average row correct: 92.919591069221% 
 + average rowUcol correct (VOC measure): 86.838227510452% 
 + global correct: 92.919954953446%
Validating neural network...	
================================	
Frame-Level Validation:	
  time to validate 1 sample = 1.1705385461643ms	
  time to validate all 99824 samples = 116847.83983231ms	
  FER: 0.16990903991024	
================================	
ConfusionMatrix:
[[   15895    2104    2663    4373]   63.491% 	[class: 1]
 [    2041   20271    1118    1459]   81.446% 	[class: 2]
 [     716     193   23315     617]   93.857% 	[class: 3]
 [     999     373     305   23382]]  93.308% 	[class: 4]
 + average row correct: 83.025363087654% 
 + average rowUcol correct (VOC measure): 70.893077552319% 
 + global correct: 83.009096008976%
================================	
Utterance-Level Validation:	
  time to validate 1 utterance = 0.12758746743202ms	
  time to validate all 320 utterances = 40.827989578247ms	
  UER: 0.059375	
================================	
ConfusionMatrix:
[[      69       2       1       7]   87.342% 	[class: 1]
 [       8      71       0       1]   88.750% 	[class: 2]
 [       0       0      79       0]   100.000% 	[class: 3]
 [       0       0       0      82]]  100.000% 	[class: 4]
 + average row correct: 94.022943079472% 
 + average rowUcol correct (VOC measure): 88.939206302166% 
 + global correct: 94.0625%
Done validating neural network.	
Best validation FER so far 0.17604984773201, current FER 0.16990903991024	
Generalization loss:	
0	
Saving current network state...	
Saved.	
Saving current optimizer state...	
Saved.	
================================	
Epoch 8:	
  time to learn 1 sample = 0.46305407257571ms	
  time to learn all 1372802 samples = 635681.55694008ms	
================================	
Training confusion matrix:	
ConfusionMatrix:
[[  314682    6108    9562   12357]   91.822% 	[class: 1]
 [    6903  328414    3773    4356]   95.623% 	[class: 2]
 [    9037    3387  325312    4907]   94.942% 	[class: 3]
 [   13530    3943    4976  321555]]  93.474% 	[class: 4]
 + average row correct: 93.965320289135% 
 + average rowUcol correct (VOC measure): 88.661597669125% 
 + global correct: 93.965699350671%
Validating neural network...	
================================	
Frame-Level Validation:	
  time to validate 1 sample = 1.1992891699596ms	
  time to validate all 99824 samples = 119717.84210205ms	
  FER: 0.16854664209008	
================================	
ConfusionMatrix:
[[   15005    2614    2876    4540]   59.936% 	[class: 1]
 [    1861   20876     939    1213]   83.876% 	[class: 2]
 [     542     344   23582     373]   94.932% 	[class: 3]
 [     829     362     332   23536]]  93.922% 	[class: 4]
 + average row correct: 83.166651427746% 
 + average rowUcol correct (VOC measure): 70.977734029293% 
 + global correct: 83.145335790992%
================================	
Utterance-Level Validation:	
  time to validate 1 utterance = 0.21902769804001ms	
  time to validate all 320 utterances = 70.088863372803ms	
  UER: 0.059375	
================================	
ConfusionMatrix:
[[      64       4       1      10]   81.013% 	[class: 1]
 [       4      76       0       0]   95.000% 	[class: 2]
 [       0       0      79       0]   100.000% 	[class: 3]
 [       0       0       0      82]]  100.000% 	[class: 4]
 + average row correct: 94.003164768219% 
 + average rowUcol correct (VOC measure): 88.866265118122% 
 + global correct: 94.0625%
Done validating neural network.	
Best validation FER so far 0.16990903991024, current FER 0.16854664209008	
Generalization loss:	
0	
Saving current network state...	
Saved.	
Saving current optimizer state...	
Saved.	
================================	
Epoch 9:	
  time to learn 1 sample = 0.46278118842514ms	
  time to learn all 1372802 samples = 635306.94103241ms	
================================	
Training confusion matrix:	
ConfusionMatrix:
[[  318209    5626    8248   10626]   92.851% 	[class: 1]
 [    6039  330185    3293    3929]   96.139% 	[class: 2]
 [    7987    3242  327048    4366]   95.449% 	[class: 3]
 [   11898    3574    4234  324298]]  94.272% 	[class: 4]
 + average row correct: 94.677527248859% 
 + average rowUcol correct (VOC measure): 89.9258852005% 
 + global correct: 94.677892369038%
Validating neural network...	
================================	
Frame-Level Validation:	
  time to validate 1 sample = 1.1786250688648ms	
  time to validate all 99824 samples = 117655.06887436ms	
  FER: 0.16308703317839	
================================	
ConfusionMatrix:
[[   15158    2347    3325    4205]   60.547% 	[class: 1]
 [    1813   20918    1204     954]   84.045% 	[class: 2]
 [     416     208   23957     260]   96.441% 	[class: 3]
 [     591     449     508   23511]]  93.823% 	[class: 4]
 + average row correct: 83.714084327221% 
 + average rowUcol correct (VOC measure): 71.683718264103% 
 + global correct: 83.691296682161%
================================	
Utterance-Level Validation:	
  time to validate 1 utterance = 0.12661293148994ms	
  time to validate all 320 utterances = 40.516138076782ms	
  UER: 0.065625	
================================	
ConfusionMatrix:
[[      66       3       4       6]   83.544% 	[class: 1]
 [       6      72       2       0]   90.000% 	[class: 2]
 [       0       0      79       0]   100.000% 	[class: 3]
 [       0       0       0      82]]  100.000% 	[class: 4]
 + average row correct: 93.386074900627% 
 + average rowUcol correct (VOC measure): 87.629261612892% 
 + global correct: 93.4375%
Done validating neural network.	
Best validation FER so far 0.16854664209008, current FER 0.16308703317839	
Generalization loss:	
0	
Saving current network state...	
Saved.	
Saving current optimizer state...	
Saved.	
================================	
Epoch 10:	
  time to learn 1 sample = 0.47039838521011ms	
  time to learn all 1372802 samples = 645763.84401321ms	
================================	
Training confusion matrix:	
ConfusionMatrix:
[[  321130    5097    7091    9391]   93.703% 	[class: 1]
 [    5222  331967    2797    3460]   96.658% 	[class: 2]
 [    7098    2946  328634    3965]   95.911% 	[class: 3]
 [   10342    3110    3803  326749]]  94.984% 	[class: 4]
 + average row correct: 95.314167439938% 
 + average rowUcol correct (VOC measure): 91.073198616505% 
 + global correct: 95.314546453167%
Validating neural network...	
================================	
Frame-Level Validation:	
  time to validate 1 sample = 1.1883845556086ms	
  time to validate all 99824 samples = 118629.29987907ms	
  FER: 0.16511059464658	
================================	
ConfusionMatrix:
[[   14946    2142    3006    4941]   59.700% 	[class: 1]
 [    1783   20580    1093    1433]   82.687% 	[class: 2]
 [     427     224   23772     418]   95.697% 	[class: 3]
 [     514     272     229   24044]]  95.950% 	[class: 4]
 + average row correct: 83.508434891701% 
 + average rowUcol correct (VOC measure): 71.397857367992% 
 + global correct: 83.488940535342%
================================	
Utterance-Level Validation:	
  time to validate 1 utterance = 0.23418813943863ms	
  time to validate all 320 utterances = 74.940204620361ms	
  UER: 0.05625	
================================	
ConfusionMatrix:
[[      67       2       1       9]   84.810% 	[class: 1]
 [       6      74       0       0]   92.500% 	[class: 2]
 [       0       0      79       0]   100.000% 	[class: 3]
 [       0       0       0      82]]  100.000% 	[class: 4]
 + average row correct: 94.327531754971% 
 + average rowUcol correct (VOC measure): 89.481830596924% 
 + global correct: 94.375%
Done validating neural network.	
Best validation FER so far 0.16308703317839, current FER 0.16511059464658	
Generalization loss:	
1.2407862407862	
Saving current network state...	
Saved.	
Saving current optimizer state...	
Saved.	
================================	
Epoch 11:	
  time to learn 1 sample = 0.46716373077684ms	
  time to learn all 1372802 samples = 641323.30393791ms	
================================	
Training confusion matrix:	
ConfusionMatrix:
[[  323169    4779    6174    8587]   94.298% 	[class: 1]
 [    4813  333068    2525    3040]   96.978% 	[class: 2]
 [    6735    2895  329491    3522]   96.162% 	[class: 3]
 [    9425    2915    3337  328327]]  95.443% 	[class: 4]
 + average row correct: 95.720256865025% 
 + average rowUcol correct (VOC measure): 91.81335568428% 
 + global correct: 95.720650173878%
Validating neural network...	
================================	
Frame-Level Validation:	
  time to validate 1 sample = 1.1845537032774ms	
  time to validate all 99824 samples = 118246.88887596ms	
  FER: 0.15482248757814	
================================	
ConfusionMatrix:
[[   15914    1897    2856    4368]   63.567% 	[class: 1]
 [    2143   20633    1111    1002]   82.900% 	[class: 2]
 [     406     174   23931     330]   96.337% 	[class: 3]
 [     658     324     186   23891]]  95.339% 	[class: 4]
 + average row correct: 84.535695612431% 
 + average rowUcol correct (VOC measure): 73.045279085636% 
 + global correct: 84.517751242186%
================================	
Utterance-Level Validation:	
  time to validate 1 utterance = 0.12753754854202ms	
  time to validate all 320 utterances = 40.812015533447ms	
  UER: 0.065625	
================================	
ConfusionMatrix:
[[      68       1       3       7]   86.076% 	[class: 1]
 [       8      70       2       0]   87.500% 	[class: 2]
 [       0       0      79       0]   100.000% 	[class: 3]
 [       0       0       0      82]]  100.000% 	[class: 4]
 + average row correct: 93.393987417221% 
 + average rowUcol correct (VOC measure): 87.690781056881% 
 + global correct: 93.4375%
Done validating neural network.	
Best validation FER so far 0.16308703317839, current FER 0.15482248757814	
Generalization loss:	
0	
Saving current network state...	
Saved.	
Saving current optimizer state...	
Saved.	
================================	
Epoch 12:	
  time to learn 1 sample = 0.47701759693478ms	
  time to learn all 1372802 samples = 654850.71110725ms	
================================	
Training confusion matrix:	
ConfusionMatrix:
[[  324466    4644    5721    7878]   94.677% 	[class: 1]
 [    4427  333852    2334    2833]   97.207% 	[class: 2]
 [    6331    2758  330295    3259]   96.396% 	[class: 3]
 [    8779    2758    3131  329336]]  95.736% 	[class: 4]
 + average row correct: 96.003928780556% 
 + average rowUcol correct (VOC measure): 92.333230376244% 
 + global correct: 96.004303606784%
Validating neural network...	
================================	
Frame-Level Validation:	
  time to validate 1 sample = 1.2043653523851ms	
  time to validate all 99824 samples = 120224.56693649ms	
  FER: 0.14628746594005	
================================	
ConfusionMatrix:
[[   17371    2403    2236    3025]   69.387% 	[class: 1]
 [    2062   21205     752     870]   85.198% 	[class: 2]
 [     652     307   23717     165]   95.475% 	[class: 3]
 [    1309     452     370   22928]]  91.496% 	[class: 4]
 + average row correct: 85.389107465744% 
 + average rowUcol correct (VOC measure): 74.554920196533% 
 + global correct: 85.371253405995%
================================	
Utterance-Level Validation:	
  time to validate 1 utterance = 0.23803785443306ms	
  time to validate all 320 utterances = 76.172113418579ms	
  UER: 0.04375	
================================	
ConfusionMatrix:
[[      71       3       2       3]   89.873% 	[class: 1]
 [       6      74       0       0]   92.500% 	[class: 2]
 [       0       0      79       0]   100.000% 	[class: 3]
 [       0       0       0      82]]  100.000% 	[class: 4]
 + average row correct: 95.593354105949% 
 + average rowUcol correct (VOC measure): 91.671873629093% 
 + global correct: 95.625%
Done validating neural network.	
Best validation FER so far 0.15482248757814, current FER 0.14628746594005	
Generalization loss:	
0	
Saving current network state...	
Saved.	
Saving current optimizer state...	
Saved.	
================================	
Epoch 13:	
  time to learn 1 sample = 0.4740482407911ms	
  time to learn all 1372802 samples = 650774.3730545ms	
================================	
Training confusion matrix:	
ConfusionMatrix:
[[  325977    4285    5158    7289]   95.118% 	[class: 1]
 [    4114  334487    2154    2691]   97.391% 	[class: 2]
 [    5914    2912  330750    3067]   96.529% 	[class: 3]
 [    8130    2679    3013  330182]]  95.982% 	[class: 4]
 + average row correct: 96.25505656004% 
 + average rowUcol correct (VOC measure): 92.79522895813% 
 + global correct: 96.255395898316%
Validating neural network...	
================================	
Frame-Level Validation:	
  time to validate 1 sample = 1.1827290120234ms	
  time to validate all 99824 samples = 118064.74089622ms	
  FER: 0.14690855906395	
================================	
ConfusionMatrix:
[[   16376    2508    2107    4044]   65.412% 	[class: 1]
 [    1876   21277     754     982]   85.488% 	[class: 2]
 [     617     306   23595     323]   94.984% 	[class: 3]
 [     782     260     106   23911]]  95.419% 	[class: 4]
 + average row correct: 85.325722396374% 
 + average rowUcol correct (VOC measure): 74.35467839241% 
 + global correct: 85.309144093605%
================================	
Utterance-Level Validation:	
  time to validate 1 utterance = 0.12751594185829ms	
  time to validate all 320 utterances = 40.805101394653ms	
  UER: 0.059375	
================================	
ConfusionMatrix:
[[      67       3       2       7]   84.810% 	[class: 1]
 [       6      74       0       0]   92.500% 	[class: 2]
 [       0       0      78       1]   98.734% 	[class: 3]
 [       0       0       0      82]]  100.000% 	[class: 4]
 + average row correct: 94.011075794697% 
 + average rowUcol correct (VOC measure): 88.846892118454% 
 + global correct: 94.0625%
Done validating neural network.	
Best validation FER so far 0.14628746594005, current FER 0.14690855906395	
Generalization loss:	
0.42457029377523	
Saving current network state...	
Saved.	
Saving current optimizer state...	
Saved.	
================================	
Epoch 14:	
  time to learn 1 sample = 0.46447085086145ms	
  time to learn all 1372802 samples = 637626.5130043ms	
================================	
Training confusion matrix:	
ConfusionMatrix:
[[  326023    4470    5169    7047]   95.131% 	[class: 1]
 [    4148  334106    2350    2842]   97.281% 	[class: 2]
 [    5686    3010  331247    2700]   96.674% 	[class: 3]
 [    7998    2757    2821  330428]]  96.054% 	[class: 4]
 + average row correct: 96.284818649292% 
 + average rowUcol correct (VOC measure): 92.848891019821% 
 + global correct: 96.285116134738%
Validating neural network...	
================================	
Frame-Level Validation:	
  time to validate 1 sample = 1.1932766170986ms	
  time to validate all 99824 samples = 119117.64502525ms	
  FER: 0.15130629908639	
================================	
ConfusionMatrix:
[[   15976    2124    2193    4742]   63.815% 	[class: 1]
 [    2078   20755     673    1383]   83.390% 	[class: 2]
 [     450     286   23733     372]   95.540% 	[class: 3]
 [     439     191     173   24256]]  96.796% 	[class: 4]
 + average row correct: 84.88502651453% 
 + average rowUcol correct (VOC measure): 73.636327683926% 
 + global correct: 84.869370091361%
================================	
Utterance-Level Validation:	
  time to validate 1 utterance = 0.12732148170471ms	
  time to validate all 320 utterances = 40.742874145508ms	
  UER: 0.1125	
================================	
ConfusionMatrix:
[[      52       2       4      21]   65.823% 	[class: 1]
 [       3      72       1       4]   90.000% 	[class: 2]
 [       0       0      78       1]   98.734% 	[class: 3]
 [       0       0       0      82]]  100.000% 	[class: 4]
 + average row correct: 88.639239966869% 
 + average rowUcol correct (VOC measure): 80.000644922256% 
 + global correct: 88.75%
Done validating neural network.	
Best validation FER so far 0.14628746594005, current FER 0.15130629908639	
Generalization loss:	
3.4308018900226	
Saving current network state...	
Saved.	
Saving current optimizer state...	
Saved.	
================================	
Epoch 15:	
  time to learn 1 sample = 0.45496881415324ms	
  time to learn all 1372802 samples = 624582.0980072ms	
================================	
Training confusion matrix:	
ConfusionMatrix:
[[  328025    4045    4429    6210]   95.715% 	[class: 1]
 [    3637  335435    2057    2317]   97.667% 	[class: 2]
 [    5191    2762  332137    2553]   96.934% 	[class: 3]
 [    7219    2740    2578  331467]]  96.356% 	[class: 4]
 + average row correct: 96.668043732643% 
 + average rowUcol correct (VOC measure): 93.561144173145% 
 + global correct: 96.668274084682%
Validating neural network...	
================================	
Frame-Level Validation:	
  time to validate 1 sample = 1.1733747680785ms	
  time to validate all 99824 samples = 117130.96284866ms	
  FER: 0.14704880589838	
================================	
ConfusionMatrix:
[[   17611    2058    2173    3193]   70.346% 	[class: 1]
 [    2372   20792     820     905]   83.539% 	[class: 2]
 [     776     301   23532     232]   94.730% 	[class: 3]
 [    1246     369     234   23210]]  92.621% 	[class: 4]
 + average row correct: 85.309082269669% 
 + average rowUcol correct (VOC measure): 74.485917389393% 
 + global correct: 85.295119410162%
================================	
Utterance-Level Validation:	
  time to validate 1 utterance = 0.12733787298203ms	
  time to validate all 320 utterances = 40.748119354248ms	
  UER: 0.059375	
================================	
ConfusionMatrix:
[[      70       1       2       6]   88.608% 	[class: 1]
 [       7      70       2       1]   87.500% 	[class: 2]
 [       0       0      79       0]   100.000% 	[class: 3]
 [       0       0       0      82]]  100.000% 	[class: 4]
 + average row correct: 94.026899337769% 
 + average rowUcol correct (VOC measure): 88.78266364336% 
 + global correct: 94.0625%
Done validating neural network.	
Best validation FER so far 0.14628746594005, current FER 0.14704880589838	
Generalization loss:	
0.52044100527286	
Saving current network state...	
Saved.	
Saving current optimizer state...	
Saved.	
================================	
Epoch 16:	
  time to learn 1 sample = 0.4676428305463ms	
  time to learn all 1372802 samples = 641981.01305962ms	
================================	
Training confusion matrix:	
ConfusionMatrix:
[[  328506    3804    4306    6093]   95.856% 	[class: 1]
 [    3385  336234    1765    2062]   97.900% 	[class: 2]
 [    4912    2634  332614    2483]   97.073% 	[class: 3]
 [    6803    2783    2387  332031]]  96.520% 	[class: 4]
 + average row correct: 96.837083995342% 
 + average rowUcol correct (VOC measure): 93.877409398556% 
 + global correct: 96.837344351188%
Validating neural network...	
================================	
Frame-Level Validation:	
  time to validate 1 sample = 1.1836020686455ms	
  time to validate all 99824 samples = 118151.89290047ms	
  FER: 0.15696626061869	
================================	
ConfusionMatrix:
[[   16054    2976    2235    3770]   64.126% 	[class: 1]
 [    1798   21328     781     982]   85.692% 	[class: 2]
 [     708     396   23148     589]   93.185% 	[class: 3]
 [     747     556     131   23625]]  94.278% 	[class: 4]
 + average row correct: 84.320215880871% 
 + average rowUcol correct (VOC measure): 72.796134650707% 
 + global correct: 84.303373938131%
================================	
Utterance-Level Validation:	
  time to validate 1 utterance = 0.218715518713ms	
  time to validate all 320 utterances = 69.988965988159ms	
  UER: 0.078125	
================================	
ConfusionMatrix:
[[      65       2       1      11]   82.278% 	[class: 1]
 [       7      70       0       3]   87.500% 	[class: 2]
 [       0       0      78       1]   98.734% 	[class: 3]
 [       0       0       0      82]]  100.000% 	[class: 4]
 + average row correct: 92.128163576126% 
 + average rowUcol correct (VOC measure): 85.745833814144% 
 + global correct: 92.1875%
Done validating neural network.	
Best validation FER so far 0.14628746594005, current FER 0.15696626061869	
Generalization loss:	
7.2998698897487	
Saving current network state...	
Saved.	
Saving current optimizer state...	
Saved.	
================================	
Epoch 17:	
  time to learn 1 sample = 0.47033782423521ms	
  time to learn all 1372802 samples = 645680.70578575ms	
================================	
Training confusion matrix:	
ConfusionMatrix:
[[  329460    3620    4000    5629]   96.134% 	[class: 1]
 [    3172  336706    1637    1931]   98.038% 	[class: 2]
 [    4457    2445  333392    2349]   97.300% 	[class: 3]
 [    6313    2529    2334  332828]]  96.751% 	[class: 4]
 + average row correct: 97.055719792843% 
 + average rowUcol correct (VOC measure): 94.287657737732% 
 + global correct: 97.055948345064%
Validating neural network...	
================================	
Frame-Level Validation:	
  time to validate 1 sample = 1.1877376770702ms	
  time to validate all 99824 samples = 118564.72587585ms	
  FER: 0.15132633434845	
================================	
ConfusionMatrix:
[[   16288    2083    2878    3786]   65.061% 	[class: 1]
 [    2148   20769     941    1031]   83.447% 	[class: 2]
 [     464     174   23995     208]   96.594% 	[class: 3]
 [     700     348     345   23666]]  94.441% 	[class: 4]
 + average row correct: 84.885719418526% 
 + average rowUcol correct (VOC measure): 73.598244786263% 
 + global correct: 84.867366565155%
================================	
Utterance-Level Validation:	
  time to validate 1 utterance = 0.12913793325424ms	
  time to validate all 320 utterances = 41.324138641357ms	
  UER: 0.08125	
================================	
ConfusionMatrix:
[[      67       1       5       6]   84.810% 	[class: 1]
 [      10      66       4       0]   82.500% 	[class: 2]
 [       0       0      79       0]   100.000% 	[class: 3]
 [       0       0       0      82]]  100.000% 	[class: 4]
 + average row correct: 91.827531158924% 
 + average rowUcol correct (VOC measure): 84.929230809212% 
 + global correct: 91.875%
Done validating neural network.	
Best validation FER so far 0.14628746594005, current FER 0.15132633434845	
Generalization loss:	
3.4444977059509	
Saving current network state...	
Saved.	
Saving current optimizer state...	
Saved.	
================================	
Epoch 18:	
  time to learn 1 sample = 0.4654188252315ms	
  time to learn all 1372802 samples = 638927.89411545ms	
================================	
Training confusion matrix:	
ConfusionMatrix:
[[  329258    3733    4029    5689]   96.075% 	[class: 1]
 [    3276  336575    1636    1959]   97.999% 	[class: 2]
 [    4499    2545  333281    2318]   97.268% 	[class: 3]
 [    6245    2772    2174  332813]]  96.747% 	[class: 4]
 + average row correct: 97.022259235382% 
 + average rowUcol correct (VOC measure): 94.224420189857% 
 + global correct: 97.022513079089%
Validating neural network...	
================================	
Frame-Level Validation:	
  time to validate 1 sample = 1.1895234805687ms	
  time to validate all 99824 samples = 118742.99192429ms	
  FER: 0.14496513864401	
================================	
ConfusionMatrix:
[[   16698    2481    1862    3994]   66.699% 	[class: 1]
 [    1972   21329     648     940]   85.696% 	[class: 2]
 [     631     452   23514     244]   94.658% 	[class: 3]
 [     621     493     133   23812]]  95.024% 	[class: 4]
 + average row correct: 85.519221425056% 
 + average rowUcol correct (VOC measure): 74.680784344673% 
 + global correct: 85.503486135599%
================================	
Utterance-Level Validation:	
  time to validate 1 utterance = 0.12736842036247ms	
  time to validate all 320 utterances = 40.757894515991ms	
  UER: 0.0625	
================================	
ConfusionMatrix:
[[      69       1       1       8]   87.342% 	[class: 1]
 [       7      70       1       2]   87.500% 	[class: 2]
 [       0       0      79       0]   100.000% 	[class: 3]
 [       0       0       0      82]]  100.000% 	[class: 4]
 + average row correct: 93.710443377495% 
 + average rowUcol correct (VOC measure): 88.328404724598% 
 + global correct: 93.75%
Done validating neural network.	
Best validation FER so far 0.14628746594005, current FER 0.14496513864401	
Generalization loss:	
0	
Saving current network state...	
Saved.	
Saving current optimizer state...	
Saved.	
================================	
Epoch 19:	
  time to learn 1 sample = 0.47375612496593ms	
  time to learn all 1372802 samples = 650373.35586548ms	
================================	
Training confusion matrix:	
ConfusionMatrix:
[[  329225    3722    4087    5675]   96.065% 	[class: 1]
 [    3206  336630    1671    1939]   98.015% 	[class: 2]
 [    4652    2634  333092    2265]   97.213% 	[class: 3]
 [    6434    2793    2268  332509]]  96.658% 	[class: 4]
 + average row correct: 96.987974643707% 
 + average rowUcol correct (VOC measure): 94.159875810146% 
 + global correct: 96.988203688514%
Validating neural network...	
================================	
Frame-Level Validation:	
  time to validate 1 sample = 1.1919159540707ms	
  time to validate all 99824 samples = 118981.81819916ms	
  FER: 0.14442418656836	
================================	
ConfusionMatrix:
[[   17318    2802    2199    2716]   69.175% 	[class: 1]
 [    1958   21301     781     849]   85.584% 	[class: 2]
 [     538     394   23785     124]   95.749% 	[class: 3]
 [    1029     505     522   23003]]  91.795% 	[class: 4]
 + average row correct: 85.575866699219% 
 + average rowUcol correct (VOC measure): 74.769188463688% 
 + global correct: 85.557581343164%
================================	
Utterance-Level Validation:	
  time to validate 1 utterance = 0.21780654788017ms	
  time to validate all 320 utterances = 69.698095321655ms	
  UER: 0.059375	
================================	
ConfusionMatrix:
[[      73       1       2       3]   92.405% 	[class: 1]
 [       9      67       2       2]   83.750% 	[class: 2]
 [       0       0      79       0]   100.000% 	[class: 3]
 [       0       0       0      82]]  100.000% 	[class: 4]
 + average row correct: 94.038765132427% 
 + average rowUcol correct (VOC measure): 88.776046037674% 
 + global correct: 94.0625%
Done validating neural network.	
Best validation FER so far 0.14496513864401, current FER 0.14442418656836	
Generalization loss:	
0	
Saving current network state...	
Saved.	
Saving current optimizer state...	
Saved.	
================================	
Epoch 20:	
  time to learn 1 sample = 0.47822870007187ms	
  time to learn all 1372802 samples = 656513.31591606ms	
================================	
Training confusion matrix:	
ConfusionMatrix:
[[  330420    3374    3689    5226]   96.414% 	[class: 1]
 [    2974  337167    1538    1767]   98.172% 	[class: 2]
 [    4254    2404  333945    2040]   97.461% 	[class: 3]
 [    5812    2634    2077  333481]]  96.941% 	[class: 4]
 + average row correct: 97.247111797333% 
 + average rowUcol correct (VOC measure): 94.648194313049% 
 + global correct: 97.247308788886%
Validating neural network...	
================================	
Frame-Level Validation:	
  time to validate 1 sample = 1.1954994194208ms	
  time to validate all 99824 samples = 119339.53404427ms	
  FER: 0.13924507132553	
================================	
ConfusionMatrix:
[[   17111    2463    1729    3732]   68.348% 	[class: 1]
 [    1899   21344     658     988]   85.757% 	[class: 2]
 [     744     286   23415     396]   94.259% 	[class: 3]
 [     668     274      63   24054]]  95.989% 	[class: 4]
 + average row correct: 86.088506877422% 
 + average rowUcol correct (VOC measure): 75.586548447609% 
 + global correct: 86.075492867447%
================================	
Utterance-Level Validation:	
  time to validate 1 utterance = 0.21758750081062ms	
  time to validate all 320 utterances = 69.628000259399ms	
  UER: 0.065625	
================================	
ConfusionMatrix:
[[      71       1       1       6]   89.873% 	[class: 1]
 [      10      67       3       0]   83.750% 	[class: 2]
 [       0       0      79       0]   100.000% 	[class: 3]
 [       0       0       0      82]]  100.000% 	[class: 4]
 + average row correct: 93.40585321188% 
 + average rowUcol correct (VOC measure): 87.713466584682% 
 + global correct: 93.4375%
Done validating neural network.	
Best validation FER so far 0.14442418656836, current FER 0.13924507132553	
Generalization loss:	
0	
Saving current network state...	
Saved.	
Saving current optimizer state...	
Saved.	
================================	
Epoch 21:	
  time to learn 1 sample = 0.46855103294142ms	
  time to learn all 1372802 samples = 643227.79512405ms	
================================	
Training confusion matrix:	
ConfusionMatrix:
[[  330648    3457    3635    4969]   96.481% 	[class: 1]
 [    2908  337355    1445    1738]   98.227% 	[class: 2]
 [    4134    2460  334028    2021]   97.486% 	[class: 3]
 [    5687    2585    2019  333713]]  97.008% 	[class: 4]
 + average row correct: 97.300344705582% 
 + average rowUcol correct (VOC measure): 94.74855363369% 
 + global correct: 97.300557545808%
Validating neural network...	
================================	
Frame-Level Validation:	
  time to validate 1 sample = 1.195249770635ms	
  time to validate all 99824 samples = 119314.61310387ms	
  FER: 0.15322968424427	
================================	
ConfusionMatrix:
[[   16571    2835    2209    3420]   66.191% 	[class: 1]
 [    1935   21214     880     860]   85.234% 	[class: 2]
 [     584     370   23510     377]   94.642% 	[class: 3]
 [    1018     649     159   23233]]  92.713% 	[class: 4]
 + average row correct: 84.695222973824% 
 + average rowUcol correct (VOC measure): 73.421213030815% 
 + global correct: 84.677031575573%
================================	
Utterance-Level Validation:	
  time to validate 1 utterance = 0.21912530064583ms	
  time to validate all 320 utterances = 70.120096206665ms	
  UER: 0.06875	
================================	
ConfusionMatrix:
[[      71       1       2       5]   89.873% 	[class: 1]
 [       7      66       6       1]   82.500% 	[class: 2]
 [       0       0      79       0]   100.000% 	[class: 3]
 [       0       0       0      82]]  100.000% 	[class: 4]
 + average row correct: 93.093353509903% 
 + average rowUcol correct (VOC measure): 87.006507813931% 
 + global correct: 93.125%
Done validating neural network.	
Best validation FER so far 0.13924507132553, current FER 0.15322968424427	
Generalization loss:	
10.043165467626	
============================	
STOPPING EARLY	
============================	
Done training neural network.	
COMPLETED TRAINING
