TRAINING DNN MODEL FOR LANGUAGE english
[?1034hSet nb of threads to 16	
Setting up training dataset...	
Done setting up dataset with 1320420 datapoints across 1908 utterances.	
Setting up neural network...	
Done setting up neural network.	
Using model:	
nn.Sequential {
  [input -> (1) -> (2) -> (3) -> (4) -> (5) -> (6) -> (7) -> (8) -> (9) -> (10) -> output]
  (1): nn.Linear(429 -> 1024)
  (2): nn.Add
  (3): nn.ReLU
  (4): nn.Dropout(0.500000)
  (5): nn.Linear(1024 -> 1024)
  (6): nn.Add
  (7): nn.ReLU
  (8): nn.Dropout(0.500000)
  (9): nn.Linear(1024 -> 2)
  (10): nn.LogSoftMax
}
Convert network to CUDA	
Training neural network using minibatch size 512...	
Convert criterion to CUDA	
================================	
Epoch 1:	
  time to learn 1 sample = 0.27194129592083ms	
  time to learn all 1320420 samples = 359076.72595978ms	
================================	
ConfusionMatrix:
[[  642720   17566]   97.340% 	[class: 1]
 [  334729  325405]]  49.294% 	[class: 2]
 + average row correct: 73.31670820713% 
 + average rowUcol correct (VOC measure): 56.305041909218% 
 + global correct: 73.319474106724%
Saving current network state...	
Saved.	
================================	
Epoch 2:	
  time to learn 1 sample = 0.27015901150315ms	
  time to learn all 1320420 samples = 356723.36196899ms	
================================	
ConfusionMatrix:
[[  649004   11282]   98.291% 	[class: 1]
 [  333022  327112]]  49.552% 	[class: 2]
 + average row correct: 73.921856284142% 
 + average rowUcol correct (VOC measure): 57.02868103981% 
 + global correct: 73.924660335348%
Saving current network state...	
Saved.	
================================	
Epoch 3:	
  time to learn 1 sample = 0.26892188771878ms	
  time to learn all 1320420 samples = 355089.83898163ms	
================================	
ConfusionMatrix:
[[  655913    4373]   99.338% 	[class: 1]
 [  391116  269018]]  40.752% 	[class: 2]
 + average row correct: 70.044869184494% 
 + average rowUcol correct (VOC measure): 51.434226334095% 
 + global correct: 70.048242225958%
Saving current network state...	
Saved.	
================================	
Epoch 4:	
  time to learn 1 sample = 0.26384795514307ms	
  time to learn all 1320420 samples = 348390.11693001ms	
================================	
ConfusionMatrix:
[[  652987    7299]   98.895% 	[class: 1]
 [  334769  325365]]  49.288% 	[class: 2]
 + average row correct: 74.091146886349% 
 + average rowUcol correct (VOC measure): 57.185959815979% 
 + global correct: 74.094000393814%
Saving current network state...	
Saved.	
================================	
Epoch 5:	
  time to learn 1 sample = 0.26747569798632ms	
  time to learn all 1320420 samples = 353180.2611351ms	
================================	
ConfusionMatrix:
[[  656126    4160]   99.370% 	[class: 1]
 [  387696  272438]]  41.270% 	[class: 2]
 + average row correct: 70.320039987564% 
 + average rowUcol correct (VOC measure): 51.8100887537% 
 + global correct: 70.323381954227%
Saving current network state...	
Saved.	
================================	
Epoch 6:	
  time to learn 1 sample = 0.2655699563614ms	
  time to learn all 1320420 samples = 350663.88177872ms	
================================	
ConfusionMatrix:
[[  655325    4961]   99.249% 	[class: 1]
 [  353748  306386]]  46.413% 	[class: 2]
 + average row correct: 72.830678522587% 
 + average rowUcol correct (VOC measure): 55.346022546291% 
 + global correct: 72.833719574075%
Saving current network state...	
Saved.	
================================	
Epoch 7:	
  time to learn 1 sample = 0.2622893413056ms	
  time to learn all 1320420 samples = 346332.09204674ms	
================================	
ConfusionMatrix:
[[  654032    6254]   99.053% 	[class: 1]
 [  354006  306128]]  46.374% 	[class: 2]
 + average row correct: 72.713224589825% 
 + average rowUcol correct (VOC measure): 55.210015177727% 
 + global correct: 72.716256948547%
Saving current network state...	
Saved.	
================================	
Epoch 8:	
  time to learn 1 sample = 0.2655364437467ms	
  time to learn all 1320420 samples = 350619.63105202ms	
================================	
ConfusionMatrix:
[[  655381    4905]   99.257% 	[class: 1]
 [  373872  286262]]  43.364% 	[class: 2]
 + average row correct: 71.310684084892% 
 + average rowUcol correct (VOC measure): 53.208893537521% 
 + global correct: 71.313900122688%
Saving current network state...	
Saved.	
================================	
Epoch 9:	
  time to learn 1 sample = 0.25892571833387ms	
  time to learn all 1320420 samples = 341890.69700241ms	
================================	
ConfusionMatrix:
[[  655477    4809]   99.272% 	[class: 1]
 [  460731  199403]]  30.206% 	[class: 2]
 + average row correct: 64.739060401917% 
 + average rowUcol correct (VOC measure): 44.229811429977% 
 + global correct: 64.74303630663%
Saving current network state...	
Saved.	
================================	
Epoch 10:	
  time to learn 1 sample = 0.25451421517384ms	
  time to learn all 1320420 samples = 336065.65999985ms	
================================	
ConfusionMatrix:
[[  563548   96738]   85.349% 	[class: 1]
 [  326259  333875]]  50.577% 	[class: 2]
 + average row correct: 67.962965369225% 
 + average rowUcol correct (VOC measure): 50.617936253548% 
 + global correct: 67.964965692734%
Saving current network state...	
Saved.	
================================	
Epoch 11:	
  time to learn 1 sample = 0.25537164759353ms	
  time to learn all 1320420 samples = 337197.83091545ms	
================================	
ConfusionMatrix:
[[  655471    4815]   99.271% 	[class: 1]
 [  454210  205924]]  31.194% 	[class: 2]
 + average row correct: 65.232522785664% 
 + average rowUcol correct (VOC measure): 44.890804588795% 
 + global correct: 65.236439920631%
Saving current network state...	
Saved.	
================================	
Epoch 12:	
  time to learn 1 sample = 0.25763511152139ms	
  time to learn all 1320420 samples = 340186.55395508ms	
================================	
ConfusionMatrix:
[[  626897   33389]   94.943% 	[class: 1]
 [  436088  224046]]  33.939% 	[class: 2]
 + average row correct: 64.441360533237% 
 + average rowUcol correct (VOC measure): 44.742304086685% 
 + global correct: 64.444873600824%
Saving current network state...	
Saved.	
================================	
Epoch 13:	
  time to learn 1 sample = 0.25478473527027ms	
  time to learn all 1320420 samples = 336422.86014557ms	
================================	
ConfusionMatrix:
[[  513118  147168]   77.711% 	[class: 1]
 [  324642  335492]]  50.822% 	[class: 2]
 + average row correct: 64.266639947891% 
 + average rowUcol correct (VOC measure): 46.827095746994% 
 + global correct: 64.26818739492%
Saving current network state...	
Saved.	
================================	
Epoch 14:	
  time to learn 1 sample = 0.26017726925726ms	
  time to learn all 1320420 samples = 343543.26987267ms	
================================	
ConfusionMatrix:
[[  655724    4562]   99.309% 	[class: 1]
 [  462779  197355]]  29.896% 	[class: 2]
 + average row correct: 64.602644741535% 
 + average rowUcol correct (VOC measure): 44.039011001587% 
 + global correct: 64.606640311416%
Saving current network state...	
Saved.	
================================	
Epoch 15:	
  time to learn 1 sample = 0.25773702850327ms	
  time to learn all 1320420 samples = 340321.12717628ms	
================================	
ConfusionMatrix:
[[  515711  144575]   78.104% 	[class: 1]
 [  339983  320151]]  48.498% 	[class: 2]
 + average row correct: 63.301032781601% 
 + average rowUcol correct (VOC measure): 45.670962333679% 
 + global correct: 63.302737007922%
Saving current network state...	
Saved.	
================================	
Epoch 16:	
  time to learn 1 sample = 0.27819863903539ms	
  time to learn all 1320420 samples = 367339.04695511ms	
================================	
ConfusionMatrix:
[[  655949    4337]   99.343% 	[class: 1]
 [  422794  237340]]  35.953% 	[class: 2]
 + average row correct: 67.648234963417% 
 + average rowUcol correct (VOC measure): 48.140971362591% 
 + global correct: 67.651883491616%
Saving current network state...	
Saved.	
================================	
Epoch 17:	
  time to learn 1 sample = 0.25240216822371ms	
  time to learn all 1320420 samples = 333276.87096596ms	
================================	
ConfusionMatrix:
[[  655778    4508]   99.317% 	[class: 1]
 [  372809  287325]]  43.525% 	[class: 2]
 + average row correct: 71.421259641647% 
 + average rowUcol correct (VOC measure): 53.353533148766% 
 + global correct: 71.424471001651%
Saving current network state...	
Saved.	
================================	
Epoch 18:	
  time to learn 1 sample = 0.25240693345351ms	
  time to learn all 1320420 samples = 333283.16307068ms	
================================	
ConfusionMatrix:
[[  655478    4808]   99.272% 	[class: 1]
 [  407449  252685]]  38.278% 	[class: 2]
 + average row correct: 68.774831295013% 
 + average rowUcol correct (VOC measure): 49.695317447186% 
 + global correct: 68.778343254419%
Saving current network state...	
Saved.	
================================	
Epoch 19:	
  time to learn 1 sample = 0.25232487999193ms	
  time to learn all 1320420 samples = 333174.81803894ms	
================================	
ConfusionMatrix:
[[  656292    3994]   99.395% 	[class: 1]
 [  456412  203722]]  30.861% 	[class: 2]
 + average row correct: 65.12790620327% 
 + average rowUcol correct (VOC measure): 44.722940027714% 
 + global correct: 65.131851986489%
Saving current network state...	
Saved.	
================================	
Epoch 20:	
  time to learn 1 sample = 0.2533217672921ms	
  time to learn all 1320420 samples = 334491.12796783ms	
================================	
ConfusionMatrix:
[[  617649   42637]   93.543% 	[class: 1]
 [  430893  229241]]  34.726% 	[class: 2]
 + average row correct: 64.134541153908% 
 + average rowUcol correct (VOC measure): 44.611702859402% 
 + global correct: 64.137925811484%
Saving current network state...	
Saved.	
================================	
Epoch 21:	
  time to learn 1 sample = 0.25168567274302ms	
  time to learn all 1320420 samples = 332330.79600334ms	
================================	
ConfusionMatrix:
[[  504532  155754]   76.411% 	[class: 1]
 [  333514  326620]]  49.478% 	[class: 2]
 + average row correct: 62.944480776787% 
 + average rowUcol correct (VOC measure): 45.400209724903% 
 + global correct: 62.946032323049%
Saving current network state...	
Saved.	
================================	
Epoch 22:	
  time to learn 1 sample = 0.2539061995869ms	
  time to learn all 1320420 samples = 335262.82405853ms	
================================	
ConfusionMatrix:
[[  654316    5970]   99.096% 	[class: 1]
 [  375843  284291]]  43.066% 	[class: 2]
 + average row correct: 71.080747246742% 
 + average rowUcol correct (VOC measure): 52.914862334728% 
 + global correct: 71.083973281229%
Saving current network state...	
Saved.	
================================	
Epoch 23:	
  time to learn 1 sample = 0.27244946449651ms	
  time to learn all 1320420 samples = 359747.72191048ms	
================================	
ConfusionMatrix:
[[  654694    5592]   99.153% 	[class: 1]
 [  369047  291087]]  44.095% 	[class: 2]
 + average row correct: 71.62411659956% 
 + average rowUcol correct (VOC measure): 53.664228320122% 
 + global correct: 71.627285257721%
Saving current network state...	
Saved.	
================================	
Epoch 24:	
  time to learn 1 sample = 0.26686044905826ms	
  time to learn all 1320420 samples = 352367.87414551ms	
================================	
ConfusionMatrix:
[[  655246    5040]   99.237% 	[class: 1]
 [  454250  205884]]  31.188% 	[class: 2]
 + average row correct: 65.212455391884% 
 + average rowUcol correct (VOC measure): 44.871412217617% 
 + global correct: 65.216370548765%
Saving current network state...	
Saved.	
================================	
Epoch 25:	
  time to learn 1 sample = 0.27361691961379ms	
  time to learn all 1320420 samples = 361289.25299644ms	
================================	
ConfusionMatrix:
[[  655939    4347]   99.342% 	[class: 1]
 [  394110  266024]]  40.298% 	[class: 2]
 + average row correct: 69.820067286491% 
 + average rowUcol correct (VOC measure): 51.122391223907% 
 + global correct: 69.823465261053%
Saving current network state...	
Saved.	
================================	
Epoch 26:	
  time to learn 1 sample = 0.2539273216291ms	
  time to learn all 1320420 samples = 335290.7140255ms	
================================	
ConfusionMatrix:
[[  655914    4372]   99.338% 	[class: 1]
 [  433879  226255]]  34.274% 	[class: 2]
 + average row correct: 66.805982589722% 
 + average rowUcol correct (VOC measure): 46.9975695014% 
 + global correct: 66.80972720801%
Saving current network state...	
Saved.	
================================	
Epoch 27:	
  time to learn 1 sample = 0.25793530312254ms	
  time to learn all 1320420 samples = 340582.93294907ms	
================================	
ConfusionMatrix:
[[  656470    3816]   99.422% 	[class: 1]
 [  451307  208827]]  31.634% 	[class: 2]
 + average row correct: 65.528050065041% 
 + average rowUcol correct (VOC measure): 45.254452526569% 
 + global correct: 65.531951954681%
Saving current network state...	
Saved.	
================================	
Epoch 28:	
  time to learn 1 sample = 0.26942629228475ms	
  time to learn all 1320420 samples = 355755.86485863ms	
================================	
ConfusionMatrix:
[[  624388   35898]   94.563% 	[class: 1]
 [  431265  228869]]  34.670% 	[class: 2]
 + average row correct: 64.616672694683% 
 + average rowUcol correct (VOC measure): 45.041938126087% 
 + global correct: 64.620120870632%
Saving current network state...	
Saved.	
================================	
Epoch 29:	
  time to learn 1 sample = 0.26178043350629ms	
  time to learn all 1320420 samples = 345660.12001038ms	
================================	
ConfusionMatrix:
[[  553769  106517]   83.868% 	[class: 1]
 [  381037  279097]]  42.279% 	[class: 2]
 + average row correct: 63.073445856571% 
 + average rowUcol correct (VOC measure): 44.792035222054% 
 + global correct: 63.075839505612%
Saving current network state...	
Saved.	
================================	
Epoch 30:	
  time to learn 1 sample = 0.26298086442542ms	
  time to learn all 1320420 samples = 347245.19300461ms	
================================	
ConfusionMatrix:
[[  550038  110248]   83.303% 	[class: 1]
 [  390644  269490]]  40.824% 	[class: 2]
 + average row correct: 62.06326186657% 
 + average rowUcol correct (VOC measure): 43.659779429436% 
 + global correct: 62.065706366156%
Saving current network state...	
Saved.	
================================	
Epoch 31:	
  time to learn 1 sample = 0.26184160940754ms	
  time to learn all 1320420 samples = 345740.89789391ms	
================================	
ConfusionMatrix:
[[  504794  155492]   76.451% 	[class: 1]
 [  336816  323318]]  48.978% 	[class: 2]
 + average row correct: 62.714222073555% 
 + average rowUcol correct (VOC measure): 45.133294165134% 
 + global correct: 62.715802547674%
Saving current network state...	
Saved.	
================================	
Epoch 32:	
  time to learn 1 sample = 0.26181558436622ms	
  time to learn all 1320420 samples = 345706.53390884ms	
================================	
ConfusionMatrix:
[[  655927    4359]   99.340% 	[class: 1]
 [  412972  247162]]  37.441% 	[class: 2]
 + average row correct: 68.390507996082% 
 + average rowUcol correct (VOC measure): 49.155539274216% 
 + global correct: 68.394071583284%
Saving current network state...	
Saved.	
================================	
Epoch 33:	
  time to learn 1 sample = 0.26106377588031ms	
  time to learn all 1320420 samples = 344713.83094788ms	
================================	
ConfusionMatrix:
[[  656175    4111]   99.377% 	[class: 1]
 [  437018  223116]]  33.799% 	[class: 2]
 + average row correct: 66.587993502617% 
 + average rowUcol correct (VOC measure): 46.694125235081% 
 + global correct: 66.591766256191%
Saving current network state...	
Saved.	
================================	
Epoch 34:	
  time to learn 1 sample = 0.25339531968196ms	
  time to learn all 1320420 samples = 334588.24801445ms	
================================	
ConfusionMatrix:
[[  655019    5267]   99.202% 	[class: 1]
 [  461122  199012]]  30.147% 	[class: 2]
 + average row correct: 64.674764871597% 
 + average rowUcol correct (VOC measure): 44.15949434042% 
 + global correct: 64.678738583178%
Saving current network state...	
Saved.	
================================	
Epoch 35:	
  time to learn 1 sample = 0.25221379638428ms	
  time to learn all 1320420 samples = 333028.14102173ms	
================================	
ConfusionMatrix:
[[  573433   86853]   86.846% 	[class: 1]
 [  350122  310012]]  46.962% 	[class: 2]
 + average row correct: 66.904067993164% 
 + average rowUcol correct (VOC measure): 49.12713766098% 
 + global correct: 66.906363126884%
Saving current network state...	
Saved.	
================================	
Epoch 36:	
  time to learn 1 sample = 0.25265216755168ms	
  time to learn all 1320420 samples = 333606.97507858ms	
================================	
ConfusionMatrix:
[[  656460    3826]   99.421% 	[class: 1]
 [  411266  248868]]  37.700% 	[class: 2]
 + average row correct: 68.560086190701% 
 + average rowUcol correct (VOC measure): 49.372459948063% 
 + global correct: 68.563638842187%
Saving current network state...	
Saved.	
================================	
Epoch 37:	
  time to learn 1 sample = 0.25180478254253ms	
  time to learn all 1320420 samples = 332488.07096481ms	
================================	
ConfusionMatrix:
[[  655761    4525]   99.315% 	[class: 1]
 [  463096  197038]]  29.848% 	[class: 2]
 + average row correct: 64.581435918808% 
 + average rowUcol correct (VOC measure): 44.009397923946% 
 + global correct: 64.585434937368%
Saving current network state...	
Saved.	
================================	
Epoch 38:	
  time to learn 1 sample = 0.26708024422158ms	
  time to learn all 1320420 samples = 352658.09607506ms	
================================	
ConfusionMatrix:
[[  513881  146405]   77.827% 	[class: 1]
 [  356588  303546]]  45.982% 	[class: 2]
 + average row correct: 61.904756724834% 
 + average rowUcol correct (VOC measure): 44.085496664047% 
 + global correct: 61.90659032732%
Saving current network state...	
Saved.	
================================	
Epoch 39:	
  time to learn 1 sample = 0.25143795139388ms	
  time to learn all 1320420 samples = 332003.69977951ms	
================================	
ConfusionMatrix:
[[  655418    4868]   99.263% 	[class: 1]
 [  420741  239393]]  36.264% 	[class: 2]
 + average row correct: 67.763523757458% 
 + average rowUcol correct (VOC measure): 48.314020037651% 
 + global correct: 67.767149846261%
Saving current network state...	
Saved.	
================================	
Epoch 40:	
  time to learn 1 sample = 0.2576924873004ms	
  time to learn all 1320420 samples = 340262.31408119ms	
================================	
ConfusionMatrix:
[[  655614    4672]   99.292% 	[class: 1]
 [  427111  233023]]  35.299% 	[class: 2]
 + average row correct: 67.295888066292% 
 + average rowUcol correct (VOC measure): 47.671665251255% 
 + global correct: 67.29957134851%
Saving current network state...	
Saved.	
================================	
Epoch 41:	
  time to learn 1 sample = 0.25284291198478ms	
  time to learn all 1320420 samples = 333858.83784294ms	
================================	
ConfusionMatrix:
[[  655932    4354]   99.341% 	[class: 1]
 [  450273  209861]]  31.791% 	[class: 2]
 + average row correct: 65.565627813339% 
 + average rowUcol correct (VOC measure): 45.322793722153% 
 + global correct: 65.569515760137%
Saving current network state...	
Saved.	
================================	
Epoch 42:	
  time to learn 1 sample = 0.26064040604125ms	
  time to learn all 1320420 samples = 344154.80494499ms	
================================	
ConfusionMatrix:
[[  656378    3908]   99.408% 	[class: 1]
 [  446605  213529]]  32.346% 	[class: 2]
 + average row correct: 65.877224504948% 
 + average rowUcol correct (VOC measure): 45.727595686913% 
 + global correct: 65.88108329168%
Saving current network state...	
Saved.	
================================	
Epoch 43:	
  time to learn 1 sample = 0.25181210815118ms	
  time to learn all 1320420 samples = 332497.74384499ms	
================================	
ConfusionMatrix:
[[  656530    3756]   99.431% 	[class: 1]
 [  398475  261659]]  39.637% 	[class: 2]
 + average row correct: 69.534206390381% 
 + average rowUcol correct (VOC measure): 50.711140036583% 
 + global correct: 69.537647112282%
Saving current network state...	
Saved.	
================================	
Epoch 44:	
  time to learn 1 sample = 0.27416948999795ms	
  time to learn all 1320420 samples = 362018.87798309ms	
================================	
ConfusionMatrix:
[[  654979    5307]   99.196% 	[class: 1]
 [  389106  271028]]  41.057% 	[class: 2]
 + average row correct: 70.126384496689% 
 + average rowUcol correct (VOC measure): 51.572087407112% 
 + global correct: 70.129731449084%
Saving current network state...	
Saved.	
================================	
Epoch 45:	
  time to learn 1 sample = 0.26059171334116ms	
  time to learn all 1320420 samples = 344090.51012993ms	
================================	
ConfusionMatrix:
[[  655385    4901]   99.258% 	[class: 1]
 [  451945  208189]]  31.537% 	[class: 2]
 + average row correct: 65.397563576698% 
 + average rowUcol correct (VOC measure): 45.115114748478% 
 + global correct: 65.401463170809%
Saving current network state...	
Saved.	
================================	
Epoch 46:	
  time to learn 1 sample = 0.25475981816158ms	
  time to learn all 1320420 samples = 336389.95909691ms	
================================	
ConfusionMatrix:
[[  656892    3394]   99.486% 	[class: 1]
 [  459844  200290]]  30.341% 	[class: 2]
 + average row correct: 64.913395047188% 
 + average rowUcol correct (VOC measure): 44.414938986301% 
 + global correct: 64.917374774693%
Saving current network state...	
Saved.	
================================	
Epoch 47:	
  time to learn 1 sample = 0.25444315978534ms	
  time to learn all 1320420 samples = 335971.83704376ms	
================================	
ConfusionMatrix:
[[  419830  240456]   63.583% 	[class: 1]
 [  313365  346769]]  52.530% 	[class: 2]
 + average row correct: 58.056572079659% 
 + average rowUcol correct (VOC measure): 40.811897814274% 
 + global correct: 58.057209069841%
Saving current network state...	
Saved.	
================================	
Epoch 48:	
  time to learn 1 sample = 0.25456734989653ms	
  time to learn all 1320420 samples = 336135.82015038ms	
================================	
ConfusionMatrix:
[[  411276  249010]   62.288% 	[class: 1]
 [  308601  351533]]  53.252% 	[class: 2]
 + average row correct: 57.769659161568% 
 + average rowUcol correct (VOC measure): 40.557332336903% 
 + global correct: 57.770179185411%
Saving current network state...	
Saved.	
================================	
Epoch 49:	
  time to learn 1 sample = 0.26485931436179ms	
  time to learn all 1320420 samples = 349725.5358696ms	
================================	
ConfusionMatrix:
[[  410761  249525]   62.210% 	[class: 1]
 [  308601  351533]]  53.252% 	[class: 2]
 + average row correct: 57.730659842491% 
 + average rowUcol correct (VOC measure): 40.5198097229% 
 + global correct: 57.731176443859%
Saving current network state...	
Saved.	
================================	
Epoch 50:	
  time to learn 1 sample = 0.25120626996964ms	
  time to learn all 1320420 samples = 331697.78299332ms	
================================	
ConfusionMatrix:
[[  410762  249524]   62.210% 	[class: 1]
 [  308599  351535]]  53.252% 	[class: 2]
 + average row correct: 57.730886340141% 
 + average rowUcol correct (VOC measure): 40.520036220551% 
 + global correct: 57.731403644295%
Saving current network state...	
Saved.	
================================	
Epoch 51:	
  time to learn 1 sample = 0.25352196201495ms	
  time to learn all 1320420 samples = 334755.46908379ms	
================================	
ConfusionMatrix:
[[  410760  249526]   62.209% 	[class: 1]
 [  308600  351534]]  53.252% 	[class: 2]
 + average row correct: 57.730659842491% 
 + average rowUcol correct (VOC measure): 40.519814193249% 
 + global correct: 57.731176443859%
Saving current network state...	
Saved.	
================================	
Epoch 52:	
  time to learn 1 sample = 0.25717630372774ms	
  time to learn all 1320420 samples = 339580.73496819ms	
================================	
ConfusionMatrix:
[[  410761  249525]   62.210% 	[class: 1]
 [  308599  351535]]  53.252% 	[class: 2]
 + average row correct: 57.730811834335% 
 + average rowUcol correct (VOC measure): 40.519964694977% 
 + global correct: 57.731327910816%
Saving current network state...	
Saved.	
================================	
Epoch 53:	
  time to learn 1 sample = 0.25171038148238ms	
  time to learn all 1320420 samples = 332363.42191696ms	
================================	
ConfusionMatrix:
[[  410761  249525]   62.210% 	[class: 1]
 [  308599  351535]]  53.252% 	[class: 2]
 + average row correct: 57.730811834335% 
 + average rowUcol correct (VOC measure): 40.519964694977% 
 + global correct: 57.731327910816%
Saving current network state...	
Saved.	
================================	
Epoch 54:	
  time to learn 1 sample = 0.27422746235606ms	
  time to learn all 1320420 samples = 362095.42584419ms	
================================	
ConfusionMatrix:
[[  410761  249525]   62.210% 	[class: 1]
 [  308599  351535]]  53.252% 	[class: 2]
 + average row correct: 57.730811834335% 
 + average rowUcol correct (VOC measure): 40.519964694977% 
 + global correct: 57.731327910816%
Saving current network state...	
Saved.	
================================	
Epoch 55:	
  time to learn 1 sample = 0.27293949193933ms	
  time to learn all 1320420 samples = 360394.76394653ms	
================================	
ConfusionMatrix:
[[  410761  249525]   62.210% 	[class: 1]
 [  308599  351535]]  53.252% 	[class: 2]
 + average row correct: 57.730811834335% 
 + average rowUcol correct (VOC measure): 40.519964694977% 
 + global correct: 57.731327910816%
Saving current network state...	
Saved.	
================================	
Epoch 56:	
  time to learn 1 sample = 0.26720458347754ms	
  time to learn all 1320420 samples = 352822.27611542ms	
================================	
ConfusionMatrix:
[[  410761  249525]   62.210% 	[class: 1]
 [  308599  351535]]  53.252% 	[class: 2]
 + average row correct: 57.730811834335% 
 + average rowUcol correct (VOC measure): 40.519964694977% 
 + global correct: 57.731327910816%
Saving current network state...	
Saved.	
================================	
Epoch 57:	
  time to learn 1 sample = 0.26166866448269ms	
  time to learn all 1320420 samples = 345512.53795624ms	
================================	
ConfusionMatrix:
[[  410761  249525]   62.210% 	[class: 1]
 [  308600  351534]]  53.252% 	[class: 2]
 + average row correct: 57.730737328529% 
 + average rowUcol correct (VOC measure): 40.519887208939% 
 + global correct: 57.731252177338%
Saving current network state...	
Saved.	
================================	
Epoch 58:	
  time to learn 1 sample = 0.25883822036568ms	
  time to learn all 1320420 samples = 341775.16293526ms	
================================	
ConfusionMatrix:
[[  410761  249525]   62.210% 	[class: 1]
 [  308599  351535]]  53.252% 	[class: 2]
 + average row correct: 57.730811834335% 
 + average rowUcol correct (VOC measure): 40.519964694977% 
 + global correct: 57.731327910816%
Saving current network state...	
Saved.	
================================	
Epoch 59:	
  time to learn 1 sample = 0.27067871514533ms	
  time to learn all 1320420 samples = 357409.5890522ms	
================================	
ConfusionMatrix:
[[  410759  249527]   62.209% 	[class: 1]
 [  308599  351535]]  53.252% 	[class: 2]
 + average row correct: 57.730659842491% 
 + average rowUcol correct (VOC measure): 40.519818663597% 
 + global correct: 57.731176443859%
Saving current network state...	
Saved.	
================================	
Epoch 60:	
  time to learn 1 sample = 0.26643741145454ms	
  time to learn all 1320420 samples = 351809.28683281ms	
================================	
ConfusionMatrix:
[[  410760  249526]   62.209% 	[class: 1]
 [  308599  351535]]  53.252% 	[class: 2]
 + average row correct: 57.730734348297% 
 + average rowUcol correct (VOC measure): 40.519891679287% 
 + global correct: 57.731252177338%
Saving current network state...	
Saved.	
================================	
Epoch 61:	
  time to learn 1 sample = 0.26727274589072ms	
  time to learn all 1320420 samples = 352912.27912903ms	
================================	
ConfusionMatrix:
[[  410761  249525]   62.210% 	[class: 1]
 [  308599  351535]]  53.252% 	[class: 2]
 + average row correct: 57.730811834335% 
 + average rowUcol correct (VOC measure): 40.519964694977% 
 + global correct: 57.731327910816%
Saving current network state...	
Saved.	
================================	
Epoch 62:	
  time to learn 1 sample = 0.26512745554486ms	
  time to learn all 1320420 samples = 350079.59485054ms	
================================	
ConfusionMatrix:
[[  410761  249525]   62.210% 	[class: 1]
 [  308599  351535]]  53.252% 	[class: 2]
 + average row correct: 57.730811834335% 
 + average rowUcol correct (VOC measure): 40.519964694977% 
 + global correct: 57.731327910816%
Saving current network state...	
Saved.	
================================	
Epoch 63:	
  time to learn 1 sample = 0.26574271964019ms	
  time to learn all 1320420 samples = 350892.00186729ms	
================================	
ConfusionMatrix:
[[  410761  249525]   62.210% 	[class: 1]
 [  308600  351534]]  53.252% 	[class: 2]
 + average row correct: 57.730737328529% 
 + average rowUcol correct (VOC measure): 40.519887208939% 
 + global correct: 57.731252177338%
Saving current network state...	
Saved.	
================================	
Epoch 64:	
  time to learn 1 sample = 0.25350485604797ms	
  time to learn all 1320420 samples = 334732.88202286ms	
================================	
ConfusionMatrix:
[[  455130  205156]   68.929% 	[class: 1]
 [  336933  323201]]  48.960% 	[class: 2]
 + average row correct: 58.944563567638% 
 + average rowUcol correct (VOC measure): 41.49583876133% 
 + global correct: 58.945714242438%
Saving current network state...	
Saved.	
================================	
Epoch 65:	
  time to learn 1 sample = 0.25156081780003ms	
  time to learn all 1320420 samples = 332165.93503952ms	
================================	
ConfusionMatrix:
[[  414230  246056]   62.735% 	[class: 1]
 [  311275  348859]]  52.847% 	[class: 2]
 + average row correct: 57.790815830231% 
 + average rowUcol correct (VOC measure): 40.566423535347% 
 + global correct: 57.791384559458%
Saving current network state...	
Saved.	
================================	
Epoch 66:	
  time to learn 1 sample = 0.25709791659146ms	
  time to learn all 1320420 samples = 339477.2310257ms	
================================	
ConfusionMatrix:
[[  410761  249525]   62.210% 	[class: 1]
 [  308598  351536]]  53.252% 	[class: 2]
 + average row correct: 57.730889320374% 
 + average rowUcol correct (VOC measure): 40.520040690899% 
 + global correct: 57.731403644295%
Saving current network state...	
Saved.	
================================	
Epoch 67:	
  time to learn 1 sample = 0.25232733817231ms	
  time to learn all 1320420 samples = 333178.06386948ms	
================================	
ConfusionMatrix:
[[  444205  216081]   67.275% 	[class: 1]
 [  325331  334803]]  50.717% 	[class: 2]
 + average row correct: 58.996033668518% 
 + average rowUcol correct (VOC measure): 41.639432311058% 
 + global correct: 58.996985807546%
Saving current network state...	
Saved.	
================================	
Epoch 68:	
  time to learn 1 sample = 0.25237086082108ms	
  time to learn all 1320420 samples = 333235.53204536ms	
================================	
ConfusionMatrix:
[[  414229  246057]   62.735% 	[class: 1]
 [  310763  349371]]  52.924% 	[class: 2]
 + average row correct: 57.829520106316% 
 + average rowUcol correct (VOC measure): 40.605840086937% 
 + global correct: 57.830084367095%
Saving current network state...	
Saved.	
================================	
Epoch 69:	
  time to learn 1 sample = 0.25533661933566ms	
  time to learn all 1320420 samples = 337151.5789032ms	
================================	
ConfusionMatrix:
[[  410761  249525]   62.210% 	[class: 1]
 [  308598  351536]]  53.252% 	[class: 2]
 + average row correct: 57.730889320374% 
 + average rowUcol correct (VOC measure): 40.520040690899% 
 + global correct: 57.731403644295%
Saving current network state...	
Saved.	
================================	
Epoch 70:	
  time to learn 1 sample = 0.25132229359176ms	
  time to learn all 1320420 samples = 331850.98290443ms	
================================	
ConfusionMatrix:
[[  410761  249525]   62.210% 	[class: 1]
 [  308599  351535]]  53.252% 	[class: 2]
 + average row correct: 57.730811834335% 
 + average rowUcol correct (VOC measure): 40.519964694977% 
 + global correct: 57.731327910816%
Saving current network state...	
Saved.	
================================	
Epoch 71:	
  time to learn 1 sample = 0.27007111449143ms	
  time to learn all 1320420 samples = 356607.30099678ms	
================================	
ConfusionMatrix:
[[  410760  249526]   62.209% 	[class: 1]
 [  308599  351535]]  53.252% 	[class: 2]
 + average row correct: 57.730734348297% 
 + average rowUcol correct (VOC measure): 40.519891679287% 
 + global correct: 57.731252177338%
Saving current network state...	
Saved.	
================================	
Epoch 72:	
  time to learn 1 sample = 0.25204317042598ms	
  time to learn all 1320420 samples = 332802.84309387ms	
================================	
ConfusionMatrix:
[[  410761  249525]   62.210% 	[class: 1]
 [  308598  351536]]  53.252% 	[class: 2]
 + average row correct: 57.730889320374% 
 + average rowUcol correct (VOC measure): 40.520040690899% 
 + global correct: 57.731403644295%
Saving current network state...	
Saved.	
================================	
Epoch 73:	
  time to learn 1 sample = 0.25424376567743ms	
  time to learn all 1320420 samples = 335708.55307579ms	
================================	
ConfusionMatrix:
[[  410760  249526]   62.209% 	[class: 1]
 [  308599  351535]]  53.252% 	[class: 2]
 + average row correct: 57.730734348297% 
 + average rowUcol correct (VOC measure): 40.519891679287% 
 + global correct: 57.731252177338%
Saving current network state...	
Saved.	
================================	
Epoch 74:	
  time to learn 1 sample = 0.25271567289211ms	
  time to learn all 1320420 samples = 333690.8288002ms	
================================	
ConfusionMatrix:
[[  410760  249526]   62.209% 	[class: 1]
 [  308599  351535]]  53.252% 	[class: 2]
 + average row correct: 57.730734348297% 
 + average rowUcol correct (VOC measure): 40.519891679287% 
 + global correct: 57.731252177338%
Saving current network state...	
Saved.	
================================	
Epoch 75:	
  time to learn 1 sample = 0.27204778402761ms	
  time to learn all 1320420 samples = 359217.33498573ms	
================================	
ConfusionMatrix:
[[  410761  249525]   62.210% 	[class: 1]
 [  308600  351534]]  53.252% 	[class: 2]
 + average row correct: 57.730737328529% 
 + average rowUcol correct (VOC measure): 40.519887208939% 
 + global correct: 57.731252177338%
Saving current network state...	
Saved.	
================================	
Epoch 76:	
  time to learn 1 sample = 0.26449128987436ms	
  time to learn all 1320420 samples = 349239.58897591ms	
================================	
ConfusionMatrix:
[[  410761  249525]   62.210% 	[class: 1]
 [  308599  351535]]  53.252% 	[class: 2]
 + average row correct: 57.730811834335% 
 + average rowUcol correct (VOC measure): 40.519964694977% 
 + global correct: 57.731327910816%
Saving current network state...	
Saved.	
================================	
Epoch 77:	
  time to learn 1 sample = 0.26494236669614ms	
  time to learn all 1320420 samples = 349835.19983292ms	
================================	
ConfusionMatrix:
[[  410761  249525]   62.210% 	[class: 1]
 [  308599  351535]]  53.252% 	[class: 2]
 + average row correct: 57.730811834335% 
 + average rowUcol correct (VOC measure): 40.519964694977% 
 + global correct: 57.731327910816%
Saving current network state...	
Saved.	
================================	
Epoch 78:	
  time to learn 1 sample = 0.26485743470425ms	
  time to learn all 1320420 samples = 349723.05393219ms	
================================	
ConfusionMatrix:
[[  410761  249525]   62.210% 	[class: 1]
 [  308599  351535]]  53.252% 	[class: 2]
 + average row correct: 57.730811834335% 
 + average rowUcol correct (VOC measure): 40.519964694977% 
 + global correct: 57.731327910816%
Saving current network state...	
Saved.	
================================	
Epoch 79:	
  time to learn 1 sample = 0.26803103404911ms	
  time to learn all 1320420 samples = 353913.53797913ms	
================================	
ConfusionMatrix:
[[  410761  249525]   62.210% 	[class: 1]
 [  308599  351535]]  53.252% 	[class: 2]
 + average row correct: 57.730811834335% 
 + average rowUcol correct (VOC measure): 40.519964694977% 
 + global correct: 57.731327910816%
Saving current network state...	
Saved.	
================================	
Epoch 80:	
  time to learn 1 sample = 0.26456274593146ms	
  time to learn all 1320420 samples = 349333.94098282ms	
================================	
ConfusionMatrix:
[[  410761  249525]   62.210% 	[class: 1]
 [  308600  351534]]  53.252% 	[class: 2]
 + average row correct: 57.730737328529% 
 + average rowUcol correct (VOC measure): 40.519887208939% 
 + global correct: 57.731252177338%
Saving current network state...	
Saved.	
================================	
Epoch 81:	
  time to learn 1 sample = 0.26457179158024ms	
  time to learn all 1320420 samples = 349345.88503838ms	
================================	
ConfusionMatrix:
[[  410761  249525]   62.210% 	[class: 1]
 [  308599  351535]]  53.252% 	[class: 2]
 + average row correct: 57.730811834335% 
 + average rowUcol correct (VOC measure): 40.519964694977% 
 + global correct: 57.731327910816%
Saving current network state...	
Saved.	
================================	
Epoch 82:	
  time to learn 1 sample = 0.26165410697743ms	
  time to learn all 1320420 samples = 345493.31593513ms	
================================	
ConfusionMatrix:
[[  410761  249525]   62.210% 	[class: 1]
 [  308599  351535]]  53.252% 	[class: 2]
 + average row correct: 57.730811834335% 
 + average rowUcol correct (VOC measure): 40.519964694977% 
 + global correct: 57.731327910816%
Saving current network state...	
Saved.	
================================	
Epoch 83:	
  time to learn 1 sample = 0.25404087100076ms	
  time to learn all 1320420 samples = 335440.64688683ms	
================================	
ConfusionMatrix:
[[  410761  249525]   62.210% 	[class: 1]
 [  308599  351535]]  53.252% 	[class: 2]
 + average row correct: 57.730811834335% 
 + average rowUcol correct (VOC measure): 40.519964694977% 
 + global correct: 57.731327910816%
Saving current network state...	
Saved.	
================================	
Epoch 84:	
  time to learn 1 sample = 0.25343243668895ms	
  time to learn all 1320420 samples = 334637.25805283ms	
================================	
ConfusionMatrix:
[[  410761  249525]   62.210% 	[class: 1]
 [  308599  351535]]  53.252% 	[class: 2]
 + average row correct: 57.730811834335% 
 + average rowUcol correct (VOC measure): 40.519964694977% 
 + global correct: 57.731327910816%
Saving current network state...	
Saved.	
================================	
Epoch 85:	
  time to learn 1 sample = 0.27167452177784ms	
  time to learn all 1320420 samples = 358724.4720459ms	
================================	
ConfusionMatrix:
[[  410760  249526]   62.209% 	[class: 1]
 [  308598  351536]]  53.252% 	[class: 2]
 + average row correct: 57.730811834335% 
 + average rowUcol correct (VOC measure): 40.519969165325% 
 + global correct: 57.731327910816%
Saving current network state...	
Saved.	
================================	
Epoch 86:	
  time to learn 1 sample = 0.2636133101435ms	
  time to learn all 1320420 samples = 348080.28697968ms	
================================	
ConfusionMatrix:
[[  410761  249525]   62.210% 	[class: 1]
 [  308599  351535]]  53.252% 	[class: 2]
 + average row correct: 57.730811834335% 
 + average rowUcol correct (VOC measure): 40.519964694977% 
 + global correct: 57.731327910816%
Saving current network state...	
Saved.	
================================	
Epoch 87:	
  time to learn 1 sample = 0.25649833996267ms	
  time to learn all 1320420 samples = 338685.53805351ms	
================================	
ConfusionMatrix:
[[  410761  249525]   62.210% 	[class: 1]
 [  308599  351535]]  53.252% 	[class: 2]
 + average row correct: 57.730811834335% 
 + average rowUcol correct (VOC measure): 40.519964694977% 
 + global correct: 57.731327910816%
Saving current network state...	
Saved.	
================================	
Epoch 88:	
  time to learn 1 sample = 0.25789592023443ms	
  time to learn all 1320420 samples = 340530.93099594ms	
================================	
ConfusionMatrix:
[[  410761  249525]   62.210% 	[class: 1]
 [  308599  351535]]  53.252% 	[class: 2]
 + average row correct: 57.730811834335% 
 + average rowUcol correct (VOC measure): 40.519964694977% 
 + global correct: 57.731327910816%
Saving current network state...	
Saved.	
================================	
Epoch 89:	
  time to learn 1 sample = 0.27471057460922ms	
  time to learn all 1320420 samples = 362733.33692551ms	
================================	
ConfusionMatrix:
[[  410761  249525]   62.210% 	[class: 1]
 [  308599  351535]]  53.252% 	[class: 2]
 + average row correct: 57.730811834335% 
 + average rowUcol correct (VOC measure): 40.519964694977% 
 + global correct: 57.731327910816%
Saving current network state...	
Saved.	
================================	
Epoch 90:	
  time to learn 1 sample = 0.26572128341891ms	
  time to learn all 1320420 samples = 350863.697052ms	
================================	
ConfusionMatrix:
[[  410761  249525]   62.210% 	[class: 1]
 [  308599  351535]]  53.252% 	[class: 2]
 + average row correct: 57.730811834335% 
 + average rowUcol correct (VOC measure): 40.519964694977% 
 + global correct: 57.731327910816%
Saving current network state...	
Saved.	
================================	
Epoch 91:	
  time to learn 1 sample = 0.26582670963655ms	
  time to learn all 1320420 samples = 351002.90393829ms	
================================	
ConfusionMatrix:
[[  410761  249525]   62.210% 	[class: 1]
 [  308599  351535]]  53.252% 	[class: 2]
 + average row correct: 57.730811834335% 
 + average rowUcol correct (VOC measure): 40.519964694977% 
 + global correct: 57.731327910816%
Saving current network state...	
Saved.	
================================	
Epoch 92:	
  time to learn 1 sample = 0.26225861621761ms	
  time to learn all 1320420 samples = 346291.52202606ms	
================================	
ConfusionMatrix:
[[  410761  249525]   62.210% 	[class: 1]
 [  308599  351535]]  53.252% 	[class: 2]
 + average row correct: 57.730811834335% 
 + average rowUcol correct (VOC measure): 40.519964694977% 
 + global correct: 57.731327910816%
Saving current network state...	
Saved.	
================================	
Epoch 93:	
  time to learn 1 sample = 0.27293376051862ms	
  time to learn all 1320420 samples = 360387.196064ms	
================================	
ConfusionMatrix:
[[  410761  249525]   62.210% 	[class: 1]
 [  308599  351535]]  53.252% 	[class: 2]
 + average row correct: 57.730811834335% 
 + average rowUcol correct (VOC measure): 40.519964694977% 
 + global correct: 57.731327910816%
Saving current network state...	
Saved.	
================================	
Epoch 94:	
  time to learn 1 sample = 0.26686904474483ms	
  time to learn all 1320420 samples = 352379.22406197ms	
================================	
ConfusionMatrix:
[[  410761  249525]   62.210% 	[class: 1]
 [  308599  351535]]  53.252% 	[class: 2]
 + average row correct: 57.730811834335% 
 + average rowUcol correct (VOC measure): 40.519964694977% 
 + global correct: 57.731327910816%
Saving current network state...	
Saved.	
================================	
Epoch 95:	
  time to learn 1 sample = 0.26909809071669ms	
  time to learn all 1320420 samples = 355322.50094414ms	
================================	
ConfusionMatrix:
[[  410761  249525]   62.210% 	[class: 1]
 [  308599  351535]]  53.252% 	[class: 2]
 + average row correct: 57.730811834335% 
 + average rowUcol correct (VOC measure): 40.519964694977% 
 + global correct: 57.731327910816%
Saving current network state...	
Saved.	
================================	
Epoch 96:	
  time to learn 1 sample = 0.27201895611174ms	
  time to learn all 1320420 samples = 359179.27002907ms	
================================	
ConfusionMatrix:
[[  410761  249525]   62.210% 	[class: 1]
 [  308599  351535]]  53.252% 	[class: 2]
 + average row correct: 57.730811834335% 
 + average rowUcol correct (VOC measure): 40.519964694977% 
 + global correct: 57.731327910816%
Saving current network state...	
Saved.	
================================	
Epoch 97:	
  time to learn 1 sample = 0.26541394929968ms	
  time to learn all 1320420 samples = 350457.88693428ms	
================================	
ConfusionMatrix:
[[  410761  249525]   62.210% 	[class: 1]
 [  308598  351536]]  53.252% 	[class: 2]
 + average row correct: 57.730889320374% 
 + average rowUcol correct (VOC measure): 40.520040690899% 
 + global correct: 57.731403644295%
Saving current network state...	
Saved.	
================================	
Epoch 98:	
  time to learn 1 sample = 0.26517265941278ms	
  time to learn all 1320420 samples = 350139.28294182ms	
================================	
ConfusionMatrix:
[[  410760  249526]   62.209% 	[class: 1]
 [  308599  351535]]  53.252% 	[class: 2]
 + average row correct: 57.730734348297% 
 + average rowUcol correct (VOC measure): 40.519891679287% 
 + global correct: 57.731252177338%
Saving current network state...	
Saved.	
================================	
Epoch 99:	
  time to learn 1 sample = 0.26520258334413ms	
  time to learn all 1320420 samples = 350178.79509926ms	
================================	
ConfusionMatrix:
[[  410761  249525]   62.210% 	[class: 1]
 [  308599  351535]]  53.252% 	[class: 2]
 + average row correct: 57.730811834335% 
 + average rowUcol correct (VOC measure): 40.519964694977% 
 + global correct: 57.731327910816%
Saving current network state...	
Saved.	
================================	
Epoch 100:	
  time to learn 1 sample = 0.26762661661105ms	
  time to learn all 1320420 samples = 353379.53710556ms	
================================	
ConfusionMatrix:
[[  410761  249525]   62.210% 	[class: 1]
 [  308599  351535]]  53.252% 	[class: 2]
 + average row correct: 57.730811834335% 
 + average rowUcol correct (VOC measure): 40.519964694977% 
 + global correct: 57.731327910816%
Saving current network state...	
Saved.	
================================	
Epoch 101:	
  time to learn 1 sample = 0.26523351048176ms	
  time to learn all 1320420 samples = 350219.63191032ms	
================================	
ConfusionMatrix:
[[  410761  249525]   62.210% 	[class: 1]
 [  308599  351535]]  53.252% 	[class: 2]
 + average row correct: 57.730811834335% 
 + average rowUcol correct (VOC measure): 40.519964694977% 
 + global correct: 57.731327910816%
Saving current network state...	
Saved.	
================================	
Epoch 102:	
  time to learn 1 sample = 0.26522439008003ms	
  time to learn all 1320420 samples = 350207.58914948ms	
================================	
ConfusionMatrix:
[[  410761  249525]   62.210% 	[class: 1]
 [  308599  351535]]  53.252% 	[class: 2]
 + average row correct: 57.730811834335% 
 + average rowUcol correct (VOC measure): 40.519964694977% 
 + global correct: 57.731327910816%
Saving current network state...	
Saved.	
================================	
Epoch 103:	
  time to learn 1 sample = 0.2652253647574ms	
  time to learn all 1320420 samples = 350208.87613297ms	
================================	
ConfusionMatrix:
[[  410761  249525]   62.210% 	[class: 1]
 [  308599  351535]]  53.252% 	[class: 2]
 + average row correct: 57.730811834335% 
 + average rowUcol correct (VOC measure): 40.519964694977% 
 + global correct: 57.731327910816%
Saving current network state...	
Saved.	
================================	
Epoch 104:	
  time to learn 1 sample = 0.26530718493199ms	
  time to learn all 1320420 samples = 350316.9131279ms	
================================	
ConfusionMatrix:
[[  410761  249525]   62.210% 	[class: 1]
 [  308599  351535]]  53.252% 	[class: 2]
 + average row correct: 57.730811834335% 
 + average rowUcol correct (VOC measure): 40.519964694977% 
 + global correct: 57.731327910816%
Saving current network state...	
Saved.	
================================	
Epoch 105:	
  time to learn 1 sample = 0.2670431324509ms	
  time to learn all 1320420 samples = 352609.09295082ms	
================================	
ConfusionMatrix:
[[  410761  249525]   62.210% 	[class: 1]
 [  308599  351535]]  53.252% 	[class: 2]
 + average row correct: 57.730811834335% 
 + average rowUcol correct (VOC measure): 40.519964694977% 
 + global correct: 57.731327910816%
Saving current network state...	
Saved.	
================================	
Epoch 106:	
  time to learn 1 sample = 0.26671412268428ms	
  time to learn all 1320420 samples = 352174.66187477ms	
================================	
ConfusionMatrix:
[[  410761  249525]   62.210% 	[class: 1]
 [  308599  351535]]  53.252% 	[class: 2]
 + average row correct: 57.730811834335% 
 + average rowUcol correct (VOC measure): 40.519964694977% 
 + global correct: 57.731327910816%
Saving current network state...	
Saved.	
================================	
Epoch 107:	
  time to learn 1 sample = 0.26674178073451ms	
  time to learn all 1320420 samples = 352211.18211746ms	
================================	
ConfusionMatrix:
[[  410761  249525]   62.210% 	[class: 1]
 [  308599  351535]]  53.252% 	[class: 2]
 + average row correct: 57.730811834335% 
 + average rowUcol correct (VOC measure): 40.519964694977% 
 + global correct: 57.731327910816%
Saving current network state...	
Saved.	
================================	
Epoch 108:	
  time to learn 1 sample = 0.26631563889713ms	
  time to learn all 1320420 samples = 351648.49591255ms	
================================	
ConfusionMatrix:
[[  410761  249525]   62.210% 	[class: 1]
 [  308599  351535]]  53.252% 	[class: 2]
 + average row correct: 57.730811834335% 
 + average rowUcol correct (VOC measure): 40.519964694977% 
 + global correct: 57.731327910816%
Saving current network state...	
Saved.	
================================	
Epoch 109:	
  time to learn 1 sample = 0.26635479012332ms	
  time to learn all 1320420 samples = 351700.19197464ms	
================================	
ConfusionMatrix:
[[  410762  249524]   62.210% 	[class: 1]
 [  308599  351535]]  53.252% 	[class: 2]
 + average row correct: 57.730886340141% 
 + average rowUcol correct (VOC measure): 40.520036220551% 
 + global correct: 57.731403644295%
Saving current network state...	
Saved.	
================================	
Epoch 110:	
  time to learn 1 sample = 0.2642505301195ms	
  time to learn all 1320420 samples = 348921.68498039ms	
================================	
ConfusionMatrix:
[[  410761  249525]   62.210% 	[class: 1]
 [  308599  351535]]  53.252% 	[class: 2]
 + average row correct: 57.730811834335% 
 + average rowUcol correct (VOC measure): 40.519964694977% 
 + global correct: 57.731327910816%
Saving current network state...	
Saved.	
================================	
Epoch 111:	
  time to learn 1 sample = 0.2636174641686ms	
  time to learn all 1320420 samples = 348085.77203751ms	
================================	
ConfusionMatrix:
[[  410761  249525]   62.210% 	[class: 1]
 [  308599  351535]]  53.252% 	[class: 2]
 + average row correct: 57.730811834335% 
 + average rowUcol correct (VOC measure): 40.519964694977% 
 + global correct: 57.731327910816%
Saving current network state...	
Saved.	
================================	
Epoch 112:	
  time to learn 1 sample = 0.25052948076483ms	
  time to learn all 1320420 samples = 330804.1369915ms	
================================	
ConfusionMatrix:
[[  410761  249525]   62.210% 	[class: 1]
 [  308599  351535]]  53.252% 	[class: 2]
 + average row correct: 57.730811834335% 
 + average rowUcol correct (VOC measure): 40.519964694977% 
 + global correct: 57.731327910816%
Saving current network state...	
Saved.	
================================	
Epoch 113:	
  time to learn 1 sample = 0.27386573589505ms	
  time to learn all 1320420 samples = 361617.79499054ms	
================================	
ConfusionMatrix:
[[  410761  249525]   62.210% 	[class: 1]
 [  308599  351535]]  53.252% 	[class: 2]
 + average row correct: 57.730811834335% 
 + average rowUcol correct (VOC measure): 40.519964694977% 
 + global correct: 57.731327910816%
Saving current network state...	
Saved.	
================================	
Epoch 114:	
  time to learn 1 sample = 0.26529723863655ms	
  time to learn all 1320420 samples = 350303.77984047ms	
================================	
ConfusionMatrix:
[[  410761  249525]   62.210% 	[class: 1]
 [  308599  351535]]  53.252% 	[class: 2]
 + average row correct: 57.730811834335% 
 + average rowUcol correct (VOC measure): 40.519964694977% 
 + global correct: 57.731327910816%
Saving current network state...	
Saved.	
================================	
Epoch 115:	
  time to learn 1 sample = 0.26531330709035ms	
  time to learn all 1320420 samples = 350324.99694824ms	
================================	
ConfusionMatrix:
[[  410761  249525]   62.210% 	[class: 1]
 [  308599  351535]]  53.252% 	[class: 2]
 + average row correct: 57.730811834335% 
 + average rowUcol correct (VOC measure): 40.519964694977% 
 + global correct: 57.731327910816%
Saving current network state...	
Saved.	
================================	
Epoch 116:	
  time to learn 1 sample = 0.26523574693116ms	
  time to learn all 1320420 samples = 350222.58496284ms	
================================	
ConfusionMatrix:
[[  410761  249525]   62.210% 	[class: 1]
 [  308599  351535]]  53.252% 	[class: 2]
 + average row correct: 57.730811834335% 
 + average rowUcol correct (VOC measure): 40.519964694977% 
 + global correct: 57.731327910816%
Saving current network state...	
Saved.	
slurmstepd: error: *** JOB 2502807 ON node106 CANCELLED AT 2017-04-26T10:42:38 ***
