TRAINING DNN MODEL FOR LANGUAGE english
[?1034hSet nb of threads to 16	
Setting up training dataset...	
Done setting up dataset with 1320420 datapoints across 1908 utterances.	
Setting up neural network...	
Done setting up neural network.	
Using model:	
nn.Sequential {
  [input -> (1) -> (2) -> (3) -> (4) -> (5) -> (6) -> (7) -> (8) -> (9) -> (10) -> output]
  (1): nn.Linear(429 -> 1024)
  (2): nn.Add
  (3): nn.ReLU
  (4): nn.Dropout(0.500000)
  (5): nn.Linear(1024 -> 1024)
  (6): nn.Add
  (7): nn.ReLU
  (8): nn.Dropout(0.500000)
  (9): nn.Linear(1024 -> 2)
  (10): nn.LogSoftMax
}
Convert network to CUDA	
Training neural network using minibatch size 256...	
Convert criterion to CUDA	
================================	
Epoch 1:	
  time to learn 1 sample = 0.29572790092745ms	
  time to learn all 1320420 samples = 390485.03494263ms	
================================	
ConfusionMatrix:
[[  384013  276273]   58.159% 	[class: 1]
 [  367343  292791]]  44.353% 	[class: 2]
 + average row correct: 51.255927979946% 
 + average rowUcol correct (VOC measure): 34.318165481091% 
 + global correct: 51.256721346238%
Saving current network state...	
Saved.	
================================	
Epoch 2:	
  time to learn 1 sample = 0.28770212652545ms	
  time to learn all 1320420 samples = 379887.64190674ms	
================================	
ConfusionMatrix:
[[  336432  323854]   50.952% 	[class: 1]
 [  333086  327048]]  49.543% 	[class: 2]
 + average row correct: 50.247566401958% 
 + average rowUcol correct (VOC measure): 33.552332222462% 
 + global correct: 50.247648475485%
Saving current network state...	
Saved.	
================================	
Epoch 3:	
  time to learn 1 sample = 0.2827397396173ms	
  time to learn all 1320420 samples = 373335.20698547ms	
================================	
ConfusionMatrix:
[[  333174  327112]   50.459% 	[class: 1]
 [  332704  327430]]  49.601% 	[class: 2]
 + average row correct: 50.029790401459% 
 + average rowUcol correct (VOC measure): 33.359302580357% 
 + global correct: 50.029838990624%
Saving current network state...	
Saved.	
================================	
Epoch 4:	
  time to learn 1 sample = 0.2842629187503ms	
  time to learn all 1320420 samples = 375346.44317627ms	
================================	
ConfusionMatrix:
[[  300914  359372]   45.573% 	[class: 1]
 [  300366  359768]]  54.499% 	[class: 2]
 + average row correct: 50.036260485649% 
 + average rowUcol correct (VOC measure): 33.306197822094% 
 + global correct: 50.035746201966%
Saving current network state...	
Saved.	
================================	
Epoch 5:	
  time to learn 1 sample = 0.30853959724324ms	
  time to learn all 1320420 samples = 407401.85499191ms	
================================	
ConfusionMatrix:
[[  335464  324822]   50.806% 	[class: 1]
 [  334972  325162]]  49.257% 	[class: 2]
 + average row correct: 50.031414628029% 
 + average rowUcol correct (VOC measure): 33.359540998936% 
 + global correct: 50.031505127157%
Saving current network state...	
Saved.	
================================	
Epoch 6:	
  time to learn 1 sample = 0.29727241859731ms	
  time to learn all 1320420 samples = 392524.44696426ms	
================================	
ConfusionMatrix:
[[  306172  354114]   46.370% 	[class: 1]
 [  304703  355431]]  53.842% 	[class: 2]
 + average row correct: 50.105927884579% 
 + average rowUcol correct (VOC measure): 33.385913074017% 
 + global correct: 50.105496735887%
Saving current network state...	
Saved.	
================================	
Epoch 7:	
  time to learn 1 sample = 0.29838402856547ms	
  time to learn all 1320420 samples = 393992.23899841ms	
================================	
ConfusionMatrix:
[[  335435  324851]   50.801% 	[class: 1]
 [  335498  324636]]  49.177% 	[class: 2]
 + average row correct: 49.989381432533% 
 + average rowUcol correct (VOC measure): 33.321994543076% 
 + global correct: 49.989473046455%
Saving current network state...	
Saved.	
================================	
Epoch 8:	
  time to learn 1 sample = 0.29945877593945ms	
  time to learn all 1320420 samples = 395411.35692596ms	
================================	
ConfusionMatrix:
[[  321384  338902]   48.673% 	[class: 1]
 [  321405  338729]]  51.312% 	[class: 2]
 + average row correct: 49.992807209492% 
 + average rowUcol correct (VOC measure): 33.321690559387% 
 + global correct: 49.992653852562%
Saving current network state...	
Saved.	
================================	
Epoch 9:	
  time to learn 1 sample = 0.28929034560114ms	
  time to learn all 1320420 samples = 381984.75813866ms	
================================	
ConfusionMatrix:
[[  337476  322810]   51.111% 	[class: 1]
 [  338815  321319]]  48.675% 	[class: 2]
 + average row correct: 49.892696738243% 
 + average rowUcol correct (VOC measure): 33.23370963335% 
 + global correct: 49.892837127581%
Saving current network state...	
Saved.	
================================	
Epoch 10:	
  time to learn 1 sample = 0.28931083603507ms	
  time to learn all 1320420 samples = 382011.81411743ms	
================================	
ConfusionMatrix:
[[  316125  344161]   47.877% 	[class: 1]
 [  315667  344467]]  52.181% 	[class: 2]
 + average row correct: 50.029177963734% 
 + average rowUcol correct (VOC measure): 33.345401287079% 
 + global correct: 50.028930188879%
Saving current network state...	
Saved.	
================================	
Epoch 11:	
  time to learn 1 sample = 0.30377905287299ms	
  time to learn all 1320420 samples = 401115.93699455ms	
================================	
ConfusionMatrix:
[[  347194  313092]   52.582% 	[class: 1]
 [  346807  313327]]  47.464% 	[class: 2]
 + average row correct: 50.023257732391% 
 + average rowUcol correct (VOC measure): 33.334775269032% 
 + global correct: 50.023553111889%
Saving current network state...	
Saved.	
================================	
Epoch 12:	
  time to learn 1 sample = 0.29568134825628ms	
  time to learn all 1320420 samples = 390423.56586456ms	
================================	
ConfusionMatrix:
[[  299483  360803]   45.357% 	[class: 1]
 [  299859  360275]]  54.576% 	[class: 2]
 + average row correct: 49.966298043728% 
 + average rowUcol correct (VOC measure): 33.240048587322% 
 + global correct: 49.965768467609%
Saving current network state...	
Saved.	
================================	
Epoch 13:	
  time to learn 1 sample = 0.27871236352485ms	
  time to learn all 1320420 samples = 368017.37904549ms	
================================	
ConfusionMatrix:
[[  309725  350561]   46.908% 	[class: 1]
 [  309068  351066]]  53.181% 	[class: 2]
 + average row correct: 50.044363737106% 
 + average rowUcol correct (VOC measure): 33.343400061131% 
 + global correct: 50.044001151149%
Saving current network state...	
Saved.	
================================	
Epoch 14:	
  time to learn 1 sample = 0.27543822651646ms	
  time to learn all 1320420 samples = 363694.14305687ms	
================================	
ConfusionMatrix:
[[  308469  351817]   46.717% 	[class: 1]
 [  307708  352426]]  53.387% 	[class: 2]
 + average row correct: 50.052261352539% 
 + average rowUcol correct (VOC measure): 33.346609771252% 
 + global correct: 50.051877432938%
Saving current network state...	
Saved.	
================================	
Epoch 15:	
  time to learn 1 sample = 0.28038748200343ms	
  time to learn all 1320420 samples = 370229.23898697ms	
================================	
ConfusionMatrix:
[[  307949  352337]   46.639% 	[class: 1]
 [  307723  352411]]  53.385% 	[class: 2]
 + average row correct: 50.011749565601% 
 + average rowUcol correct (VOC measure): 33.309818804264% 
 + global correct: 50.011360021811%
Saving current network state...	
Saved.	
================================	
Epoch 16:	
  time to learn 1 sample = 0.27848107717177ms	
  time to learn all 1320420 samples = 367711.98391914ms	
================================	
ConfusionMatrix:
[[  329851  330435]   49.956% 	[class: 1]
 [  330088  330046]]  49.997% 	[class: 2]
 + average row correct: 49.976298213005% 
 + average rowUcol correct (VOC measure): 33.312265574932% 
 + global correct: 49.976295421154%
Saving current network state...	
Saved.	
================================	
Epoch 17:	
  time to learn 1 sample = 0.27708847645771ms	
  time to learn all 1320420 samples = 365873.16608429ms	
================================	
ConfusionMatrix:
[[  353057  307229]   53.470% 	[class: 1]
 [  351440  308694]]  46.762% 	[class: 2]
 + average row correct: 50.116318464279% 
 + average rowUcol correct (VOC measure): 33.403690159321% 
 + global correct: 50.116705290741%
Saving current network state...	
Saved.	
================================	
Epoch 18:	
  time to learn 1 sample = 0.30311136601364ms	
  time to learn all 1320420 samples = 400234.30991173ms	
================================	
ConfusionMatrix:
[[  289867  370419]   43.900% 	[class: 1]
 [  289732  370402]]  56.110% 	[class: 2]
 + average row correct: 50.00517219305% 
 + average rowUcol correct (VOC measure): 33.226899802685% 
 + global correct: 50.004468275246%
Saving current network state...	
Saved.	
================================	
Epoch 19:	
  time to learn 1 sample = 0.29857242694762ms	
  time to learn all 1320420 samples = 394241.00399017ms	
================================	
ConfusionMatrix:
[[  317844  342442]   48.137% 	[class: 1]
 [  317567  342567]]  51.894% 	[class: 2]
 + average row correct: 50.015439093113% 
 + average rowUcol correct (VOC measure): 33.33647698164% 
 + global correct: 50.015222429227%
Saving current network state...	
Saved.	
================================	
Epoch 20:	
  time to learn 1 sample = 0.27787127509763ms	
  time to learn all 1320420 samples = 366906.78906441ms	
================================	
ConfusionMatrix:
[[  310720  349566]   47.058% 	[class: 1]
 [  310367  349767]]  52.984% 	[class: 2]
 + average row correct: 50.02131909132% 
 + average rowUcol correct (VOC measure): 33.326062560081% 
 + global correct: 50.020978173611%
Saving current network state...	
Saved.	
================================	
Epoch 21:	
  time to learn 1 sample = 0.30865884499264ms	
  time to learn all 1320420 samples = 407559.31210518ms	
================================	
ConfusionMatrix:
[[  294656  365630]   44.626% 	[class: 1]
 [  293621  366513]]  55.521% 	[class: 2]
 + average row correct: 50.073255598545% 
 + average rowUcol correct (VOC measure): 33.310058712959% 
 + global correct: 50.072628406113%
Saving current network state...	
Saved.	
================================	
Epoch 22:	
  time to learn 1 sample = 0.28414771741064ms	
  time to learn all 1320420 samples = 375194.32902336ms	
================================	
ConfusionMatrix:
[[  330825  329461]   50.103% 	[class: 1]
 [  330433  329701]]  49.945% 	[class: 2]
 + average row correct: 50.023922324181% 
 + average rowUcol correct (VOC measure): 33.354587852955% 
 + global correct: 50.023931779282%
Saving current network state...	
Saved.	
================================	
Epoch 23:	
  time to learn 1 sample = 0.28522749742775ms	
  time to learn all 1320420 samples = 376620.09215355ms	
================================	
ConfusionMatrix:
[[  312374  347912]   47.309% 	[class: 1]
 [  312806  347328]]  52.615% 	[class: 2]
 + average row correct: 49.961832165718% 
 + average rowUcol correct (VOC measure): 33.278374373913% 
 + global correct: 49.961527392799%
Saving current network state...	
Saved.	
================================	
Epoch 24:	
  time to learn 1 sample = 0.27932229434019ms	
  time to learn all 1320420 samples = 368822.74389267ms	
================================	
ConfusionMatrix:
[[  329387  330899]   49.886% 	[class: 1]
 [  329841  330293]]  50.034% 	[class: 2]
 + average row correct: 49.959871172905% 
 + average rowUcol correct (VOC measure): 33.297650516033% 
 + global correct: 49.959861256267%
Saving current network state...	
Saved.	
================================	
Epoch 25:	
  time to learn 1 sample = 0.27768573032813ms	
  time to learn all 1320420 samples = 366661.79203987ms	
================================	
ConfusionMatrix:
[[  277558  382728]   42.036% 	[class: 1]
 [  276473  383661]]  58.119% 	[class: 2]
 + average row correct: 50.077340006828% 
 + average rowUcol correct (VOC measure): 33.209422230721% 
 + global correct: 50.07641508005%
Saving current network state...	
Saved.	
================================	
Epoch 26:	
  time to learn 1 sample = 0.27699198809293ms	
  time to learn all 1320420 samples = 365745.76091766ms	
================================	
ConfusionMatrix:
[[  299435  360851]   45.349% 	[class: 1]
 [  300118  360016]]  54.537% 	[class: 2]
 + average row correct: 49.943047761917% 
 + average rowUcol correct (VOC measure): 33.219829201698% 
 + global correct: 49.942518289635%
Saving current network state...	
Saved.	
================================	
Epoch 27:	
  time to learn 1 sample = 0.27790548612879ms	
  time to learn all 1320420 samples = 366951.96199417ms	
================================	
ConfusionMatrix:
[[  307010  353276]   46.497% 	[class: 1]
 [  305817  354317]]  53.673% 	[class: 2]
 + average row correct: 50.085006654263% 
 + average rowUcol correct (VOC measure): 33.370517194271% 
 + global correct: 50.084594295754%
Saving current network state...	
Saved.	
================================	
Epoch 28:	
  time to learn 1 sample = 0.27839354832736ms	
  time to learn all 1320420 samples = 367596.40908241ms	
================================	
ConfusionMatrix:
[[  340789  319497]   51.612% 	[class: 1]
 [  341700  318434]]  48.238% 	[class: 2]
 + average row correct: 49.925056099892% 
 + average rowUcol correct (VOC measure): 33.258427679539% 
 + global correct: 49.925251056482%
Saving current network state...	
Saved.	
================================	
Epoch 29:	
  time to learn 1 sample = 0.27743166797866ms	
  time to learn all 1320420 samples = 366326.32303238ms	
================================	
ConfusionMatrix:
[[  325760  334526]   49.336% 	[class: 1]
 [  325526  334608]]  50.688% 	[class: 2]
 + average row correct: 50.012044608593% 
 + average rowUcol correct (VOC measure): 33.34264010191% 
 + global correct: 50.011965889641%
Saving current network state...	
Saved.	
================================	
Epoch 30:	
  time to learn 1 sample = 0.30106231196705ms	
  time to learn all 1320420 samples = 397528.69796753ms	
================================	
ConfusionMatrix:
[[  302382  357904]   45.796% 	[class: 1]
 [  302831  357303]]  54.126% 	[class: 2]
 + average row correct: 49.960719048977% 
 + average rowUcol correct (VOC measure): 33.246701955795% 
 + global correct: 49.960239923661%
Saving current network state...	
Saved.	
================================	
Epoch 31:	
  time to learn 1 sample = 0.29304286809275ms	
  time to learn all 1320420 samples = 386939.66388702ms	
================================	
ConfusionMatrix:
[[  305184  355102]   46.220% 	[class: 1]
 [  304926  355208]]  53.808% 	[class: 2]
 + average row correct: 50.014220178127% 
 + average rowUcol correct (VOC measure): 33.303032815456% 
 + global correct: 50.013783493131%
Saving current network state...	
Saved.	
================================	
Epoch 32:	
  time to learn 1 sample = 0.2785917868341ms	
  time to learn all 1320420 samples = 367858.16717148ms	
================================	
ConfusionMatrix:
[[  336318  323968]   50.935% 	[class: 1]
 [  335464  324670]]  49.182% 	[class: 2]
 + average row correct: 50.058820843697% 
 + average rowUcol correct (VOC measure): 33.383421599865% 
 + global correct: 50.058920646461%
Saving current network state...	
Saved.	
================================	
Epoch 33:	
  time to learn 1 sample = 0.31451955743488ms	
  time to learn all 1320420 samples = 415297.91402817ms	
================================	
ConfusionMatrix:
[[  326716  333570]   49.481% 	[class: 1]
 [  326573  333561]]  50.529% 	[class: 2]
 + average row correct: 50.005136430264% 
 + average rowUcol correct (VOC measure): 33.337047696114% 
 + global correct: 50.005074143076%
Saving current network state...	
Saved.	
================================	
Epoch 34:	
  time to learn 1 sample = 0.29095448875754ms	
  time to learn all 1320420 samples = 384182.12604523ms	
================================	
ConfusionMatrix:
[[  303148  357138]   45.912% 	[class: 1]
 [  303365  356769]]  54.045% 	[class: 2]
 + average row correct: 49.978278577328% 
 + average rowUcol correct (VOC measure): 33.264714479446% 
 + global correct: 49.977810090729%
Saving current network state...	
Saved.	
================================	
Epoch 35:	
  time to learn 1 sample = 0.27721970724963ms	
  time to learn all 1320420 samples = 366046.44584656ms	
================================	
ConfusionMatrix:
[[  288993  371293]   43.768% 	[class: 1]
 [  287747  372387]]  56.411% 	[class: 2]
 + average row correct: 50.089335441589% 
 + average rowUcol correct (VOC measure): 33.2937464118% 
 + global correct: 50.088608170128%
Saving current network state...	
Saved.	
================================	
Epoch 36:	
  time to learn 1 sample = 0.27577055556691ms	
  time to learn all 1320420 samples = 364132.95698166ms	
================================	
ConfusionMatrix:
[[  319333  340953]   48.363% 	[class: 1]
 [  319610  340524]]  51.584% 	[class: 2]
 + average row correct: 49.973450601101% 
 + average rowUcol correct (VOC measure): 33.301942050457% 
 + global correct: 49.973266082004%
Saving current network state...	
Saved.	
slurmstepd: error: *** JOB 2508527 ON node103 CANCELLED AT 2017-04-26T18:15:51 ***
