EVALUATING DNN MODEL
EVALUATING NETWORK WITH MODEL NAME 1k_1k_512_64_1k_es
[?1034hSet nb of threads to 16	
Setting up evaluation dataset...	
Loading neural network /pool001/atitus/FastLID-DNN/models/1k_1k_512_64_1k_es...	
Loaded neural network /pool001/atitus/FastLID-DNN/models/1k_1k_512_64_1k_es	
Using model:	
nn.Sequential {
  [input -> (1) -> (2) -> (3) -> (4) -> (5) -> (6) -> (7) -> (8) -> (9) -> (10) -> (11) -> (12) -> (13) -> (14) -> (15) -> (16) -> (17) -> output]
  (1): nn.Linear(819 -> 1024)
  (2): nn.Add
  (3): nn.ReLU
  (4): nn.Linear(1024 -> 1024)
  (5): nn.Add
  (6): nn.ReLU
  (7): nn.Linear(1024 -> 512)
  (8): nn.Add
  (9): nn.ReLU
  (10): nn.Linear(512 -> 64)
  (11): nn.Add
  (12): nn.ReLU
  (13): nn.Linear(64 -> 1024)
  (14): nn.Add
  (15): nn.ReLU
  (16): nn.Linear(1024 -> 4)
  (17): nn.LogSoftMax
}
Convert network to CUDA	
Reading dataset...	
Done setting up dataset with 105781 datapoints across 359 utterances.	
Utterances per language:	
 91
 88
 88
 92
[torch.DoubleTensor of size 4]

Testing neural network...	
Convert input tensor to CUDA	
================================	
Frame-Level Testing:	
  time to evaluate 1 sample = 1.1738895543884ms	
  time to evaluate all 105781 samples = 124175.21095276ms	
  FER: 0.29112978701279	
================================	
ConfusionMatrix:
[[   10916    4524    3946    7189]   41.076% 	[class: 1]
 [    5089   15261    2271    3713]   57.952% 	[class: 2]
 [     838     453   24444     591]   92.851% 	[class: 3]
 [    1532     374     276   24364]]  91.780% 	[class: 4]
 + average row correct: 70.914842933416% 
 + average rowUcol correct (VOC measure): 54.692462831736% 
 + global correct: 70.887021298721%
Incorrectly classified 1 utterance 01eq as 4	
Incorrectly classified 1 utterance 01er as 4	
Incorrectly classified 1 utterance 01fg as 2	
Incorrectly classified 1 utterance 01fz as 4	
Incorrectly classified 2 utterance 01gt as 1	
Incorrectly classified 1 utterance 01h1 as 4	
Incorrectly classified 1 utterance 01hh as 2	
Incorrectly classified 1 utterance 01ip as 4	
Incorrectly classified 1 utterance 01it as 4	
Incorrectly classified 2 utterance 01j3 as 1	
Incorrectly classified 1 utterance 01j6 as 2	
Incorrectly classified 2 utterance 01j7 as 1	
Incorrectly classified 2 utterance 01jc as 1	
Incorrectly classified 1 utterance 01ji as 4	
Incorrectly classified 1 utterance 01jp as 3	
Incorrectly classified 2 utterance 01k7 as 1	
Incorrectly classified 1 utterance 01kw as 4	
Incorrectly classified 1 utterance 01l0 as 3	
Incorrectly classified 1 utterance 01l3 as 4	
Incorrectly classified 1 utterance 01l8 as 4	
Incorrectly classified 1 utterance 01lr as 4	
Incorrectly classified 2 utterance 01mb as 1	
Incorrectly classified 1 utterance 01n9 as 4	
Incorrectly classified 2 utterance 01nh as 1	
Incorrectly classified 1 utterance 01oc as 4	
Incorrectly classified 1 utterance 01oe as 4	
Incorrectly classified 2 utterance 01op as 1	
Incorrectly classified 1 utterance 01oy as 2	
Incorrectly classified 1 utterance 01p3 as 2	
Incorrectly classified 2 utterance 01pz as 1	
Incorrectly classified 2 utterance 01qq as 3	
Incorrectly classified 2 utterance 01s0 as 3	
Incorrectly classified 2 utterance 01v2 as 4	
Incorrectly classified 2 utterance 01xr as 1	
Incorrectly classified 2 utterance 01yr as 4	
Incorrectly classified 2 utterance 01z4 as 1	
Incorrectly classified 2 utterance 0204 as 1	
Incorrectly classified 2 utterance 0223 as 1	
Incorrectly classified 2 utterance 022v as 1	
Incorrectly classified 2 utterance 0239 as 1	
Incorrectly classified 2 utterance 023y as 1	
Incorrectly classified 2 utterance 024q as 1	
Incorrectly classified 2 utterance 026a as 1	
Incorrectly classified 2 utterance 028f as 4	
Incorrectly classified 2 utterance 02b7 as 1	
Incorrectly classified 2 utterance 02bf as 1	
Incorrectly classified 2 utterance 02cc as 4	
Incorrectly classified 2 utterance 02fw as 1	
Incorrectly classified 2 utterance 02gb as 1	
Incorrectly classified 4 utterance 02hi as 2	
Incorrectly classified 2 utterance 02jq as 1	
Incorrectly classified 2 utterance 02jr as 4	
Incorrectly classified 2 utterance 02kb as 1	
Incorrectly classified 2 utterance 02kv as 1	
Incorrectly classified 2 utterance 02lg as 1	
Incorrectly classified 2 utterance 02lw as 1	
Incorrectly classified 2 utterance 02nn as 3	
Incorrectly classified 3 utterance 02pk as 1	
Incorrectly classified 2 utterance 02q0 as 1	
Incorrectly classified 2 utterance 02qg as 3	
Incorrectly classified 2 utterance 02rp as 4	
Incorrectly classified 2 utterance 01vv as 1	
Incorrectly classified 4 utterance 01yr as 1	
================================	
Utterance-Level Testing:	
  time to evaluate 1 utterance = 0.18719179052496ms	
  time to evaluate all 359 utterances = 67.201852798462ms	
  UER: 0.17548746518106	
================================	
ConfusionMatrix:
[[      71       5       2      14]   77.174% 	[class: 1]
 [      29      49       4       6]   55.682% 	[class: 2]
 [       1       0      86       0]   98.851% 	[class: 3]
 [       1       1       0      90]]  97.826% 	[class: 4]
 + average row correct: 82.383097708225% 
 + average rowUcol correct (VOC measure): 70.670373737812% 
 + global correct: 82.451253481894%
Done evaluating neural network.	
COMPLETED EVALUATION
