EVALUATING DNN MODEL
EVALUATING NETWORK WITH MODEL NAME 1k_1k_64_1k_es_wd0.0005
[?1034hSet nb of threads to 16	
Setting up evaluation dataset...	
Loading neural network /pool001/atitus/FastLID-DNN/models/1k_1k_64_1k_es_wd0.0005...	
Loaded neural network /pool001/atitus/FastLID-DNN/models/1k_1k_64_1k_es_wd0.0005	
Using model:	
nn.Sequential {
  [input -> (1) -> (2) -> (3) -> (4) -> (5) -> (6) -> (7) -> (8) -> (9) -> (10) -> (11) -> (12) -> (13) -> (14) -> output]
  (1): nn.Linear(819 -> 1024)
  (2): nn.Add
  (3): nn.ReLU
  (4): nn.Linear(1024 -> 2048)
  (5): nn.Add
  (6): nn.ReLU
  (7): nn.Linear(2048 -> 1024)
  (8): nn.Add
  (9): nn.ReLU
  (10): nn.Linear(1024 -> 512)
  (11): nn.Add
  (12): nn.ReLU
  (13): nn.Linear(512 -> 4)
  (14): nn.LogSoftMax
}
Convert network to CUDA	
Reading dataset...	
Done setting up dataset with 105781 datapoints across 359 utterances.	
Utterances per language:	
 91
 88
 88
 92
[torch.DoubleTensor of size 4]

Testing neural network...	
Convert input tensor to CUDA	
================================	
Frame-Level Testing:	
  time to evaluate 1 sample = 1.2158845548134ms	
  time to evaluate all 105781 samples = 128617.48409271ms	
  FER: 0.30178387423072	
================================	
ConfusionMatrix:
[[    9483    4807    4932    7353]   35.684% 	[class: 1]
 [    4754   15269    2448    3863]   57.982% 	[class: 2]
 [     641     514   24769     402]   94.086% 	[class: 3]
 [     956     617     636   24337]]  91.679% 	[class: 4]
 + average row correct: 69.857569038868% 
 + average rowUcol correct (VOC measure): 53.002109378576% 
 + global correct: 69.821612576928%
Incorrectly classified 1 utterance 01eq as 4	
Incorrectly classified 1 utterance 01er as 4	
Incorrectly classified 1 utterance 01et as 3	
Incorrectly classified 1 utterance 01fg as 2	
Incorrectly classified 1 utterance 01fz as 4	
Incorrectly classified 2 utterance 01gt as 1	
Incorrectly classified 1 utterance 01gz as 3	
Incorrectly classified 1 utterance 01h1 as 4	
Incorrectly classified 1 utterance 01h6 as 4	
Incorrectly classified 1 utterance 01hh as 2	
Incorrectly classified 1 utterance 01hk as 4	
Incorrectly classified 1 utterance 01hz as 3	
Incorrectly classified 1 utterance 01i4 as 3	
Incorrectly classified 1 utterance 01id as 3	
Incorrectly classified 1 utterance 01ih as 4	
Incorrectly classified 1 utterance 01is as 3	
Incorrectly classified 1 utterance 01it as 4	
Incorrectly classified 1 utterance 01iz as 3	
Incorrectly classified 1 utterance 01j0 as 3	
Incorrectly classified 1 utterance 01j2 as 3	
Incorrectly classified 2 utterance 01j3 as 1	
Incorrectly classified 1 utterance 01j5 as 4	
Incorrectly classified 1 utterance 01j6 as 4	
Incorrectly classified 1 utterance 01j8 as 4	
Incorrectly classified 1 utterance 01j9 as 3	
Incorrectly classified 1 utterance 01ja as 3	
Incorrectly classified 2 utterance 01jc as 3	
Incorrectly classified 1 utterance 01ji as 4	
Incorrectly classified 1 utterance 01jo as 4	
Incorrectly classified 1 utterance 01jp as 3	
Incorrectly classified 1 utterance 01k3 as 4	
Incorrectly classified 2 utterance 01k7 as 1	
Incorrectly classified 1 utterance 01ko as 3	
Incorrectly classified 1 utterance 01kw as 4	
Incorrectly classified 1 utterance 01l0 as 3	
Incorrectly classified 1 utterance 01l3 as 4	
Incorrectly classified 1 utterance 01l7 as 4	
Incorrectly classified 1 utterance 01l8 as 4	
Incorrectly classified 1 utterance 01lr as 4	
Incorrectly classified 2 utterance 01mb as 1	
Incorrectly classified 2 utterance 01mk as 4	
Incorrectly classified 1 utterance 01n9 as 4	
Incorrectly classified 2 utterance 01nh as 3	
Incorrectly classified 1 utterance 01nk as 4	
Incorrectly classified 1 utterance 01oc as 4	
Incorrectly classified 1 utterance 01oe as 4	
Incorrectly classified 1 utterance 01ok as 4	
Incorrectly classified 2 utterance 01op as 3	
Incorrectly classified 1 utterance 01os as 4	
Incorrectly classified 1 utterance 01ov as 4	
Incorrectly classified 1 utterance 01ow as 4	
Incorrectly classified 1 utterance 01oy as 2	
Incorrectly classified 1 utterance 01p0 as 4	
Incorrectly classified 1 utterance 01p2 as 3	
Incorrectly classified 1 utterance 01p3 as 4	
Incorrectly classified 1 utterance 01p5 as 4	
Incorrectly classified 2 utterance 01pz as 4	
Incorrectly classified 2 utterance 01qq as 3	
Incorrectly classified 2 utterance 01s0 as 3	
Incorrectly classified 2 utterance 01v2 as 4	
Incorrectly classified 2 utterance 01xo as 4	
Incorrectly classified 2 utterance 01xr as 1	
Incorrectly classified 2 utterance 01yr as 4	
Incorrectly classified 2 utterance 01z4 as 1	
Incorrectly classified 2 utterance 0204 as 4	
Incorrectly classified 2 utterance 0223 as 4	
Incorrectly classified 2 utterance 022v as 1	
Incorrectly classified 2 utterance 0239 as 1	
Incorrectly classified 2 utterance 023y as 1	
Incorrectly classified 2 utterance 024a as 3	
Incorrectly classified 2 utterance 024q as 1	
Incorrectly classified 2 utterance 025b as 4	
Incorrectly classified 2 utterance 026a as 1	
Incorrectly classified 2 utterance 028f as 4	
Incorrectly classified 2 utterance 02b7 as 4	
Incorrectly classified 2 utterance 02bf as 1	
Incorrectly classified 2 utterance 02cc as 1	
Incorrectly classified 2 utterance 02fw as 1	
Incorrectly classified 2 utterance 02gb as 4	
Incorrectly classified 2 utterance 02hz as 4	
Incorrectly classified 2 utterance 02jq as 4	
Incorrectly classified 2 utterance 02jr as 4	
Incorrectly classified 2 utterance 02kb as 1	
Incorrectly classified 2 utterance 02kv as 1	
Incorrectly classified 2 utterance 02lg as 3	
Incorrectly classified 2 utterance 02lw as 1	
Incorrectly classified 2 utterance 02nn as 3	
Incorrectly classified 3 utterance 02pk as 1	
Incorrectly classified 2 utterance 02qg as 3	
Incorrectly classified 2 utterance 02rp as 4	
Incorrectly classified 2 utterance 01vv as 4	
Incorrectly classified 4 utterance 01yr as 1	
================================	
Utterance-Level Testing:	
  time to evaluate 1 utterance = 0.24789422335399ms	
  time to evaluate all 359 utterances = 88.994026184082ms	
  UER: 0.25626740947075	
================================	
ConfusionMatrix:
[[      44       3      15      30]   47.826% 	[class: 1]
 [      17      46       9      16]   52.273% 	[class: 2]
 [       1       0      86       0]   98.851% 	[class: 3]
 [       1       0       0      91]]  98.913% 	[class: 4]
 + average row correct: 74.465607106686% 
 + average rowUcol correct (VOC measure): 58.40215086937% 
 + global correct: 74.373259052925%
Done evaluating neural network.	
COMPLETED EVALUATION
