EVALUATING DNN MODEL
EVALUATING NETWORK WITH MODEL NAME 1k_1k_256_1k_Adam_e100_b128_es
[?1034hSet nb of threads to 16	
Setting up evaluation dataset...	
Loading neural network /pool001/atitus/FastLID-DNN/models/1k_1k_256_1k_Adam_e100_b128_es...	
Loaded neural network /pool001/atitus/FastLID-DNN/models/1k_1k_256_1k_Adam_e100_b128_es	
Using model:	
nn.Sequential {
  [input -> (1) -> (2) -> (3) -> (4) -> (5) -> (6) -> (7) -> (8) -> (9) -> (10) -> (11) -> (12) -> (13) -> (14) -> output]
  (1): nn.Linear(819 -> 1024)
  (2): nn.Add
  (3): nn.ReLU
  (4): nn.Linear(1024 -> 1024)
  (5): nn.Add
  (6): nn.ReLU
  (7): nn.Linear(1024 -> 256)
  (8): nn.Add
  (9): nn.ReLU
  (10): nn.Linear(256 -> 1024)
  (11): nn.Add
  (12): nn.ReLU
  (13): nn.Linear(1024 -> 4)
  (14): nn.LogSoftMax
}
Convert network to CUDA	
Reading dataset...	
Done setting up dataset with 105781 datapoints across 359 utterances.	
Utterances per language:	
 91
 88
 88
 92
[torch.DoubleTensor of size 4]

Testing neural network...	
Convert input tensor to CUDA	
================================	
Frame-Level Testing:	
  time to evaluate 1 sample = 1.0661664096861ms	
  time to evaluate all 105781 samples = 112780.148983ms	
  FER: 0.33754644028701	
================================	
ConfusionMatrix:
[[   11338    3738    4790    6709]   42.664% 	[class: 1]
 [    6097   13409    2800    4028]   50.919% 	[class: 2]
 [    1834     419   23317     756]   88.570% 	[class: 3]
 [    3169     638     728   22011]]  82.916% 	[class: 4]
 + average row correct: 66.267451643944% 
 + average rowUcol correct (VOC measure): 49.584673345089% 
 + global correct: 66.245355971299%
Incorrectly classified 1 utterance 01eq as 4	
Incorrectly classified 1 utterance 01et as 2	
Incorrectly classified 1 utterance 01fg as 2	
Incorrectly classified 2 utterance 01gt as 1	
Incorrectly classified 1 utterance 01h1 as 4	
Incorrectly classified 1 utterance 01i4 as 3	
Incorrectly classified 1 utterance 01j0 as 3	
Incorrectly classified 2 utterance 01j3 as 1	
Incorrectly classified 1 utterance 01j5 as 4	
Incorrectly classified 1 utterance 01j6 as 2	
Incorrectly classified 1 utterance 01j9 as 3	
Incorrectly classified 2 utterance 01jc as 1	
Incorrectly classified 1 utterance 01jf as 3	
Incorrectly classified 1 utterance 01ji as 4	
Incorrectly classified 1 utterance 01jo as 4	
Incorrectly classified 2 utterance 01k7 as 1	
Incorrectly classified 1 utterance 01kp as 2	
Incorrectly classified 1 utterance 01l0 as 3	
Incorrectly classified 1 utterance 01l3 as 4	
Incorrectly classified 1 utterance 01l8 as 4	
Incorrectly classified 1 utterance 01lq as 2	
Incorrectly classified 1 utterance 01lr as 4	
Incorrectly classified 2 utterance 01mb as 1	
Incorrectly classified 1 utterance 01mg as 4	
Incorrectly classified 2 utterance 01mk as 3	
Incorrectly classified 1 utterance 01n9 as 4	
Incorrectly classified 2 utterance 01nh as 1	
Incorrectly classified 1 utterance 01oc as 4	
Incorrectly classified 1 utterance 01ok as 4	
Incorrectly classified 2 utterance 01op as 1	
Incorrectly classified 1 utterance 01oy as 2	
Incorrectly classified 1 utterance 01p2 as 4	
Incorrectly classified 1 utterance 01p3 as 4	
Incorrectly classified 1 utterance 01p4 as 4	
Incorrectly classified 2 utterance 01pz as 1	
Incorrectly classified 2 utterance 01qq as 3	
Incorrectly classified 2 utterance 01s0 as 3	
Incorrectly classified 2 utterance 01v2 as 4	
Incorrectly classified 2 utterance 01xr as 1	
Incorrectly classified 2 utterance 01yr as 4	
Incorrectly classified 2 utterance 01z4 as 1	
Incorrectly classified 2 utterance 0204 as 4	
Incorrectly classified 2 utterance 0223 as 4	
Incorrectly classified 2 utterance 022v as 1	
Incorrectly classified 2 utterance 0239 as 1	
Incorrectly classified 2 utterance 024a as 3	
Incorrectly classified 2 utterance 024q as 1	
Incorrectly classified 2 utterance 025b as 4	
Incorrectly classified 2 utterance 026a as 1	
Incorrectly classified 2 utterance 028f as 4	
Incorrectly classified 2 utterance 02b7 as 1	
Incorrectly classified 2 utterance 02bf as 3	
Incorrectly classified 2 utterance 02cc as 1	
Incorrectly classified 2 utterance 02fw as 1	
Incorrectly classified 2 utterance 02gb as 1	
Incorrectly classified 4 utterance 02hi as 1	
Incorrectly classified 2 utterance 02jq as 1	
Incorrectly classified 2 utterance 02jr as 4	
Incorrectly classified 2 utterance 02kb as 1	
Incorrectly classified 2 utterance 02kv as 1	
Incorrectly classified 2 utterance 02lg as 3	
Incorrectly classified 2 utterance 02lw as 1	
Incorrectly classified 2 utterance 02nn as 3	
Incorrectly classified 3 utterance 02pk as 1	
Incorrectly classified 2 utterance 02qg as 3	
Incorrectly classified 2 utterance 02rp as 1	
Incorrectly classified 2 utterance 01vv as 1	
Incorrectly classified 4 utterance 01yr as 1	
================================	
Utterance-Level Testing:	
  time to evaluate 1 utterance = 0.13789957944397ms	
  time to evaluate all 359 utterances = 49.505949020386ms	
  UER: 0.18941504178273	
================================	
ConfusionMatrix:
[[      66       6       5      15]   71.739% 	[class: 1]
 [      24      49       8       7]   55.682% 	[class: 2]
 [       1       0      86       0]   98.851% 	[class: 3]
 [       2       0       0      90]]  97.826% 	[class: 4]
 + average row correct: 81.02440237999% 
 + average rowUcol correct (VOC measure): 68.134304881096% 
 + global correct: 81.058495821727%
Done evaluating neural network.	
COMPLETED EVALUATION
