TRAINING DNN MODEL FOR LANGUAGE mandarin
[?1034hSet nb of threads to 16	
Setting up training dataset...	
Done setting up dataset with 431278 datapoints across 626 utterances.	
Setting up neural network...	
Done setting up neural network.	
Using model:	
nn.Sequential {
  [input -> (1) -> (2) -> (3) -> (4) -> (5) -> (6) -> (7) -> (8) -> (9) -> (10) -> output]
  (1): nn.Linear(429 -> 1024)
  (2): nn.Add
  (3): nn.ReLU
  (4): nn.Dropout(0.500000)
  (5): nn.Linear(1024 -> 1024)
  (6): nn.Add
  (7): nn.ReLU
  (8): nn.Dropout(0.500000)
  (9): nn.Linear(1024 -> 2)
  (10): nn.LogSoftMax
}
Convert network to CUDA	
Training neural network using minibatch size 256...	
Convert criterion to CUDA	
================================	
Epoch 1:	
  time to learn 1 sample = 0.26090118940643ms	
  time to learn all 431278 samples = 112520.94316483ms	
================================	
ConfusionMatrix:
[[  114005  101866]   52.812% 	[class: 1]
 [   99540  115867]]  53.790% 	[class: 2]
 + average row correct: 53.30071747303% 
 + average rowUcol correct (VOC measure): 36.332277953625% 
 + global correct: 53.300191523797%
Saving current network state...	
Saved.	
================================	
Epoch 2:	
  time to learn 1 sample = 0.25719718138727ms	
  time to learn all 431278 samples = 110923.48599434ms	
================================	
ConfusionMatrix:
[[  105179  110692]   48.723% 	[class: 1]
 [   86993  128414]]  59.615% 	[class: 2]
 + average row correct: 54.168836772442% 
 + average rowUcol correct (VOC measure): 37.053483724594% 
 + global correct: 54.162976085031%
Saving current network state...	
Saved.	
================================	
Epoch 3:	
  time to learn 1 sample = 0.24917137432719ms	
  time to learn all 431278 samples = 107462.13197708ms	
================================	
ConfusionMatrix:
[[   81361  134510]   37.690% 	[class: 1]
 [   62750  152657]]  70.869% 	[class: 2]
 + average row correct: 54.279369115829% 
 + average rowUcol correct (VOC measure): 36.41397356987% 
 + global correct: 54.261520411428%
Saving current network state...	
Saved.	
================================	
Epoch 4:	
  time to learn 1 sample = 0.24805332542666ms	
  time to learn all 431278 samples = 106979.94208336ms	
================================	
ConfusionMatrix:
[[   71084  144787]   32.929% 	[class: 1]
 [   51662  163745]]  76.017% 	[class: 2]
 + average row correct: 54.472744464874% 
 + average rowUcol correct (VOC measure): 36.015202105045% 
 + global correct: 54.449566173095%
Saving current network state...	
Saved.	
================================	
Epoch 5:	
  time to learn 1 sample = 0.24351208275854ms	
  time to learn all 431278 samples = 105021.40402794ms	
================================	
ConfusionMatrix:
[[   69245  146626]   32.077% 	[class: 1]
 [   47146  168261]]  78.113% 	[class: 2]
 + average row correct: 55.095043778419% 
 + average rowUcol correct (VOC measure): 36.401949822903% 
 + global correct: 55.070279494897%
Saving current network state...	
Saved.	
================================	
Epoch 6:	
  time to learn 1 sample = 0.24297872374951ms	
  time to learn all 431278 samples = 104791.37802124ms	
================================	
ConfusionMatrix:
[[   67347  148524]   31.198% 	[class: 1]
 [   44194  171213]]  79.483% 	[class: 2]
 + average row correct: 55.340644717216% 
 + average rowUcol correct (VOC measure): 36.470837891102% 
 + global correct: 55.314669424362%
Saving current network state...	
Saved.	
================================	
Epoch 7:	
  time to learn 1 sample = 0.24160281971428ms	
  time to learn all 431278 samples = 104197.98088074ms	
================================	
ConfusionMatrix:
[[   72455  143416]   33.564% 	[class: 1]
 [   47156  168251]]  78.108% 	[class: 2]
 + average row correct: 55.836223065853% 
 + average rowUcol correct (VOC measure): 37.218147516251% 
 + global correct: 55.812260305418%
Saving current network state...	
Saved.	
================================	
Epoch 8:	
  time to learn 1 sample = 0.25185706416555ms	
  time to learn all 431278 samples = 108620.41091919ms	
================================	
ConfusionMatrix:
[[   72833  143038]   33.739% 	[class: 1]
 [   46049  169358]]  78.622% 	[class: 2]
 + average row correct: 56.180730462074% 
 + average rowUcol correct (VOC measure): 37.527659535408% 
 + global correct: 56.1565857753%
Saving current network state...	
Saved.	
================================	
Epoch 9:	
  time to learn 1 sample = 0.24049843704689ms	
  time to learn all 431278 samples = 103721.68493271ms	
================================	
ConfusionMatrix:
[[   72230  143641]   33.460% 	[class: 1]
 [   44438  170969]]  79.370% 	[class: 2]
 + average row correct: 56.415005028248% 
 + average rowUcol correct (VOC measure): 37.682551145554% 
 + global correct: 56.390309730615%
Saving current network state...	
Saved.	
================================	
Epoch 10:	
  time to learn 1 sample = 0.24154505678528ms	
  time to learn all 431278 samples = 104173.06900024ms	
================================	
ConfusionMatrix:
[[   75687  140184]   35.061% 	[class: 1]
 [   46045  169362]]  78.624% 	[class: 2]
 + average row correct: 56.84269964695% 
 + average rowUcol correct (VOC measure): 38.2628723979% 
 + global correct: 56.819267386697%
Saving current network state...	
Saved.	
================================	
Epoch 11:	
  time to learn 1 sample = 0.25529103955786ms	
  time to learn all 431278 samples = 110101.40895844ms	
================================	
ConfusionMatrix:
[[   75779  140092]   35.104% 	[class: 1]
 [   45683  169724]]  78.792% 	[class: 2]
 + average row correct: 56.948035955429% 
 + average rowUcol correct (VOC measure): 38.357535004616% 
 + global correct: 56.92453591419%
Saving current network state...	
Saved.	
================================	
Epoch 12:	
  time to learn 1 sample = 0.24308817025935ms	
  time to learn all 431278 samples = 104838.57989311ms	
================================	
ConfusionMatrix:
[[   77951  137920]   36.110% 	[class: 1]
 [   46415  168992]]  78.452% 	[class: 2]
 + average row correct: 57.281206548214% 
 + average rowUcol correct (VOC measure): 38.774314522743% 
 + global correct: 57.258427278924%
Saving current network state...	
Saved.	
================================	
Epoch 13:	
  time to learn 1 sample = 0.24170791001212ms	
  time to learn all 431278 samples = 104243.30401421ms	
================================	
ConfusionMatrix:
[[   78020  137851]   36.142% 	[class: 1]
 [   45538  169869]]  78.860% 	[class: 2]
 + average row correct: 57.500755786896% 
 + average rowUcol correct (VOC measure): 38.966166973114% 
 + global correct: 57.477775356035%
Saving current network state...	
Saved.	
================================	
Epoch 14:	
  time to learn 1 sample = 0.24125022636629ms	
  time to learn all 431278 samples = 104045.9151268ms	
================================	
ConfusionMatrix:
[[   76800  139071]   35.577% 	[class: 1]
 [   43699  171708]]  79.713% 	[class: 2]
 + average row correct: 57.645043730736% 
 + average rowUcol correct (VOC measure): 39.013536274433% 
 + global correct: 57.62130226907%
Saving current network state...	
Saved.	
================================	
Epoch 15:	
  time to learn 1 sample = 0.24166369224894ms	
  time to learn all 431278 samples = 104224.23386574ms	
================================	
ConfusionMatrix:
[[   77578  138293]   35.937% 	[class: 1]
 [   44020  171387]]  79.564% 	[class: 2]
 + average row correct: 57.750734686852% 
 + average rowUcol correct (VOC measure): 39.152838289738% 
 + global correct: 57.727266403573%
Saving current network state...	
Saved.	
================================	
Epoch 16:	
  time to learn 1 sample = 0.24160905993271ms	
  time to learn all 431278 samples = 104200.67214966ms	
================================	
ConfusionMatrix:
[[   78789  137082]   36.498% 	[class: 1]
 [   43930  171477]]  79.606% 	[class: 2]
 + average row correct: 58.052118122578% 
 + average rowUcol correct (VOC measure): 39.487074315548% 
 + global correct: 58.02892797685%
Saving current network state...	
Saved.	
================================	
Epoch 17:	
  time to learn 1 sample = 0.25065935186711ms	
  time to learn all 431278 samples = 108103.86395454ms	
================================	
ConfusionMatrix:
[[   79583  136288]   36.866% 	[class: 1]
 [   43944  171463]]  79.600% 	[class: 2]
 + average row correct: 58.232772350311% 
 + average rowUcol correct (VOC measure): 39.691983163357% 
 + global correct: 58.209785799415%
Saving current network state...	
Saved.	
================================	
Epoch 18:	
  time to learn 1 sample = 0.24907516727438ms	
  time to learn all 431278 samples = 107420.63999176ms	
================================	
ConfusionMatrix:
[[   79028  136843]   36.609% 	[class: 1]
 [   43174  172233]]  79.957% 	[class: 2]
 + average row correct: 58.282957971096% 
 + average rowUcol correct (VOC measure): 39.701271057129% 
 + global correct: 58.259637635122%
Saving current network state...	
Saved.	
================================	
Epoch 19:	
  time to learn 1 sample = 0.25015547965914ms	
  time to learn all 431278 samples = 107886.55495644ms	
================================	
ConfusionMatrix:
[[   78414  137457]   36.324% 	[class: 1]
 [   41775  173632]]  80.606% 	[class: 2]
 + average row correct: 58.465474843979% 
 + average rowUcol correct (VOC measure): 39.820636808872% 
 + global correct: 58.441654802703%
Saving current network state...	
Saved.	
================================	
Epoch 20:	
  time to learn 1 sample = 0.24535637577533ms	
  time to learn all 431278 samples = 105816.80703163ms	
================================	
ConfusionMatrix:
[[   80833  135038]   37.445% 	[class: 1]
 [   43389  172018]]  79.857% 	[class: 2]
 + average row correct: 58.651123940945% 
 + average rowUcol correct (VOC measure): 40.13197273016% 
 + global correct: 58.628309350349%
Saving current network state...	
Saved.	
================================	
Epoch 21:	
  time to learn 1 sample = 0.24537012769537ms	
  time to learn all 431278 samples = 105822.73793221ms	
================================	
ConfusionMatrix:
[[   82479  133392]   38.208% 	[class: 1]
 [   43834  171573]]  79.651% 	[class: 2]
 + average row correct: 58.929078280926% 
 + average rowUcol correct (VOC measure): 40.474186837673% 
 + global correct: 58.906784023298%
Saving current network state...	
Saved.	
================================	
Epoch 22:	
  time to learn 1 sample = 0.24738430413545ms	
  time to learn all 431278 samples = 106691.40791893ms	
================================	
ConfusionMatrix:
[[   81851  134020]   37.917% 	[class: 1]
 [   42719  172688]]  80.168% 	[class: 2]
 + average row correct: 59.04243439436% 
 + average rowUcol correct (VOC measure): 40.536572039127% 
 + global correct: 59.019704227899%
Saving current network state...	
Saved.	
================================	
Epoch 23:	
  time to learn 1 sample = 0.24187946958196ms	
  time to learn all 431278 samples = 104317.29388237ms	
================================	
ConfusionMatrix:
[[   83477  132394]   38.670% 	[class: 1]
 [   43562  171845]]  79.777% 	[class: 2]
 + average row correct: 59.223371744156% 
 + average rowUcol correct (VOC measure): 40.792855620384% 
 + global correct: 59.201257657474%
Saving current network state...	
Saved.	
================================	
Epoch 24:	
  time to learn 1 sample = 0.24145357025206ms	
  time to learn all 431278 samples = 104133.61287117ms	
================================	
ConfusionMatrix:
[[   84250  131621]   39.028% 	[class: 1]
 [   44094  171313]]  79.530% 	[class: 2]
 + average row correct: 59.278924763203% 
 + average rowUcol correct (VOC measure): 40.886981785297% 
 + global correct: 59.257138087266%
Saving current network state...	
Saved.	
================================	
Epoch 25:	
  time to learn 1 sample = 0.24100820340872ms	
  time to learn all 431278 samples = 103941.53594971ms	
================================	
ConfusionMatrix:
[[   83298  132573]   38.587% 	[class: 1]
 [   42291  173116]]  80.367% 	[class: 2]
 + average row correct: 59.476932883263% 
 + average rowUcol correct (VOC measure): 41.007310152054% 
 + global correct: 59.454458609064%
Saving current network state...	
Saved.	
================================	
Epoch 26:	
  time to learn 1 sample = 0.24710075840628ms	
  time to learn all 431278 samples = 106569.12088394ms	
================================	
ConfusionMatrix:
[[   83425  132446]   38.646% 	[class: 1]
 [   42692  172715]]  80.181% 	[class: 2]
 + average row correct: 59.413270652294% 
 + average rowUcol correct (VOC measure): 40.958292782307% 
 + global correct: 59.390926502163%
Saving current network state...	
Saved.	
================================	
Epoch 27:	
  time to learn 1 sample = 0.24142189263016ms	
  time to learn all 431278 samples = 104119.95100975ms	
================================	
ConfusionMatrix:
[[   84069  131802]   38.944% 	[class: 1]
 [   42695  172712]]  80.179% 	[class: 2]
 + average row correct: 59.561736881733% 
 + average rowUcol correct (VOC measure): 41.128252446651% 
 + global correct: 59.539554533271%
Saving current network state...	
Saved.	
================================	
Epoch 28:	
  time to learn 1 sample = 0.24086093911875ms	
  time to learn all 431278 samples = 103878.02410126ms	
================================	
ConfusionMatrix:
[[   84403  131468]   39.099% 	[class: 1]
 [   42309  173098]]  80.359% 	[class: 2]
 + average row correct: 59.728695452213% 
 + average rowUcol correct (VOC measure): 41.296829283237% 
 + global correct: 59.706500215638%
Saving current network state...	
Saved.	
================================	
Epoch 29:	
  time to learn 1 sample = 0.24135329666429ms	
  time to learn all 431278 samples = 104090.36707878ms	
================================	
ConfusionMatrix:
[[   84595  131276]   39.188% 	[class: 1]
 [   41923  173484]]  80.538% 	[class: 2]
 + average row correct: 59.862764179707% 
 + average rowUcol correct (VOC measure): 41.428032517433% 
 + global correct: 59.840520499539%
Saving current network state...	
Saved.	
================================	
Epoch 30:	
  time to learn 1 sample = 0.24119510425262ms	
  time to learn all 431278 samples = 104022.14217186ms	
================================	
ConfusionMatrix:
[[   84827  131044]   39.295% 	[class: 1]
 [   42121  173286]]  80.446% 	[class: 2]
 + average row correct: 59.870541095734% 
 + average rowUcol correct (VOC measure): 41.448582708836% 
 + global correct: 59.84840404565%
Saving current network state...	
Saved.	
================================	
Epoch 31:	
  time to learn 1 sample = 0.24094661220965ms	
  time to learn all 431278 samples = 103914.97302055ms	
================================	
ConfusionMatrix:
[[   85409  130462]   39.565% 	[class: 1]
 [   42104  173303]]  80.454% 	[class: 2]
 + average row correct: 60.009290277958% 
 + average rowUcol correct (VOC measure): 41.6070073843% 
 + global correct: 59.98729357862%
Saving current network state...	
Saved.	
================================	
Epoch 32:	
  time to learn 1 sample = 0.24143454112392ms	
  time to learn all 431278 samples = 104125.40602684ms	
================================	
ConfusionMatrix:
[[   88023  127848]   40.776% 	[class: 1]
 [   43831  171576]]  79.652% 	[class: 2]
 + average row correct: 60.213872790337% 
 + average rowUcol correct (VOC measure): 41.939422488213% 
 + global correct: 60.192961384536%
Saving current network state...	
Saved.	
================================	
Epoch 33:	
  time to learn 1 sample = 0.24112927846167ms	
  time to learn all 431278 samples = 103993.75295639ms	
================================	
ConfusionMatrix:
[[   86128  129743]   39.898% 	[class: 1]
 [   42050  173357]]  80.479% 	[class: 2]
 + average row correct: 60.188359022141% 
 + average rowUcol correct (VOC measure): 41.809870302677% 
 + global correct: 60.166528318161%
Saving current network state...	
Saved.	
================================	
Epoch 34:	
  time to learn 1 sample = 0.25182253178745ms	
  time to learn all 431278 samples = 108605.51786423ms	
================================	
ConfusionMatrix:
[[   86068  129803]   39.870% 	[class: 1]
 [   41163  174244]]  80.891% 	[class: 2]
 + average row correct: 60.380351543427% 
 + average rowUcol correct (VOC measure): 41.979922354221% 
 + global correct: 60.35828398388%
Saving current network state...	
Saved.	
================================	
Epoch 35:	
  time to learn 1 sample = 0.24461639577077ms	
  time to learn all 431278 samples = 105497.66993523ms	
================================	
ConfusionMatrix:
[[   86243  129628]   39.951% 	[class: 1]
 [   41409  173998]]  80.776% 	[class: 2]
 + average row correct: 60.363784432411% 
 + average rowUcol correct (VOC measure): 41.975076496601% 
 + global correct: 60.341821284647%
Saving current network state...	
Saved.	
================================	
Epoch 36:	
  time to learn 1 sample = 0.24830792667ms	
  time to learn all 431278 samples = 107089.74599838ms	
================================	
ConfusionMatrix:
[[   86082  129789]   39.877% 	[class: 1]
 [   41208  174199]]  80.870% 	[class: 2]
 + average row correct: 60.373148322105% 
 + average rowUcol correct (VOC measure): 41.974222660065% 
 + global correct: 60.351096044779%
Saving current network state...	
Saved.	
================================	
Epoch 37:	
  time to learn 1 sample = 0.24091500369009ms	
  time to learn all 431278 samples = 103901.34096146ms	
================================	
ConfusionMatrix:
[[   87342  128529]   40.460% 	[class: 1]
 [   41321  174086]]  80.817% 	[class: 2]
 + average row correct: 60.63876003027% 
 + average rowUcol correct (VOC measure): 42.287828028202% 
 + global correct: 60.61704979155%
Saving current network state...	
Saved.	
================================	
Epoch 38:	
  time to learn 1 sample = 0.24781098736239ms	
  time to learn all 431278 samples = 106875.42700768ms	
================================	
ConfusionMatrix:
[[   88862  127009]   41.164% 	[class: 1]
 [   42467  172940]]  80.285% 	[class: 2]
 + average row correct: 60.724812746048% 
 + average rowUcol correct (VOC measure): 42.451694607735% 
 + global correct: 60.703768798779%
Saving current network state...	
Saved.	
================================	
Epoch 39:	
  time to learn 1 sample = 0.2410695209625ms	
  time to learn all 431278 samples = 103967.98086166ms	
================================	
ConfusionMatrix:
[[   88453  127418]   40.975% 	[class: 1]
 [   41640  173767]]  80.669% 	[class: 2]
 + average row correct: 60.822042822838% 
 + average rowUcol correct (VOC measure): 42.518003284931% 
 + global correct: 60.800690042154%
Saving current network state...	
Saved.	
================================	
Epoch 40:	
  time to learn 1 sample = 0.24115028336415ms	
  time to learn all 431278 samples = 104002.81190872ms	
================================	
ConfusionMatrix:
[[   89121  126750]   41.284% 	[class: 1]
 [   41893  173514]]  80.552% 	[class: 2]
 + average row correct: 60.918040573597% 
 + average rowUcol correct (VOC measure): 42.643229663372% 
 + global correct: 60.896915678518%
Saving current network state...	
Saved.	
================================	
Epoch 41:	
  time to learn 1 sample = 0.24142598957016ms	
  time to learn all 431278 samples = 104121.71792984ms	
================================	
ConfusionMatrix:
[[   88233  127638]   40.873% 	[class: 1]
 [   40959  174448]]  80.985% 	[class: 2]
 + average row correct: 60.929158329964% 
 + average rowUcol correct (VOC measure): 42.60371774435% 
 + global correct: 60.90758165267%
Saving current network state...	
Saved.	
================================	
Epoch 42:	
  time to learn 1 sample = 0.2411060313262ms	
  time to learn all 431278 samples = 103983.7269783ms	
================================	
ConfusionMatrix:
[[   87926  127945]   40.731% 	[class: 1]
 [   40649  174758]]  81.129% 	[class: 2]
 + average row correct: 60.930009186268% 
 + average rowUcol correct (VOC measure): 42.587046325207% 
 + global correct: 60.908277259679%
Saving current network state...	
Saved.	
================================	
Epoch 43:	
  time to learn 1 sample = 0.24134917153053ms	
  time to learn all 431278 samples = 104088.58799934ms	
================================	
ConfusionMatrix:
[[   90189  125682]   41.779% 	[class: 1]
 [   42425  172982]]  80.305% 	[class: 2]
 + average row correct: 61.041921377182% 
 + average rowUcol correct (VOC measure): 42.815770208836% 
 + global correct: 61.021197464281%
Saving current network state...	
Saved.	
================================	
Epoch 44:	
  time to learn 1 sample = 0.24139399628873ms	
  time to learn all 431278 samples = 104107.91993141ms	
================================	
ConfusionMatrix:
[[   88847  127024]   41.157% 	[class: 1]
 [   40802  174605]]  81.058% 	[class: 2]
 + average row correct: 61.107815802097% 
 + average rowUcol correct (VOC measure): 42.802348732948% 
 + global correct: 61.086352654204%
Saving current network state...	
Saved.	
================================	
Epoch 45:	
  time to learn 1 sample = 0.24099750968218ms	
  time to learn all 431278 samples = 103936.92398071ms	
================================	
ConfusionMatrix:
[[   91670  124201]   42.465% 	[class: 1]
 [   42502  172905]]  80.269% 	[class: 2]
 + average row correct: 61.367078125477% 
 + average rowUcol correct (VOC measure): 43.196412920952% 
 + global correct: 61.346741544897%
Saving current network state...	
Saved.	
================================	
Epoch 46:	
  time to learn 1 sample = 0.24159721357901ms	
  time to learn all 431278 samples = 104195.56307793ms	
================================	
ConfusionMatrix:
[[   91048  124823]   42.177% 	[class: 1]
 [   41994  173413]]  80.505% 	[class: 2]
 + average row correct: 61.340926587582% 
 + average rowUcol correct (VOC measure): 43.138870596886% 
 + global correct: 61.320308478522%
Saving current network state...	
Saved.	
================================	
Epoch 47:	
  time to learn 1 sample = 0.24142301706357ms	
  time to learn all 431278 samples = 104120.43595314ms	
================================	
ConfusionMatrix:
[[   91353  124518]   42.318% 	[class: 1]
 [   41651  173756]]  80.664% 	[class: 2]
 + average row correct: 61.491186916828% 
 + average rowUcol correct (VOC measure): 43.294923007488% 
 + global correct: 61.470559592653%
Saving current network state...	
Saved.	
================================	
Epoch 48:	
  time to learn 1 sample = 0.24098098648158ms	
  time to learn all 431278 samples = 103929.7978878ms	
================================	
ConfusionMatrix:
[[   91783  124088]   42.518% 	[class: 1]
 [   41998  173409]]  80.503% 	[class: 2]
 + average row correct: 61.510239541531% 
 + average rowUcol correct (VOC measure): 43.335697054863% 
 + global correct: 61.489804719925%
Saving current network state...	
Saved.	
================================	
Epoch 49:	
  time to learn 1 sample = 0.2415168851401ms	
  time to learn all 431278 samples = 104160.91918945ms	
================================	
ConfusionMatrix:
[[   91425  124446]   42.352% 	[class: 1]
 [   41374  174033]]  80.793% 	[class: 2]
 + average row correct: 61.572161316872% 
 + average rowUcol correct (VOC measure): 43.374183773994% 
 + global correct: 61.5514818748%
Saving current network state...	
Saved.	
================================	
Epoch 50:	
  time to learn 1 sample = 0.24141046365464ms	
  time to learn all 431278 samples = 104115.02194405ms	
================================	
ConfusionMatrix:
[[   92800  123071]   42.989% 	[class: 1]
 [   42300  173107]]  80.363% 	[class: 2]
 + average row correct: 61.675696074963% 
 + average rowUcol correct (VOC measure): 43.543966114521% 
 + global correct: 61.655591057276%
Saving current network state...	
Saved.	
================================	
Epoch 51:	
  time to learn 1 sample = 0.24118355918515ms	
  time to learn all 431278 samples = 104017.16303825ms	
================================	
ConfusionMatrix:
[[   92755  123116]   42.968% 	[class: 1]
 [   42311  173096]]  80.358% 	[class: 2]
 + average row correct: 61.662718653679% 
 + average rowUcol correct (VOC measure): 43.529461324215% 
 + global correct: 61.642606393092%
Saving current network state...	
Saved.	
================================	
Epoch 52:	
  time to learn 1 sample = 0.24152442061293ms	
  time to learn all 431278 samples = 104164.1690731ms	
================================	
ConfusionMatrix:
[[   90907  124964]   42.112% 	[class: 1]
 [   40485  174922]]  81.205% 	[class: 2]
 + average row correct: 61.658534407616% 
 + average rowUcol correct (VOC measure): 43.426403403282% 
 + global correct: 61.63750527502%
Saving current network state...	
Saved.	
================================	
Epoch 53:	
  time to learn 1 sample = 0.24129045775322ms	
  time to learn all 431278 samples = 104063.26603889ms	
================================	
ConfusionMatrix:
[[   93465  122406]   43.297% 	[class: 1]
 [   42129  173278]]  80.442% 	[class: 2]
 + average row correct: 61.869417130947% 
 + average rowUcol correct (VOC measure): 43.760401010513% 
 + global correct: 61.849433544025%
Saving current network state...	
Saved.	
================================	
Epoch 54:	
  time to learn 1 sample = 0.24114856078082ms	
  time to learn all 431278 samples = 104002.06899643ms	
================================	
ConfusionMatrix:
[[   93651  122220]   43.383% 	[class: 1]
 [   41939  173468]]  80.530% 	[class: 2]
 + average row correct: 61.956599354744% 
 + average rowUcol correct (VOC measure): 43.852089345455% 
 + global correct: 61.936616289261%
Saving current network state...	
Saved.	
================================	
Epoch 55:	
  time to learn 1 sample = 0.24145212131403ms	
  time to learn all 431278 samples = 104132.98797607ms	
================================	
ConfusionMatrix:
[[   94021  121850]   43.554% 	[class: 1]
 [   42231  173176]]  80.395% 	[class: 2]
 + average row correct: 61.974519491196% 
 + average rowUcol correct (VOC measure): 43.888111412525% 
 + global correct: 61.954702071518%
Saving current network state...	
Saved.	
================================	
Epoch 56:	
  time to learn 1 sample = 0.24114365009157ms	
  time to learn all 431278 samples = 103999.95112419ms	
================================	
ConfusionMatrix:
[[   93320  122551]   43.230% 	[class: 1]
 [   41215  174192]]  80.866% 	[class: 2]
 + average row correct: 62.047985196114% 
 + average rowUcol correct (VOC measure): 43.920816481113% 
 + global correct: 62.027740807553%
Saving current network state...	
Saved.	
================================	
Epoch 57:	
  time to learn 1 sample = 0.24366986055613ms	
  time to learn all 431278 samples = 105089.45012093ms	
================================	
ConfusionMatrix:
[[   92511  123360]   42.855% 	[class: 1]
 [   40492  174915]]  81.202% 	[class: 2]
 + average row correct: 62.028427422047% 
 + average rowUcol correct (VOC measure): 43.859386444092% 
 + global correct: 62.007800073271%
Saving current network state...	
Saved.	
================================	
Epoch 58:	
  time to learn 1 sample = 0.2428272232092ms	
  time to learn all 431278 samples = 104726.03917122ms	
================================	
ConfusionMatrix:
[[   95064  120807]   44.037% 	[class: 1]
 [   42309  173098]]  80.359% 	[class: 2]
 + average row correct: 62.197993695736% 
 + average rowUcol correct (VOC measure): 44.152647256851% 
 + global correct: 62.17845565969%
Saving current network state...	
Saved.	
================================	
Epoch 59:	
  time to learn 1 sample = 0.24143443442989ms	
  time to learn all 431278 samples = 104125.36001205ms	
================================	
ConfusionMatrix:
[[   95331  120540]   44.161% 	[class: 1]
 [   41633  173774]]  80.672% 	[class: 2]
 + average row correct: 62.416748702526% 
 + average rowUcol correct (VOC measure): 44.373890757561% 
 + global correct: 62.397108129791%
Saving current network state...	
Saved.	
================================	
Epoch 60:	
  time to learn 1 sample = 0.24126261503522ms	
  time to learn all 431278 samples = 104051.25808716ms	
================================	
ConfusionMatrix:
[[   93503  122368]   43.314% 	[class: 1]
 [   40158  175249]]  81.357% 	[class: 2]
 + average row correct: 62.335722148418% 
 + average rowUcol correct (VOC measure): 44.201911985874% 
 + global correct: 62.31525837163%
Saving current network state...	
Saved.	
================================	
Epoch 61:	
  time to learn 1 sample = 0.24135522323775ms	
  time to learn all 431278 samples = 104091.19796753ms	
================================	
ConfusionMatrix:
[[   94686  121185]   43.862% 	[class: 1]
 [   41172  174235]]  80.886% 	[class: 2]
 + average row correct: 62.37436234951% 
 + average rowUcol correct (VOC measure): 44.300545752048% 
 + global correct: 62.354444233186%
Saving current network state...	
Saved.	
================================	
Epoch 62:	
  time to learn 1 sample = 0.24099221644234ms	
  time to learn all 431278 samples = 103934.64112282ms	
================================	
ConfusionMatrix:
[[   96627  119244]   44.761% 	[class: 1]
 [   42668  172739]]  80.192% 	[class: 2]
 + average row correct: 62.476685643196% 
 + average rowUcol correct (VOC measure): 44.495952129364% 
 + global correct: 62.457625939649%
Saving current network state...	
Saved.	
================================	
Epoch 63:	
  time to learn 1 sample = 0.24146985242368ms	
  time to learn all 431278 samples = 104140.63501358ms	
================================	
ConfusionMatrix:
[[   96365  119506]   44.640% 	[class: 1]
 [   42310  173097]]  80.358% 	[class: 2]
 + average row correct: 62.499098479748% 
 + average rowUcol correct (VOC measure): 44.504380226135% 
 + global correct: 62.479885363965%
Saving current network state...	
Saved.	
================================	
Epoch 64:	
  time to learn 1 sample = 0.24148017520882ms	
  time to learn all 431278 samples = 104145.08700371ms	
================================	
ConfusionMatrix:
[[   96572  119299]   44.736% 	[class: 1]
 [   42321  173086]]  80.353% 	[class: 2]
 + average row correct: 62.544490396976% 
 + average rowUcol correct (VOC measure): 44.558009505272% 
 + global correct: 62.525331688609%
Saving current network state...	
Saved.	
================================	
Epoch 65:	
  time to learn 1 sample = 0.24105357766879ms	
  time to learn all 431278 samples = 103961.10486984ms	
================================	
ConfusionMatrix:
[[   96551  119320]   44.726% 	[class: 1]
 [   42365  173042]]  80.333% 	[class: 2]
 + average row correct: 62.529413402081% 
 + average rowUcol correct (VOC measure): 44.542561471462% 
 + global correct: 62.510260203395%
Saving current network state...	
Saved.	
================================	
Epoch 66:	
  time to learn 1 sample = 0.24150089927935ms	
  time to learn all 431278 samples = 104154.0248394ms	
================================	
ConfusionMatrix:
[[   96393  119478]   44.653% 	[class: 1]
 [   41724  173683]]  80.630% 	[class: 2]
 + average row correct: 62.641605734825% 
 + average rowUcol correct (VOC measure): 44.641920924187% 
 + global correct: 62.622252931984%
Saving current network state...	
Saved.	
================================	
Epoch 67:	
  time to learn 1 sample = 0.24141169975744ms	
  time to learn all 431278 samples = 104115.55504799ms	
================================	
ConfusionMatrix:
[[   96894  118977]   44.885% 	[class: 1]
 [   42215  173192]]  80.402% 	[class: 2]
 + average row correct: 62.643676996231% 
 + average rowUcol correct (VOC measure): 44.66882199049% 
 + global correct: 62.624571622016%
Saving current network state...	
Saved.	
================================	
Epoch 68:	
  time to learn 1 sample = 0.24625748310648ms	
  time to learn all 431278 samples = 106205.43479919ms	
================================	
ConfusionMatrix:
[[   95776  120095]   44.367% 	[class: 1]
 [   41491  173916]]  80.738% 	[class: 2]
 + average row correct: 62.552781403065% 
 + average rowUcol correct (VOC measure): 44.526027143002% 
 + global correct: 62.533215234721%
Saving current network state...	
Saved.	
================================	
Epoch 69:	
  time to learn 1 sample = 0.24872365413429ms	
  time to learn all 431278 samples = 107269.04010773ms	
================================	
ConfusionMatrix:
[[   95959  119912]   44.452% 	[class: 1]
 [   40627  174780]]  81.139% 	[class: 2]
 + average row correct: 62.795716524124% 
 + average rowUcol correct (VOC measure): 44.767352938652% 
 + global correct: 62.775982081163%
Saving current network state...	
Saved.	
================================	
Epoch 70:	
  time to learn 1 sample = 0.25446859999799ms	
  time to learn all 431278 samples = 109746.70886993ms	
================================	
ConfusionMatrix:
[[   97947  117924]   45.373% 	[class: 1]
 [   42463  172944]]  80.287% 	[class: 2]
 + average row correct: 62.83000856638% 
 + average rowUcol correct (VOC measure): 44.899214804173% 
 + global correct: 62.811226169663%
Saving current network state...	
Saved.	
================================	
Epoch 71:	
  time to learn 1 sample = 0.24990357009046ms	
  time to learn all 431278 samples = 107777.91190147ms	
================================	
ConfusionMatrix:
[[   96572  119299]   44.736% 	[class: 1]
 [   41129  174278]]  80.906% 	[class: 2]
 + average row correct: 62.821178138256% 
 + average rowUcol correct (VOC measure): 44.822816550732% 
 + global correct: 62.801719540528%
Saving current network state...	
Saved.	
================================	
Epoch 72:	
  time to learn 1 sample = 0.24848752311931ms	
  time to learn all 431278 samples = 107167.20199585ms	
================================	
ConfusionMatrix:
[[   96590  119281]   44.744% 	[class: 1]
 [   40769  174638]]  81.074% 	[class: 2]
 + average row correct: 62.908910214901% 
 + average rowUcol correct (VOC measure): 44.907860457897% 
 + global correct: 62.889366023771%
Saving current network state...	
Saved.	
================================	
Epoch 73:	
  time to learn 1 sample = 0.2456848579321ms	
  time to learn all 431278 samples = 105958.47415924ms	
================================	
ConfusionMatrix:
[[   97648  118223]   45.234% 	[class: 1]
 [   41933  173474]]  80.533% 	[class: 2]
 + average row correct: 62.883776426315% 
 + average rowUcol correct (VOC measure): 44.93637830019% 
 + global correct: 62.864787909423%
Saving current network state...	
Saved.	
================================	
Epoch 74:	
  time to learn 1 sample = 0.25401107390552ms	
  time to learn all 431278 samples = 109549.38793182ms	
================================	
ConfusionMatrix:
[[   98238  117633]   45.508% 	[class: 1]
 [   42185  173222]]  80.416% 	[class: 2]
 + average row correct: 62.961938977242% 
 + average rowUcol correct (VOC measure): 45.040427148342% 
 + global correct: 62.943159632534%
Saving current network state...	
Saved.	
================================	
Epoch 75:	
  time to learn 1 sample = 0.24746619594588ms	
  time to learn all 431278 samples = 106726.72605515ms	
================================	
ConfusionMatrix:
[[   97906  117965]   45.354% 	[class: 1]
 [   41848  173559]]  80.573% 	[class: 2]
 + average row correct: 62.963265180588% 
 + average rowUcol correct (VOC measure): 45.02554833889% 
 + global correct: 62.94431897755%
Saving current network state...	
Saved.	
================================	
Epoch 76:	
  time to learn 1 sample = 0.23998733783897ms	
  time to learn all 431278 samples = 103501.25908852ms	
================================	
ConfusionMatrix:
[[   96727  119144]   44.808% 	[class: 1]
 [   40777  174630]]  81.070% 	[class: 2]
 + average row correct: 62.938785552979% 
 + average rowUcol correct (VOC measure): 44.943453371525% 
 + global correct: 62.919277125195%
Saving current network state...	
Saved.	
================================	
Epoch 77:	
  time to learn 1 sample = 0.25297554260627ms	
  time to learn all 431278 samples = 109102.78606415ms	
================================	
ConfusionMatrix:
[[   97271  118600]   45.060% 	[class: 1]
 [   41133  174274]]  80.905% 	[class: 2]
 + average row correct: 62.982150912285% 
 + average rowUcol correct (VOC measure): 45.012399554253% 
 + global correct: 62.962868497813%
Saving current network state...	
Saved.	
================================	
Epoch 78:	
  time to learn 1 sample = 0.24820935465843ms	
  time to learn all 431278 samples = 107047.23405838ms	
================================	
ConfusionMatrix:
[[   98055  117816]   45.423% 	[class: 1]
 [   42004  173403]]  80.500% 	[class: 2]
 + average row correct: 62.961564958096% 
 + average rowUcol correct (VOC measure): 45.031182467937% 
 + global correct: 62.942695894527%
Saving current network state...	
Saved.	
================================	
Epoch 79:	
  time to learn 1 sample = 0.24204332285797ms	
  time to learn all 431278 samples = 104387.96019554ms	
================================	
ConfusionMatrix:
[[   98425  117446]   45.594% 	[class: 1]
 [   41520  173887]]  80.725% 	[class: 2]
 + average row correct: 63.159608840942% 
 + average rowUcol correct (VOC measure): 45.240433514118% 
 + global correct: 63.140712023335%
Saving current network state...	
Saved.	
================================	
Epoch 80:	
  time to learn 1 sample = 0.24737265292678ms	
  time to learn all 431278 samples = 106686.38300896ms	
================================	
ConfusionMatrix:
[[   98077  117794]   45.433% 	[class: 1]
 [   41162  174245]]  80.891% 	[class: 2]
 + average row correct: 63.162103295326% 
 + average rowUcol correct (VOC measure): 45.225808024406% 
 + global correct: 63.143030713368%
Saving current network state...	
Saved.	
================================	
Epoch 81:	
  time to learn 1 sample = 0.24096299388865ms	
  time to learn all 431278 samples = 103922.03807831ms	
================================	
ConfusionMatrix:
[[   98639  117232]   45.693% 	[class: 1]
 [   40973  174434]]  80.979% 	[class: 2]
 + average row correct: 63.336145877838% 
 + average rowUcol correct (VOC measure): 45.421838760376% 
 + global correct: 63.317164334837%
Saving current network state...	
Saved.	
================================	
Epoch 82:	
  time to learn 1 sample = 0.24416846937646ms	
  time to learn all 431278 samples = 105304.48913574ms	
================================	
ConfusionMatrix:
[[   99242  116629]   45.973% 	[class: 1]
 [   41928  173479]]  80.535% 	[class: 2]
 + average row correct: 63.25414031744% 
 + average rowUcol correct (VOC measure): 45.37146538496% 
 + global correct: 63.23554644568%
Saving current network state...	
Saved.	
================================	
Epoch 83:	
  time to learn 1 sample = 0.24125528078842ms	
  time to learn all 431278 samples = 104048.09498787ms	
================================	
ConfusionMatrix:
[[   99337  116534]   46.017% 	[class: 1]
 [   41350  174057]]  80.804% 	[class: 2]
 + average row correct: 63.410307466984% 
 + average rowUcol correct (VOC measure): 45.527721941471% 
 + global correct: 63.391594284893%
Saving current network state...	
Saved.	
================================	
Epoch 84:	
  time to learn 1 sample = 0.24095686091707ms	
  time to learn all 431278 samples = 103919.39306259ms	
================================	
ConfusionMatrix:
[[   98577  117294]   45.665% 	[class: 1]
 [   41112  174295]]  80.914% 	[class: 2]
 + average row correct: 63.289521634579% 
 + average rowUcol correct (VOC measure): 45.373614132404% 
 + global correct: 63.270558665177%
Saving current network state...	
Saved.	
================================	
Epoch 85:	
  time to learn 1 sample = 0.24090544600615ms	
  time to learn all 431278 samples = 103897.21894264ms	
================================	
ConfusionMatrix:
[[   99705  116166]   46.187% 	[class: 1]
 [   41914  173493]]  80.542% 	[class: 2]
 + average row correct: 63.364627957344% 
 + average rowUcol correct (VOC measure): 45.500901341438% 
 + global correct: 63.346147960248%
Saving current network state...	
Saved.	
================================	
Epoch 86:	
  time to learn 1 sample = 0.24512445613384ms	
  time to learn all 431278 samples = 105716.78519249ms	
================================	
ConfusionMatrix:
[[   98725  117146]   45.733% 	[class: 1]
 [   41439  173968]]  80.762% 	[class: 2]
 + average row correct: 63.247898221016% 
 + average rowUcol correct (VOC measure): 45.34048885107% 
 + global correct: 63.229054113588%
Saving current network state...	
Saved.	
================================	
Epoch 87:	
  time to learn 1 sample = 0.24099474337699ms	
  time to learn all 431278 samples = 103935.73093414ms	
================================	
ConfusionMatrix:
[[   98835  117036]   45.784% 	[class: 1]
 [   40993  174414]]  80.970% 	[class: 2]
 + average row correct: 63.376900553703% 
 + average rowUcol correct (VOC measure): 45.47094553709% 
 + global correct: 63.357973279416%
Saving current network state...	
Saved.	
================================	
Epoch 88:	
  time to learn 1 sample = 0.25437453345951ms	
  time to learn all 431278 samples = 109706.14004135ms	
================================	
ConfusionMatrix:
[[   99860  116011]   46.259% 	[class: 1]
 [   42042  173365]]  80.483% 	[class: 2]
 + average row correct: 63.37081938982% 
 + average rowUcol correct (VOC measure): 45.514278113842% 
 + global correct: 63.352408423337%
Saving current network state...	
Saved.	
================================	
Epoch 89:	
  time to learn 1 sample = 0.24832707907673ms	
  time to learn all 431278 samples = 107098.00601006ms	
================================	
ConfusionMatrix:
[[   97240  118631]   45.045% 	[class: 1]
 [   39569  175838]]  81.631% 	[class: 2]
 + average row correct: 63.338004052639% 
 + average rowUcol correct (VOC measure): 45.353882014751% 
 + global correct: 63.318323679854%
Saving current network state...	
Saved.	
================================	
Epoch 90:	
  time to learn 1 sample = 0.24649228569792ms	
  time to learn all 431278 samples = 106306.69999123ms	
================================	
ConfusionMatrix:
[[   99484  116387]   46.085% 	[class: 1]
 [   40368  175039]]  81.260% 	[class: 2]
 + average row correct: 63.672296702862% 
 + average rowUcol correct (VOC measure): 45.790009200573% 
 + global correct: 63.653374389605%
Saving current network state...	
Saved.	
================================	
Epoch 91:	
  time to learn 1 sample = 0.24923537471052ms	
  time to learn all 431278 samples = 107489.7339344ms	
================================	
ConfusionMatrix:
[[  100319  115552]   46.472% 	[class: 1]
 [   41672  173735]]  80.654% 	[class: 2]
 + average row correct: 63.563017547131% 
 + average rowUcol correct (VOC measure): 45.723374187946% 
 + global correct: 63.544627827063%
Saving current network state...	
Saved.	
================================	
Epoch 92:	
  time to learn 1 sample = 0.24306077256046ms	
  time to learn all 431278 samples = 104826.76386833ms	
================================	
ConfusionMatrix:
[[  100105  115766]   46.373% 	[class: 1]
 [   41095  174312]]  80.922% 	[class: 2]
 + average row correct: 63.647381961346% 
 + average rowUcol correct (VOC measure): 45.795622467995% 
 + global correct: 63.628796275256%
Saving current network state...	
Saved.	
================================	
Epoch 93:	
  time to learn 1 sample = 0.2409410127082ms	
  time to learn all 431278 samples = 103912.55807877ms	
================================	
ConfusionMatrix:
[[  100183  115688]   46.409% 	[class: 1]
 [   41015  174392]]  80.959% 	[class: 2]
 + average row correct: 63.684017956257% 
 + average rowUcol correct (VOC measure): 45.835150778294% 
 + global correct: 63.665431577776%
Saving current network state...	
Saved.	
================================	
Epoch 94:	
  time to learn 1 sample = 0.24111224279805ms	
  time to learn all 431278 samples = 103986.40584946ms	
================================	
ConfusionMatrix:
[[  100004  115867]   46.326% 	[class: 1]
 [   41001  174406]]  80.966% 	[class: 2]
 + average row correct: 63.645806908607% 
 + average rowUcol correct (VOC measure): 45.7892537117% 
 + global correct: 63.627173192233%
Saving current network state...	
Saved.	
================================	
Epoch 95:	
  time to learn 1 sample = 0.24449017121086ms	
  time to learn all 431278 samples = 105443.23205948ms	
================================	
ConfusionMatrix:
[[   98270  117601]   45.523% 	[class: 1]
 [   39544  175863]]  81.642% 	[class: 2]
 + average row correct: 63.582375645638% 
 + average rowUcol correct (VOC measure): 45.642541348934% 
 + global correct: 63.562945478323%
Saving current network state...	
Saved.	
================================	
Epoch 96:	
  time to learn 1 sample = 0.24070546823395ms	
  time to learn all 431278 samples = 103810.972929ms	
================================	
ConfusionMatrix:
[[   99407  116464]   46.049% 	[class: 1]
 [   40391  175016]]  81.249% 	[class: 2]
 + average row correct: 63.649123907089% 
 + average rowUcol correct (VOC measure): 45.763655006886% 
 + global correct: 63.630187489276%
Saving current network state...	
Saved.	
================================	
Epoch 97:	
  time to learn 1 sample = 0.25482479496036ms	
  time to learn all 431278 samples = 109900.32792091ms	
================================	
ConfusionMatrix:
[[  101125  114746]   46.845% 	[class: 1]
 [   42003  173404]]  80.501% 	[class: 2]
 + average row correct: 63.672868907452% 
 + average rowUcol correct (VOC measure): 45.868600904942% 
 + global correct: 63.654765603625%
Saving current network state...	
Saved.	
================================	
Epoch 98:	
  time to learn 1 sample = 0.24364661507912ms	
  time to learn all 431278 samples = 105079.42485809ms	
================================	
ConfusionMatrix:
[[  100591  115280]   46.598% 	[class: 1]
 [   41265  174142]]  80.843% 	[class: 2]
 + average row correct: 63.720488548279% 
 + average rowUcol correct (VOC measure): 45.890219509602% 
 + global correct: 63.702066880295%
Saving current network state...	
Saved.	
================================	
Epoch 99:	
  time to learn 1 sample = 0.25531975904646ms	
  time to learn all 431278 samples = 110113.79504204ms	
================================	
ConfusionMatrix:
[[  100190  115681]   46.412% 	[class: 1]
 [   40539  174868]]  81.180% 	[class: 2]
 + average row correct: 63.796125352383% 
 + average rowUcol correct (VOC measure): 45.945154130459% 
 + global correct: 63.777424306364%
Saving current network state...	
Saved.	
================================	
Epoch 100:	
  time to learn 1 sample = 0.25093779673738ms	
  time to learn all 431278 samples = 108223.9511013ms	
================================	
ConfusionMatrix:
[[  100294  115577]   46.460% 	[class: 1]
 [   41018  174389]]  80.958% 	[class: 2]
 + average row correct: 63.709031045437% 
 + average rowUcol correct (VOC measure): 45.864905416965% 
 + global correct: 63.690473430131%
Saving current network state...	
Saved.	
================================	
Epoch 101:	
  time to learn 1 sample = 0.24364538174042ms	
  time to learn all 431278 samples = 105078.89294624ms	
================================	
ConfusionMatrix:
[[  100664  115207]   46.632% 	[class: 1]
 [   40989  174418]]  80.971% 	[class: 2]
 + average row correct: 63.801462948322% 
 + average rowUcol correct (VOC measure): 45.972999930382% 
 + global correct: 63.782989162443%
Saving current network state...	
Saved.	
================================	
Epoch 102:	
  time to learn 1 sample = 0.24179378709315ms	
  time to learn all 431278 samples = 104280.34090996ms	
================================	
ConfusionMatrix:
[[  100105  115766]   46.373% 	[class: 1]
 [   40211  175196]]  81.333% 	[class: 2]
 + average row correct: 63.852573931217% 
 + average rowUcol correct (VOC measure): 45.996324717999% 
 + global correct: 63.833768474163%
Saving current network state...	
Saved.	
================================	
Epoch 103:	
  time to learn 1 sample = 0.25091966925666ms	
  time to learn all 431278 samples = 108216.13311768ms	
================================	
ConfusionMatrix:
[[  101452  114419]   46.997% 	[class: 1]
 [   41648  173759]]  80.665% 	[class: 2]
 + average row correct: 63.83101195097% 
 + average rowUcol correct (VOC measure): 46.038973331451% 
 + global correct: 63.812900263867%
Saving current network state...	
Saved.	
================================	
Epoch 104:	
  time to learn 1 sample = 0.24763881305805ms	
  time to learn all 431278 samples = 106801.17201805ms	
================================	
ConfusionMatrix:
[[   99638  116233]   46.156% 	[class: 1]
 [   39749  175658]]  81.547% 	[class: 2]
 + average row correct: 63.851648569107% 
 + average rowUcol correct (VOC measure): 45.972710847855% 
 + global correct: 63.832609129146%
Saving current network state...	
Saved.	
================================	
Epoch 105:	
  time to learn 1 sample = 0.24815008198134ms	
  time to learn all 431278 samples = 107021.67105675ms	
================================	
ConfusionMatrix:
[[  102474  113397]   47.470% 	[class: 1]
 [   41971  173436]]  80.515% 	[class: 2]
 + average row correct: 63.992755115032% 
 + average rowUcol correct (VOC measure): 46.245239675045% 
 + global correct: 63.974976697165%
Saving current network state...	
Saved.	
================================	
Epoch 106:	
  time to learn 1 sample = 0.24920813014243ms	
  time to learn all 431278 samples = 107477.98395157ms	
================================	
ConfusionMatrix:
[[  100697  115174]   46.647% 	[class: 1]
 [   40162  175245]]  81.355% 	[class: 2]
 + average row correct: 64.001068472862% 
 + average rowUcol correct (VOC measure): 46.170455217361% 
 + global correct: 63.98239650527%
Saving current network state...	
Saved.	
================================	
Epoch 107:	
  time to learn 1 sample = 0.24040361867486ms	
  time to learn all 431278 samples = 103680.79185486ms	
================================	
ConfusionMatrix:
[[  102512  113359]   47.488% 	[class: 1]
 [   41922  173485]]  80.538% 	[class: 2]
 + average row correct: 64.012928307056% 
 + average rowUcol correct (VOC measure): 46.266886591911% 
 + global correct: 63.995149300451%
Saving current network state...	
Saved.	
================================	
Epoch 108:	
  time to learn 1 sample = 0.24943674835015ms	
  time to learn all 431278 samples = 107576.58195496ms	
================================	
ConfusionMatrix:
[[  101750  114121]   47.135% 	[class: 1]
 [   40612  174795]]  81.146% 	[class: 2]
 + average row correct: 64.140510559082% 
 + average rowUcol correct (VOC measure): 46.357648074627% 
 + global correct: 64.122213514253%
Saving current network state...	
Saved.	
================================	
Epoch 109:	
  time to learn 1 sample = 0.24975121599796ms	
  time to learn all 431278 samples = 107712.20493317ms	
================================	
ConfusionMatrix:
[[  102214  113657]   47.350% 	[class: 1]
 [   41024  174383]]  80.955% 	[class: 2]
 + average row correct: 64.152349531651% 
 + average rowUcol correct (VOC measure): 46.390941739082% 
 + global correct: 64.134270702424%
Saving current network state...	
Saved.	
================================	
Epoch 110:	
  time to learn 1 sample = 0.24518034279589ms	
  time to learn all 431278 samples = 105740.88788033ms	
================================	
ConfusionMatrix:
[[   99944  115927]   46.298% 	[class: 1]
 [   39752  175655]]  81.546% 	[class: 2]
 + average row correct: 63.921827077866% 
 + average rowUcol correct (VOC measure): 46.056342124939% 
 + global correct: 63.902865437143%
Saving current network state...	
Saved.	
================================	
Epoch 111:	
  time to learn 1 sample = 0.24111212504765ms	
  time to learn all 431278 samples = 103986.3550663ms	
================================	
ConfusionMatrix:
[[  103155  112716]   47.785% 	[class: 1]
 [   41746  173661]]  80.620% 	[class: 2]
 + average row correct: 64.202712476254% 
 + average rowUcol correct (VOC measure): 46.483790874481% 
 + global correct: 64.185050014144%
Saving current network state...	
Saved.	
================================	
Epoch 112:	
  time to learn 1 sample = 0.23979685528218ms	
  time to learn all 431278 samples = 103419.10815239ms	
================================	
ConfusionMatrix:
[[  100658  115213]   46.629% 	[class: 1]
 [   39781  175626]]  81.532% 	[class: 2]
 + average row correct: 64.0804708004% 
 + average rowUcol correct (VOC measure): 46.246625483036% 
 + global correct: 64.061695704395%
Saving current network state...	
Saved.	
================================	
Epoch 113:	
  time to learn 1 sample = 0.23958299070215ms	
  time to learn all 431278 samples = 103326.87306404ms	
================================	
ConfusionMatrix:
[[  103378  112493]   47.889% 	[class: 1]
 [   41971  173436]]  80.515% 	[class: 2]
 + average row correct: 64.202138781548% 
 + average rowUcol correct (VOC measure): 46.493250131607% 
 + global correct: 64.184586276137%
Saving current network state...	
Saved.	
================================	
Epoch 114:	
  time to learn 1 sample = 0.23987492269226ms	
  time to learn all 431278 samples = 103452.77690887ms	
================================	
ConfusionMatrix:
[[  101788  114083]   47.152% 	[class: 1]
 [   40523  174884]]  81.188% 	[class: 2]
 + average row correct: 64.169970154762% 
 + average rowUcol correct (VOC measure): 46.388508379459% 
 + global correct: 64.151660877671%
Saving current network state...	
Saved.	
================================	
Epoch 115:	
  time to learn 1 sample = 0.23981101518249ms	
  time to learn all 431278 samples = 103425.21500587ms	
================================	
ConfusionMatrix:
[[  103682  112189]   48.030% 	[class: 1]
 [   41670  173737]]  80.655% 	[class: 2]
 + average row correct: 64.34241682291% 
 + average rowUcol correct (VOC measure): 46.64618074894% 
 + global correct: 64.324867023127%
Saving current network state...	
Saved.	
================================	
Epoch 116:	
  time to learn 1 sample = 0.2397753146983ms	
  time to learn all 431278 samples = 103409.81817245ms	
================================	
ConfusionMatrix:
[[  102875  112996]   47.656% 	[class: 1]
 [   41244  174163]]  80.853% 	[class: 2]
 + average row correct: 64.254383742809% 
 + average rowUcol correct (VOC measure): 46.522296965122% 
 + global correct: 64.236524932874%
Saving current network state...	
Saved.	
================================	
Epoch 117:	
  time to learn 1 sample = 0.23996207070368ms	
  time to learn all 431278 samples = 103490.36192894ms	
================================	
ConfusionMatrix:
[[  102229  113642]   47.357% 	[class: 1]
 [   40339  175068]]  81.273% 	[class: 2]
 + average row correct: 64.314824342728% 
 + average rowUcol correct (VOC measure): 46.55235260725% 
 + global correct: 64.296579004725%
Saving current network state...	
Saved.	
================================	
Epoch 118:	
  time to learn 1 sample = 0.24002021231354ms	
  time to learn all 431278 samples = 103515.43712616ms	
================================	
ConfusionMatrix:
[[  103317  112554]   47.861% 	[class: 1]
 [   41178  174229]]  80.884% 	[class: 2]
 + average row correct: 64.372077584267% 
 + average rowUcol correct (VOC measure): 46.659210324287% 
 + global correct: 64.354314386544%
Saving current network state...	
Saved.	
================================	
Epoch 119:	
  time to learn 1 sample = 0.23960619582338ms	
  time to learn all 431278 samples = 103336.88092232ms	
================================	
ConfusionMatrix:
[[  103694  112177]   48.035% 	[class: 1]
 [   41933  173474]]  80.533% 	[class: 2]
 + average row correct: 64.284148812294% 
 + average rowUcol correct (VOC measure): 46.588803827763% 
 + global correct: 64.266667903301%
Saving current network state...	
Saved.	
================================	
Epoch 120:	
  time to learn 1 sample = 0.24049011546575ms	
  time to learn all 431278 samples = 103718.09601784ms	
================================	
ConfusionMatrix:
[[  103373  112498]   47.886% 	[class: 1]
 [   41225  174182]]  80.862% 	[class: 2]
 + average row correct: 64.374141395092% 
 + average rowUcol correct (VOC measure): 46.663795411587% 
 + global correct: 64.356401207574%
Saving current network state...	
Saved.	
================================	
Epoch 121:	
  time to learn 1 sample = 0.2397032448192ms	
  time to learn all 431278 samples = 103378.73601913ms	
================================	
ConfusionMatrix:
[[  102162  113709]   47.325% 	[class: 1]
 [   40151  175256]]  81.360% 	[class: 2]
 + average row correct: 64.3429428339% 
 + average rowUcol correct (VOC measure): 46.577064692974% 
 + global correct: 64.324635154123%
Saving current network state...	
Saved.	
================================	
Epoch 122:	
  time to learn 1 sample = 0.23984074522382ms	
  time to learn all 431278 samples = 103438.03691864ms	
================================	
ConfusionMatrix:
[[  103918  111953]   48.139% 	[class: 1]
 [   41364  174043]]  80.797% 	[class: 2]
 + average row correct: 64.468106627464% 
 + average rowUcol correct (VOC measure): 46.781852841377% 
 + global correct: 64.450540022909%
Saving current network state...	
Saved.	
================================	
Epoch 123:	
  time to learn 1 sample = 0.2465225027726ms	
  time to learn all 431278 samples = 106319.73195076ms	
================================	
ConfusionMatrix:
[[  103151  112720]   47.784% 	[class: 1]
 [   40954  174453]]  80.988% 	[class: 2]
 + average row correct: 64.385625720024% 
 + average rowUcol correct (VOC measure): 46.665115654469% 
 + global correct: 64.367762788735%
Saving current network state...	
Saved.	
================================	
Epoch 124:	
  time to learn 1 sample = 0.23986384641513ms	
  time to learn all 431278 samples = 103447.99995422ms	
================================	
ConfusionMatrix:
[[  102393  113478]   47.432% 	[class: 1]
 [   39807  175600]]  81.520% 	[class: 2]
 + average row correct: 64.476296305656% 
 + average rowUcol correct (VOC measure): 46.720080077648% 
 + global correct: 64.457959831014%
Saving current network state...	
Saved.	
================================	
Epoch 125:	
  time to learn 1 sample = 0.23982884358824ms	
  time to learn all 431278 samples = 103432.90400505ms	
================================	
ConfusionMatrix:
[[  102791  113080]   47.617% 	[class: 1]
 [   40491  174916]]  81.203% 	[class: 2]
 + average row correct: 64.409711956978% 
 + average rowUcol correct (VOC measure): 46.672512590885% 
 + global correct: 64.391645296074%
Saving current network state...	
Saved.	
================================	
Epoch 126:	
  time to learn 1 sample = 0.24003586537738ms	
  time to learn all 431278 samples = 103522.18794823ms	
================================	
ConfusionMatrix:
[[  104038  111833]   48.195% 	[class: 1]
 [   40755  174652]]  81.080% 	[class: 2]
 + average row correct: 64.637263119221% 
 + average rowUcol correct (VOC measure): 46.955968439579% 
 + global correct: 64.619572526306%
Saving current network state...	
Saved.	
================================	
Epoch 127:	
  time to learn 1 sample = 0.23959987765751ms	
  time to learn all 431278 samples = 103334.15603638ms	
================================	
ConfusionMatrix:
[[  103142  112729]   47.779% 	[class: 1]
 [   40785  174622]]  81.066% 	[class: 2]
 + average row correct: 64.4227668643% 
 + average rowUcol correct (VOC measure): 46.701607108116% 
 + global correct: 64.404861829261%
Saving current network state...	
Saved.	
================================	
Epoch 128:	
  time to learn 1 sample = 0.23984377577639ms	
  time to learn all 431278 samples = 103439.34392929ms	
================================	
ConfusionMatrix:
[[  102220  113651]   47.352% 	[class: 1]
 [   39646  175761]]  81.595% 	[class: 2]
 + average row correct: 64.473597705364% 
 + average rowUcol correct (VOC measure): 46.709272265434% 
 + global correct: 64.455177402974%
Saving current network state...	
Saved.	
================================	
Epoch 129:	
  time to learn 1 sample = 0.23994653317896ms	
  time to learn all 431278 samples = 103483.66093636ms	
================================	
ConfusionMatrix:
[[  102220  113651]   47.352% 	[class: 1]
 [   40001  175406]]  81.430% 	[class: 2]
 + average row correct: 64.391194283962% 
 + average rowUcol correct (VOC measure): 46.627578139305% 
 + global correct: 64.372863906807%
Saving current network state...	
Saved.	
================================	
Epoch 130:	
  time to learn 1 sample = 0.23975371606845ms	
  time to learn all 431278 samples = 103400.50315857ms	
================================	
ConfusionMatrix:
[[  104559  111312]   48.436% 	[class: 1]
 [   42011  173396]]  80.497% 	[class: 2]
 + average row correct: 64.466395974159% 
 + average rowUcol correct (VOC measure): 46.808595955372% 
 + global correct: 64.449148808889%
Saving current network state...	
Saved.	
================================	
Epoch 131:	
  time to learn 1 sample = 0.23995761443147ms	
  time to learn all 431278 samples = 103488.44003677ms	
================================	
ConfusionMatrix:
[[  103087  112784]   47.754% 	[class: 1]
 [   40266  175141]]  81.307% 	[class: 2]
 + average row correct: 64.530497789383% 
 + average rowUcol correct (VOC measure): 46.806195378304% 
 + global correct: 64.512449046787%
Saving current network state...	
Saved.	
================================	
Epoch 132:	
  time to learn 1 sample = 0.23983503681707ms	
  time to learn all 431278 samples = 103435.57500839ms	
================================	
ConfusionMatrix:
[[  103842  112029]   48.104% 	[class: 1]
 [   40916  174491]]  81.005% 	[class: 2]
 + average row correct: 64.554493129253% 
 + average rowUcol correct (VOC measure): 46.86453640461% 
 + global correct: 64.536795292132%
Saving current network state...	
Saved.	
================================	
Epoch 133:	
  time to learn 1 sample = 0.23993824200285ms	
  time to learn all 431278 samples = 103480.08513451ms	
================================	
ConfusionMatrix:
[[  105318  110553]   48.787% 	[class: 1]
 [   41397  174010]]  80.782% 	[class: 2]
 + average row correct: 64.784716069698% 
 + average rowUcol correct (VOC measure): 47.160464525223% 
 + global correct: 64.767504950403%
Saving current network state...	
Saved.	
================================	
Epoch 134:	
  time to learn 1 sample = 0.24937103201732ms	
  time to learn all 431278 samples = 107548.23994637ms	
================================	
ConfusionMatrix:
[[  103865  112006]   48.114% 	[class: 1]
 [   40835  174572]]  81.043% 	[class: 2]
 + average row correct: 64.578622579575% 
 + average rowUcol correct (VOC measure): 46.889635920525% 
 + global correct: 64.560909668474%
Saving current network state...	
Saved.	
================================	
Epoch 135:	
  time to learn 1 sample = 0.24717497764481ms	
  time to learn all 431278 samples = 106601.1300087ms	
================================	
ConfusionMatrix:
[[  104730  111141]   48.515% 	[class: 1]
 [   41416  173991]]  80.773% 	[class: 2]
 + average row correct: 64.644111692905% 
 + average rowUcol correct (VOC measure): 46.993713080883% 
 + global correct: 64.626760465407%
Saving current network state...	
Saved.	
================================	
Epoch 136:	
  time to learn 1 sample = 0.23973827528702ms	
  time to learn all 431278 samples = 103393.84388924ms	
================================	
ConfusionMatrix:
[[  103754  112117]   48.063% 	[class: 1]
 [   40097  175310]]  81.385% 	[class: 2]
 + average row correct: 64.724215865135% 
 + average rowUcol correct (VOC measure): 47.029909491539% 
 + global correct: 64.706291533535%
Saving current network state...	
Saved.	
================================	
Epoch 137:	
  time to learn 1 sample = 0.24007842689549ms	
  time to learn all 431278 samples = 103540.54379463ms	
================================	
ConfusionMatrix:
[[  102700  113171]   47.575% 	[class: 1]
 [   39554  175853]]  81.638% 	[class: 2]
 + average row correct: 64.606128633022% 
 + average rowUcol correct (VOC measure): 46.863453090191% 
 + global correct: 64.587806472855%
Saving current network state...	
Saved.	
================================	
Epoch 138:	
  time to learn 1 sample = 0.23970092408595ms	
  time to learn all 431278 samples = 103377.73513794ms	
================================	
ConfusionMatrix:
[[  104033  111838]   48.192% 	[class: 1]
 [   40203  175204]]  81.336% 	[class: 2]
 + average row correct: 64.764232933521% 
 + average rowUcol correct (VOC measure): 47.08261936903% 
 + global correct: 64.746404871104%
Saving current network state...	
Saved.	
================================	
Epoch 139:	
  time to learn 1 sample = 0.23953765071684ms	
  time to learn all 431278 samples = 103307.31892586ms	
================================	
ConfusionMatrix:
[[  103887  111984]   48.125% 	[class: 1]
 [   40844  174563]]  81.039% 	[class: 2]
 + average row correct: 64.581629633904% 
 + average rowUcol correct (VOC measure): 46.893629431725% 
 + global correct: 64.563923965516%
Saving current network state...	
Saved.	
================================	
Epoch 140:	
  time to learn 1 sample = 0.23989551961448ms	
  time to learn all 431278 samples = 103461.65990829ms	
================================	
ConfusionMatrix:
[[  103324  112547]   47.864% 	[class: 1]
 [   39842  175565]]  81.504% 	[class: 2]
 + average row correct: 64.683809876442% 
 + average rowUcol correct (VOC measure): 46.969829499722% 
 + global correct: 64.66571445796%
Saving current network state...	
Saved.	
================================	
Epoch 141:	
  time to learn 1 sample = 0.24592143341338ms	
  time to learn all 431278 samples = 106060.50395966ms	
================================	
ConfusionMatrix:
[[  103211  112660]   47.811% 	[class: 1]
 [   39866  175541]]  81.493% 	[class: 2]
 + average row correct: 64.652067422867% 
 + average rowUcol correct (VOC measure): 46.932962536812% 
 + global correct: 64.633948404509%
Saving current network state...	
Saved.	
================================	
Epoch 142:	
  time to learn 1 sample = 0.2396638150195ms	
  time to learn all 431278 samples = 103361.73081398ms	
================================	
ConfusionMatrix:
[[  102792  113079]   47.617% 	[class: 1]
 [   39080  176327]]  81.858% 	[class: 2]
 + average row correct: 64.737462997437% 
 + average rowUcol correct (VOC measure): 46.998517215252% 
 + global correct: 64.719044328716%
Saving current network state...	
Saved.	
================================	
Epoch 143:	
  time to learn 1 sample = 0.24071736102443ms	
  time to learn all 431278 samples = 103816.10202789ms	
================================	
ConfusionMatrix:
[[  103745  112126]   48.059% 	[class: 1]
 [   40081  175326]]  81.393% 	[class: 2]
 + average row correct: 64.725844562054% 
 + average rowUcol correct (VOC measure): 47.031126916409% 
 + global correct: 64.707914616558%
Saving current network state...	
Saved.	
================================	
Epoch 144:	
  time to learn 1 sample = 0.24010143797733ms	
  time to learn all 431278 samples = 103550.46796799ms	
================================	
ConfusionMatrix:
[[  104481  111390]   48.400% 	[class: 1]
 [   40683  174724]]  81.113% 	[class: 2]
 + average row correct: 64.756582677364% 
 + average rowUcol correct (VOC measure): 47.095182538033% 
 + global correct: 64.738985062999%
Saving current network state...	
Saved.	
================================	
Epoch 145:	
  time to learn 1 sample = 0.24041605212211ms	
  time to learn all 431278 samples = 103686.15412712ms	
================================	
ConfusionMatrix:
[[  102698  113173]   47.574% 	[class: 1]
 [   39163  176244]]  81.819% 	[class: 2]
 + average row correct: 64.696425199509% 
 + average rowUcol correct (VOC measure): 46.953216195107% 
 + global correct: 64.678003515134%
Saving current network state...	
Saved.	
================================	
Epoch 146:	
  time to learn 1 sample = 0.23991435249196ms	
  time to learn all 431278 samples = 103469.78211403ms	
================================	
ConfusionMatrix:
[[  103554  112317]   47.970% 	[class: 1]
 [   39996  175411]]  81.432% 	[class: 2]
 + average row correct: 64.701338112354% 
 + average rowUcol correct (VOC measure): 46.997903287411% 
 + global correct: 64.68333650221%
Saving current network state...	
Saved.	
================================	
Epoch 147:	
  time to learn 1 sample = 0.23937583844778ms	
  time to learn all 431278 samples = 103237.53285408ms	
================================	
ConfusionMatrix:
[[  104908  110963]   48.598% 	[class: 1]
 [   41523  173884]]  80.723% 	[class: 2]
 + average row correct: 64.660505950451% 
 + average rowUcol correct (VOC measure): 47.017966210842% 
 + global correct: 64.643223164641%
Saving current network state...	
Saved.	
================================	
Epoch 148:	
  time to learn 1 sample = 0.25220506745919ms	
  time to learn all 431278 samples = 108770.49708366ms	
================================	
ConfusionMatrix:
[[  104233  111638]   48.285% 	[class: 1]
 [   40269  175138]]  81.306% 	[class: 2]
 + average row correct: 64.795239269733% 
 + average rowUcol correct (VOC measure): 47.122704982758% 
 + global correct: 64.777475317545%
Saving current network state...	
Saved.	
================================	
Epoch 149:	
  time to learn 1 sample = 0.24578510166766ms	
  time to learn all 431278 samples = 106001.70707703ms	
================================	
ConfusionMatrix:
[[  105069  110802]   48.672% 	[class: 1]
 [   40524  174883]]  81.187% 	[class: 2]
 + average row correct: 64.929683506489% 
 + average rowUcol correct (VOC measure): 47.295036911964% 
 + global correct: 64.912191208455%
Saving current network state...	
Saved.	
================================	
Epoch 150:	
  time to learn 1 sample = 0.2415115609424ms	
  time to learn all 431278 samples = 104158.62298012ms	
================================	
ConfusionMatrix:
[[  104516  111355]   48.416% 	[class: 1]
 [   40018  175389]]  81.422% 	[class: 2]
 + average row correct: 64.919048547745% 
 + average rowUcol correct (VOC measure): 47.259560227394% 
 + global correct: 64.9012933653%
Saving current network state...	
Saved.	
================================	
Epoch 151:	
  time to learn 1 sample = 0.25339165427962ms	
  time to learn all 431278 samples = 109282.2458744ms	
================================	
ConfusionMatrix:
[[  103300  112571]   47.853% 	[class: 1]
 [   40070  175337]]  81.398% 	[class: 2]
 + average row correct: 64.625328779221% 
 + average rowUcol correct (VOC measure): 46.910427510738% 
 + global correct: 64.607283469131%
Saving current network state...	
Saved.	
================================	
Epoch 152:	
  time to learn 1 sample = 0.24904815710146ms	
  time to learn all 431278 samples = 107408.9910984ms	
================================	
ConfusionMatrix:
[[  104078  111793]   48.213% 	[class: 1]
 [   39660  175747]]  81.588% 	[class: 2]
 + average row correct: 64.900696277618% 
 + average rowUcol correct (VOC measure): 47.221249341965% 
 + global correct: 64.882743845037%
Saving current network state...	
Saved.	
================================	
Epoch 153:	
  time to learn 1 sample = 0.24944054676801ms	
  time to learn all 431278 samples = 107578.22012901ms	
================================	
ConfusionMatrix:
[[  105333  110538]   48.794% 	[class: 1]
 [   40858  174549]]  81.032% 	[class: 2]
 + average row correct: 64.913302659988% 
 + average rowUcol correct (VOC measure): 47.290270030499% 
 + global correct: 64.895960378225%
Saving current network state...	
Saved.	
================================	
Epoch 154:	
  time to learn 1 sample = 0.24391390959453ms	
  time to learn all 431278 samples = 105194.70310211ms	
================================	
ConfusionMatrix:
[[  103354  112517]   47.878% 	[class: 1]
 [   39342  176065]]  81.736% 	[class: 2]
 + average row correct: 64.806817471981% 
 + average rowUcol correct (VOC measure): 47.093975543976% 
 + global correct: 64.788605029702%
Saving current network state...	
Saved.	
================================	
Epoch 155:	
  time to learn 1 sample = 0.24422700182921ms	
  time to learn all 431278 samples = 105329.7328949ms	
================================	
ConfusionMatrix:
[[  103708  112163]   48.042% 	[class: 1]
 [   39659  175748]]  81.589% 	[class: 2]
 + average row correct: 64.815229177475% 
 + average rowUcol correct (VOC measure): 47.118745744228% 
 + global correct: 64.797184182824%
Saving current network state...	
Saved.	
================================	
Epoch 156:	
  time to learn 1 sample = 0.24387877187987ms	
  time to learn all 431278 samples = 105179.54897881ms	
================================	
ConfusionMatrix:
[[  106387  109484]   49.283% 	[class: 1]
 [   41238  174169]]  80.856% 	[class: 2]
 + average row correct: 65.069223940372% 
 + average rowUcol correct (VOC measure): 47.493305802345% 
 + global correct: 65.052240086441%
Saving current network state...	
Saved.	
================================	
Epoch 157:	
  time to learn 1 sample = 0.24326627630923ms	
  time to learn all 431278 samples = 104915.39311409ms	
================================	
ConfusionMatrix:
[[  105141  110730]   48.705% 	[class: 1]
 [   40304  175103]]  81.289% 	[class: 2]
 + average row correct: 64.997425675392% 
 + average rowUcol correct (VOC measure): 47.366331517696% 
 + global correct: 64.979896957415%
Saving current network state...	
Saved.	
================================	
Epoch 158:	
  time to learn 1 sample = 0.24393805837743ms	
  time to learn all 431278 samples = 105205.1179409ms	
================================	
ConfusionMatrix:
[[  104172  111699]   48.257% 	[class: 1]
 [   39325  176082]]  81.744% 	[class: 2]
 + average row correct: 65.000228583813% 
 + average rowUcol correct (VOC measure): 47.325322031975% 
 + global correct: 64.982215647448%
Saving current network state...	
Saved.	
================================	
Epoch 159:	
  time to learn 1 sample = 0.24132543072789ms	
  time to learn all 431278 samples = 104078.34911346ms	
================================	
ConfusionMatrix:
[[  103543  112328]   47.965% 	[class: 1]
 [   38868  176539]]  81.956% 	[class: 2]
 + average row correct: 64.960618317127% 
 + average rowUcol correct (VOC measure): 47.256544232368% 
 + global correct: 64.942334178882%
Saving current network state...	
Saved.	
================================	
Epoch 160:	
  time to learn 1 sample = 0.24155552827867ms	
  time to learn all 431278 samples = 104177.58512497ms	
================================	
ConfusionMatrix:
[[  104263  111608]   48.299% 	[class: 1]
 [   39355  176052]]  81.730% 	[class: 2]
 + average row correct: 65.014344453812% 
 + average rowUcol correct (VOC measure): 47.343654930592% 
 + global correct: 64.996359656648%
Saving current network state...	
Saved.	
================================	
Epoch 161:	
  time to learn 1 sample = 0.24115467495656ms	
  time to learn all 431278 samples = 104004.70590591ms	
================================	
ConfusionMatrix:
[[  104616  111255]   48.462% 	[class: 1]
 [   39605  175802]]  81.614% 	[class: 2]
 + average row correct: 65.038074553013% 
 + average rowUcol correct (VOC measure): 47.38357514143% 
 + global correct: 65.020242163987%
Saving current network state...	
Saved.	
================================	
Epoch 162:	
  time to learn 1 sample = 0.24138078226136ms	
  time to learn all 431278 samples = 104102.22101212ms	
================================	
ConfusionMatrix:
[[  103499  112372]   47.945% 	[class: 1]
 [   38347  177060]]  82.198% 	[class: 2]
 + average row correct: 65.071362257004% 
 + average rowUcol correct (VOC measure): 47.365400195122% 
 + global correct: 65.052935693451%
Saving current network state...	
Saved.	
================================	
Epoch 163:	
  time to learn 1 sample = 0.24147299188155ms	
  time to learn all 431278 samples = 104141.98899269ms	
================================	
ConfusionMatrix:
[[  103976  111895]   48.166% 	[class: 1]
 [   39369  176038]]  81.723% 	[class: 2]
 + average row correct: 64.944618940353% 
 + average rowUcol correct (VOC measure): 47.260570526123% 
 + global correct: 64.926567086659%
Saving current network state...	
Saved.	
================================	
Epoch 164:	
  time to learn 1 sample = 0.2449686281281ms	
  time to learn all 431278 samples = 105649.58000183ms	
================================	
ConfusionMatrix:
[[  104877  110994]   48.583% 	[class: 1]
 [   39543  175864]]  81.643% 	[class: 2]
 + average row correct: 65.112920105457% 
 + average rowUcol correct (VOC measure): 47.470654547215% 
 + global correct: 65.095135852049%
Saving current network state...	
Saved.	
================================	
Epoch 165:	
  time to learn 1 sample = 0.24180135518229ms	
  time to learn all 431278 samples = 104283.60486031ms	
================================	
ConfusionMatrix:
[[  103968  111903]   48.162% 	[class: 1]
 [   39148  176259]]  81.826% 	[class: 2]
 + average row correct: 64.994063973427% 
 + average rowUcol correct (VOC measure): 47.309754788876% 
 + global correct: 64.975955184359%
Saving current network state...	
Saved.	
================================	
Epoch 166:	
  time to learn 1 sample = 0.25159343373303ms	
  time to learn all 431278 samples = 108506.71291351ms	
================================	
ConfusionMatrix:
[[  103804  112067]   48.086% 	[class: 1]
 [   38698  176709]]  82.035% 	[class: 2]
 + average row correct: 65.060532093048% 
 + average rowUcol correct (VOC measure): 47.368800640106% 
 + global correct: 65.042269719299%
Saving current network state...	
Saved.	
================================	
Epoch 167:	
  time to learn 1 sample = 0.24852357630188ms	
  time to learn all 431278 samples = 107182.75094032ms	
================================	
ConfusionMatrix:
[[  104960  110911]   48.622% 	[class: 1]
 [   39789  175618]]  81.528% 	[class: 2]
 + average row correct: 65.075042843819% 
 + average rowUcol correct (VOC measure): 47.436289489269% 
 + global correct: 65.057341204513%
Saving current network state...	
Saved.	
================================	
Epoch 168:	
  time to learn 1 sample = 0.2423017822236ms	
  time to learn all 431278 samples = 104499.42803383ms	
================================	
ConfusionMatrix:
[[  105794  110077]   49.008% 	[class: 1]
 [   40407  175000]]  81.242% 	[class: 2]
 + average row correct: 65.124763548374% 
 + average rowUcol correct (VOC measure): 47.523517906666% 
 + global correct: 65.107424909223%
Saving current network state...	
Saved.	
================================	
Epoch 169:	
  time to learn 1 sample = 0.25072458116659ms	
  time to learn all 431278 samples = 108131.99591637ms	
================================	
ConfusionMatrix:
[[  103913  111958]   48.137% 	[class: 1]
 [   38434  176973]]  82.157% 	[class: 2]
 + average row correct: 65.147058665752% 
 + average rowUcol correct (VOC measure): 47.460702061653% 
 + global correct: 65.128756857526%
Saving current network state...	
Saved.	
================================	
Epoch 170:	
  time to learn 1 sample = 0.24355925146838ms	
  time to learn all 431278 samples = 105041.74685478ms	
================================	
ConfusionMatrix:
[[  104989  110882]   48.635% 	[class: 1]
 [   39087  176320]]  81.854% 	[class: 2]
 + average row correct: 65.244707465172% 
 + average rowUcol correct (VOC measure): 47.608460485935% 
 + global correct: 65.226837445917%
Saving current network state...	
Saved.	
================================	
Epoch 171:	
  time to learn 1 sample = 0.24058701354204ms	
  time to learn all 431278 samples = 103759.88602638ms	
================================	
ConfusionMatrix:
[[  104956  110915]   48.620% 	[class: 1]
 [   40124  175283]]  81.373% 	[class: 2]
 + average row correct: 64.996355772018% 
 + average rowUcol correct (VOC measure): 47.356986999512% 
 + global correct: 64.978737612398%
Saving current network state...	
Saved.	
================================	
Epoch 172:	
  time to learn 1 sample = 0.24000145848915ms	
  time to learn all 431278 samples = 103507.34901428ms	
================================	
ConfusionMatrix:
[[  104189  111682]   48.264% 	[class: 1]
 [   39024  176383]]  81.884% 	[class: 2]
 + average row correct: 65.074035525322% 
 + average rowUcol correct (VOC measure): 47.400170564651% 
 + global correct: 65.055949990493%
Saving current network state...	
Saved.	
================================	
Epoch 173:	
  time to learn 1 sample = 0.24005192476303ms	
  time to learn all 431278 samples = 103529.11400795ms	
================================	
ConfusionMatrix:
[[  104647  111224]   48.477% 	[class: 1]
 [   39192  176215]]  81.806% 	[class: 2]
 + average row correct: 65.141120553017% 
 + average rowUcol correct (VOC measure): 47.488579154015% 
 + global correct: 65.123192001447%
Saving current network state...	
Saved.	
================================	
Epoch 174:	
  time to learn 1 sample = 0.24036606293084ms	
  time to learn all 431278 samples = 103664.59488869ms	
================================	
ConfusionMatrix:
[[  105624  110247]   48.929% 	[class: 1]
 [   39921  175486]]  81.467% 	[class: 2]
 + average row correct: 65.198197960854% 
 + average rowUcol correct (VOC measure): 47.590090334415% 
 + global correct: 65.180695514262%
Saving current network state...	
Saved.	
================================	
Epoch 175:	
  time to learn 1 sample = 0.2399867883371ms	
  time to learn all 431278 samples = 103501.02210045ms	
================================	
ConfusionMatrix:
[[  105190  110681]   48.728% 	[class: 1]
 [   39371  176036]]  81.723% 	[class: 2]
 + average row correct: 65.225340425968% 
 + average rowUcol correct (VOC measure): 47.598035633564% 
 + global correct: 65.207592318644%
Saving current network state...	
Saved.	
================================	
Epoch 176:	
  time to learn 1 sample = 0.2414382903409ms	
  time to learn all 431278 samples = 104127.02298164ms	
================================	
ConfusionMatrix:
[[  107092  108779]   49.609% 	[class: 1]
 [   41408  173999]]  80.777% 	[class: 2]
 + average row correct: 65.193055570126% 
 + average rowUcol correct (VOC measure): 47.6487159729% 
 + global correct: 65.1762900032%
Saving current network state...	
Saved.	
================================	
Epoch 177:	
  time to learn 1 sample = 0.24044116115124ms	
  time to learn all 431278 samples = 103696.98309898ms	
================================	
ConfusionMatrix:
[[  102958  112913]   47.694% 	[class: 1]
 [   37858  177549]]  82.425% 	[class: 2]
 + average row correct: 65.059560537338% 
 + average rowUcol correct (VOC measure): 47.327987849712% 
 + global correct: 65.04087850528%
Saving current network state...	
Saved.	
================================	
Epoch 178:	
  time to learn 1 sample = 0.24766465678334ms	
  time to learn all 431278 samples = 106812.31784821ms	
================================	
ConfusionMatrix:
[[  104845  111026]   48.568% 	[class: 1]
 [   39277  176130]]  81.766% 	[class: 2]
 + average row correct: 65.167252719402% 
 + average rowUcol correct (VOC measure): 47.52388894558% 
 + global correct: 65.149393198818%
Saving current network state...	
Saved.	
================================	
Epoch 179:	
  time to learn 1 sample = 0.24801986662264ms	
  time to learn all 431278 samples = 106965.51203728ms	
================================	
ConfusionMatrix:
[[  106832  109039]   49.489% 	[class: 1]
 [   40500  174907]]  81.198% 	[class: 2]
 + average row correct: 65.343599021435% 
 + average rowUcol correct (VOC measure): 47.790145874023% 
 + global correct: 65.32654111733%
Saving current network state...	
Saved.	
================================	
Epoch 180:	
  time to learn 1 sample = 0.24281498490699ms	
  time to learn all 431278 samples = 104720.76106071ms	
================================	
ConfusionMatrix:
[[  105249  110622]   48.756% 	[class: 1]
 [   39451  175956]]  81.685% 	[class: 2]
 + average row correct: 65.220437943935% 
 + average rowUcol correct (VOC measure): 47.595748305321% 
 + global correct: 65.202723069575%
Saving current network state...	
Saved.	
================================	
Epoch 181:	
  time to learn 1 sample = 0.24003350705245ms	
  time to learn all 431278 samples = 103521.17085457ms	
================================	
ConfusionMatrix:
[[  104716  111155]   48.509% 	[class: 1]
 [   39899  175508]]  81.477% 	[class: 2]
 + average row correct: 64.992995560169% 
 + average rowUcol correct (VOC measure): 47.342815995216% 
 + global correct: 64.975259577349%
Saving current network state...	
Saved.	
slurmstepd: error: *** JOB 2508627 ON node107 CANCELLED AT 2017-04-26T19:41:36 ***
