EVALUATING DNN MODEL
EVALUATING NETWORK WITH MODEL NAME 1k_1k_512_64_1k_es
[?1034hSet nb of threads to 16	
Setting up evaluation dataset...	
Loading neural network /pool001/atitus/FastLID-DNN/models/1k_1k_512_64_1k_es...	
Loaded neural network /pool001/atitus/FastLID-DNN/models/1k_1k_512_64_1k_es	
Using model:	
nn.Sequential {
  [input -> (1) -> (2) -> (3) -> (4) -> (5) -> (6) -> (7) -> (8) -> (9) -> (10) -> (11) -> (12) -> (13) -> (14) -> (15) -> (16) -> (17) -> output]
  (1): nn.Linear(819 -> 1024)
  (2): nn.Add
  (3): nn.ReLU
  (4): nn.Linear(1024 -> 1024)
  (5): nn.Add
  (6): nn.ReLU
  (7): nn.Linear(1024 -> 512)
  (8): nn.Add
  (9): nn.ReLU
  (10): nn.Linear(512 -> 64)
  (11): nn.Add
  (12): nn.ReLU
  (13): nn.Linear(64 -> 1024)
  (14): nn.Add
  (15): nn.ReLU
  (16): nn.Linear(1024 -> 4)
  (17): nn.LogSoftMax
}
Convert network to CUDA	
Reading dataset...	
Done setting up dataset with 105781 datapoints across 359 utterances.	
Utterances per language:	
 91
 88
 88
 92
[torch.DoubleTensor of size 4]

Testing neural network...	
Convert input tensor to CUDA	
Frame 46170 posteriors:-0.14355278015137,-2.7147455215454,-4.0455932617188,-2.9956564903259	
Frame 46171 posteriors:-2.5003316402435,-0.49474787712097,-3.689977645874,-1.261442899704	
Frame 46172 posteriors:-0.12432479858398,-2.8250007629395,-4.858325958252,-2.9990417957306	
Frame 46173 posteriors:-0.16924428939819,-2.8212172985077,-4.8517651557922,-2.4264543056488	
Frame 46174 posteriors:-0.097152233123779,-3.518931388855,-5.3461356163025,-2.8441348075867	
Frame 46175 posteriors:-0.10662651062012,-3.6425876617432,-2.8837678432465,-3.9617230892181	
Frame 46176 posteriors:-0.0096302032470703,-6.8220705986023,-4.9177684783936,-6.7429184913635	
Frame 46177 posteriors:-1.1349654197693,-4.2172107696533,-0.44872689247131,-3.6735329627991	
Frame 46178 posteriors:-1.5859794616699,-5.7316331863403,-0.23664522171021,-5.8998122215271	
Frame 46179 posteriors:-0.031404972076416,-6.2287564277649,-3.650810956955,-5.8174357414246	
Frame 46180 posteriors:-0.58281660079956,-5.5608563423157,-0.96006870269775,-2.9010682106018	
Frame 46181 posteriors:-0.10903739929199,-8.1779642105103,-2.4506392478943,-4.0873470306396	
Frame 46182 posteriors:-0.60201787948608,-8.9755067825317,-0.86997127532959,-3.4050679206848	
Frame 46183 posteriors:-0.0013198852539062,-13.68416595459,-6.6836366653442,-9.6168098449707	
Frame 46184 posteriors:-0.0015983581542969,-12.768304824829,-9.6175479888916,-6.4837045669556	
Frame 46185 posteriors:-5.7220458984375e-06,-14.470325469971,-13.477401733398,-12.283268928528	
Frame 46186 posteriors:-5.7220458984375e-06,-14.462958335876,-13.356112480164,-12.70016002655	
Frame 46187 posteriors:-0.00039577484130859,-9.2783870697021,-9.5557689666748,-8.3693714141846	
Frame 46188 posteriors:-0.037262439727783,-4.1163721084595,-5.7816972732544,-4.0634326934814	
Frame 46189 posteriors:-0.045360565185547,-3.9406926631927,-5.6721234321594,-3.8410053253174	
Frame 46190 posteriors:-1.8402551412582,-0.60443472862244,-4.2194337844849,-1.2724905014038	
Frame 46191 posteriors:-0.5074257850647,-1.2740179300308,-4.4411482810974,-2.2399044036865	
Frame 46192 posteriors:-0.42825698852539,-1.5882737636566,-4.2015390396118,-2.0471258163452	
Frame 46193 posteriors:-0.065746784210205,-3.5000841617584,-5.337543964386,-3.5533165931702	
Frame 46194 posteriors:-0.037330627441406,-4.1143808364868,-5.7802562713623,-4.0617809295654	
Frame 46195 posteriors:-0.024263381958008,-4.5884261131287,-6.1242570877075,-4.4556155204773	
Frame 46196 posteriors:-0.040201663970947,-4.700502872467,-6.2001714706421,-3.5654349327087	
Frame 46197 posteriors:-0.27021884918213,-3.052752494812,-5.0130519866943,-1.6987705230713	
Frame 46198 posteriors:-0.98675203323364,-2.1598138809204,-2.4117739200592,-0.86224842071533	
Frame 46199 posteriors:-0.68302273750305,-2.873283624649,-2.4048428535461,-1.0552101135254	
Frame 46200 posteriors:-1.2731812000275,-3.3345265388489,-2.8190896511078,-0.47037386894226	
Frame 46201 posteriors:-1.5638728141785,-4.8900871276855,-5.9085001945496,-0.2478985786438	
Frame 46202 posteriors:-0.15400314331055,-4.9941802024841,-5.7880744934082,-2.0182366371155	
Frame 46203 posteriors:-0.039632320404053,-4.5700364112854,-5.6922063827515,-3.6837921142578	
Frame 46204 posteriors:-0.076471328735352,-4.1026368141174,-5.7588949203491,-2.9199380874634	
Frame 46205 posteriors:-0.90454435348511,-3.4932804107666,-5.3461756706238,-0.57962846755981	
Frame 46206 posteriors:-3.924099445343,-4.7636399269104,-5.9683818817139,-0.031338691711426	
Frame 46207 posteriors:-4.9729824066162,-4.8993582725525,-6.1018762588501,-0.016752243041992	
Frame 46208 posteriors:-4.9915704727173,-5.0377707481384,-6.173529624939,-0.015486240386963	
Frame 46209 posteriors:-2.8409104347229,-5.5789742469788,-6.3285369873047,-0.066068649291992	
Frame 46210 posteriors:-0.54623556137085,-6.1700878143311,-6.8176665306091,-0.87301826477051	
Frame 46211 posteriors:-0.79986333847046,-6.1801400184631,-6.7260475158691,-0.60268449783325	
Frame 46212 posteriors:-0.34424686431885,-6.1924591064453,-6.971640586853,-1.2438817024231	
Frame 46213 posteriors:-0.037106513977051,-6.5838751792908,-7.530481338501,-3.3665866851807	
Frame 46214 posteriors:-0.0051898956298828,-7.2014288902283,-8.0449800491333,-5.4943318367004	
Frame 46215 posteriors:-0.011488914489746,-6.4352712631226,-7.4700784683228,-4.6831755638123	
Frame 46216 posteriors:-0.013513565063477,-6.4021310806274,-7.4396018981934,-4.4939031600952	
Frame 46217 posteriors:-0.0091781616210938,-6.747106552124,-7.6993598937988,-4.8916258811951	
Frame 46218 posteriors:-0.010677337646484,-6.2932147979736,-7.273229598999,-4.8186736106873	
Frame 46219 posteriors:-0.047702789306641,-4.8126392364502,-4.8714017868042,-3.4804420471191	
Frame 46220 posteriors:-0.86828231811523,-1.0704964399338,-1.8558000326157,-2.5113077163696	
Frame 46221 posteriors:-3.6453676223755,-0.19197273254395,-2.0374765396118,-4.0062694549561	
Frame 46222 posteriors:-4.1678495407104,-0.060725212097168,-4.8202600479126,-3.3419456481934	
Frame 46223 posteriors:-3.9975485801697,-0.086996555328369,-4.6643748283386,-2.8907551765442	
Frame 46224 posteriors:-3.763414144516,-0.15407586097717,-4.4523296356201,-2.2262055873871	
Frame 46225 posteriors:-4.7049479484558,-4.3259572982788,-5.7938108444214,-0.025643825531006	
Frame 46226 posteriors:-5.5130758285522,-6.0450654029846,-6.7213597297668,-0.0076370239257812	
Frame 46227 posteriors:-6.804301738739,-8.7668514251709,-8.2001190185547,-0.0015406608581543	
Frame 46228 posteriors:-7.4150638580322,-10.926033973694,-7.9565601348877,-0.00097084045410156	
Frame 46229 posteriors:-10.546686172485,-16.637638092041,-12.483699798584,-3.0517578125e-05	
Frame 46230 posteriors:-12.858231544495,-21.498161315918,-15.129391670227,-1.9073486328125e-06	
Frame 46231 posteriors:-9.6422710418701,-14.735872268677,-11.448540687561,-7.62939453125e-05	
Frame 46232 posteriors:-8.4485292434692,-12.225582122803,-10.082210540771,-0.00026130676269531	
Frame 46233 posteriors:-8.578914642334,-12.499780654907,-10.231449127197,-0.00022792816162109	
Frame 46234 posteriors:-5.5247836112976,-6.0698175430298,-6.7347774505615,-0.0075154304504395	
Frame 46235 posteriors:-3.9311566352844,-0.25958359241486,-3.0883030891418,-1.8113881349564	
Frame 46236 posteriors:-3.9311566352844,-0.25958359241486,-3.0883030891418,-1.8113881349564	
Frame 46237 posteriors:-3.8181366920471,-0.13330268859863,-4.5015158653259,-2.3888063430786	
Frame 46238 posteriors:-3.9311566352844,-0.25958359241486,-3.0883030891418,-1.8113881349564	
Frame 46239 posteriors:-3.3209400177002,-0.32590663433075,-3.9563031196594,-1.501145362854	
Frame 46240 posteriors:-3.4246468544006,-0.21824359893799,-2.1018958091736,-3.1872506141663	
Frame 46241 posteriors:-4.3720164299011,-2.0190243721008,-0.16135835647583,-5.6262259483337	
Frame 46242 posteriors:-5.7059512138367,-5.1071271896362,-0.011295318603516,-6.2913618087769	
Frame 46243 posteriors:-3.866818189621,-2.4925198554993,-0.1402485370636,-3.6033759117126	
Frame 46244 posteriors:-3.5733180046082,-2.0199368000031,-0.22656989097595,-3.1698460578918	
Frame 46245 posteriors:-7.0624027252197,-7.0017037391663,-0.0020337104797363,-8.2368583679199	
Frame 46246 posteriors:-8.6314449310303,-9.1896677017212,-0.00030851364135742,-10.483386993408	
Frame 46247 posteriors:-15.015542030334,-18.089378356934,0,-19.62113571167	
Frame 46248 posteriors:-19.034772872925,-23.69228553772,0,-25.37389755249	
Frame 46249 posteriors:-20.676467895508,-25.980850219727,0,-27.723670959473	
Frame 46250 posteriors:-23.792766571045,-30.325046539307,0,-32.184059143066	
Frame 46251 posteriors:-23.823709487915,-30.368183135986,0,-32.22834777832	
Frame 46252 posteriors:-24.266529083252,-30.985485076904,0,-32.862159729004	
Frame 46253 posteriors:-24.112277984619,-30.770454406738,0,-32.641380310059	
Frame 46254 posteriors:-23.125469207764,-29.394821166992,0,-31.228950500488	
Frame 46255 posteriors:-23.119255065918,-29.386154174805,0,-31.220054626465	
Frame 46256 posteriors:-22.2135887146,-28.123636245728,0,-29.923768997192	
Frame 46257 posteriors:-20.0113697052,-25.053686141968,0,-26.771711349487	
Frame 46258 posteriors:-13.866519927979,-16.487613677979,-9.5367431640625e-07,-17.976531982422	
Frame 46259 posteriors:-5.6640591621399,-8.4084339141846,-0.03455638885498,-3.4974422454834	
Frame 46260 posteriors:-6.9468855857849,-9.066915512085,-8.3633470535278,-0.0013113021850586	
Frame 46261 posteriors:-7.7794098854065,-10.818330764771,-9.3163299560547,-0.00052833557128906	
Frame 46262 posteriors:-7.6625490188599,-10.572528839111,-9.1825656890869,-0.00059890747070312	
Frame 46263 posteriors:-6.8749251365662,-8.9154825210571,-8.2809686660767,-0.0014219284057617	
Frame 46264 posteriors:-6.2303948402405,-7.5584602355957,-7.5430369377136,-0.0030245780944824	
Frame 46265 posteriors:-7.2493958473206,-9.7034168243408,-8.7096405029297,-0.00093746185302734	
Frame 46266 posteriors:-8.3528690338135,-12.024409294128,-9.9727191925049,-0.00028800964355469	
Frame 46267 posteriors:-9.0459098815918,-13.481830596924,-10.765963554382,-0.00014019012451172	
Frame 46268 posteriors:-9.3764209747314,-14.17684173584,-11.144257545471,-0.00010013580322266	
Frame 46269 posteriors:-9.7429256439209,-14.947525024414,-11.563745498657,-6.866455078125e-05	
Frame 46270 posteriors:-7.6195116043091,-10.482004165649,-9.1333036422729,-0.00062656402587891	
Frame 46271 posteriors:-6.5121145248413,-8.1517868041992,-7.8656053543091,-0.002159595489502	
Frame 46272 posteriors:-3.6398928165436,-0.22326771914959,-4.3429403305054,-1.8273079395294	
Frame 46273 posteriors:-0.16847372055054,-2.5117783546448,-4.640510559082,-2.7446660995483	
Frame 46274 posteriors:-0.0022106170654297,-7.2893209457397,-8.0982074737549,-6.7081356048584	
Frame 46275 posteriors:-0.007655143737793,-8.2714519500732,-4.9525861740112,-8.0963726043701	
Frame 46276 posteriors:-0.0025653839111328,-7.826681137085,-6.4149646759033,-7.5494537353516	
Frame 46277 posteriors:-0.0094089508056641,-11.310042381287,-10.934655189514,-4.6739892959595	
Frame 46278 posteriors:-0.0059661865234375,-15.065233230591,-13.129420280457,-5.1250410079956	
Frame 46279 posteriors:-0.053057670593262,-14.034997940063,-11.695051193237,-2.9629678726196	
Frame 46280 posteriors:-0.51296138763428,-14.502111434937,-11.102948188782,-0.91313457489014	
Frame 46281 posteriors:-0.20428657531738,-16.187181472778,-12.272241592407,-1.6886615753174	
Frame 46282 posteriors:-1.4666633605957,-15.499895095825,-11.404299736023,-0.26228141784668	
Frame 46283 posteriors:-5.3855977058411,-14.939914703369,-11.270678520203,-0.0046052932739258	
Frame 46284 posteriors:-5.3856768608093,-13.207302093506,-10.382630348206,-0.0046253204345703	
Frame 46285 posteriors:-5.8550662994385,-8.8053817749023,-8.1572008132935,-0.0033073425292969	
Frame 46286 posteriors:-5.2816076278687,-6.0867009162903,-6.7276391983032,-0.0085911750793457	
Frame 46287 posteriors:-4.4017162322998,-5.4818105697632,-6.3629093170166,-0.018309116363525	
Frame 46288 posteriors:-1.8828468322754,-4.2898092269897,-5.6540341377258,-0.1855673789978	
Frame 46289 posteriors:-0.77887773513794,-3.099990606308,-5.1350736618042,-0.71305799484253	
Frame 46290 posteriors:-0.12988710403442,-3.1943845748901,-5.1137437820435,-2.5929346084595	
Frame 46291 posteriors:-0.13321733474731,-2.7532005310059,-4.8080682754517,-2.9405288696289	
Frame 46292 posteriors:-0.23097467422485,-2.2452917098999,-3.6286358833313,-2.6065142154694	
Frame 46293 posteriors:-0.65702438354492,-1.3303098678589,-2.6991882324219,-1.8974342346191	
Frame 46294 posteriors:-0.93758010864258,-1.4512233734131,-2.7740654945374,-1.1656037569046	
Frame 46295 posteriors:-2.3821530342102,-2.4484198093414,-4.3991451263428,-0.21204233169556	
Frame 46296 posteriors:-4.1062779426575,-3.0133910179138,-5.1015558242798,-0.074379920959473	
Frame 46297 posteriors:-1.5099910497665,-1.4859313964844,-1.5948913097382,-1.0502047538757	
Frame 46298 posteriors:-0.61570596694946,-1.3984019756317,-2.6307504177094,-1.9609477519989	
Frame 46299 posteriors:-1.7506915330887,-1.0479388237,-3.9219570159912,-0.78551650047302	
Frame 46300 posteriors:-3.4022722244263,-1.0662931203842,-4.234591960907,-0.49768829345703	
Frame 46301 posteriors:-3.7459735870361,-0.16167831420898,-4.4367251396179,-2.1729788780212	
Frame 46302 posteriors:-3.6715798377991,-0.12099504470825,-3.5083365440369,-2.8373856544495	
Frame 46303 posteriors:-3.0615799427032,-1.9265447854996,-2.3569624423981,-0.33851456642151	
Frame 46304 posteriors:-5.5085740089417,-6.0355467796326,-6.7162003517151,-0.0076847076416016	
Frame 46305 posteriors:-3.0450162887573,-2.3722505569458,-1.7761936187744,-0.37127733230591	
Frame 46306 posteriors:-3.2052655220032,-0.40988218784332,-3.0852837562561,-1.3862688541412	
Frame 46307 posteriors:-0.25837564468384,-2.0875639915466,-4.3514051437378,-2.3989012241364	
Frame 46308 posteriors:-1.5804942846298,-0.67867970466614,-3.6388652324677,-1.3449292182922	
Frame 46309 posteriors:-2.6155681610107,-1.5803102254868,-3.1248874664307,-0.39005327224731	
Frame 46310 posteriors:-4.0562753677368,-4.1323866844177,-3.7453832626343,-0.058672428131104	
Frame 46311 posteriors:-8.6370811462402,-12.622101783752,-10.298025131226,-0.00021457672119141	
Frame 46312 posteriors:-8.7306346893311,-12.818840026855,-10.40510559082,-0.00019454956054688	
Frame 46313 posteriors:-2.3768730163574,-5.7003464698792,-3.0961134433746,-0.15246343612671	
Frame 46314 posteriors:-2.7431411743164,-2.4525971412659,-2.868556022644,-0.23220753669739	
Frame 46315 posteriors:-0.97173881530762,-4.764533996582,-5.966025352478,-0.49350309371948	
Frame 46316 posteriors:-0.0015802383422852,-8.0242118835449,-8.681342124939,-6.8290233612061	
Frame 46317 posteriors:-6.1013259887695,-0.0038948059082031,-6.6077842712402,-8.119457244873	
Frame 46318 posteriors:-5.1139678955078,-0.012779235839844,-5.6934795379639,-5.708517074585	
Frame 46319 posteriors:-3.6933078765869,-0.18837368488312,-4.3898797035217,-2.0069117546082	
Frame 46320 posteriors:-4.2177457809448,-0.054996490478516,-4.8660774230957,-3.4713258743286	
Frame 46321 posteriors:-4.3188829421997,-0.045318603515625,-4.9590873718262,-3.7308101654053	
Frame 46322 posteriors:-4.6594533920288,-0.025094985961914,-5.2732019424438,-4.5869359970093	
Frame 46323 posteriors:-3.5418326854706,-0.32931518554688,-4.2598485946655,-1.4375910758972	
Frame 46324 posteriors:-5.3600602149963,-5.7213125228882,-6.5459623336792,-0.0094566345214844	
Frame 46325 posteriors:-8.9185466766357,-13.214000701904,-10.620185852051,-0.00016021728515625	
Frame 46326 posteriors:-9.6925373077393,-14.841569900513,-11.506072998047,-7.2479248046875e-05	
Frame 46327 posteriors:-8.7388515472412,-12.836120605469,-10.414510726929,-0.00019264221191406	
Frame 46328 posteriors:-5.9817447662354,-7.0344171524048,-7.2582855224609,-0.0041179656982422	
Frame 46329 posteriors:-3.3790416717529,-0.72782182693481,-4.170036315918,-0.76033806800842	
Frame 46330 posteriors:-3.9660181999207,-2.6917750835419,-4.9375219345093,-0.098585367202759	
Frame 46331 posteriors:-6.0793251991272,-7.240122795105,-7.3700399398804,-0.0036435127258301	
Frame 46332 posteriors:-6.5788969993591,-8.2923889160156,-7.9420652389526,-0.0019974708557129	
Frame 46333 posteriors:-9.6106367111206,-14.669351577759,-11.41233253479,-7.8201293945312e-05	
Frame 46334 posteriors:-11.881425857544,-19.444221496582,-14.011383056641,-7.62939453125e-06	
Frame 46335 posteriors:-11.317741394043,-18.25895690918,-13.366215705872,-1.3351440429688e-05	
Frame 46336 posteriors:-10.438542366028,-16.41024017334,-12.359922409058,-3.3378601074219e-05	
Frame 46337 posteriors:-9.0729675292969,-13.538730621338,-10.796933174133,-0.00013637542724609	
Frame 46338 posteriors:-9.1363525390625,-13.672019004822,-10.869482040405,-0.00012779235839844	
Frame 46339 posteriors:-10.644624710083,-16.843578338623,-12.595796585083,-2.7656555175781e-05	
Frame 46340 posteriors:-10.344802856445,-16.213130950928,-12.252632141113,-3.7193298339844e-05	
Frame 46341 posteriors:-9.9868507385254,-15.460446357727,-11.842934608459,-5.340576171875e-05	
Frame 46342 posteriors:-10.475552558899,-16.488061904907,-12.402282714844,-3.2424926757812e-05	
Frame 46343 posteriors:-9.3421993255615,-14.104879379272,-11.105087280273,-0.00010299682617188	
Frame 46344 posteriors:-11.632383346558,-18.920557022095,-13.726341247559,-9.5367431640625e-06	
Frame 46345 posteriors:-14.480018615723,-24.908298492432,-16.985614776611,0	
Frame 46346 posteriors:-13.398330688477,-22.633827209473,-15.747563362122,-1.9073486328125e-06	
Frame 46347 posteriors:-9.907018661499,-15.91042137146,-11.085382461548,-6.4849853515625e-05	
Frame 46348 posteriors:-7.8153977394104,-13.99572467804,-6.0100688934326,-0.0028619766235352	
Frame 46349 posteriors:-9.8482942581177,-13.147812843323,-8.4877014160156e-05,-10.396422386169	
Frame 46350 posteriors:-9.8074645996094,-10.740933418274,-8.1062316894531e-05,-12.238067626953	
Frame 46351 posteriors:-14.43826675415,-17.137773513794,-9.5367431640625e-07,-18.913627624512	
Frame 46352 posteriors:-12.879386901855,-14.931015968323,-2.8610229492188e-06,-16.709587097168	
Frame 46353 posteriors:-5.7648830413818,-11.084401130676,-0.0031623840332031,-12.047378540039	
Frame 46354 posteriors:-2.2229871749878,-8.4346628189087,-0.11498880386353,-9.0164594650269	
Frame 46355 posteriors:-0.35275316238403,-5.0184621810913,-1.2860369682312,-4.2495427131653	
Frame 46356 posteriors:-7.6938056945801,-10.638275146484,-9.2183437347412,-0.00057888031005859	
Frame 46357 posteriors:-7.9135718345642,-11.100509643555,-9.469895362854,-0.000457763671875	
Frame 46358 posteriors:-6.7406349182129,-12.0893907547,-4.3841915130615,-0.013754844665527	
Frame 46359 posteriors:-6.853805065155,-11.295033454895,-5.6389503479004,-0.0046348571777344	
Frame 46360 posteriors:-10.014024734497,-15.517586708069,-11.87403678894,-5.1498413085938e-05	
Frame 46361 posteriors:-12.099259376526,-19.902263641357,-14.260705947876,-5.7220458984375e-06	
Frame 46362 posteriors:-12.157583236694,-20.02490234375,-14.327461242676,-5.7220458984375e-06	
Frame 46363 posteriors:-3.4696664810181,-16.180397033691,-11.789875984192,-0.031630516052246	
Frame 46364 posteriors:-0.00067520141601562,-18.702713012695,-15.908719062805,-7.3008546829224	
Frame 46365 posteriors:-0.55164432525635,-13.61757850647,-10.62900352478,-0.85808658599854	
Frame 46366 posteriors:-11.314889907837,-18.252960205078,-13.362953186035,-1.3351440429688e-05	
Frame 46367 posteriors:-10.88290977478,-17.344627380371,-12.86852645874,-2.0980834960938e-05	
Frame 46368 posteriors:-11.815267562866,-19.305109024048,-13.935661315918,-8.5830688476562e-06	
Frame 46369 posteriors:-6.7381181716919,-8.627552986145,-8.1243505477905,-0.0016617774963379	
Frame 46370 posteriors:-3.5379180908203,-0.33582448959351,-4.2566986083984,-1.4187816381454	
Frame 46371 posteriors:-3.5379180908203,-0.33582448959351,-4.2566986083984,-1.4187816381454	
Frame 46372 posteriors:-4.6882824897766,-4.2901301383972,-5.7746334075928,-0.026355266571045	
Frame 46373 posteriors:-9.732629776001,-14.925875663757,-11.551961898804,-6.9618225097656e-05	
Frame 46374 posteriors:-10.564380645752,-16.674844741821,-12.503952026367,-2.9563903808594e-05	
Frame 46375 posteriors:-12.336942672729,-20.402042388916,-14.532749176025,-5.7220458984375e-06	
Frame 46376 posteriors:-14.546607971191,-25.048313140869,-17.061828613281,0	
Frame 46377 posteriors:-18.249820709229,-32.835067749023,-21.300357818604,0	
Frame 46378 posteriors:-18.653106689453,-33.683059692383,-21.761940002441,0	
Frame 46379 posteriors:-15.215176582336,-26.454116821289,-17.827043533325,0	
Frame 46380 posteriors:-11.077118873596,-17.752994537354,-13.090809822083,-1.7166137695312e-05	
Frame 46381 posteriors:-9.0580835342407,-13.507429122925,-10.779896736145,-0.00013828277587891	
Frame 46382 posteriors:-8.8492860794067,-13.068355560303,-10.540912628174,-0.00017166137695312	
Frame 46383 posteriors:-8.8611698150635,-13.09334564209,-10.554513931274,-0.00016975402832031	
Frame 46384 posteriors:-5.8097577095032,-6.6716575622559,-7.0612897872925,-0.0051355361938477	
Frame 46385 posteriors:-4.5863447189331,-4.0704040527344,-5.6572546958923,-0.031235218048096	
Frame 46386 posteriors:-7.2544469833374,-9.7140436172485,-8.7154226303101,-0.00093173980712891	
Frame 46387 posteriors:-10.066453933716,-15.627830505371,-11.934043884277,-4.9591064453125e-05	
Frame 46388 posteriors:-9.5892124176025,-14.624300003052,-11.387810707092,-8.0108642578125e-05	
Frame 46389 posteriors:-9.2276430130005,-13.863986968994,-10.973970413208,-0.00011634826660156	
Frame 46390 posteriors:-9.0178756713867,-13.422878265381,-10.733876228333,-0.00014400482177734	
Frame 46391 posteriors:-8.4459400177002,-12.220138549805,-10.079248428345,-0.00026130676269531	
Frame 46392 posteriors:-10.21729850769,-15.945018768311,-12.106694221497,-4.1961669921875e-05	
Frame 46393 posteriors:-12.035331726074,-19.767841339111,-14.187537193298,-6.6757202148438e-06	
Frame 46394 posteriors:-10.816149711609,-17.204248428345,-12.792116165161,-2.288818359375e-05	
Frame 46395 posteriors:-10.366256713867,-16.258241653442,-12.277186393738,-3.6239624023438e-05	
Frame 46396 posteriors:-10.266576766968,-16.048639297485,-12.163097381592,-4.0054321289062e-05	
Frame 46397 posteriors:-9.4482097625732,-14.327800750732,-11.226425170898,-9.2506408691406e-05	
Frame 46398 posteriors:-9.850489616394,-15.173709869385,-11.686860084534,-6.103515625e-05	
Frame 46399 posteriors:-9.4242105484009,-14.277334213257,-11.198955535889,-9.5367431640625e-05	
Frame 46400 posteriors:-7.5080337524414,-10.24750995636,-9.0056991577148,-0.00070667266845703	
Frame 46401 posteriors:-2.3265514373779,-5.76744556427,-6.4084339141846,-0.10803890228271	
Frame 46402 posteriors:-1.9073486328125e-06,-15.255369186401,-13.936972618103,-13.36208820343	
Frame 46403 posteriors:0,-24.794111251831,-21.057952880859,-18.438026428223	
Frame 46404 posteriors:0,-30.698556900024,-25.333343505859,-20.425199508667	
Frame 46405 posteriors:-3.4332275390625e-05,-26.974905014038,-21.402015686035,-10.28052520752	
Frame 46406 posteriors:-6.9294443130493,-21.670459747314,-14.822066307068,-0.00097846984863281	
Frame 46407 posteriors:-15.01469039917,-26.032554626465,-17.597576141357,0	
Frame 46408 posteriors:-15.81351184845,-27.712238311768,-18.511871337891,0	
Frame 46409 posteriors:-17.250442504883,-30.733673095703,-20.15651512146,0	
Frame 46410 posteriors:-20.278898239136,-37.101615905762,-23.622745513916,0	
Frame 46411 posteriors:-18.774700164795,-33.938732147217,-21.901109695435,0	
Frame 46412 posteriors:-7.0211887359619,-25.047800064087,-16.559234619141,-0.00089263916015625	
Frame 46413 posteriors:-4.4283046722412,-23.651073455811,-15.674801826477,-0.012006759643555	
Frame 46414 posteriors:-0.0039539337158203,-23.222631454468,-17.482814788818,-5.5349006652832	
Frame 46415 posteriors:0,-29.809349060059,-24.565517425537,-16.965751647949	
Frame 46416 posteriors:-0.0017719268798828,-20.737216949463,-16.545848846436,-6.3362808227539	
Frame 46417 posteriors:-0.096630096435547,-13.876473426819,-11.373560905457,-2.3849277496338	
Frame 46418 posteriors:-3.5569095611572,-15.374611854553,-11.381568908691,-0.028953552246094	
Frame 46419 posteriors:-7.8379878997803,-15.06707572937,-11.497911453247,-0.00040531158447266	
Frame 46420 posteriors:-11.024969100952,-17.643337249756,-13.031120300293,-1.8119812011719e-05	
Frame 46421 posteriors:-10.601842880249,-16.753618240356,-12.546829223633,-2.8610229492188e-05	
Frame 46422 posteriors:-9.3414573669434,-17.131187438965,-12.656185150146,-9.0599060058594e-05	
Frame 46423 posteriors:-0.0038547515869141,-18.524774551392,-15.085586547852,-5.5603256225586	
Frame 46424 posteriors:-3.814697265625e-06,-20.692974090576,-17.907531738281,-12.448353767395	
Frame 46425 posteriors:-7.62939453125e-06,-14.217974662781,-13.297222137451,-12.263257980347	
Frame 46426 posteriors:-1.1444091796875e-05,-13.469027519226,-12.627532958984,-11.869896888733	
Frame 46427 posteriors:0,-17.216917037964,-15.51130771637,-14.3577003479	
Frame 46428 posteriors:0,-16.932783126831,-15.305053710938,-14.248953819275	
Frame 46429 posteriors:-3.814697265625e-06,-14.642143249512,-13.487460136414,-12.849840164185	
Frame 46430 posteriors:-5.7220458984375e-06,-14.17151260376,-13.142473220825,-12.456705093384	
Frame 46431 posteriors:-9.7274780273438e-05,-11.065635681152,-10.240510940552,-9.988790512085	
Frame 46432 posteriors:-6.5803527832031e-05,-11.73498249054,-11.442102432251,-9.9691257476807	
Frame 46433 posteriors:-1.9073486328125e-06,-18.854646682739,-16.640735626221,-13.469720840454	
Frame 46434 posteriors:-4.57763671875e-05,-16.684766769409,-14.962559700012,-10.011943817139	
Frame 46435 posteriors:-0.1975154876709,-6.995644569397,-7.5767669677734,-1.7270708084106	
Frame 46436 posteriors:-7.1514205932617,-9.4972867965698,-8.597487449646,-0.0010442733764648	
Frame 46437 posteriors:-9.0604457855225,-13.512397766113,-10.782600402832,-0.00013828277587891	
Frame 46438 posteriors:-7.3175573348999,-9.8468141555786,-8.7876644134521,-0.0008697509765625	
Frame 46439 posteriors:-5.5231761932373,-8.2131233215332,-7.8320388793945,-0.0046720504760742	
Frame 46440 posteriors:-6.9076099395752,-8.9842653274536,-8.3183851242065,-0.0013704299926758	
Frame 46441 posteriors:-5.2902879714966,-5.5735101699829,-6.4659609794617,-0.01044750213623	
Frame 46442 posteriors:-2.8331303596497,-6.5227317810059,-6.8106093406677,-0.063365936279297	
Frame 46443 posteriors:-0.78680467605591,-6.8015851974487,-7.0472660064697,-0.61115980148315	
Frame 46444 posteriors:-9.4384822845459,-14.307344436646,-11.21529006958,-9.3460083007812e-05	
Frame 46445 posteriors:-10.103230476379,-15.705163002014,-11.976137161255,-4.7683715820312e-05	
Frame 46446 posteriors:-4.4549441337585,-8.8530607223511,-8.0918264389038,-0.012143135070801	
Frame 46447 posteriors:-3.8701810836792,-7.0483326911926,-7.1322131156921,-0.022779941558838	
Frame 46448 posteriors:-3.2953171730042,-6.8908519744873,-5.052095413208,-0.045488357543945	
Frame 46449 posteriors:-6.7105140686035,-9.9938335418701,-8.8226976394653,-0.0014123916625977	
Frame 46450 posteriors:-0.63349199295044,-7.5779747962952,-7.4970979690552,-0.75886344909668	
Frame 46451 posteriors:-0.28230667114258,-7.8321199417114,-7.8760137557983,-1.4057588577271	
Frame 46452 posteriors:-0.6585898399353,-7.933876991272,-7.6693286895752,-0.7306547164917	
Frame 46453 posteriors:-3.7057633399963,-7.7628836631775,-7.4887890815735,-0.025898456573486	
Frame 46454 posteriors:-7.3064651489258,-9.8234806060791,-8.7749681472778,-0.00088024139404297	
Frame 46455 posteriors:-7.2860541343689,-12.158602714539,-9.9704246520996,-0.00073719024658203	
Frame 46456 posteriors:-6.1556115150452,-8.6823959350586,-8.1139402389526,-0.0025935173034668	
Frame 46457 posteriors:-6.0201878547668,-10.978350639343,-3.0760917663574,-0.049805641174316	
Frame 46458 posteriors:-5.6883025169373,-11.214695930481,-1.3482713699341,-0.30528593063354	
Frame 46459 posteriors:-8.4766569137573,-14.143226623535,-8.1102027893066,-0.00050926208496094	
Frame 46460 posteriors:-10.91299533844,-17.407886505127,-12.902960777283,-2.0980834960938e-05	
Frame 46461 posteriors:-8.4699382781982,-12.270606994629,-10.106716156006,-0.00025558471679688	
Frame 46462 posteriors:-7.6537699699402,-10.554062843323,-9.1725168228149,-0.00060462951660156	
Frame 46463 posteriors:-5.5489907264709,-6.1209878921509,-6.7625193595886,-0.007270336151123	
Frame 46464 posteriors:-7.6085643768311,-10.458976745605,-9.1207723617554,-0.00063419342041016	
Frame 46465 posteriors:-9.2041854858398,-13.814661026001,-10.947121620178,-0.00011920928955078	
Frame 46466 posteriors:-10.913152694702,-17.40821647644,-12.903141021729,-2.0980834960938e-05	
Frame 46467 posteriors:-7.7171359062195,-10.687345504761,-9.2450485229492,-0.0005645751953125	
Frame 46468 posteriors:-3.3482813835144,-8.9233741760254,-8.0640754699707,-0.03624153137207	
Frame 46469 posteriors:-1.1886129379272,-9.671329498291,-8.4409332275391,-0.36373138427734	
Frame 46470 posteriors:-2.7976155281067,-10.69801902771,-8.9481744766235,-0.063054084777832	
Frame 46471 posteriors:-10.591972351074,-16.732864379883,-12.535531997681,-2.8610229492188e-05	
Frame 46472 posteriors:-12.237010955811,-20.191913604736,-14.418370246887,-5.7220458984375e-06	
Frame 46473 posteriors:-14.413101196289,-24.767593383789,-16.909025192261,0	
Frame 46474 posteriors:-11.652029037476,-18.961868286133,-13.748826980591,-9.5367431640625e-06	
Frame 46475 posteriors:-4.675449848175,-10.014428138733,-8.7007427215576,-0.009577751159668	
Frame 46476 posteriors:-1.1469864845276,-8.949366569519,-8.0761165618896,-0.38277435302734	
Frame 46477 posteriors:-8.3001203536987,-11.913475990295,-9.9123430252075,-0.00030517578125	
Frame 46478 posteriors:-8.5317964553833,-12.400694847107,-10.177518844604,-0.00023937225341797	
Frame 46479 posteriors:-11.850245475769,-19.378660202026,-13.975696563721,-7.62939453125e-06	
Frame 46480 posteriors:-12.944652557373,-21.679878234863,-15.22830581665,-1.9073486328125e-06	
Frame 46481 posteriors:-10.140125274658,-15.782743453979,-12.018365859985,-4.57763671875e-05	
Frame 46482 posteriors:-10.803159713745,-17.176933288574,-12.777248382568,-2.288818359375e-05	
Frame 46483 posteriors:-10.555310249329,-16.655773162842,-12.493570327759,-2.9563903808594e-05	
Frame 46484 posteriors:-12.92991065979,-21.648878097534,-15.211431503296,-1.9073486328125e-06	
Frame 46485 posteriors:-15.548402786255,-27.154792785645,-18.208438873291,0	
Frame 46486 posteriors:-12.527785301208,-20.803329467773,-14.751177787781,-3.814697265625e-06	
Frame 46487 posteriors:-7.2948346138,-9.7990112304688,-8.7616539001465,-0.00089168548583984	
Frame 46488 posteriors:-0.20358324050903,-4.7665891647339,-6.2167887687683,-1.750467300415	
Frame 46489 posteriors:-0.7528395652771,-4.9644775390625,-6.1215305328369,-0.65431833267212	
Frame 46490 posteriors:-0.014865875244141,-10.903803825378,-10.615927696228,-4.2189974784851	
Frame 46491 posteriors:-0.25735092163086,-9.2243900299072,-8.6210699081421,-1.4844636917114	
Frame 46492 posteriors:-10.439170837402,-16.411560058594,-12.360640525818,-3.3378601074219e-05	
Frame 46493 posteriors:-11.540509223938,-18.727373123169,-13.621186256409,-1.0490417480469e-05	
Frame 46494 posteriors:-12.317399978638,-20.360946655273,-14.51037979126,-5.7220458984375e-06	
Frame 46495 posteriors:-20.790149688721,-38.176624298096,-24.207901000977,0	
Frame 46496 posteriors:-23.421852111816,-43.710311889648,-27.220027923584,0	
Frame 46497 posteriors:-20.336172103882,-37.222045898438,-23.688299179077,0	
Frame 46498 posteriors:-16.45615196228,-29.063516616821,-19.247406005859,0	
Frame 46499 posteriors:-12.869450569153,-21.521751403809,-15.142232894897,-1.9073486328125e-06	
Frame 46500 posteriors:-9.6331310272217,-14.716652870178,-11.43807888031,-7.62939453125e-05	
Frame 46501 posteriors:-4.6984419822693,-10.341906547546,-8.870023727417,-0.0093259811401367	
Frame 46502 posteriors:-3.0761303901672,-8.505802154541,-7.8367552757263,-0.04786205291748	
Frame 46503 posteriors:-1.5365018844604,-7.0176606178284,-7.0538578033447,-0.24448490142822	
Frame 46504 posteriors:-1.8223848342896,-6.1581196784973,-6.6054582595825,-0.18045425415039	
Frame 46505 posteriors:-3.4001731872559,-6.7678737640381,-6.9626717567444,-0.036108493804932	
Frame 46506 posteriors:-3.7697806358337,-5.9967279434204,-6.5883965492249,-0.027289390563965	
Frame 46507 posteriors:-0.19574022293091,-4.7484650611877,-6.203465461731,-1.7892413139343	
Frame 46508 posteriors:-0.10916948318481,-3.4086437225342,-5.2662868499756,-2.7307133674622	
Frame 46509 posteriors:-0.21513605117798,-4.5129804611206,-6.0379395484924,-1.7135996818542	
Frame 46510 posteriors:-4.2337336540222,-6.1169428825378,-6.6771516799927,-0.018126010894775	
Frame 46511 posteriors:-5.2071371078491,-5.3971915245056,-6.3705968856812,-0.011786937713623	
Frame 46512 posteriors:-4.9303221702576,-4.8083963394165,-6.0528841018677,-0.017895221710205	
Frame 46513 posteriors:-4.6493005752563,-4.2062268257141,-5.7297625541687,-0.028110027313232	
Frame 46514 posteriors:-2.8626475334167,-2.9480080604553,-5.0056686401367,-0.12359380722046	
Frame 46515 posteriors:-1.615545630455,-2.4593439102173,-3.3385572433472,-0.38531136512756	
Frame 46516 posteriors:-1.0103850364685,-2.8371994495392,-2.4155571460724,-0.71741056442261	
Frame 46517 posteriors:-1.3065495491028,-2.7807278633118,-2.0909440517426,-0.60938811302185	
Frame 46518 posteriors:-1.8967927694321,-2.4333806037903,-1.9536406993866,-0.47730350494385	
Frame 46519 posteriors:-3.9727704524994,-2.7074809074402,-4.9454479217529,-0.097217798233032	
Frame 46520 posteriors:-2.8475189208984,-1.8375380039215,-0.99474573135376,-0.88434255123138	
Frame 46521 posteriors:-3.1641623973846,-1.753475189209,-2.9271779060364,-0.31329870223999	
Frame 46522 posteriors:-3.8370337486267,-2.6121964454651,-4.8921070098877,-0.10807108879089	
Frame 46523 posteriors:-2.031313419342,-4.7831835746765,-5.9033269882202,-0.15345764160156	
Frame 88531 posteriors:-0.67816162109375,-2.3289134502411,-3.2057456970215,-1.0369892120361	
Frame 88532 posteriors:-0.035915374755859,-27.229747772217,-3.3444995880127,-27.291770935059	
Frame 88533 posteriors:-3.7269525527954,-11.703959465027,-0.024373054504395,-12.314545631409	
Frame 88534 posteriors:-4.57763671875e-05,-20.04380607605,-9.9716234207153,-18.67057800293	
Frame 88535 posteriors:-5.888952255249,-16.727661132812,-0.0027732849121094,-17.349306106567	
Frame 88536 posteriors:-10.87329864502,-12.907176017761,-2.288818359375e-05,-13.213472366333	
Frame 88537 posteriors:-7.9457626342773,-10.929714202881,-0.0010337829589844,-7.3216238021851	
Frame 88538 posteriors:-3.4769716262817,-3.5791006088257,-3.3343625068665,-0.099200487136841	
Frame 88539 posteriors:-3.0207719802856,-1.2425364255905,-2.7178158760071,-0.51656484603882	
Frame 88540 posteriors:-1.6101678609848,-1.2026871442795,-4.279034614563,-0.72174406051636	
Frame 88541 posteriors:-0.14952754974365,-8.8638124465942,-8.6359844207764,-1.9764089584351	
Frame 88542 posteriors:-0.30339050292969,-8.9702939987183,-8.4339447021484,-1.3419141769409	
Frame 88543 posteriors:-0.00017261505126953,-11.533979415894,-11.253524780273,-8.8036956787109	
Frame 88544 posteriors:-0.042165756225586,-8.0754690170288,-8.5855512619019,-3.1992921829224	
Frame 88545 posteriors:-0.037297248840332,-12.890466690063,-11.25243473053,-3.3078498840332	
Frame 88546 posteriors:-0.020098686218262,-12.465997695923,-11.290368080139,-3.9179782867432	
Frame 88547 posteriors:-5.0533399581909,-7.7087831497192,-7.5432953834534,-0.0073938369750977	
Frame 88548 posteriors:-0.00030326843261719,-9.8265438079834,-10.027521133423,-8.4919872283936	
Frame 88549 posteriors:-0.0015859603881836,-7.6701273918152,-8.3771839141846,-7.0261330604553	
Frame 88550 posteriors:-1.8418617248535,-11.56659412384,-0.17261505126953,-11.88516330719	
Frame 88551 posteriors:-8.2385444641113,-15.131063461304,-0.00026512145996094,-16.213375091553	
Frame 88552 posteriors:-1.6967210769653,-13.084239959717,-0.202467918396,-13.281119346619	
Frame 88553 posteriors:-6.4432682991028,-14.607009887695,-0.0015935897827148,-15.448733329773	
Frame 88554 posteriors:-9.9794616699219,-16.7585105896,-4.6730041503906e-05,-18.002571105957	
Frame 88555 posteriors:-8.4503593444824,-13.225439071655,-0.00021648406982422,-14.479300498962	
Frame 88556 posteriors:-4.7778339385986,-0.58715438842773,-0.83142471313477,-8.2913436889648	
Frame 88557 posteriors:-6.7028336524963,-6.49232006073,-0.0031881332397461,-7.7279162406921	
Frame 88558 posteriors:-4.6669549942017,-4.8669509887695,-0.040135860443115,-3.8057012557983	
Frame 88559 posteriors:-4.9101858139038,-8.1966342926025,-2.1839492321014,-0.12810897827148	
Frame 88560 posteriors:-3.8353958129883,-4.6363487243652,-2.3453993797302,-0.1359281539917	
Frame 88561 posteriors:-3.2274899482727,-0.51392507553101,-1.1633877754211,-3.0002627372742	
Frame 88562 posteriors:-3.0954213142395,-0.11924982070923,-4.6004557609558,-2.8627619743347	
Frame 88563 posteriors:-5.1876583099365,-0.011566162109375,-5.7616786956787,-5.8892459869385	
Frame 88564 posteriors:-6.6518898010254,-0.0021820068359375,-7.1178436279297,-9.4591827392578	
Frame 88565 posteriors:-6.9959564208984,-0.0015411376953125,-7.4366340637207,-10.295822143555	
Frame 88566 posteriors:-8.4326324462891,-0.00037384033203125,-8.7678604125977,-13.787063598633	
Frame 88567 posteriors:-8.3841552734375,-0.00039291381835938,-8.7229461669922,-13.669296264648	
Frame 88568 posteriors:-10.092079162598,-7.62939453125e-05,-10.305595397949,-17.81819152832	
Frame 88569 posteriors:-9.085205078125,-0.0001983642578125,-9.3725738525391,-15.37239074707	
Frame 88570 posteriors:-6.9684410095215,-0.0015830993652344,-7.4111366271973,-10.22891998291	
Frame 88571 posteriors:-3.5379180908203,-0.33582448959351,-4.2566986083984,-1.4187816381454	
Frame 88572 posteriors:-3.5893907546997,-0.26787602901459,-4.2994132041931,-1.640899181366	
Frame 88573 posteriors:-3.5379180908203,-0.33582448959351,-4.2566986083984,-1.4187816381454	
Frame 88574 posteriors:-3.9251408576965,-2.5961084365845,-4.8894619941711,-0.10739374160767	
Frame 88575 posteriors:-3.439706325531,-0.47569763660431,-4.189697265625,-1.1046595573425	
Frame 88576 posteriors:-3.5379180908203,-0.33582448959351,-4.2566986083984,-1.4187816381454	
Frame 88577 posteriors:-3.4509344100952,-0.45351719856262,-4.1965456008911,-1.1461844444275	
Frame 88578 posteriors:-4.0700340270996,-3.9564518928528,-3.9851083755493,-0.056356906890869	
Frame 88579 posteriors:-4.386634349823,-5.3487148284912,-3.5776574611664,-0.046188354492188	
Frame 88580 posteriors:-3.8510556221008,-4.0804266929626,-3.0610423088074,-0.088827133178711	
Frame 88581 posteriors:-3.2241816520691,-1.445995092392,-3.3882489204407,-0.369713306427	
Frame 88582 posteriors:-0.35359501838684,-1.5914648771286,-4.6406831741333,-2.4702644348145	
Frame 88583 posteriors:-0.20650386810303,-1.748517036438,-5.9113235473633,-4.6216259002686	
Frame 88584 posteriors:-0.0029101371765137,-6.2862877845764,-8.8846025466919,-7.006609916687	
Frame 88585 posteriors:-0.00029945373535156,-9.6070137023926,-9.7966356277466,-8.6438694000244	
Frame 88586 posteriors:-0.00072669982910156,-9.9812183380127,-10.092999458313,-7.3552885055542	
Frame 88587 posteriors:-0.0032939910888672,-9.4880743026733,-9.6805067062378,-5.7603206634521	
Frame 88588 posteriors:-0.0026121139526367,-10.370239257812,-10.315837860107,-5.9738125801086	
Frame 88589 posteriors:-0.0026302337646484,-9.4077463150024,-9.6326293945312,-5.9998016357422	
Frame 88590 posteriors:-0.026089668273926,-8.5208463668823,-8.9167022705078,-3.6722459793091	
Frame 88591 posteriors:-0.44904518127441,-6.1855230331421,-6.8831534385681,-1.0253276824951	
Frame 88592 posteriors:-0.80742597579956,-5.4962673187256,-6.375376701355,-0.6011323928833	
Frame 88593 posteriors:-0.17059898376465,-5.5070877075195,-6.7403001785278,-1.8865089416504	
Frame 88594 posteriors:-0.06571102142334,-5.4127330780029,-6.684775352478,-2.8492250442505	
Frame 88595 posteriors:-0.037843704223633,-6.3223528862,-7.3445377349854,-3.3611731529236	
Frame 88596 posteriors:-0.017664909362793,-6.5983228683472,-7.5669565200806,-4.1585373878479	
Frame 88597 posteriors:-0.0052566528320312,-8.0466175079346,-8.6401968002319,-5.3505125045776	
Frame 88598 posteriors:-0.011582374572754,-7.4977283477783,-8.2197160720825,-4.5382981300354	
Frame 88599 posteriors:-0.17294788360596,-5.2155575752258,-6.5335531234741,-1.8843116760254	
Frame 88600 posteriors:-0.086523056030273,-6.2749128341675,-7.2900505065918,-2.5217313766479	
Frame 88601 posteriors:-0.15624189376831,-6.7234086990356,-7.5263814926147,-1.9455647468567	
Frame 88602 posteriors:-0.022015571594238,-8.1039485931396,-8.6262607574463,-3.8493571281433	
Frame 88603 posteriors:-0.029268264770508,-8.1635637283325,-8.6591768264771,-3.5618758201599	
Frame 88604 posteriors:-0.0045289993286133,-9.4939918518066,-9.6720886230469,-5.4305920600891	
Frame 88605 posteriors:-0.0008392333984375,-10.352438926697,-10.349374771118,-7.1627464294434	
Frame 88606 posteriors:-2.8610229492188e-05,-12.390475273132,-11.836925506592,-10.968946456909	
Frame 88607 posteriors:-1.9073486328125e-06,-15.157419204712,-13.865172386169,-13.280267715454	
Frame 88608 posteriors:-1.9073486328125e-06,-15.657612800598,-14.23182964325,-13.698095321655	
Frame 88609 posteriors:-0.00010299682617188,-10.862588882446,-10.716958045959,-9.692663192749	
Frame 88610 posteriors:-0.047420501708984,-3.7704331874847,-5.8814716339111,-3.8882582187653	
Frame 88611 posteriors:-0.33739137649536,-2.8465321063995,-4.9713973999023,-1.5078220367432	
Frame 88612 posteriors:-0.45298290252686,-3.2639143466949,-5.1868414878845,-1.1380515098572	
Frame 88613 posteriors:-0.029148578643799,-4.4091963768005,-6.5806083679199,-4.1880488395691	
Frame 88614 posteriors:-0.034041881561279,-4.2399749755859,-6.4715147018433,-4.0447378158569	
Frame 88615 posteriors:-0.049338817596436,-3.7663776874542,-6.2295117378235,-3.7707231044769	
Frame 88616 posteriors:-0.061712503433228,-3.3187556266785,-5.9070281982422,-3.8666296005249	
Frame 88617 posteriors:-0.085496425628662,-2.9672944545746,-5.6754050254822,-3.609260559082	
Frame 88618 posteriors:-1.2884931564331,-2.1012926101685,-4.6348376274109,-0.52372789382935	
Frame 88619 posteriors:-3.9865736961365,-2.7395081520081,-4.961639881134,-0.094493865966797	
Frame 88620 posteriors:-4.1794018745422,-3.1779174804688,-5.1866617202759,-0.064613819122314	
Frame 88621 posteriors:-4.2903022766113,-3.4244208335876,-5.3153381347656,-0.05254077911377	
Frame 88622 posteriors:-2.3278043270111,-0.80753135681152,-4.1652159690857,-0.81869626045227	
Frame 88623 posteriors:-0.15313529968262,-4.3007817268372,-5.8857421875,-2.0742568969727	
Frame 88624 posteriors:-0.14886665344238,-5.1723499298096,-6.5025911331177,-2.0314507484436	
Frame 88625 posteriors:-0.0050878524780273,-7.935097694397,-8.5627365112305,-5.3979692459106	
Frame 88626 posteriors:-0.33672046661377,-7.9849185943604,-7.8944005966187,-1.2546424865723	
Frame 88627 posteriors:-0.054598808288574,-8.6281671524048,-8.9145441055298,-2.9408435821533	
Frame 88628 posteriors:-0.065167903900146,-5.486264705658,-5.8327989578247,-2.8821096420288	
Frame 88629 posteriors:-0.099095821380615,-3.594482421875,-4.6512269973755,-2.8591175079346	
Frame 88630 posteriors:-0.039153337478638,-3.8244235515594,-6.2304582595825,-4.2269306182861	
Frame 88631 posteriors:-0.033200263977051,-3.7182064056396,-6.9507942199707,-4.9035816192627	
Frame 88632 posteriors:-0.79613304138184,-0.62176895141602,-5.411111831665,-4.8968677520752	
Frame 88633 posteriors:-1.1987819671631,-0.37400817871094,-5.3852195739746,-5.1357345581055	
Frame 88634 posteriors:-3.434455871582,-0.048413276672363,-5.2101211547852,-4.6505737304688	
Frame 88635 posteriors:-1.9547815322876,-0.19307708740234,-4.5984048843384,-3.7331304550171	
Frame 88636 posteriors:-1.6135559082031,-0.27735805511475,-4.7484045028687,-3.3704805374146	
Frame 88637 posteriors:-2.596161365509,-2.5008065700531,-4.7824907302856,-0.18026733398438	
Frame 88638 posteriors:-2.7873182296753,-6.0426297187805,-6.56325340271,-0.067607402801514	
Frame 88639 posteriors:-0.9290189743042,-4.6706433296204,-5.9272508621216,-0.52251529693604	
Frame 88640 posteriors:-4.2036814689636,-3.232168674469,-5.2148704528809,-0.061713218688965	
Frame 88641 posteriors:-3.4010512828827,-0.58363199234009,-4.1702585220337,-0.9330677986145	
Frame 88642 posteriors:-5.9150061607361,-6.8936829566956,-7.1818466186523,-0.0044832229614258	
Frame 88643 posteriors:-2.2308068275452,-6.7041673660278,-6.8855876922607,-0.11618566513062	
Frame 88644 posteriors:-0.00341796875,-13.828062057495,-12.729182243347,-5.6814584732056	
Frame 88645 posteriors:0,-23.380836486816,-19.981512069702,-16.608804702759	
Frame 88646 posteriors:0,-23.962640762329,-20.535419464111,-20.185882568359	
Frame 88647 posteriors:0,-33.783103942871,-27.518363952637,-28.838947296143	
Frame 88648 posteriors:0,-44.179637908936,-35.139339447021,-37.523532867432	
Frame 88649 posteriors:0,-40.943420410156,-32.767093658447,-34.820205688477	
Frame 88650 posteriors:0,-34.813083648682,-28.273372650146,-29.699327468872	
Frame 88651 posteriors:0,-16.089050292969,-18.927618026733,-18.520877838135	
Frame 88652 posteriors:-1.1920928955078e-07,-16.453462600708,-18.739162445068,-17.422983169556	
Frame 88653 posteriors:0,-23.686738967896,-20.802803039551,-20.266427993774	
Frame 88654 posteriors:0,-26.074703216553,-21.867874145508,-22.399852752686	
Frame 88655 posteriors:0,-21.479358673096,-19.174407958984,-18.424613952637	
Frame 88656 posteriors:0,-18.920757293701,-17.503692626953,-16.491827011108	
Frame 88657 posteriors:0,-17.004508972168,-15.219143867493,-14.823204040527	
Frame 88658 posteriors:-0.00020933151245117,-9.3070297241211,-10.879428863525,-9.2116756439209	
Frame 88659 posteriors:-0.057196378707886,-3.0808928012848,-6.7129096984863,-4.7726383209229	
Frame 88660 posteriors:-0.88968849182129,-0.54353332519531,-5.5424289703369,-5.3804492950439	
Frame 88661 posteriors:-0.0031599998474121,-5.9239940643311,-9.3974323272705,-7.8296813964844	
Frame 88662 posteriors:-1.7166137695312e-05,-12.971340179443,-12.366261482239,-11.433210372925	
Frame 88663 posteriors:-5.9127807617188e-05,-10.807138442993,-11.921522140503,-10.35572719574	
Frame 88664 posteriors:-0.0027322769165039,-5.9722671508789,-9.82506275177,-8.9781103134155	
Frame 88665 posteriors:-0.016930103302002,-4.2130107879639,-7.9306917190552,-6.4214191436768	
Frame 88666 posteriors:-0.70400619506836,-0.73446559906006,-5.1298532485962,-3.9260635375977	
Frame 88667 posteriors:-2.410984992981,-0.11221504211426,-5.131049156189,-4.5553846359253	
Frame 88668 posteriors:-0.45996725559235,-1.2488737106323,-4.1815629005432,-2.7091498374939	
Frame 88669 posteriors:-3.0581557750702,-3.2989537715912,-2.2034900188446,-0.21606016159058	
Frame 88670 posteriors:-6.803062915802,-9.7528553009033,-7.1321926116943,-0.0019693374633789	
Frame 88671 posteriors:-4.4770393371582,-9.6467094421387,-4.3079481124878,-0.025207996368408	
Frame 88672 posteriors:-0.30556583404541,-6.8861417770386,-4.0117177963257,-1.4098920822144	
Frame 88673 posteriors:-0.021806716918945,-7.936194896698,-4.6672811508179,-4.4383268356323	
Frame 88674 posteriors:-0.00094032287597656,-12.195922851562,-6.9853487014771,-11.588876724243	
Frame 88675 posteriors:-9.8403825759888,-13.408424377441,-5.7220458984375e-05,-12.767612457275	
Frame 88676 posteriors:-13.683573722839,-17.819398880005,-9.5367431640625e-07,-16.431644439697	
Frame 88677 posteriors:-15.331005096436,-18.424104690552,0,-20.157590866089	
Frame 88678 posteriors:-16.347736358643,-19.739921569824,0,-21.694942474365	
Frame 88679 posteriors:-17.832981109619,-22.556444168091,0,-24.628646850586	
Frame 88680 posteriors:-14.050285339355,-25.876064300537,0,-27.159149169922	
Frame 88681 posteriors:-15.676898002625,-25.281978607178,0,-26.851184844971	
Frame 88682 posteriors:-19.868873596191,-26.188877105713,0,-28.339807510376	
Frame 88683 posteriors:-14.11622428894,-23.748580932617,0,-25.177556991577	
Frame 88684 posteriors:-9.451135635376,-17.498540878296,-7.8201293945312e-05,-18.614734649658	
Frame 88685 posteriors:-7.7561640739441,-13.999462127686,-0.00042915344238281,-15.080403327942	
Frame 88686 posteriors:-3.8407692909241,-12.167064666748,-0.021718978881836,-12.765685081482	
Frame 88687 posteriors:-0.2216100692749,-9.5533885955811,-1.616283416748,-9.6251630783081	
Frame 88688 posteriors:-0.0044012069702148,-9.5959148406982,-5.4653348922729,-9.2902774810791	
Frame 88689 posteriors:-0.001887321472168,-8.4045848846436,-8.6349821090698,-6.5132627487183	
Frame 88690 posteriors:-0.0010242462158203,-13.159376144409,-9.9116449356079,-6.9357476234436	
Frame 88691 posteriors:-0.0036773681640625,-12.366129875183,-7.9973630905151,-5.704909324646	
Frame 88692 posteriors:0,-17.840980529785,-15.066899299622,-15.676805496216	
Frame 88693 posteriors:-7.62939453125e-06,-16.92893409729,-11.877505302429,-15.424993515015	
Frame 88694 posteriors:-0.00013923645019531,-18.647436141968,-8.8734655380249,-17.460821151733	
Frame 88695 posteriors:-3.0517578125e-05,-18.251392364502,-10.365278244019,-16.957668304443	
Frame 88696 posteriors:-0.00012397766113281,-16.438261032104,-8.9946031570435,-15.381938934326	
Frame 88697 posteriors:-0.0070266723632812,-12.283566474915,-4.9632911682129,-11.851284980774	
Frame 88698 posteriors:-0.33735132217407,-4.3489918708801,-1.3274137973785,-4.7963376045227	
Frame 88699 posteriors:-2.0501351356506,-2.6858065128326,-0.25401377677917,-3.5959305763245	
Frame 88700 posteriors:-1.6092400550842,-1.1716048717499,-1.4408059120178,-1.3729662895203	
Frame 88701 posteriors:-2.0150113105774,-0.99551975727081,-1.8868248462677,-1.0624804496765	
Frame 88702 posteriors:-1.2148793935776,-1.81995844841,-3.0024788379669,-0.71017551422119	
Frame 88703 posteriors:-1.2036319971085,-0.87432336807251,-2.7852902412415,-1.5094010829926	
Frame 88704 posteriors:-1.059560418129,-1.6329452991486,-1.4915745258331,-1.4566295146942	
Frame 88705 posteriors:-0.29423475265503,-2.0791285037994,-3.0160582065582,-2.5149705410004	
Frame 88706 posteriors:-0.9771980047226,-1.4386224746704,-2.0711834430695,-1.3457478284836	
Frame 88707 posteriors:-2.9645328521729,-1.5950243473053,-0.38791584968567,-2.7024295330048	
Frame 88708 posteriors:-3.5696849822998,-2.2433831691742,-0.18360090255737,-3.3971548080444	
Frame 88709 posteriors:-4.384783744812,-3.2038781642914,-0.067476034164429,-4.4079675674438	
Frame 88710 posteriors:-3.7875914573669,-2.4291262626648,-0.14765954017639,-3.6301822662354	
Frame 88711 posteriors:-3.4388539791107,-1.9928175210953,-0.23675084114075,-3.1606125831604	
Frame 88712 posteriors:-2.2670936584473,-1.6607927083969,-0.4768705368042,-2.4571838378906	
Frame 88713 posteriors:-1.2503300905228,-1.5579471588135,-1.0323283672333,-1.9183752536774	
Frame 88714 posteriors:-3.1902821063995,-2.8600122928619,-0.12532639503479,-3.9444007873535	
Frame 88715 posteriors:-1.21164894104,-2.4511671066284,-0.55125832557678,-3.2219567298889	
Frame 88716 posteriors:-0.80176401138306,-3.0673973560333,-0.73252844810486,-3.7202172279358	
Frame 88717 posteriors:-0.074872970581055,-4.6973767280579,-2.8842771053314,-4.9442782402039	
Frame 88718 posteriors:-0.087532520294189,-4.101806640625,-2.9035241603851,-4.3869562149048	
Frame 88719 posteriors:-0.02292013168335,-4.651246547699,-6.1066694259644,-4.5206737518311	
Frame 88720 posteriors:-0.088446617126465,-3.1843466758728,-5.1648969650269,-3.2826371192932	
Frame 88721 posteriors:-0.99662208557129,-0.59983015060425,-4.6245646476746,-2.6288256645203	
Frame 88722 posteriors:-0.014331340789795,-5.3830156326294,-6.7263555526733,-4.7752332687378	
Frame 88723 posteriors:-0.021135330200195,-5.50670337677,-6.7915449142456,-4.1521339416504	
Frame 88724 posteriors:-0.043706893920898,-3.9421553611755,-5.6557111740112,-3.9189643859863	
Frame 88725 posteriors:-0.0024480819702148,-8.4660139083862,-8.9694890975952,-6.162437915802	
Frame 88726 posteriors:-0.46886253356934,-8.5133876800537,-8.060302734375,-0.98411464691162	
Frame 88727 posteriors:-3.9476351737976,-11.48606967926,-9.4106311798096,-0.019582748413086	
Frame 88728 posteriors:-2.1364531517029,-7.7172765731812,-7.4030423164368,-0.1268424987793	
Frame 88729 posteriors:-2.7470579147339,-5.808762550354,-6.4421987533569,-0.071184635162354	
Frame 88730 posteriors:-2.2469387054443,-3.2622220516205,-5.1419014930725,-0.1623682975769	
Frame 88731 posteriors:-0.31868934631348,-3.4945201873779,-5.3289394378662,-1.4368057250977	
Frame 88732 posteriors:-0.013465881347656,-5.6949310302734,-6.945125579834,-4.705039024353	
Frame 88733 posteriors:-0.041499614715576,-4.2467846870422,-5.8851194381714,-3.7482285499573	
Frame 88734 posteriors:-0.037314414978027,-4.1148552894592,-5.7805995941162,-4.0621743202209	
Frame 88735 posteriors:-0.046545028686523,-5.1968030929565,-3.3445913791656,-5.3666496276855	
Frame 88736 posteriors:-0.13227987289429,-3.979190826416,-2.3863070011139,-4.3248929977417	
Frame 88737 posteriors:-4.2585353851318,-0.039800643920898,-3.8079071044922,-5.9211387634277	
Frame 88738 posteriors:-6.3968734741211,-0.0028419494628906,-6.8815765380859,-8.8388214111328	
Frame 88739 posteriors:-6.173210144043,-0.0042343139648438,-6.2274589538574,-8.7042617797852	
Frame 88740 posteriors:-5.3703327178955,-0.01539421081543,-4.5951404571533,-7.5551624298096	
Frame 88741 posteriors:-4.5485744476318,-0.025875091552734,-4.361988067627,-6.1157417297363	
Frame 88742 posteriors:-4.9379386901855,-0.010709762573242,-6.0527439117432,-6.7837944030762	
Frame 88743 posteriors:-3.5174903869629,-0.035772323608398,-5.7223300933838,-6.1223564147949	
Frame 88744 posteriors:-0.40105533599854,-1.1352882385254,-5.7553081512451,-5.1342105865479	
Frame 88745 posteriors:-0.0085668563842773,-4.9542679786682,-8.4419040679932,-6.6754946708679	
Frame 88746 posteriors:-0.058140754699707,-2.925684928894,-7.1188716888428,-6.1921443939209	
Frame 88747 posteriors:-0.73580741882324,-0.66810607910156,-5.6069602966309,-5.396993637085	
Frame 88748 posteriors:-2.8861293792725,-0.062021255493164,-5.8365077972412,-6.5528812408447	
Frame 88749 posteriors:-2.0823783874512,-0.14521217346191,-5.3359146118164,-5.165225982666	
Frame 88750 posteriors:-0.49795579910278,-1.0329523086548,-5.1332607269287,-3.494083404541	
Frame 88751 posteriors:-0.010523796081543,-5.5191750526428,-6.8028564453125,-5.2308397293091	
Frame 88752 posteriors:-0.19859409332275,-3.3131806850433,-5.1912984848022,-1.9793968200684	
Frame 88753 posteriors:-0.43459272384644,-2.5080318450928,-4.6528639793396,-1.3412871360779	
Frame 88754 posteriors:-1.1044859886169,-0.53435611724854,-4.594398021698,-2.6246657371521	
Frame 88755 posteriors:-0.91436862945557,-0.62577486038208,-4.7241940498352,-2.8912682533264	
Frame 88756 posteriors:-1.3765857219696,-0.50182604789734,-4.3946542739868,-2.0418083667755	
Frame 88757 posteriors:-1.1557464599609,-0.49509859085083,-4.6101517677307,-2.7224040031433	
Frame 88758 posteriors:-1.9920358657837,-0.20430564880371,-4.6913938522339,-3.239185333252	
Frame 88759 posteriors:-1.6712293624878,-0.29809284210205,-4.5741024017334,-2.8228530883789	
Frame 88760 posteriors:-1.454939365387,-0.38397169113159,-4.5265069007874,-2.5953936576843	
Frame 88761 posteriors:-0.16378927230835,-2.3757932186127,-5.0614743232727,-2.9603219032288	
Frame 88762 posteriors:-0.046468257904053,-3.875702381134,-5.6243934631348,-3.8605387210846	
Frame 88763 posteriors:-0.32591724395752,-2.058454990387,-2.6436190605164,-2.5335006713867	
Frame 88764 posteriors:-0.48180937767029,-2.0774295330048,-1.8866722583771,-2.2489671707153	
Frame 88765 posteriors:-1.2159048318863,-1.8693470954895,-2.2075417041779,-0.82242846488953	
Frame 88766 posteriors:-0.41591501235962,-2.7048089504242,-4.7875576019287,-1.327844619751	
Frame 88767 posteriors:-0.069704055786133,-4.0104112625122,-5.6980113983154,-3.0823407173157	
Frame 88768 posteriors:-0.022106647491455,-5.0512890815735,-5.3052549362183,-4.5565800666809	
Frame 88769 posteriors:-0.37131977081299,-5.1370005607605,-5.058403968811,-1.210844039917	
Frame 88770 posteriors:-0.26877498626709,-5.5491428375244,-6.7307462692261,-1.4670701026917	
Frame 88771 posteriors:-0.24618768692017,-5.4879865646362,-6.7314939498901,-1.5469532012939	
Frame 88772 posteriors:-0.65301370620728,-4.1086044311523,-5.6808815002441,-0.7772159576416	
Frame 88773 posteriors:-1.3628664016724,-2.5974769592285,-4.0316219329834,-0.4279146194458	
Frame 88774 posteriors:-1.0618715286255,-2.6107258796692,-4.8518524169922,-0.55704975128174	
Frame 88775 posteriors:-1.7825638055801,-1.7662034034729,-4.4266877174377,-0.43254017829895	
Frame 88776 posteriors:-2.4191327095032,-1.9416935443878,-4.5255241394043,-0.27877330780029	
Frame 88777 posteriors:-5.1835460662842,-5.3471279144287,-6.3435354232788,-0.012202262878418	
Frame 88778 posteriors:-3.092725276947,-4.4038305282593,-5.7416338920593,-0.062746047973633	
Frame 88779 posteriors:-4.591001033783,-5.7047004699707,-6.488450050354,-0.015107154846191	
Frame 88780 posteriors:-0.044626235961914,-5.6408710479736,-6.8571376800537,-3.2430782318115	
Frame 88781 posteriors:-0.0019645690917969,-9.1497259140015,-6.3745813369751,-8.7915201187134	
Frame 88782 posteriors:-0.00152587890625,-8.6697645187378,-6.8073968887329,-8.3037281036377	
Frame 88783 posteriors:-0.018121719360352,-5.2355642318726,-6.6110534667969,-4.4839143753052	
Frame 88784 posteriors:-0.001495361328125,-7.7382607460022,-8.4271030426025,-7.0830321311951	
Frame 88785 posteriors:-0.00065135955810547,-10.848376274109,-10.711301803589,-7.4027538299561	
Frame 88786 posteriors:0,-18.025283813477,-16.091440200806,-14.497093200684	
Frame 88787 posteriors:0,-20.273504257202,-17.759799957275,-16.28450012207	
Frame 88788 posteriors:0,-19.647800445557,-17.24446105957,-14.486368179321	
Frame 88789 posteriors:0,-26.575435638428,-22.234926223755,-22.818132400513	
Frame 88790 posteriors:0,-30.322570800781,-24.981689453125,-25.948244094849	
Frame 88791 posteriors:0,-32.569938659668,-26.629077911377,-27.825546264648	
Frame 88792 posteriors:0,-30.180093765259,-24.877250671387,-25.829229354858	
Frame 88793 posteriors:0,-29.73583984375,-24.551597595215,-25.458126068115	
Frame 88794 posteriors:0,-30.203857421875,-24.894668579102,-25.84907913208	
Frame 88795 posteriors:0,-29.676050186157,-24.50777053833,-25.408184051514	
Frame 88796 posteriors:0,-29.222232818604,-21.016555786133,-25.668174743652	
Frame 88797 posteriors:0,-23.679630279541,-14.995944023132,-21.434358596802	
Frame 88798 posteriors:0,-22.614099502563,-14.370812416077,-20.512731552124	
Frame 88799 posteriors:-5.7220458984375e-06,-22.403522491455,-11.999068260193,-20.69972038269	
Frame 88800 posteriors:-1.9073486328125e-06,-24.698810577393,-13.493285179138,-22.715871810913	
Frame 88801 posteriors:-1.9073486328125e-06,-24.289518356323,-13.75952911377,-22.28444480896	
Frame 88802 posteriors:0,-24.831697463989,-15.019391059875,-22.562847137451	
Frame 88803 posteriors:0,-26.662298202515,-17.233604431152,-23.915510177612	
Frame 88804 posteriors:0,-30.195314407349,-22.768444061279,-26.270881652832	
Frame 88805 posteriors:0,-32.007461547852,-26.012825012207,-27.396957397461	
Frame 88806 posteriors:0,-33.996616363525,-27.674877166748,-29.017303466797	
Frame 88807 posteriors:0,-34.183235168457,-27.811672210693,-29.173191070557	
Frame 88808 posteriors:0,-34.251686096191,-27.861850738525,-29.23037147522	
Frame 88809 posteriors:0,-32.132709503174,-26.308574676514,-27.460315704346	
Frame 88810 posteriors:0,-28.732173919678,-23.777885437012,-24.627418518066	
Frame 88811 posteriors:0,-25.613134384155,-21.402492523193,-22.039991378784	
Frame 88812 posteriors:0,-22.331596374512,-19.124061584473,-19.273105621338	
Frame 88813 posteriors:0,-21.664684295654,-18.635194778442,-18.716011047363	
Frame 88814 posteriors:0,-18.076751708984,-15.072901725769,-15.907506942749	
Frame 88815 posteriors:-3.814697265625e-06,-15.637901306152,-12.571053504944,-14.014738082886	
Frame 88816 posteriors:-5.7220458984375e-06,-15.322050094604,-12.539672851562,-13.710399627686	
Frame 88817 posteriors:-1.9073486328125e-06,-15.564260482788,-14.098984718323,-13.633148193359	
Frame 88818 posteriors:-3.814697265625e-06,-14.71687412262,-13.542240142822,-12.912264823914	
Frame 88819 posteriors:-3.814697265625e-05,-12.040908813477,-11.580686569214,-10.676943778992	
Frame 88820 posteriors:-8.6784362792969e-05,-11.066823005676,-10.8666639328,-9.8632640838623	
Frame 88821 posteriors:-0.00025367736816406,-9.8020553588867,-9.9395952224731,-8.8067874908447	
Frame 88822 posteriors:-0.00017452239990234,-10.235939979553,-10.299474716187,-9.1607456207275	
Frame 88823 posteriors:-7.5340270996094e-05,-10.531801223755,-11.707215309143,-10.123774528503	
Frame 88824 posteriors:-2.6702880859375e-05,-11.496295928955,-12.748215675354,-11.213140487671	
Frame 88825 posteriors:-7.7247619628906e-05,-10.738598823547,-11.538570404053,-9.9836502075195	
Frame 88826 posteriors:-4.4822692871094e-05,-11.649945259094,-11.908360481262,-10.427577018738	
Frame 88827 posteriors:-0.00020217895507812,-10.069561004639,-10.135671615601,-9.0302362442017	
Frame 88828 posteriors:-0.00085067749023438,-8.4127082824707,-8.987377166748,-7.594810962677	
Frame 88829 posteriors:-0.00050783157348633,-8.5057287216187,-9.9664707183838,-8.2607498168945	
Frame 88830 posteriors:-0.00078868865966797,-8.47119140625,-9.1054153442383,-7.6665806770325	
Frame 88831 posteriors:-0.0022544860839844,-7.4567003250122,-8.2674598693848,-6.5585374832153	
Frame 88832 posteriors:-0.10091781616211,-5.1488790512085,-6.4892764091492,-2.422863483429	
Frame 88833 posteriors:-0.000823974609375,-8.4270076751709,-8.9317960739136,-7.6582560539246	
Frame 88834 posteriors:-0.00017261505126953,-10.253825187683,-10.270734786987,-9.1841526031494	
Frame 88835 posteriors:-1.52587890625e-05,-13.119290351868,-12.371165275574,-11.577749252319	
Frame 88836 posteriors:-1.4305114746094e-05,-13.230815887451,-12.316778182983,-11.698455810547	
Frame 88837 posteriors:-0.00010204315185547,-10.878412246704,-10.72855758667,-9.7058811187744	
================================	
Frame-Level Testing:	
  time to evaluate 1 sample = 1.1698434594063ms	
  time to evaluate all 105781 samples = 123747.21097946ms	
  FER: 0.29112978701279	
================================	
ConfusionMatrix:
[[   10916    4524    3946    7189]   41.076% 	[class: 1]
 [    5089   15261    2271    3713]   57.952% 	[class: 2]
 [     838     453   24444     591]   92.851% 	[class: 3]
 [    1532     374     276   24364]]  91.780% 	[class: 4]
 + average row correct: 70.914842933416% 
 + average rowUcol correct (VOC measure): 54.692462831736% 
 + global correct: 70.887021298721%
Incorrectly classified 1 utterance 01eq as 4	
Incorrectly classified 1 utterance 01er as 4	
Incorrectly classified 1 utterance 01fg as 2	
Incorrectly classified 1 utterance 01fz as 4	
Incorrectly classified 2 utterance 01gt as 1	
Incorrectly classified 1 utterance 01h1 as 4	
Incorrectly classified 1 utterance 01hh as 2	
Incorrectly classified 1 utterance 01ip as 4	
Incorrectly classified 1 utterance 01it as 4	
Incorrectly classified 2 utterance 01j3 as 1	
Incorrectly classified 1 utterance 01j6 as 2	
Incorrectly classified 2 utterance 01j7 as 1	
Incorrectly classified 2 utterance 01jc as 1	
Incorrectly classified 1 utterance 01ji as 4	
Incorrectly classified 1 utterance 01jp as 3	
Incorrectly classified 2 utterance 01k7 as 1	
Incorrectly classified 1 utterance 01kw as 4	
Incorrectly classified 1 utterance 01l0 as 3	
Incorrectly classified 1 utterance 01l3 as 4	
Incorrectly classified 1 utterance 01l8 as 4	
Incorrectly classified 1 utterance 01lr as 4	
Incorrectly classified 2 utterance 01mb as 1	
Incorrectly classified 1 utterance 01n9 as 4	
Incorrectly classified 2 utterance 01nh as 1	
Incorrectly classified 1 utterance 01oc as 4	
Incorrectly classified 1 utterance 01oe as 4	
Incorrectly classified 2 utterance 01op as 1	
Incorrectly classified 1 utterance 01oy as 2	
Incorrectly classified 1 utterance 01p3 as 2	
Incorrectly classified 2 utterance 01pz as 1	
Incorrectly classified 2 utterance 01qq as 3	
Incorrectly classified 2 utterance 01s0 as 3	
Incorrectly classified 2 utterance 01v2 as 4	
Incorrectly classified 2 utterance 01xr as 1	
Incorrectly classified 2 utterance 01yr as 4	
Incorrectly classified 2 utterance 01z4 as 1	
Incorrectly classified 2 utterance 0204 as 1	
Incorrectly classified 2 utterance 0223 as 1	
Incorrectly classified 2 utterance 022v as 1	
Incorrectly classified 2 utterance 0239 as 1	
Incorrectly classified 2 utterance 023y as 1	
Incorrectly classified 2 utterance 024q as 1	
Incorrectly classified 2 utterance 026a as 1	
Incorrectly classified 2 utterance 028f as 4	
Incorrectly classified 2 utterance 02b7 as 1	
Incorrectly classified 2 utterance 02bf as 1	
Incorrectly classified 2 utterance 02cc as 4	
Incorrectly classified 2 utterance 02fw as 1	
Incorrectly classified 2 utterance 02gb as 1	
Incorrectly classified 4 utterance 02hi as 2	
Incorrectly classified 2 utterance 02jq as 1	
Incorrectly classified 2 utterance 02jr as 4	
Incorrectly classified 2 utterance 02kb as 1	
Incorrectly classified 2 utterance 02kv as 1	
Incorrectly classified 2 utterance 02lg as 1	
Incorrectly classified 2 utterance 02lw as 1	
Incorrectly classified 2 utterance 02nn as 3	
Incorrectly classified 3 utterance 02pk as 1	
Incorrectly classified 2 utterance 02q0 as 1	
Incorrectly classified 2 utterance 02qg as 3	
Incorrectly classified 2 utterance 02rp as 4	
Incorrectly classified 2 utterance 01vv as 1	
Incorrectly classified 4 utterance 01yr as 1	
================================	
Utterance-Level Testing:	
  time to evaluate 1 utterance = 0.19688526567974ms	
  time to evaluate all 359 utterances = 70.681810379028ms	
  UER: 0.17548746518106	
================================	
ConfusionMatrix:
[[      71       5       2      14]   77.174% 	[class: 1]
 [      29      49       4       6]   55.682% 	[class: 2]
 [       1       0      86       0]   98.851% 	[class: 3]
 [       1       1       0      90]]  97.826% 	[class: 4]
 + average row correct: 82.383097708225% 
 + average rowUcol correct (VOC measure): 70.670373737812% 
 + global correct: 82.451253481894%
Done evaluating neural network.	
COMPLETED EVALUATION
