EVALUATING DNN MODEL
EVALUATING NETWORK WITH MODEL NAME 1k_1k_512_64_1k_es
[?1034hSet nb of threads to 16	
Setting up evaluation dataset...	
Loading neural network /pool001/atitus/FastLID-DNN/models/1k_1k_512_64_1k_es...	
Loaded neural network /pool001/atitus/FastLID-DNN/models/1k_1k_512_64_1k_es	
Using model:	
nn.Sequential {
  [input -> (1) -> (2) -> (3) -> (4) -> (5) -> (6) -> (7) -> (8) -> (9) -> (10) -> (11) -> (12) -> (13) -> (14) -> (15) -> (16) -> (17) -> output]
  (1): nn.Linear(819 -> 1024)
  (2): nn.Add
  (3): nn.ReLU
  (4): nn.Linear(1024 -> 1024)
  (5): nn.Add
  (6): nn.ReLU
  (7): nn.Linear(1024 -> 512)
  (8): nn.Add
  (9): nn.ReLU
  (10): nn.Linear(512 -> 64)
  (11): nn.Add
  (12): nn.ReLU
  (13): nn.Linear(64 -> 1024)
  (14): nn.Add
  (15): nn.ReLU
  (16): nn.Linear(1024 -> 4)
  (17): nn.LogSoftMax
}
Convert network to CUDA	
Reading dataset...	
Done setting up dataset with 105781 datapoints across 359 utterances.	
Utterances per language:	
 91
 88
 88
 92
[torch.DoubleTensor of size 4]

Testing neural network...	
Convert input tensor to CUDA	
Frame 51136 posteriors:-0.13893222808838,-2.7574238777161,-4.5865478515625,-2.8811588287354	
Frame 51137 posteriors:-0.079261302947998,-4.7350726127625,-6.2016339302063,-2.7273278236389	
Frame 51138 posteriors:-0.50731825828552,-1.8186030387878,-4.1876220703125,-1.5120513439178	
Frame 51139 posteriors:-0.020446300506592,-5.0417499542236,-6.4707183837891,-4.4040222167969	
Frame 51140 posteriors:-0.074136257171631,-3.371292591095,-5.2453756332397,-3.4471137523651	
Frame 51141 posteriors:-0.1149959564209,-2.9334492683411,-4.3009834289551,-3.1733772754669	
Frame 51142 posteriors:-0.047692775726318,-3.8468749523163,-5.563823223114,-3.844705581665	
Frame 51143 posteriors:-0.45948672294617,-1.5506262779236,-3.2279460430145,-2.1486761569977	
Frame 51144 posteriors:-0.17698764801025,-2.4915151596069,-3.9964797496796,-2.7961387634277	
Frame 51145 posteriors:-0.50506114959717,-1.6745767593384,-2.2828977108002,-2.2334747314453	
Frame 51146 posteriors:-0.61361920833588,-1.1943664550781,-3.5369162559509,-2.0666170120239	
Frame 51147 posteriors:-0.86010026931763,-1.4790971279144,-2.4703729152679,-1.3299758434296	
Frame 51148 posteriors:-1.1745761632919,-1.1795457601547,-2.5837173461914,-1.1772043704987	
Frame 51149 posteriors:-2.1794917583466,-1.7482297420502,-0.67123866081238,-1.6007548570633	
Frame 51150 posteriors:-2.3915586471558,-2.0542831420898,-2.4827275276184,-0.36123776435852	
Frame 51151 posteriors:-1.1427927017212,-2.5042610168457,-4.282799243927,-0.53523302078247	
Frame 51152 posteriors:-1.0007145404816,-2.0567855834961,-3.0685088634491,-0.78082346916199	
Frame 51153 posteriors:-0.7402024269104,-2.0171825885773,-1.5881583690643,-1.6838847398758	
Frame 51154 posteriors:-0.93302488327026,-1.5405886173248,-3.0423555374146,-1.065194606781	
Frame 51155 posteriors:-1.142253279686,-2.0384306907654,-0.71232080459595,-2.8106913566589	
Frame 51156 posteriors:-1.6119037866592,-2.8551096916199,-0.33207893371582,-3.6685886383057	
Frame 51157 posteriors:-1.942138671875,-5.2241926193237,-0.16411066055298,-5.9637522697449	
Frame 51158 posteriors:-1.1161456108093,-7.4443039894104,-0.3982367515564,-7.8953108787537	
Frame 51159 posteriors:-6.5500044822693,-6.2264971733093,-0.0039396286010742,-7.5512790679932	
Frame 51160 posteriors:-2.0937466621399,-2.9261832237244,-0.22130036354065,-3.830518245697	
Frame 51161 posteriors:-0.46902132034302,-2.0723214149475,-1.727000951767,-2.6496548652649	
Frame 51162 posteriors:-2.0120902061462,-1.7592759132385,-0.78131723403931,-1.4425727128983	
Frame 51163 posteriors:-1.3822860717773,-2.9964518547058,-0.39150214195251,-3.7726404666901	
Frame 51164 posteriors:-9.1504316329956,-9.8074226379395,-0.00017356872558594,-11.311804771423	
Frame 51165 posteriors:-12.509462356567,-14.496468544006,-3.814697265625e-06,-16.114507675171	
Frame 51166 posteriors:-10.718601226807,-11.712501525879,-3.1471252441406e-05,-13.783639907837	
Frame 51167 posteriors:-11.928589820862,-12.582376480103,-1.0013580322266e-05,-16.332717895508	
Frame 51168 posteriors:-15.770942687988,-18.298303604126,0,-21.432723999023	
Frame 51169 posteriors:-13.276309967041,-12.506731033325,-5.7220458984375e-06,-20.704639434814	
Frame 51170 posteriors:-12.005752563477,-11.659388542175,-1.4781951904297e-05,-17.690383911133	
Frame 51171 posteriors:-13.577431678772,-16.90919303894,-9.5367431640625e-07,-16.89603805542	
Frame 51172 posteriors:-12.195569038391,-15.054359436035,-5.7220458984375e-06,-14.860335350037	
Frame 51173 posteriors:-14.960601806641,-20.298431396484,0,-17.694427490234	
Frame 51174 posteriors:-15.554233551025,-21.938472747803,0,-17.887142181396	
Frame 51175 posteriors:-14.494537353516,-20.502246856689,-9.5367431640625e-07,-16.337223052979	
Frame 51176 posteriors:-13.927901268005,-19.708805084229,-9.5367431640625e-07,-15.529051780701	
Frame 51177 posteriors:-11.770477294922,-16.346302032471,-1.0490417480469e-05,-12.728142738342	
Frame 51178 posteriors:-9.64719581604,-12.351844787598,-9.5367431640625e-05,-10.525501251221	
Frame 51179 posteriors:-9.8418502807617,-12.170139312744,-7.2479248046875e-05,-11.170451164246	
Frame 51180 posteriors:-10.768340110779,-13.895813941956,-2.7656555175781e-05,-12.145565032959	
Frame 51181 posteriors:-8.6933908462524,-11.527791976929,-0.000335693359375,-8.7513446807861	
Frame 51182 posteriors:-6.079833984375,-8.522346496582,-0.013864517211914,-4.4845976829529	
Frame 51183 posteriors:-6.985851764679,-9.3793821334839,-0.0032181739807129,-6.1176271438599	
Frame 51184 posteriors:-6.4466915130615,-8.5402069091797,-0.0062522888183594,-5.4144539833069	
Frame 51185 posteriors:-6.2203884124756,-8.4069652557373,-0.0094046592712402,-4.9408373832703	
Frame 51186 posteriors:-6.6703772544861,-8.1371841430664,-0.0033755302429199,-6.3147683143616	
Frame 51187 posteriors:-5.7280988693237,-5.7425780296326,-0.0094256401062012,-5.835629940033	
Frame 51188 posteriors:-5.9923219680786,-6.4347133636475,-0.0045852661132812,-7.658326625824	
Frame 51189 posteriors:-7.9017524719238,-8.2209491729736,-0.00072193145751953,-9.3994541168213	
Frame 51190 posteriors:-7.5656085014343,-8.0372667312622,-0.0010104179382324,-8.687744140625	
Frame 51191 posteriors:-7.8932418823242,-8.860182762146,-0.00065755844116211,-8.8608713150024	
Frame 51192 posteriors:-8.1233777999878,-9.4056482315063,-0.00050115585327148,-9.0087413787842	
Frame 51193 posteriors:-9.6283378601074,-11.175710678101,-9.0599060058594e-05,-11.428230285645	
Frame 51194 posteriors:-7.4622864723206,-10.40031337738,-0.00065135955810547,-9.9690170288086	
Frame 51195 posteriors:-9.1994962692261,-12.462615966797,-0.00019741058349609,-9.2904367446899	
Frame 51196 posteriors:-7.4749388694763,-11.82719039917,-0.00061702728271484,-10.067193984985	
Frame 51197 posteriors:-12.03506565094,-15.419127464294,-6.6757202148438e-06,-14.154759407043	
Frame 51198 posteriors:-10.216020584106,-14.302145004272,-6.7710876464844e-05,-10.403903961182	
Frame 51199 posteriors:-7.4296579360962,-9.9424209594727,-0.0017580986022949,-6.7989320755005	
Frame 51200 posteriors:-5.4903168678284,-6.3239688873291,-0.014649391174316,-4.7532687187195	
Frame 51201 posteriors:-5.7697367668152,-7.5438494682312,-0.015079498291016,-4.4814858436584	
Frame 51202 posteriors:-6.6261858940125,-7.0412654876709,-0.0030398368835449,-7.0880737304688	
Frame 51203 posteriors:-6.4557433128357,-6.1169114112854,-0.0043988227844238,-7.3983783721924	
Frame 51204 posteriors:-6.0085973739624,-5.7163333892822,-0.0066308975219727,-7.0589175224304	
Frame 51205 posteriors:-4.2244634628296,-4.7009239196777,-0.027007102966309,-5.834300994873	
Frame 51206 posteriors:-2.7002873420715,-5.0730390548706,-0.18143177032471,-2.3808131217957	
Frame 51207 posteriors:-0.44479465484619,-4.9985437393188,-1.214616060257,-2.8918714523315	
Frame 51208 posteriors:-0.475417137146,-5.3461256027222,-1.047486782074,-3.7814588546753	
Frame 51209 posteriors:-3.4417538642883,-6.1619844436646,-0.037054538726807,-6.0924038887024	
Frame 51210 posteriors:-7.4687442779541,-8.2355861663818,-0.00093841552734375,-9.1886510848999	
Frame 51211 posteriors:-4.3274097442627,-6.3245658874512,-0.015746116638184,-7.3709878921509	
Frame 51212 posteriors:-0.79236030578613,-3.407573223114,-0.70015549659729,-4.0401120185852	
Frame 51213 posteriors:-1.834636092186,-2.9094116687775,-0.30190014839172,-3.0702667236328	
Frame 51214 posteriors:-1.5795027017593,-2.6968727111816,-0.40035700798035,-2.8748307228088	
Frame 51215 posteriors:-2.188873052597,-2.4192495346069,-0.34359574317932,-2.4106917381287	
Frame 51216 posteriors:-3.4004693031311,-2.8959877490997,-0.20899534225464,-2.302595615387	
Frame 51217 posteriors:-2.0335261821747,-0.86057591438293,-1.4237546920776,-1.5827956199646	
Frame 51218 posteriors:-4.1538553237915,-0.058856964111328,-4.6654996871948,-3.4407825469971	
Frame 51219 posteriors:-3.3888783454895,-0.47948265075684,-1.1401553153992,-3.5979266166687	
Frame 51220 posteriors:-3.0814480781555,-0.72455596923828,-0.96150851249695,-2.4389562606812	
Frame 51221 posteriors:-2.8309636116028,-1.3334963321686,-0.8813738822937,-1.3345510959625	
Frame 51222 posteriors:-2.941801071167,-2.0519618988037,-0.65432286262512,-1.2074689865112	
Frame 51223 posteriors:-2.6501598358154,-1.2974643707275,-0.68632578849792,-1.8791897296906	
Frame 51224 posteriors:-4.2899498939514,-3.6326761245728,-0.064061403274536,-3.8211913108826	
Frame 51225 posteriors:-4.6828632354736,-4.2887544631958,-0.037000417709351,-4.3162593841553	
Frame 51226 posteriors:-3.0080010890961,-2.3514769077301,-0.2900869846344,-2.2332184314728	
Frame 51227 posteriors:-0.62052154541016,-1.7498977184296,-1.782616853714,-2.1173763275146	
Frame 51228 posteriors:-0.90201699733734,-1.3091373443604,-1.6617159843445,-2.0070576667786	
Frame 51229 posteriors:-1.0564070940018,-1.9323366880417,-0.82210183143616,-2.688530921936	
Frame 51230 posteriors:-3.0085752010345,-2.9715266227722,-0.12974739074707,-3.8586916923523	
Frame 51231 posteriors:-3.4003849029541,-4.2195930480957,-0.056730270385742,-4.9496383666992	
Frame 51232 posteriors:-6.6636161804199,-7.1520247459412,-0.0028939247131348,-7.0943918228149	
Frame 51233 posteriors:-4.3235149383545,-6.5086960792542,-0.015650272369385,-7.1500992774963	
Frame 51234 posteriors:-5.8833041191101,-6.5566749572754,-0.0080275535583496,-5.5755205154419	
Frame 51235 posteriors:-4.9565000534058,-6.5305843353271,-0.050798416137695,-3.1933507919312	
Frame 51236 posteriors:-5.1072697639465,-7.0414538383484,-0.050329208374023,-3.1663737297058	
Frame 51237 posteriors:-9.391544342041,-12.83123588562,-0.00016212463378906,-9.4837617874146	
Frame 51238 posteriors:-7.4683356285095,-10.371706962585,-0.0020337104797363,-6.5505785942078	
Frame 51239 posteriors:-10.189221382141,-12.463775634766,-4.8637390136719e-05,-11.82178401947	
Frame 51240 posteriors:-7.9718127250671,-10.507266998291,-0.00081205368041992,-7.7300109863281	
Frame 51241 posteriors:-10.48046875,-11.653401374817,-3.814697265625e-05,-13.222169876099	
Frame 51242 posteriors:-8.5261096954346,-8.9446563720703,-0.00035858154296875,-10.411960601807	
Frame 51243 posteriors:-5.4760098457336,-4.714262008667,-0.015711307525635,-6.0174102783203	
Frame 51244 posteriors:-8.0123634338379,-8.2752046585083,-0.00065135955810547,-9.6386318206787	
Frame 51245 posteriors:-7.9748477935791,-9.0094242095947,-0.00059652328491211,-8.9490327835083	
Frame 51246 posteriors:-8.3731184005737,-9.3274726867676,-0.00038051605224609,-9.7109899520874	
Frame 51247 posteriors:-6.6385536193848,-6.751072883606,-0.0031232833862305,-7.3542900085449	
Frame 51248 posteriors:-6.1622881889343,-7.3263635635376,-0.0062384605407715,-5.6682929992676	
Frame 51249 posteriors:-6.47474193573,-8.5318880081177,-0.0058708190917969,-5.4932327270508	
Frame 51250 posteriors:-7.5893902778625,-10.122931480408,-0.00140380859375,-7.0619134902954	
Frame 51251 posteriors:-6.169105052948,-8.7766227722168,-0.013359069824219,-4.5077757835388	
Frame 51252 posteriors:-5.6174125671387,-7.5036854743958,-0.020639896392822,-4.1200761795044	
Frame 51253 posteriors:-4.4720039367676,-5.0439782142639,-0.062792539596558,-3.1468014717102	
Frame 51254 posteriors:-4.7314805984497,-5.4462480545044,-0.044312953948975,-3.4992604255676	
Frame 51255 posteriors:-4.9977612495422,-5.8276605606079,-0.030770301818848,-3.8822903633118	
Frame 51256 posteriors:-6.367160320282,-7.579619884491,-0.0047459602355957,-5.9887971878052	
Frame 51257 posteriors:-7.2681474685669,-7.6089601516724,-0.0014500617980957,-8.27268409729	
Frame 51258 posteriors:-4.8031044006348,-4.9641647338867,-0.021908283233643,-5.0387330055237	
Frame 51259 posteriors:-4.7541160583496,-5.7782735824585,-0.050434589385986,-3.2841191291809	
Frame 51260 posteriors:-3.5640163421631,-4.1058712005615,-0.34522724151611,-1.3978003263474	
Frame 51261 posteriors:-2.2050590515137,-4.1734075546265,-0.14844989776611,-4.3970823287964	
Frame 51262 posteriors:-4.416675567627,-6.5730180740356,-0.01406192779541,-7.6173467636108	
Frame 51263 posteriors:-4.7278919219971,-5.1725673675537,-0.017415046691895,-5.8964204788208	
Frame 51264 posteriors:-5.6663179397583,-5.1926770210266,-0.011277675628662,-6.1208047866821	
Frame 51265 posteriors:-5.6538271903992,-5.9935674667358,-0.010383605957031,-5.4419512748718	
Frame 51266 posteriors:-7.0204343795776,-7.9026260375977,-0.0018754005432129,-7.4011554718018	
Frame 51267 posteriors:-9.0309686660767,-10.302154541016,-0.00017833709716797,-10.606140136719	
Frame 51268 posteriors:-8.0184841156006,-8.3205595016479,-0.00063943862915039,-9.6176261901855	
Frame 51269 posteriors:-9.4091863632202,-10.273929595947,-0.00012588500976562,-11.596653938293	
Frame 51270 posteriors:-11.704754829407,-13.423349380493,-1.0490417480469e-05,-14.923370361328	
Frame 51271 posteriors:-12.608434677124,-14.706107139587,-3.814697265625e-06,-16.198219299316	
Frame 51272 posteriors:-12.401070594788,-14.444738388062,-4.7683715820312e-06,-15.879017829895	
Frame 51273 posteriors:-10.811338424683,-12.226621627808,-2.5749206542969e-05,-13.605215072632	
Frame 51274 posteriors:-10.414177894592,-11.82705783844,-4.0054321289062e-05,-12.912154197693	
Frame 51275 posteriors:-10.723028182983,-12.196090698242,-2.8610229492188e-05,-13.519514083862	
Frame 51276 posteriors:-12.96270275116,-15.03306388855,-2.8610229492188e-06,-16.840238571167	
Frame 51277 posteriors:-13.95078086853,-17.000671386719,-9.5367431640625e-07,-18.835227966309	
Frame 51278 posteriors:-13.402435302734,-16.440849304199,-1.9073486328125e-06,-16.826999664307	
Frame 51279 posteriors:-11.744529724121,-14.440363883972,-9.5367431640625e-06,-14.202818870544	
Frame 51280 posteriors:-10.173241615295,-12.120406150818,-4.9591064453125e-05,-12.058534622192	
Frame 51281 posteriors:-9.3524827957153,-11.450723648071,-0.00012493133544922,-10.500074386597	
Frame 51282 posteriors:-10.855830192566,-13.244152069092,-2.3841857910156e-05,-12.896313667297	
Frame 51283 posteriors:-10.248620033264,-13.322904586792,-3.814697265625e-05,-14.121990203857	
Frame 51284 posteriors:-9.6265420913696,-14.022848129272,-6.6757202148438e-05,-15.387716293335	
Frame 51285 posteriors:-8.4897775650024,-13.057660102844,-0.00020790100097656,-14.310688018799	
Frame 51286 posteriors:-11.158899307251,-15.689208984375,-1.4305114746094e-05,-17.181503295898	
Frame 51287 posteriors:-15.476482391357,-21.950315475464,0,-23.701656341553	
Frame 51288 posteriors:-15.343070030212,-25.071624755859,0,-26.603324890137	
Frame 51289 posteriors:-10.585555076599,-23.438272476196,-2.4795532226562e-05,-24.348339080811	
Frame 51290 posteriors:-11.771957397461,-25.056400299072,-7.62939453125e-06,-26.044183731079	
Frame 51291 posteriors:-11.492223739624,-20.786922454834,-9.5367431640625e-06,-22.004610061646	
Frame 51292 posteriors:-16.013483047485,-20.854570388794,0,-22.757806777954	
Frame 51293 posteriors:-20.20719909668,-25.184272766113,0,-27.167144775391	
Frame 51294 posteriors:-21.641355514526,-27.277584075928,0,-29.143810272217	
Frame 51295 posteriors:-19.279933929443,-24.014152526855,0,-25.740884780884	
Frame 51296 posteriors:-19.610960006714,-24.414785385132,0,-26.263870239258	
Frame 51297 posteriors:-18.585691452026,-23.00756072998,0,-24.778583526611	
Frame 51298 posteriors:-14.82283115387,-17.785972595215,0,-19.373416900635	
Frame 51299 posteriors:-14.799661636353,-17.702892303467,0,-19.381313323975	
Frame 51300 posteriors:-18.480724334717,-22.853315353394,0,-24.634746551514	
Frame 51301 posteriors:-14.634139060974,-17.392250061035,0,-19.209003448486	
Frame 51302 posteriors:-12.968212127686,-15.099388122559,-2.8610229492188e-06,-16.800706863403	
Frame 51303 posteriors:-11.775137901306,-13.450304985046,-9.5367431640625e-06,-15.081648826599	
Frame 51304 posteriors:-14.434410095215,-17.327836990356,-9.5367431640625e-07,-19.215299606323	
Frame 51305 posteriors:-12.046495437622,-13.77110004425,-6.6757202148438e-06,-15.516527175903	
Frame 51306 posteriors:-10.342266082764,-11.449052810669,-4.4822692871094e-05,-13.033807754517	
Frame 51307 posteriors:-7.9912972450256,-8.184175491333,-0.00068140029907227,-9.6583156585693	
Frame 51308 posteriors:-5.765763759613,-5.1908388137817,-0.010454654693604,-6.3773350715637	
Frame 51309 posteriors:-8.890832901001,-9.5512933731079,-0.00022792816162109,-10.854686737061	
Frame 51310 posteriors:-8.4801902770996,-8.9787912368774,-0.00036859512329102,-10.266868591309	
Frame 51311 posteriors:-2.9297542572021,-1.794102191925,-0.6244113445282,-1.4075727462769	
Frame 51312 posteriors:-2.9756369590759,-0.51717340946198,-2.0005824565887,-1.5254408121109	
Frame 51313 posteriors:-1.734352350235,-0.79247891902924,-1.7278962135315,-1.6445128917694	
Frame 51314 posteriors:-1.8826397657394,-1.7452375888824,-0.7070484161377,-1.7141807079315	
Frame 51315 posteriors:-2.9405658245087,-4.6664872169495,-0.51521229743958,-1.0776777267456	
Frame 51316 posteriors:-4.7911586761475,-6.539915561676,-0.077005863189697,-2.743134021759	
Frame 51317 posteriors:-6.0912127494812,-8.0504875183105,-0.010093212127686,-4.898063659668	
Frame 51318 posteriors:-7.525454044342,-9.0602188110352,-0.0010833740234375,-7.7578406333923	
Frame 51319 posteriors:-8.5020866394043,-9.311333656311,-0.00033664703369141,-10.054034233093	
Frame 51320 posteriors:-4.1773390769958,-6.9383859634399,-0.016811847686768,-7.922625541687	
Frame 51321 posteriors:-5.392062664032,-8.9128074645996,-0.0047459602355957,-9.957405090332	
Frame 51322 posteriors:-14.178838729858,-16.754867553711,-9.5367431640625e-07,-18.559494018555	
Frame 51323 posteriors:-15.08388710022,-18.004245758057,0,-19.86483001709	
Frame 51324 posteriors:-8.9416875839233,-14.670866012573,-0.00013160705566406,-15.88985824585	
Frame 51325 posteriors:-7.8413472175598,-12.177584648132,-0.00039958953857422,-13.387845039368	
Frame 51326 posteriors:-11.695640563965,-13.302146911621,-1.0490417480469e-05,-14.998050689697	
Frame 51327 posteriors:-10.666835784912,-11.897855758667,-3.1471252441406e-05,-13.501333236694	
Frame 51328 posteriors:-6.6829624176025,-8.6564426422119,-0.0041022300720215,-5.9265718460083	
Frame 51329 posteriors:-4.4785461425781,-6.5795493125916,-0.19094371795654,-1.8258390426636	
Frame 51330 posteriors:-6.8634848594666,-9.5792207717896,-0.004671573638916,-5.6418857574463	
Frame 51331 posteriors:-7.8345470428467,-11.403030395508,-0.0016975402832031,-6.6538829803467	
Frame 51332 posteriors:-12.551240921021,-17.715326309204,-4.7683715820312e-06,-13.618762016296	
Frame 51333 posteriors:-9.5041828155518,-13.268167495728,-0.00015735626220703,-9.4186611175537	
Frame 51334 posteriors:-6.3210105895996,-7.8621120452881,-0.0057468414306641,-5.6415629386902	
Frame 51335 posteriors:-7.681384563446,-8.4053859710693,-0.0008540153503418,-8.6864242553711	
Frame 51336 posteriors:-14.092861175537,-16.711740493774,-9.5367431640625e-07,-18.374395370483	
Frame 51337 posteriors:-15.736212730408,-19.077825546265,0,-20.665725708008	
Frame 51338 posteriors:-15.064665794373,-18.157859802246,0,-19.69144821167	
Frame 51339 posteriors:-15.335786819458,-18.535806655884,0,-20.07950592041	
Frame 51340 posteriors:-12.407116889954,-15.31872844696,-4.7683715820312e-06,-15.187815666199	
Frame 51341 posteriors:-12.774613380432,-15.676211357117,-2.8610229492188e-06,-15.838996887207	
Frame 51342 posteriors:-12.562809944153,-14.743908882141,-3.814697265625e-06,-16.050926208496	
Frame 51343 posteriors:-7.5447244644165,-7.6744298934937,-0.001126766204834,-8.9276008605957	
Frame 51344 posteriors:-6.4090304374695,-6.0605449676514,-0.0046501159667969,-7.3242521286011	
Frame 51345 posteriors:-6.2338275909424,-6.1633901596069,-0.0052027702331543,-6.792432308197	
Frame 51346 posteriors:-6.7846574783325,-7.9839658737183,-0.0026683807373047,-6.7315664291382	
Frame 51347 posteriors:-6.7189974784851,-7.0834083557129,-0.0027318000793457,-7.2916831970215	
Frame 51348 posteriors:-11.558662414551,-13.1745262146,-1.1444091796875e-05,-14.750785827637	
Frame 51349 posteriors:-13.810029029846,-16.296026229858,-9.5367431640625e-07,-17.986909866333	
Frame 51350 posteriors:-7.5211992263794,-8.5146627426147,-0.0010204315185547,-8.1881160736084	
Frame 51351 posteriors:-8.9394645690918,-11.031235694885,-0.00020408630371094,-9.7825059890747	
Frame 51352 posteriors:-10.471913337708,-14.505044937134,-4.7683715820312e-05,-10.894553184509	
Frame 51353 posteriors:-12.153418540955,-15.880516052246,-5.7220458984375e-06,-14.084499359131	
Frame 51354 posteriors:-12.615547180176,-15.477955818176,-3.814697265625e-06,-15.592332839966	
Frame 51355 posteriors:-7.6745233535767,-8.9052734375,-0.00085783004760742,-8.2646799087524	
Frame 51356 posteriors:-8.196569442749,-8.7116050720215,-0.00049829483032227,-9.757176399231	
Frame 51357 posteriors:-11.792995452881,-13.437016487122,-9.5367431640625e-06,-15.138080596924	
Frame 51358 posteriors:-14.234985351562,-16.873607635498,-9.5367431640625e-07,-18.607135772705	
Frame 51359 posteriors:-15.803506851196,-19.033958435059,0,-20.873365402222	
Frame 51360 posteriors:-12.243845939636,-14.108715057373,-5.7220458984375e-06,-15.748459815979	
Frame 51361 posteriors:-11.759038925171,-13.410459518433,-9.5367431640625e-06,-15.072678565979	
Frame 51362 posteriors:-13.566477775574,-15.963945388794,-9.5367431640625e-07,-17.632301330566	
Frame 51363 posteriors:-10.488340377808,-11.741107940674,-3.7193298339844e-05,-13.171394348145	
Frame 51364 posteriors:-9.6242065429688,-10.672491073608,-9.6321105957031e-05,-11.824536323547	
Frame 51365 posteriors:-9.6516513824463,-10.570423126221,-9.6321105957031e-05,-11.977282524109	
Frame 51366 posteriors:-13.361084938049,-15.680601119995,-1.9073486328125e-06,-17.335910797119	
Frame 51367 posteriors:-16.029136657715,-19.306484222412,0,-21.230279922485	
Frame 51368 posteriors:-17.098819732666,-20.864543914795,0,-22.707233428955	
Frame 51369 posteriors:-14.746873855591,-16.945175170898,0,-19.858913421631	
Frame 51370 posteriors:-13.143095970154,-14.119729995728,-2.8610229492188e-06,-18.173179626465	
Frame 51371 posteriors:-10.187353134155,-9.9206876754761,-8.7499618530273e-05,-14.092561721802	
Frame 51372 posteriors:-10.074758529663,-9.6088285446167,-0.00011003017425537,-14.147794723511	
Frame 51373 posteriors:-7.933177947998,-6.6041107177734,-0.0017285346984863,-11.212132453918	
Frame 51374 posteriors:-9.4292850494385,-9.0855665206909,-0.00019645690917969,-12.742746353149	
Frame 51375 posteriors:-11.858219146729,-13.142974853516,-9.5367431640625e-06,-15.542702674866	
Frame 51376 posteriors:-12.425560951233,-13.535519599915,-5.7220458984375e-06,-16.723941802979	
Frame 51377 posteriors:-10.115546226501,-9.888843536377,-9.2029571533203e-05,-13.900356292725	
Frame 51378 posteriors:-11.120121002197,-11.934194564819,-2.1934509277344e-05,-14.663190841675	
Frame 51379 posteriors:-10.198266983032,-10.786888122559,-6.0081481933594e-05,-13.221855163574	
Frame 51380 posteriors:-7.7526507377625,-7.6904993057251,-0.00095224380493164,-9.6394290924072	
Frame 51381 posteriors:-2.282705783844,-1.5016540288925,-0.42696154117584,-3.7835373878479	
Frame 51382 posteriors:-0.4189145565033,-1.7477991580963,-2.4737801551819,-2.4791178703308	
Frame 51383 posteriors:-0.77236890792847,-1.8628435134888,-1.8164622783661,-1.5129836797714	
Frame 51384 posteriors:-0.63787460327148,-2.1413788795471,-1.3647704124451,-2.3161416053772	
Frame 51385 posteriors:-1.9605385065079,-2.4146075248718,-0.316410779953,-3.1928420066833	
Frame 51386 posteriors:-1.7313657999039,-2.4723544120789,-0.35998773574829,-3.1969485282898	
Frame 51387 posteriors:-1.8681389093399,-3.0172533988953,-0.28165173530579,-3.1672949790955	
Frame 51388 posteriors:-2.2405028343201,-2.4819922447205,-0.2973747253418,-2.6992950439453	
Frame 51389 posteriors:-4.0926995277405,-3.8529365062714,-0.049921274185181,-4.529664516449	
Frame 51390 posteriors:-2.5701541900635,-5.0199327468872,-0.089856147766113,-5.8749461174011	
Frame 51391 posteriors:-3.4691600799561,-6.3255777359009,-0.03423023223877,-7.2393407821655	
Frame 51392 posteriors:-2.7142004966736,-6.0046706199646,-0.072373390197754,-6.8203434944153	
Frame 51393 posteriors:-2.6461534500122,-5.0976343154907,-0.082962989807129,-5.959894657135	
Frame 51394 posteriors:-5.8968696594238,-7.2853984832764,-0.0036411285400391,-8.511022567749	
Frame 51395 posteriors:-5.7827739715576,-7.8038821220398,-0.0036206245422363,-8.9789962768555	
Frame 51396 posteriors:-6.3000178337097,-8.3675661087036,-0.0021395683288574,-9.5857448577881	
Frame 51397 posteriors:-5.6571092605591,-7.0018277168274,-0.0046858787536621,-8.2088794708252	
Frame 51398 posteriors:-6.0518369674683,-6.1771302223206,-0.0049972534179688,-7.4970369338989	
Frame 51399 posteriors:-4.6212153434753,-4.0791387557983,-0.032206535339355,-5.3122901916504	
Frame 51400 posteriors:-4.448531627655,-3.5968501567841,-0.054653167724609,-4.2629384994507	
Frame 51401 posteriors:-7.2904634475708,-7.2879266738892,-0.0015530586242676,-8.5892753601074	
Frame 51402 posteriors:-6.3017563819885,-6.6150054931641,-0.0045418739318848,-6.6015634536743	
Frame 51403 posteriors:-5.2994074821472,-6.4498791694641,-0.022478103637695,-4.1571588516235	
Frame 51404 posteriors:-4.6725435256958,-6.302227973938,-0.087399482727051,-2.6240525245667	
Frame 51405 posteriors:-6.7704815864563,-10.182374954224,-0.0085697174072266,-4.9133319854736	
Frame 51406 posteriors:-8.3026647567749,-12.697690010071,-0.0013599395751953,-6.8049879074097	
Frame 51407 posteriors:-8.4594373703003,-11.075152397156,-0.00042724609375,-8.5186986923218	
Frame 51408 posteriors:-8.7369728088379,-10.111303329468,-0.00024604797363281,-10.008226394653	
Frame 51409 posteriors:-10.52285861969,-11.826452255249,-3.6239624023438e-05,-13.190702438354	
Frame 51410 posteriors:-10.174394607544,-11.813923835754,-4.9591064453125e-05,-12.309292793274	
Frame 51411 posteriors:-9.2413673400879,-11.603706359863,-0.00014781951904297,-10.092081069946	
Frame 51412 posteriors:-7.1460094451904,-9.5037364959717,-0.0024824142456055,-6.427387714386	
Frame 51413 posteriors:-8.3104915618896,-10.497744560242,-0.00045680999755859,-8.6044750213623	
Frame 51414 posteriors:-9.7673740386963,-11.755010604858,-7.7247619628906e-05,-11.315560340881	
Frame 51415 posteriors:-9.2128000259399,-10.695039749146,-0.00014400482177734,-10.753700256348	
Frame 51416 posteriors:-7.8003497123718,-6.6545939445496,-0.0017215609550476,-10.707670211792	
Frame 51417 posteriors:-9.5889825820923,-9.5660057067871,-0.00014162063598633,-12.691192626953	
Frame 51418 posteriors:-10.269643783569,-11.224306106567,-5.0544738769531e-05,-13.029723167419	
Frame 51419 posteriors:-10.048726081848,-11.143731117249,-6.103515625e-05,-12.529655456543	
Frame 51420 posteriors:-8.8068923950195,-9.3769264221191,-0.00025510787963867,-10.780893325806	
Frame 51421 posteriors:-6.9210314750671,-6.7001571655273,-0.0025186538696289,-8.1186199188232	
Frame 51422 posteriors:-8.5295057296753,-8.9371776580811,-0.00035858154296875,-10.426695823669	
Frame 51423 posteriors:-11.605799674988,-13.208430290222,-1.1444091796875e-05,-14.843971252441	
Frame 51424 posteriors:-13.31681060791,-15.569301605225,-1.9073486328125e-06,-17.312629699707	
Frame 51425 posteriors:-12.958734512329,-15.059024810791,-2.8610229492188e-06,-16.809093475342	
Frame 51426 posteriors:-14.59901714325,-17.422988891602,0,-19.094289779663	
Frame 51427 posteriors:-15.890659332275,-19.309314727783,0,-20.873701095581	
Frame 51428 posteriors:-17.359827041626,-21.357370376587,0,-22.976531982422	
Frame 51429 posteriors:-17.189596176147,-21.120063781738,0,-22.732879638672	
Frame 51430 posteriors:-16.573564529419,-20.253963470459,0,-21.857082366943	
Frame 51431 posteriors:-17.259384155273,-21.198188781738,0,-22.848266601562	
Frame 51432 posteriors:-17.874164581299,-21.995344161987,0,-23.776609420776	
Frame 51433 posteriors:-17.645120620728,-21.535663604736,0,-23.562282562256	
Frame 51434 posteriors:-15.65219783783,-19.792301177979,0,-21.708232879639	
Frame 51435 posteriors:-9.522668838501,-17.586154937744,-7.3432922363281e-05,-18.707672119141	
Frame 51436 posteriors:-7.4911341667175,-14.31694984436,-0.00055885314941406,-15.337171554565	
Frame 51437 posteriors:-14.982498168945,-18.900211334229,0,-20.77091217041	
Frame 51438 posteriors:-17.527936935425,-21.408731460571,0,-23.36510848999	
Frame 51439 posteriors:-13.792783737183,-16.214729309082,-9.5367431640625e-07,-18.008522033691	
Frame 51440 posteriors:-10.327816009521,-13.477048873901,-3.4332275390625e-05,-14.983769416809	
Frame 51441 posteriors:-6.3477268218994,-9.0422620773315,-0.0019068717956543,-10.22466468811	
Frame 51442 posteriors:-10.27121925354,-11.398696899414,-4.8637390136719e-05,-12.892748832703	
Frame 51443 posteriors:-10.471404075623,-11.654361724854,-3.9100646972656e-05,-13.19820022583	
Frame 51444 posteriors:-8.7580633163452,-9.2665500640869,-0.00027322769165039,-10.745197296143	
Frame 51445 posteriors:-10.22829914093,-11.345056533813,-5.0544738769531e-05,-12.826310157776	
Frame 51446 posteriors:-11.087525367737,-12.474767684937,-2.0027160644531e-05,-14.111189842224	
Frame 51447 posteriors:-10.390477180481,-13.030367851257,-3.3378601074219e-05,-14.575167655945	
Frame 51448 posteriors:-9.678635597229,-10.505300521851,-9.5367431640625e-05,-12.098976135254	
Frame 51449 posteriors:-8.3115310668945,-9.2879161834717,-0.00035953521728516,-10.754414558411	
Frame 51450 posteriors:-8.1167116165161,-10.564670562744,-0.00033092498779297,-11.919930458069	
Frame 51451 posteriors:-7.8699994087219,-8.0662212371826,-0.00077533721923828,-9.4432811737061	
Frame 51452 posteriors:-11.036868095398,-13.073606491089,-2.0027160644531e-05,-13.49739074707	
Frame 51453 posteriors:-12.874779701233,-16.910980224609,-2.8610229492188e-06,-15.096884727478	
Frame 51454 posteriors:-12.020312309265,-15.433753967285,-6.6757202148438e-06,-14.105186462402	
Frame 51455 posteriors:-12.19117641449,-15.238492965698,-5.7220458984375e-06,-14.700215339661	
Frame 51456 posteriors:-10.590598106384,-12.072528839111,-3.2424926757812e-05,-13.16504573822	
Frame 51457 posteriors:-11.301478385925,-12.911876678467,-1.52587890625e-05,-14.305157661438	
Frame 51458 posteriors:-10.134057998657,-11.284446716309,-5.5313110351562e-05,-12.63420009613	
Frame 51459 posteriors:-11.148477554321,-12.65229511261,-1.8119812011719e-05,-14.123594284058	
Frame 51460 posteriors:-13.100130081177,-15.415751457214,-1.9073486328125e-06,-16.882415771484	
Frame 51461 posteriors:-12.269781112671,-14.261716842651,-5.7220458984375e-06,-15.691101074219	
Frame 51462 posteriors:-11.207057952881,-12.780250549316,-1.7166137695312e-05,-14.170010566711	
Frame 51463 posteriors:-9.160026550293,-9.8726177215576,-0.00016975402832031,-11.283639907837	
Frame 51464 posteriors:-8.9640264511108,-10.444595336914,-0.00016403198242188,-11.936821937561	
Frame 51465 posteriors:-5.0863189697266,-9.4934940338135,-0.0063047409057617,-10.45422744751	
Frame 51466 posteriors:-13.137180328369,-15.355020523071,-1.9073486328125e-06,-17.02631187439	
Frame 51467 posteriors:-10.193407058716,-11.314559936523,-5.2452087402344e-05,-12.761694908142	
Frame 51468 posteriors:-7.4120898246765,-7.4732418060303,-0.0013313293457031,-8.7507801055908	
Frame 51469 posteriors:-5.7051477432251,-6.1325435638428,-0.0097956657409668,-5.461323261261	
Frame 51470 posteriors:-5.776867389679,-8.0782709121704,-0.020815849304199,-4.063316822052	
Frame 51471 posteriors:-5.0445141792297,-9.0651769638062,-0.41766357421875,-1.0940546989441	
Frame 51472 posteriors:-7.7722101211548,-11.206192016602,-0.0017256736755371,-6.6535310745239	
Frame 51473 posteriors:-11.501545906067,-14.008524894714,-1.1444091796875e-05,-13.930320739746	
Frame 51474 posteriors:-7.6875629425049,-7.8736200332642,-0.00094795227050781,-9.1321239471436	
Frame 51475 posteriors:-6.6821503639221,-8.8070392608643,-0.0044326782226562,-5.802481174469	
Frame 51476 posteriors:-4.570821762085,-6.7937808036804,-0.17554569244385,-1.9002523422241	
Frame 51477 posteriors:-4.709716796875,-6.4843997955322,-0.091177463531494,-2.5690288543701	
Frame 51478 posteriors:-8.0256786346436,-8.3233242034912,-0.00063562393188477,-9.6338005065918	
Frame 51479 posteriors:-10.924396514893,-12.264565467834,-2.3841857910156e-05,-13.863788604736	
Frame 51480 posteriors:-8.2616014480591,-9.1919975280762,-0.00039577484130859,-10.244607925415	
Frame 51481 posteriors:-6.581862449646,-9.3428764343262,-0.0016469955444336,-8.6634178161621	
Frame 51482 posteriors:-4.6028909683228,-8.2754096984863,-0.021746635437012,-4.4887723922729	
Frame 51483 posteriors:-4.3205976486206,-7.680881023407,-0.014554500579834,-7.2708382606506	
Frame 51484 posteriors:-1.1865549087524,-4.3699913024902,-0.39272308349609,-4.9817633628845	
Frame 51485 posteriors:-0.24577665328979,-3.3358964920044,-1.8344490528107,-3.7889585494995	
Frame 51486 posteriors:-0.30988502502441,-3.9140937328339,-1.452828168869,-4.3738861083984	
Frame 51487 posteriors:-1.1713156700134,-4.0737295150757,-0.41457033157349,-4.3898010253906	
Frame 51488 posteriors:-2.1382160186768,-3.3320524692535,-0.19994831085205,-3.5884084701538	
Frame 51489 posteriors:-0.024980068206787,-6.2228078842163,-3.8820488452911,-6.1762127876282	
Frame 51490 posteriors:-2.7687973976135,-8.6905393600464,-0.065064430236816,-9.343710899353	
Frame 51491 posteriors:-8.9200601577759,-14.039148330688,-0.00013446807861328,-15.295171737671	
Frame 51492 posteriors:-9.4607925415039,-16.194002151489,-7.8201293945312e-05,-17.394958496094	
Frame 51493 posteriors:-10.960794448853,-19.526782989502,-1.7166137695312e-05,-20.743837356567	
Frame 51494 posteriors:-21.396245956421,-29.118858337402,0,-31.315773010254	
Frame 51495 posteriors:-15.896849632263,-27.870523452759,0,-29.308025360107	
Frame 51496 posteriors:-1.197190284729,-17.756378173828,-0.35959529876709,-17.558868408203	
Frame 51497 posteriors:-5.5414891242981,-15.300098419189,-0.0039291381835938,-15.04493522644	
Frame 51498 posteriors:-6.1053376197815,-11.525039672852,-0.0022573471069336,-11.150198936462	
Frame 51499 posteriors:-2.5534763336182,-10.128719329834,-0.081082344055176,-10.356574058533	
Frame 51500 posteriors:-2.5982804298401,-7.2961750030518,-0.07840633392334,-8.0111675262451	
Frame 51501 posteriors:-8.8929977416992,-11.758328437805,-0.00014686584472656,-13.155842781067	
Frame 51502 posteriors:-7.8221964836121,-10.538053512573,-0.00043487548828125,-11.850065231323	
Frame 51503 posteriors:-11.224018096924,-15.191617965698,-1.3351440429688e-05,-16.725616455078	
Frame 51504 posteriors:-18.50697517395,-22.886459350586,0,-24.675109863281	
Frame 51505 posteriors:-13.331619262695,-13.675775527954,-2.6226043701172e-06,-19.294361114502	
Frame 51506 posteriors:-14.876647949219,-15.92431640625,-4.7683715820312e-07,-21.312114715576	
Frame 51507 posteriors:-12.661212921143,-14.669017791748,-3.814697265625e-06,-16.36323928833	
Frame 51508 posteriors:-9.0632858276367,-9.7045965194702,-0.00019073486328125,-11.171971321106	
Frame 51509 posteriors:-7.4883308410645,-7.8626737594604,-0.0010371208190918,-9.2945022583008	
================================	
Frame-Level Testing:	
  time to evaluate 1 sample = 1.1731864403484ms	
  time to evaluate all 105781 samples = 124100.8348465ms	
  FER: 0.29112978701279	
================================	
ConfusionMatrix:
[[   10916    4524    3946    7189]   41.076% 	[class: 1]
 [    5089   15261    2271    3713]   57.952% 	[class: 2]
 [     838     453   24444     591]   92.851% 	[class: 3]
 [    1532     374     276   24364]]  91.780% 	[class: 4]
 + average row correct: 70.914842933416% 
 + average rowUcol correct (VOC measure): 54.692462831736% 
 + global correct: 70.887021298721%
Incorrectly classified 1 utterance 01eq as 4	
Incorrectly classified 1 utterance 01er as 4	
Incorrectly classified 1 utterance 01fg as 2	
Incorrectly classified 1 utterance 01fz as 4	
Incorrectly classified 2 utterance 01gt as 1	
Incorrectly classified 1 utterance 01h1 as 4	
Incorrectly classified 1 utterance 01hh as 2	
Incorrectly classified 1 utterance 01ip as 4	
Incorrectly classified 1 utterance 01it as 4	
Incorrectly classified 2 utterance 01j3 as 1	
Incorrectly classified 1 utterance 01j6 as 2	
Incorrectly classified 2 utterance 01j7 as 1	
Incorrectly classified 2 utterance 01jc as 1	
Incorrectly classified 1 utterance 01ji as 4	
Incorrectly classified 1 utterance 01jp as 3	
Incorrectly classified 2 utterance 01k7 as 1	
Incorrectly classified 1 utterance 01kw as 4	
Incorrectly classified 1 utterance 01l0 as 3	
Incorrectly classified 1 utterance 01l3 as 4	
Incorrectly classified 1 utterance 01l8 as 4	
Incorrectly classified 1 utterance 01lr as 4	
Incorrectly classified 2 utterance 01mb as 1	
Incorrectly classified 1 utterance 01n9 as 4	
Incorrectly classified 2 utterance 01nh as 1	
Incorrectly classified 1 utterance 01oc as 4	
Incorrectly classified 1 utterance 01oe as 4	
Incorrectly classified 2 utterance 01op as 1	
Incorrectly classified 1 utterance 01oy as 2	
Incorrectly classified 1 utterance 01p3 as 2	
Incorrectly classified 2 utterance 01pz as 1	
Incorrectly classified 2 utterance 01qq as 3	
Incorrectly classified 2 utterance 01s0 as 3	
Incorrectly classified 2 utterance 01v2 as 4	
Incorrectly classified 2 utterance 01xr as 1	
Incorrectly classified 2 utterance 01yr as 4	
Incorrectly classified 2 utterance 01z4 as 1	
Incorrectly classified 2 utterance 0204 as 1	
Incorrectly classified 2 utterance 0223 as 1	
Incorrectly classified 2 utterance 022v as 1	
Incorrectly classified 2 utterance 0239 as 1	
Incorrectly classified 2 utterance 023y as 1	
Incorrectly classified 2 utterance 024q as 1	
Incorrectly classified 2 utterance 026a as 1	
Incorrectly classified 2 utterance 028f as 4	
Incorrectly classified 2 utterance 02b7 as 1	
Incorrectly classified 2 utterance 02bf as 1	
Incorrectly classified 2 utterance 02cc as 4	
Incorrectly classified 2 utterance 02fw as 1	
Incorrectly classified 2 utterance 02gb as 1	
Incorrectly classified 4 utterance 02hi as 2	
Incorrectly classified 2 utterance 02jq as 1	
Incorrectly classified 2 utterance 02jr as 4	
Incorrectly classified 2 utterance 02kb as 1	
Incorrectly classified 2 utterance 02kv as 1	
Incorrectly classified 2 utterance 02lg as 1	
Incorrectly classified 2 utterance 02lw as 1	
Incorrectly classified 2 utterance 02nn as 3	
Incorrectly classified 3 utterance 02pk as 1	
Incorrectly classified 2 utterance 02q0 as 1	
Incorrectly classified 2 utterance 02qg as 3	
Incorrectly classified 2 utterance 02rp as 4	
Incorrectly classified 2 utterance 01vv as 1	
Incorrectly classified 4 utterance 01yr as 1	
================================	
Utterance-Level Testing:	
  time to evaluate 1 utterance = 0.195659966854ms	
  time to evaluate all 359 utterances = 70.241928100586ms	
  UER: 0.17548746518106	
================================	
ConfusionMatrix:
[[      71       5       2      14]   77.174% 	[class: 1]
 [      29      49       4       6]   55.682% 	[class: 2]
 [       1       0      86       0]   98.851% 	[class: 3]
 [       1       1       0      90]]  97.826% 	[class: 4]
 + average row correct: 82.383097708225% 
 + average rowUcol correct (VOC measure): 70.670373737812% 
 + global correct: 82.451253481894%
Done evaluating neural network.	
COMPLETED EVALUATION
PREPARING UTTERANCE WAV FILE
The standard file /pool001/atitus/FastLID-DNN/../../kaldi/tools/config/common_path.sh is not present -> Exit!
