TRAINING DNN MODEL
TRAINING NETWORK WITH FILENAME /pool001/atitus/FastLID-DNN/models/1k_1k_512_64_1k_all
[?1034hSet nb of threads to 16	
Loading existing neural network /pool001/atitus/FastLID-DNN/models/1k_1k_512_64_1k_all...	
Loaded existing neural network /pool001/atitus/FastLID-DNN/models/1k_1k_512_64_1k_all	
Loading existing optimizer state /pool001/atitus/FastLID-DNN/models/1k_1k_512_64_1k_all...	
Loaded existing optimizer state /pool001/atitus/FastLID-DNN/models/1k_1k_512_64_1k_all	
Using model:	
nn.Sequential {
  [input -> (1) -> (2) -> (3) -> (4) -> (5) -> (6) -> (7) -> (8) -> (9) -> (10) -> (11) -> (12) -> (13) -> (14) -> (15) -> (16) -> (17) -> output]
  (1): nn.Linear(819 -> 1024)
  (2): nn.Add
  (3): nn.ReLU
  (4): nn.Linear(1024 -> 1024)
  (5): nn.Add
  (6): nn.ReLU
  (7): nn.Linear(1024 -> 512)
  (8): nn.Add
  (9): nn.ReLU
  (10): nn.Linear(512 -> 64)
  (11): nn.Add
  (12): nn.ReLU
  (13): nn.Linear(64 -> 1024)
  (14): nn.Add
  (15): nn.ReLU
  (16): nn.Linear(1024 -> 13)
  (17): nn.LogSoftMax
}
Using optimizer state:	
{
  v : CudaTensor - size: 2526802
  m : CudaTensor - size: 2526802
  t : 489250
  denom : CudaTensor - size: 2526802
}
Convert network to CUDA	
Loading validation dataset...	
Reading dataset...	
Done setting up dataset with 232619 datapoints across 765 utterances.	
Utterances per language:	
  0
 67
 61
 65
 65
 62
 62
 62
 63
 62
 64
 64
 68
[torch.DoubleTensor of size 13]

Loaded validation dataset.	
Loading training dataset...	
Reading dataset...	
Done setting up dataset with 2504949 datapoints across 1596 utterances.	
Utterances per language:	
   0
 119
 116
 168
 123
 117
 117
 117
 119
 194
 117
 169
 120
[torch.DoubleTensor of size 13]

Loaded training dataset.	
Training neural network using minibatch size 128...	
Convert criterion to CUDA	
================================	
Epoch 1:	
  time to learn 1 sample = 0.53298177851107ms	
  time to learn all 2504949 samples = 1335092.1730995ms	
================================	
Training confusion matrix:	
ConfusionMatrix:
[[       0       0       0       0       0       0       0       0       0       0       0       0       0]   nan% 	[class: 1]
 [       1  152280    5060    5135    5790    5292    6156    5583    4630    2055    3659    6818    6576]   72.849% 	[class: 2]
 [       1    5331  149258    6229    4125    5109    5662    7315    6471    1915    4931    5976    7324]   71.195% 	[class: 3]
 [       0    5593    6129  147484    5314    6390    5875    6663    6165    2413    4755    4568    7035]   70.775% 	[class: 4]
 [       0    5731    4542    5965  146111    4967    5762    6060    7907    1943    6406    5913    6243]   70.398% 	[class: 5]
 [       0    5400    5367    6511    4640  147532    7846    6552    6012    2341    4289    4923    6058]   71.110% 	[class: 6]
 [       1    5914    5728    6095    5391    7713  143559    6358    6759    2069    6151    6241    7227]   68.621% 	[class: 7]
 [       0    5807    6664    6237    5157    6140    6121  149190    6870    1659    4875    4584    6656]   71.056% 	[class: 8]
 [       0    4022    5196    4968    5620    4370    5008    5252  156171    1241    6664    5379    5797]   74.478% 	[class: 9]
 [       0    3094    2600    3246    2405    3297    3045    2433    2400  175349    3559    3857    2518]   84.382% 	[class: 10]
 [       0    3236    4731    4437    5862    3908    5547    5150    8384    2626  152095    3753    7912]   73.249% 	[class: 11]
 [       0    7701    5806    4964    5767    5538    6395    5205    6862    2697    3967  148640    6181]   70.874% 	[class: 12]
 [       1    6668    6683    6801    5964    5760    7139    6731    7690    1822    8225    6021  139336]]  66.719% 	[class: 13]
 + average row correct: 72.142191231251% 
 + average rowUcol correct (VOC measure): 56.678611040115% 
 + global correct: 72.137396809276%
Validating neural network...	
================================	
Frame-Level Validation:	
  time to validate 1 sample = 1.2722841086308ms	
  time to validate all 232619 samples = 295957.45706558ms	
  FER: 0.42127685184787	
================================	
ConfusionMatrix:
[[       0       0       0       0       0       0       0       0       0       0       0       0       0]   nan% 	[class: 1]
 [       0   10601     609    1195     486     821     877    1353     403     238     710     716    1242]   55.067% 	[class: 2]
 [       0     732    9960    1256     423     697     946    1566     620     242     998     496    1511]   51.216% 	[class: 3]
 [       0     498     385   13343     372     662     808     907     427     100     441     375     971]   69.174% 	[class: 4]
 [       0     768     439    1383   10238     897    1009     796     837     267     919     643    1174]   52.855% 	[class: 5]
 [       0     694     529    1115     551   11112     896    1170     623     179     653     616    1317]   57.116% 	[class: 6]
 [       0     663     544     895     360     923   11824     851     561      99     756     400    1465]   61.134% 	[class: 7]
 [       0     510     556    1087     609     851     914   11692     622     107     709     423    1178]   60.712% 	[class: 8]
 [       0     539     664    1081     607     904     973     745   10320     202    1014     486    1736]   53.552% 	[class: 9]
 [       0     591     449    1296     652    1281     990     981     439   10306     894     683     832]   53.140% 	[class: 10]
 [       0     359     596     981     620     532     869     825    1027     218   11571     474    1425]   59.348% 	[class: 11]
 [       0     760     522     828     498     734    1066     703     795     175     508   11752    1168]   60.239% 	[class: 12]
 [       0     640     537    1147     525     659     919    1023     557     203     874     550   11903]]  60.925% 	[class: 13]
 + average row correct: 57.8733086586% 
 + average rowUcol correct (VOC measure): 40.979265918334% 
 + global correct: 57.872314815213%
================================	
Utterance-Level Validation:	
  time to validate 1 utterance = 0.16307207494ms	
  time to validate all 765 utterances = 124.7501373291ms	
  UER: 0.13202614379085	
================================	
ConfusionMatrix:
[[       0       0       0       0       0       0       0       0       0       0       0       0       0]   nan% 	[class: 1]
 [       0      54       2       3       0       1       0       2       0       0       0       0       5]   80.597% 	[class: 2]
 [       0       0      50       2       0       0       0       2       0       0       0       0       7]   81.967% 	[class: 3]
 [       0       0       0      63       0       0       0       0       0       0       0       0       2]   96.923% 	[class: 4]
 [       0       0       0       3      56       0       1       0       1       0       1       1       2]   86.154% 	[class: 5]
 [       0       0       0       1       2      52       0       2       0       0       0       0       5]   83.871% 	[class: 6]
 [       0       0       0       1       0       0      57       0       0       0       0       0       4]   91.935% 	[class: 7]
 [       0       0       1       0       1       1       1      52       0       0       1       0       5]   83.871% 	[class: 8]
 [       0       0       1       0       1       1       0       0      56       0       1       0       3]   88.889% 	[class: 9]
 [       0       0       0       4       0       1       1       3       1      44       3       1       4]   70.968% 	[class: 10]
 [       0       0       1       2       0       0       0       0       2       0      54       0       5]   84.375% 	[class: 11]
 [       0       0       0       1       0       0       0       1       1       0       0      61       0]   95.312% 	[class: 12]
 [       0       0       0       2       0       0       0       0       0       0       1       0      65]]  95.588% 	[class: 13]
 + average row correct: 86.704244216283% 
 + average rowUcol correct (VOC measure): 77.67571558555% 
 + global correct: 86.797385620915%
Done validating neural network.	
Best validation FER so far 0.38925883096394, current FER 0.42127685184787	
Generalization loss:	
8.2253807330829	
Saving current network state...	
Saved.	
Saving current optimizer state...	
Saved.	
================================	
Epoch 2:	
  time to learn 1 sample = 0.53174097708825ms	
  time to learn all 2504949 samples = 1331984.0288162ms	
================================	
Training confusion matrix:	
ConfusionMatrix:
[[       0       0       0       0       0       0       0       0       0       0       0       0       0]   nan% 	[class: 1]
 [       0  153864    4894    4964    5649    5099    6008    5445    4528    1970    3636    6482    6496]   73.607% 	[class: 2]
 [       0    5192  150310    6048    4026    4923    5549    7278    6437    1824    4953    6003    7104]   71.697% 	[class: 3]
 [       0    5343    5974  148835    5314    6306    5689    6497    5948    2352    4790    4555    6781]   71.423% 	[class: 4]
 [       0    5565    4464    5808  147355    4937    5609    5957    7687    1896    6364    5890    6018]   70.997% 	[class: 5]
 [       0    5191    5144    6522    4469  149020    7840    6431    5885    2089    4289    4754    5837]   71.827% 	[class: 6]
 [       0    5709    5603    5743    5307    7778  144668    6325    6696    2051    6033    6057    7236]   69.151% 	[class: 7]
 [       0    5692    6617    6129    5218    6006    6180  149994    6779    1622    4808    4409    6506]   71.439% 	[class: 8]
 [       0    3898    5165    4903    5510    4301    4859    5262  157139    1204    6610    5185    5652]   74.939% 	[class: 9]
 [       1    2929    2436    3073    2493    3147    3021    2231    2377  176155    3528    3882    2530]   84.770% 	[class: 10]
 [       0    3144    4660    4440    5899    3837    5475    5084    8415    2501  152629    3860    7697]   73.506% 	[class: 11]
 [       0    7707    5785    4841    5672    5288    6179    4994    6815    2645    3968  149776    6053]   71.416% 	[class: 12]
 [       0    6765    6399    6781    5949    5596    7033    6662    7576    1832    8094    5897  140257]]  67.160% 	[class: 13]
 + average row correct: 72.66109486421% 
 + average rowUcol correct (VOC measure): 57.313993076483% 
 + global correct: 72.656249688117%
Validating neural network...	
================================	
Frame-Level Validation:	
  time to validate 1 sample = 1.2829321811ms	
  time to validate all 232619 samples = 298434.40103531ms	
  FER: 0.38692024297241	
================================	
ConfusionMatrix:
[[       0       0       0       0       0       0       0       0       0       0       0       0       0]   nan% 	[class: 1]
 [       0   12079     759     913     572     530     816     483     299     342     624     911     923]   62.745% 	[class: 2]
 [       0     863   11067     832     522     625     775     710     630     389     894    1102    1038]   56.909% 	[class: 3]
 [       0     609     578   13240     599     560     668     282     538     432     493     627     663]   68.640% 	[class: 4]
 [       0     861     652     807   11376     554     664     572     642     418     820    1290     714]   58.730% 	[class: 5]
 [       0     981     543     835     622   11113     945     543     530     385     539    1732     687]   57.122% 	[class: 6]
 [       0     795     630     644     558     619   12686     407     502     225     721     840     714]   65.591% 	[class: 7]
 [       0     846     916    1147     793     771     988   10279     581     328     739     974     896]   53.375% 	[class: 8]
 [       0     756     637     685     767     682     789     402   11136     341     907    1443     726]   57.786% 	[class: 9]
 [       0     637     520     828     687     917     913     447     352   11787     706     922     678]   60.777% 	[class: 10]
 [       0     424     667     667     728     426     802     432    1009     497   12247     713     885]   62.815% 	[class: 11]
 [       0    1216     498     561     445     320     621     216     406     234     504   13911     577]   71.306% 	[class: 12]
 [       0     630     686     852     771     568    1191     432     495     319     881    1019   11693]]  59.851% 	[class: 13]
 + average row correct: 61.303766568502% 
 + average rowUcol correct (VOC measure): 44.243246565262% 
 + global correct: 61.307975702759%
================================	
Utterance-Level Validation:	
  time to validate 1 utterance = 0.16748889598971ms	
  time to validate all 765 utterances = 128.12900543213ms	
  UER: 0.10718954248366	
================================	
ConfusionMatrix:
[[       0       0       0       0       0       0       0       0       0       0       0       0       0]   nan% 	[class: 1]
 [       0      62       0       3       1       0       0       0       0       0       0       1       0]   92.537% 	[class: 2]
 [       0       0      53       0       1       1       1       1       0       0       2       0       2]   86.885% 	[class: 3]
 [       0       2       1      62       0       0       0       0       0       0       0       0       0]   95.385% 	[class: 4]
 [       0       1       1       0      56       1       1       0       1       0       0       4       0]   86.154% 	[class: 5]
 [       0       2       1       0       0      53       1       0       0       1       0       4       0]   85.484% 	[class: 6]
 [       0       1       0       0       2       0      56       0       0       0       0       2       1]   90.323% 	[class: 7]
 [       0       0       0       0       1       2       2      53       0       0       1       2       1]   85.484% 	[class: 8]
 [       0       0       1       1       1       0       2       0      54       0       0       3       1]   85.714% 	[class: 9]
 [       0       2       0       2       0       1       2       0       1      49       1       1       3]   79.032% 	[class: 10]
 [       0       0       1       0       0       1       0       0       2       0      57       1       2]   89.062% 	[class: 11]
 [       0       0       0       0       0       0       0       0       0       0       0      64       0]   100.000% 	[class: 12]
 [       0       0       0       2       0       0       2       0       0       0       0       0      64]]  94.118% 	[class: 13]
 + average row correct: 89.181503156821% 
 + average rowUcol correct (VOC measure): 80.654443303744% 
 + global correct: 89.281045751634%
Done validating neural network.	
Best validation FER so far 0.38925883096394, current FER 0.38692024297241	
Generalization loss:	
0	
Saving current network state...	
Saved.	
Saving current optimizer state...	
Saved.	
================================	
Epoch 3:	
  time to learn 1 sample = 0.50170627427818ms	
  time to learn all 2504949 samples = 1256748.6300468ms	
================================	
Training confusion matrix:	
ConfusionMatrix:
[[       0       0       0       0       0       0       0       0       0       0       0       0       0]   nan% 	[class: 1]
 [       0  153500    5032    5056    5459    5135    6189    5396    4570    1908    3683    6566    6541]   73.433% 	[class: 2]
 [       1    5249  149847    6148    3983    5166    5608    7299    6409    1908    4903    6049    7077]   71.476% 	[class: 3]
 [       0    5539    6009  148972    5265    6096    5909    6442    5924    2338    4586    4518    6786]   71.489% 	[class: 4]
 [       0    5677    4428    5777  147009    5029    5733    5883    7739    1846    6333    6104    5992]   70.831% 	[class: 5]
 [       0    5216    5139    6526    4360  148748    7984    6541    5975    2166    4137    4842    5837]   71.696% 	[class: 6]
 [       0    5697    5531    5845    5227    7653  144852    6239    6805    2034    6089    6264    6970]   69.239% 	[class: 7]
 [       0    5673    6529    6216    5238    6088    6152  149933    6712    1609    4849    4647    6314]   71.410% 	[class: 8]
 [       0    3880    5086    4973    5480    4235    5132    5279  156922    1263    6652    5316    5470]   74.836% 	[class: 9]
 [       0    3002    2453    3113    2386    3211    3082    2387    2470  175920    3524    3838    2417]   84.657% 	[class: 10]
 [       0    3299    4403    4524    5865    3886    5595    5181    8345    2667  152335    3893    7648]   73.365% 	[class: 11]
 [       0    7585    5741    4832    5694    5272    6343    4943    6896    2573    3965  149841    6038]   71.447% 	[class: 12]
 [       0    6636    6549    6743    5952    5519    7196    6776    7581    1816    8048    6058  139967]]  67.021% 	[class: 13]
 + average row correct: 72.574913005034% 
 + average rowUcol correct (VOC measure): 57.207273940245% 
 + global correct: 72.57018007153%
Validating neural network...	
================================	
Frame-Level Validation:	
  time to validate 1 sample = 1.2809871467548ms	
  time to validate all 232619 samples = 297981.94909096ms	
  FER: 0.3996148208014	
================================	
ConfusionMatrix:
[[       0       0       0       0       0       0       0       0       0       0       0       0       0]   nan% 	[class: 1]
 [       0   11391    1032     661     795    1046     585     776     547     321     572     718     807]   59.171% 	[class: 2]
 [       0     716   12097     637     669     956     560    1038     696     283     516     394     885]   62.205% 	[class: 3]
 [       0     476    1002   11717     828    1587     600     582     926     244     371     399     557]   60.744% 	[class: 4]
 [       0     501     865     676   11920     872     496     807     880     238     695     677     743]   61.538% 	[class: 5]
 [       0     630    1011     436     813   12250     672     859     773     209     394     750     658]   62.966% 	[class: 6]
 [       0     744    1121     514     719    1036   11509     519     998     146     669     554     812]   59.506% 	[class: 7]
 [       0     598    1319     566     935    1052     827   11301     682     194     578     465     741]   58.682% 	[class: 8]
 [       0     402    1277     378    1113     902     523     662   11910     246     696     520     642]   61.803% 	[class: 9]
 [       0     587     888     669     849    1457     768     683     485   11042     709     692     565]   56.935% 	[class: 10]
 [       0     332    1239     560    1047     816     632     666    1214     251   11223     569     948]   57.563% 	[class: 11]
 [       0     874    1784     481     633     541     492     533     883     163     362   12241     522]   62.745% 	[class: 12]
 [       0     671    1256     704     786    1102     805     743     839     233     754     584   11060]]  56.611% 	[class: 13]
 + average row correct: 60.039080679417% 
 + average rowUcol correct (VOC measure): 43.18738852938% 
 + global correct: 60.03851791986%
================================	
Utterance-Level Validation:	
  time to validate 1 utterance = 0.13297492382573ms	
  time to validate all 765 utterances = 101.72581672668ms	
  UER: 0.11111111111111	
================================	
ConfusionMatrix:
[[       0       0       0       0       0       0       0       0       0       0       0       0       0]   nan% 	[class: 1]
 [       0      57       3       1       1       3       0       1       0       0       0       1       0]   85.075% 	[class: 2]
 [       0       0      53       0       1       0       0       5       0       0       0       0       2]   86.885% 	[class: 3]
 [       0       1       1      62       0       0       0       1       0       0       0       0       0]   95.385% 	[class: 4]
 [       0       0       1       0      59       2       1       0       1       0       0       1       0]   90.769% 	[class: 5]
 [       0       2       1       0       1      53       0       1       2       0       0       2       0]   85.484% 	[class: 6]
 [       0       0       0       0       2       2      55       0       1       0       0       0       2]   88.710% 	[class: 7]
 [       0       0       0       0       2       1       0      57       0       0       0       0       2]   91.935% 	[class: 8]
 [       0       0       2       0       2       0       0       0      58       0       0       0       1]   92.063% 	[class: 9]
 [       0       0       1       1       2       4       2       1       0      49       1       1       0]   79.032% 	[class: 10]
 [       0       0       3       1       1       2       0       1       2       0      52       0       2]   81.250% 	[class: 11]
 [       0       0       2       0       0       0       0       0       1       0       0      61       0]   95.312% 	[class: 12]
 [       0       0       0       1       1       0       1       0       0       0       1       0      64]]  94.118% 	[class: 13]
 + average row correct: 88.834887742996% 
 + average rowUcol correct (VOC measure): 80.169012149175% 
 + global correct: 88.888888888889%
Done validating neural network.	
Best validation FER so far 0.38692024297241, current FER 0.3996148208014	
Generalization loss:	
3.2809288372868	
Saving current network state...	
Saved.	
Saving current optimizer state...	
Saved.	
================================	
Epoch 4:	
  time to learn 1 sample = 0.53560135714029ms	
  time to learn all 2504949 samples = 1341654.0839672ms	
================================	
Training confusion matrix:	
ConfusionMatrix:
[[       0       0       0       0       0       0       0       0       0       0       0       0       0]   nan% 	[class: 1]
 [       0  153081    5010    5047    5755    5098    6215    5708    4582    2009    3664    6487    6379]   73.232% 	[class: 2]
 [       0    5270  149716    6173    4227    5184    5581    7304    6301    1861    5019    6033    6978]   71.413% 	[class: 3]
 [       1    5410    5929  148845    5415    6104    5764    6379    5920    2367    4817    4587    6846]   71.428% 	[class: 4]
 [       0    5616    4420    5892  147283    4930    5649    5879    7803    1836    6490    5850    5902]   70.963% 	[class: 5]
 [       1    5134    5133    6533    4592  148698    8097    6333    5912    2214    4267    4901    5656]   71.672% 	[class: 6]
 [       1    5768    5681    5866    5249    7724  144513    6353    6804    1932    6187    6170    6958]   69.077% 	[class: 7]
 [       1    5776    6572    6287    5169    5985    6143  149833    6715    1527    4998    4470    6484]   71.363% 	[class: 8]
 [       0    3841    5263    4991    5573    4296    4987    5269  156922    1173    6540    5290    5543]   74.836% 	[class: 9]
 [       1    3017    2525    3200    2430    3374    3000    2288    2380  175719    3544    3899    2426]   84.560% 	[class: 10]
 [       0    3180    4619    4486    5932    3919    5650    5298    8146    2697  152244    3816    7654]   73.321% 	[class: 11]
 [       0    7635    5788    4880    5764    5306    6501    5009    6744    2548    4016  149689    5843]   71.375% 	[class: 12]
 [       2    6754    6327    6863    6020    5588    7172    6773    7654    1777    8297    5881  139733]]  66.909% 	[class: 13]
 + average row correct: 72.512354453405% 
 + average rowUcol correct (VOC measure): 57.130315403144% 
 + global correct: 72.507504144795%
Validating neural network...	
================================	
Frame-Level Validation:	
  time to validate 1 sample = 1.2394545245024ms	
  time to validate all 232619 samples = 288320.67203522ms	
  FER: 0.39290427695072	
================================	
ConfusionMatrix:
[[       0       0       0       0       0       0       0       0       0       0       0       0       0]   nan% 	[class: 1]
 [       0   10538     666     791     609    1073     818    1223     705     225     499    1243     861]   54.740% 	[class: 2]
 [       0     564   10901     724     529     967     657    1540     825     235     623     903     979]   56.055% 	[class: 3]
 [       0     425     642   13025     344     956     676     543     800     159     362     675     682]   67.526% 	[class: 4]
 [       0     467     567     899   10943     903     609    1140    1112     272     620    1224     614]   56.495% 	[class: 5]
 [       0     575     529     615     625   12260     759    1203     859     143     348     929     610]   63.017% 	[class: 6]
 [       0     451     701     579     549     990   11546    1145    1070     136     613     876     685]   59.697% 	[class: 7]
 [       0     422     614     930     564     877     692   12182     849     155     443     884     646]   63.257% 	[class: 8]
 [       0     266     650     590     616     941     525     737   12650     208     469     980     639]   65.643% 	[class: 9]
 [       0     466     617     819     701    1529     919     898     591   10739     549    1028     538]   55.373% 	[class: 10]
 [       0     340     713     656     799     680     683     828    1576     366   11062     914     880]   56.737% 	[class: 11]
 [       0     468     658     393     391     736     526     482     840     161     167   14262     425]   73.105% 	[class: 12]
 [       0     407     636     749     757     897     867    1200     934     234     712    1030   11114]]  56.887% 	[class: 13]
 + average row correct: 60.710847377777% 
 + average rowUcol correct (VOC measure): 43.706555167834% 
 + global correct: 60.709572304928%
================================	
Utterance-Level Validation:	
  time to validate 1 utterance = 0.19304206947875ms	
  time to validate all 765 utterances = 147.67718315125ms	
  UER: 0.12549019607843	
================================	
ConfusionMatrix:
[[       0       0       0       0       0       0       0       0       0       0       0       0       0]   nan% 	[class: 1]
 [       0      55       1       3       0       1       1       1       1       0       0       3       1]   82.090% 	[class: 2]
 [       0       0      50       0       0       1       0       6       1       0       1       0       2]   81.967% 	[class: 3]
 [       0       1       1      62       0       0       0       1       0       0       0       0       0]   95.385% 	[class: 4]
 [       0       0       0       0      55       2       0       4       1       0       0       3       0]   84.615% 	[class: 5]
 [       0       1       1       0       0      53       0       2       1       0       0       4       0]   85.484% 	[class: 6]
 [       0       0       0       1       0       2      56       2       1       0       0       0       0]   90.323% 	[class: 7]
 [       0       0       0       0       1       2       0      57       0       0       0       0       2]   91.935% 	[class: 8]
 [       0       0       0       0       0       3       0       0      59       0       0       0       1]   93.651% 	[class: 9]
 [       0       0       1       2       0       3       2       4       2      46       0       2       0]   74.194% 	[class: 10]
 [       0       0       2       1       2       0       0       1       3       0      51       3       1]   79.688% 	[class: 11]
 [       0       0       0       0       0       0       0       0       1       0       0      63       0]   98.438% 	[class: 12]
 [       0       0       0       2       0       0       0       2       0       1       0       1      62]]  91.176% 	[class: 13]
 + average row correct: 87.412042419116% 
 + average rowUcol correct (VOC measure): 77.88137247165% 
 + global correct: 87.450980392157%
Done validating neural network.	
Best validation FER so far 0.38692024297241, current FER 0.39290427695072	
Generalization loss:	
1.5465807455141	
Saving current network state...	
Saved.	
Saving current optimizer state...	
Saved.	
================================	
Epoch 5:	
  time to learn 1 sample = 0.52055552750763ms	
  time to learn all 2504949 samples = 1303965.0480747ms	
================================	
Training confusion matrix:	
ConfusionMatrix:
[[       0       0       0       0       0       0       0       0       0       0       0       0       0]   nan% 	[class: 1]
 [       0  150311    5209    5269    6084    5388    6536    5832    4858    2107    3818    6875    6748]   71.907% 	[class: 2]
 [       3    5735  146424    6663    4353    5251    5964    7578    6668    2008    5267    6359    7374]   69.843% 	[class: 3]
 [       0    5706    6068  146186    5541    6485    6176    6680    6194    2499    4973    4832    7044]   70.152% 	[class: 4]
 [       1    6049    4617    6234  144192    5288    5956    6009    7997    2023    6691    6275    6218]   69.473% 	[class: 5]
 [       0    5552    5323    6837    4749  145945    8102    6568    6247    2357    4470    5225    6096]   70.345% 	[class: 6]
 [       1    6046    5768    6086    5585    7918  142612    6456    6861    2044    6403    6287    7139]   68.168% 	[class: 7]
 [       1    5849    7083    6558    5496    6354    6363  147031    7032    1690    5024    4777    6702]   70.028% 	[class: 8]
 [       0    4204    5265    5248    5932    4346    5280    5313  154463    1328    6885    5592    5832]   73.663% 	[class: 9]
 [       0    3070    2556    3371    2582    3431    3307    2481    2551  174095    3693    4077    2589]   83.779% 	[class: 10]
 [       0    3385    4753    4688    6164    4100    5879    5308    8646    2741  150006    4008    7963]   72.243% 	[class: 11]
 [       0    7925    5934    5208    5959    5757    6725    5273    7101    2682    4112  146879    6168]   70.035% 	[class: 12]
 [       0    7119    6552    7083    6228    5892    7437    6830    7871    1853    8387    6156  137433]]  65.807% 	[class: 13]
 + average row correct: 71.28701855739% 
 + average rowUcol correct (VOC measure): 55.645774553219% 
 + global correct: 71.281970211769%
Validating neural network...	
================================	
Frame-Level Validation:	
  time to validate 1 sample = 1.2725783449884ms	
  time to validate all 232619 samples = 296025.90203285ms	
  FER: 0.41282526362851	
================================	
ConfusionMatrix:
[[       0       0       0       0       0       0       0       0       0       0       0       0       0]   nan% 	[class: 1]
 [       0   12394     496     705     689     479     497     906     477     473     519     833     783]   64.381% 	[class: 2]
 [       0    1468   10009     702     932     461     585    1563     843     537     582     912     853]   51.468% 	[class: 3]
 [       0    1036     691   11928     725     526     597     977     664     562     469     560     554]   61.838% 	[class: 4]
 [       0     940     481     772   11632     478     465     935     752     572     785     873     685]   60.052% 	[class: 5]
 [       0    1450     758     677    1050    9884     675    1235     961     448     579    1011     727]   50.804% 	[class: 6]
 [       0    1233     640     683     796     537   10636     947    1294     434     677     771     693]   54.992% 	[class: 7]
 [       0    1130     570     569    1042     538     637   11977     614     389     575     652     565]   62.192% 	[class: 8]
 [       0     859     586     662    1016     386     280    1161   11492     493     733     930     673]   59.634% 	[class: 9]
 [       0     837     409     772     875     750     592     757     467   11981     747     687     520]   61.777% 	[class: 10]
 [       0     665     740     603     846     360     572     836    1195     598   11475     658     949]   58.855% 	[class: 11]
 [       0    1395     599     462    1114     307     492     643     655     416     340   12596     490]   64.565% 	[class: 12]
 [       0    1109     666     826     956     531     722    1261     771     534     764     813   10584]]  54.174% 	[class: 13]
 + average row correct: 58.727731307348% 
 + average rowUcol correct (VOC measure): 41.649410128593% 
 + global correct: 58.717473637149%
================================	
Utterance-Level Validation:	
  time to validate 1 utterance = 0.14289687661564ms	
  time to validate all 765 utterances = 109.31611061096ms	
  UER: 0.10718954248366	
================================	
ConfusionMatrix:
[[       0       0       0       0       0       0       0       0       0       0       0       0       0]   nan% 	[class: 1]
 [       0      62       0       2       0       1       0       1       0       0       0       1       0]   92.537% 	[class: 2]
 [       0       0      53       0       0       1       0       2       0       0       1       0       4]   86.885% 	[class: 3]
 [       0       2       1      62       0       0       0       0       0       0       0       0       0]   95.385% 	[class: 4]
 [       0       2       0       0      57       0       2       1       1       0       0       2       0]   87.692% 	[class: 5]
 [       0       3       1       0       1      53       0       1       0       1       0       2       0]   85.484% 	[class: 6]
 [       0       1       0       1       2       0      55       0       0       1       0       0       2]   88.710% 	[class: 7]
 [       0       0       0       0       2       2       1      54       0       0       1       1       1]   87.097% 	[class: 8]
 [       0       0       0       0       2       1       0       0      57       1       0       0       2]   90.476% 	[class: 9]
 [       0       2       0       1       2       2       2       0       0      51       1       0       1]   82.258% 	[class: 10]
 [       0       0       0       1       2       0       0       0       2       2      53       1       3]   82.812% 	[class: 11]
 [       0       0       0       0       0       0       0       1       1       0       0      62       0]   96.875% 	[class: 12]
 [       0       0       0       2       0       0       0       1       0       0       1       0      64]]  94.118% 	[class: 13]
 + average row correct: 89.194100598494% 
 + average rowUcol correct (VOC measure): 80.699257552624% 
 + global correct: 89.281045751634%
Done validating neural network.	
Best validation FER so far 0.38692024297241, current FER 0.41282526362851	
Generalization loss:	
6.6951836009111	
Saving current network state...	
Saved.	
Saving current optimizer state...	
Saved.	
================================	
Epoch 6:	
  time to learn 1 sample = 0.53484880493478ms	
  time to learn all 2504949 samples = 1339768.9790726ms	
================================	
Training confusion matrix:	
ConfusionMatrix:
[[       0       0       0       0       0       0       0       0       0       0       0       0       0]   nan% 	[class: 1]
 [       0  151833    5114    5144    5749    5185    6717    5703    4683    1945    3688    6828    6446]   72.635% 	[class: 2]
 [       1    5417  148221    6239    4167    5164    6122    7382    6598    1827    5305    6145    7059]   70.700% 	[class: 3]
 [       0    5479    5972  147811    5452    6330    6318    6663    5967    2352    4800    4503    6737]   70.932% 	[class: 4]
 [       0    5668    4519    6067  145510    4960    6208    6087    7901    1958    6662    6019    5991]   70.108% 	[class: 5]
 [       0    5263    5155    6636    4677  147593    8443    6436    5999    2153    4316    4969    5831]   71.139% 	[class: 6]
 [       0    5895    5796    6145    5321    7836  143939    6297    6813    1846    6132    6257    6929]   68.803% 	[class: 7]
 [       0    5683    6819    6272    5349    6100    6638  148500    6894    1580    4907    4718    6500]   70.728% 	[class: 8]
 [       0    4009    5095    4998    5636    4337    5346    5267  156073    1213    6761    5365    5588]   74.431% 	[class: 9]
 [       0    3035    2558    3321    2498    3207    3208    2478    2470  174921    3627    4015    2465]   84.176% 	[class: 10]
 [       0    3269    4842    4635    5967    4035    6163    5188    8449    2633  150781    3884    7795]   72.616% 	[class: 11]
 [       0    7846    5780    4950    5867    5430    6809    5173    7070    2540    4122  148312    5824]   70.718% 	[class: 12]
 [       1    6839    6560    6942    6053    5611    7745    6638    7795    1714    8303    6038  138602]]  66.367% 	[class: 13]
 + average row correct: 71.946182350318% 
 + average rowUcol correct (VOC measure): 56.452569862207% 
 + global correct: 71.941424755554%
Validating neural network...	
================================	
Frame-Level Validation:	
  time to validate 1 sample = 1.2681769245659ms	
  time to validate all 232619 samples = 295002.04801559ms	
  FER: 0.40691001164995	
================================	
ConfusionMatrix:
[[       0       0       0       0       0       0       0       0       0       0       0       0       0]   nan% 	[class: 1]
 [       1   11716     691    1809     480     517     732     366     363     238     474     850    1014]   60.859% 	[class: 2]
 [       0    1116   11279    1757     482     454     715     384     642     201     665     605    1147]   57.999% 	[class: 3]
 [       0     490     579   15056     268     266     544     169     383     147     331     405     651]   78.055% 	[class: 4]
 [       0     731     645    1945   10832     560     666     381     833     186     950     793     848]   55.922% 	[class: 5]
 [       0     995     988    2047     618   10208     935     402     638     229     588     700    1107]   52.470% 	[class: 6]
 [       0     891     937    1464     487     489   11877     281     754     100     612     456     993]   61.408% 	[class: 7]
 [       0    1053    1381    2122     715     714     959    9007     625     178     703     673    1128]   46.770% 	[class: 8]
 [       0     735    1209    1459     628     587     519     336   11291     206     784     510    1007]   58.591% 	[class: 9]
 [       0     746     602    1634     791     915     897     350     437   10937     747     618     720]   56.394% 	[class: 10]
 [       0     754     989    1484     605     400     732     280     966     304   11378     484    1121]   58.358% 	[class: 11]
 [       0     917     807    1193     433     386     817     160     794     289     428   12642     643]   64.801% 	[class: 12]
 [       0     859     802    1705     595     395     870     292     592     196     841     649   11741]]  60.096% 	[class: 13]
 + average row correct: 59.310145179431% 
 + average rowUcol correct (VOC measure): 42.402949929237% 
 + global correct: 59.308998835005%
================================	
Utterance-Level Validation:	
  time to validate 1 utterance = 0.1469752367805ms	
  time to validate all 765 utterances = 112.43605613708ms	
  UER: 0.11764705882353	
================================	
ConfusionMatrix:
[[       0       0       0       0       0       0       0       0       0       0       0       0       0]   nan% 	[class: 1]
 [       0      60       0       4       0       1       0       0       0       0       0       1       1]   89.552% 	[class: 2]
 [       0       1      51       3       0       0       0       0       0       0       2       0       4]   83.607% 	[class: 3]
 [       0       1       0      64       0       0       0       0       0       0       0       0       0]   98.462% 	[class: 4]
 [       0       1       0       4      55       0       1       0       0       0       1       1       2]   84.615% 	[class: 5]
 [       0       3       0       2       0      53       1       0       0       0       0       2       1]   85.484% 	[class: 6]
 [       0       1       0       2       1       0      56       0       0       0       0       0       2]   90.323% 	[class: 7]
 [       0       2       1       0       1       2       0      52       0       0       0       0       4]   83.871% 	[class: 8]
 [       0       0       1       1       1       0       0       0      58       0       1       0       1]   92.063% 	[class: 9]
 [       0       1       1       4       2       3       2       0       0      45       1       0       3]   72.581% 	[class: 10]
 [       0       1       2       3       0       0       0       0       1       0      54       0       3]   84.375% 	[class: 11]
 [       0       0       0       1       0       0       0       0       1       0       0      62       0]   96.875% 	[class: 12]
 [       0       1       0       2       0       0       0       0       0       0       0       0      65]]  95.588% 	[class: 13]
 + average row correct: 88.116293152173% 
 + average rowUcol correct (VOC measure): 79.422190288703% 
 + global correct: 88.235294117647%
Done validating neural network.	
Best validation FER so far 0.38692024297241, current FER 0.40691001164995	
Generalization loss:	
5.1663796455752	
Saving current network state...	
Saved.	
Saving current optimizer state...	
Saved.	
================================	
Epoch 7:	
  time to learn 1 sample = 0.52864204381587ms	
  time to learn all 2504949 samples = 1324221.3590145ms	
================================	
Training confusion matrix:	
ConfusionMatrix:
[[       0       0       0       0       0       0       0       0       0       0       0       0       0]   nan% 	[class: 1]
 [       0  149428    5331    5358    5907    5720    6896    5819    4757    2058    3960    7061    6740]   71.485% 	[class: 2]
 [       0    5479  146121    6476    4450    5470    6351    7545    6906    1936    5276    6340    7297]   69.699% 	[class: 3]
 [       2    5750    6290  145260    5665    6642    6499    6792    6300    2466    4926    4620    7172]   69.708% 	[class: 4]
 [       1    5863    4848    6297  143068    5228    6371    6193    8082    2033    7132    6156    6278]   68.932% 	[class: 5]
 [       0    5430    5478    6980    4786  144649    8923    6685    6357    2494    4682    5210    5797]   69.720% 	[class: 6]
 [       0    5963    6134    6308    5661    8029  141519    6384    7151    2057    6425    6351    7224]   67.646% 	[class: 7]
 [       0    5890    7113    6568    5418    6601    6903  146307    7098    1628    5052    4747    6635]   69.683% 	[class: 8]
 [       0    3982    5408    5127    5938    4536    5490    5298  154452    1316    6798    5540    5803]   73.658% 	[class: 9]
 [       2    3204    2751    3579    2662    3607    3604    2418    2590  172839    3873    4096    2578]   83.174% 	[class: 10]
 [       0    3258    4975    4707    6239    4385    6325    5366    8748    2803  148640    4118    8077]   71.585% 	[class: 11]
 [       0    7666    6132    5205    5906    5749    7308    5186    7249    2651    4342  146376    5953]   69.795% 	[class: 12]
 [       0    6840    6773    7167    6275    5827    7835    6796    7930    1817    8527    6098  136956]]  65.579% 	[class: 13]
 + average row correct: 70.888635019461% 
 + average rowUcol correct (VOC measure): 55.174340804418% 
 + global correct: 70.884277484292%
Validating neural network...	
================================	
Frame-Level Validation:	
  time to validate 1 sample = 1.2650153598795ms	
  time to validate all 232619 samples = 294266.6079998ms	
  FER: 0.39946865905193	
================================	
ConfusionMatrix:
[[       0       0       0       0       0       0       0       0       0       0       0       0       0]   nan% 	[class: 1]
 [       0   10939     836     668     961     889     795     454    1129     276     581    1158     565]   56.823% 	[class: 2]
 [       0     595   11191     718     607    1009     837     437    1700     299     530     882     642]   57.546% 	[class: 3]
 [       0     648     602   12232     881    1086     640     235    1241     149     340     686     549]   63.414% 	[class: 4]
 [       0     423     588     669   11791     882     670     270    1742     260     666     945     464]   60.872% 	[class: 5]
 [       0     552     616     553     813   12512     850     347    1164     271     444     887     446]   64.313% 	[class: 6]
 [       0     526     606     621     710    1163   11935     189    1741     123     660     632     435]   61.708% 	[class: 7]
 [       0     514    1066     781    1080    1406    1055    9414    1626     262     662     791     601]   48.884% 	[class: 8]
 [       0     262     518     397     742     901     456     203   14026     235     514     685     332]   72.783% 	[class: 9]
 [       0     532     485     772     854    1379     852     388     857   10831     612    1351     481]   55.847% 	[class: 10]
 [       0     330    1080     658     999     741     649     298    2123     381   10753     784     701]   55.152% 	[class: 11]
 [       0     539     453     437     720     621     904     164    1218     109     296   13749     299]   70.475% 	[class: 12]
 [       0     652     885     791    1076     943    1068     320    1603     211     792     874   10322]]  52.833% 	[class: 13]
 + average row correct: 60.054238637288% 
 + average rowUcol correct (VOC measure): 43.086014936368% 
 + global correct: 60.053134094807%
================================	
Utterance-Level Validation:	
  time to validate 1 utterance = 0.15090306599935ms	
  time to validate all 765 utterances = 115.4408454895ms	
  UER: 0.1281045751634	
================================	
ConfusionMatrix:
[[       0       0       0       0       0       0       0       0       0       0       0       0       0]   nan% 	[class: 1]
 [       0      52       2       1       1       2       0       0       7       0       0       1       1]   77.612% 	[class: 2]
 [       0       0      49       0       0       3       0       0       7       0       1       0       1]   80.328% 	[class: 3]
 [       0       0       0      62       0       1       0       0       2       0       0       0       0]   95.385% 	[class: 4]
 [       0       0       1       0      56       0       1       0       5       0       0       2       0]   86.154% 	[class: 5]
 [       0       0       1       0       1      53       0       0       4       0       0       3       0]   85.484% 	[class: 6]
 [       0       0       1       0       1       1      56       0       3       0       0       0       0]   90.323% 	[class: 7]
 [       0       0       0       0       2       2       1      52       4       0       0       0       1]   83.871% 	[class: 8]
 [       0       0       1       0       0       0       0       0      62       0       0       0       0]   98.413% 	[class: 9]
 [       0       0       1       1       0       2       0       0       5      49       0       4       0]   79.032% 	[class: 10]
 [       0       0       1       0       1       1       0       0       7       0      52       0       2]   81.250% 	[class: 11]
 [       0       0       0       0       0       1       0       0       1       0       0      62       0]   96.875% 	[class: 12]
 [       0       0       1       0       0       0       1       0       2       1       0       1      62]]  91.176% 	[class: 13]
 + average row correct: 87.158509592215% 
 + average rowUcol correct (VOC measure): 78.45446318388% 
 + global correct: 87.18954248366%
Done validating neural network.	
Best validation FER so far 0.38692024297241, current FER 0.39946865905193	
Generalization loss:	
3.2431531581579	
Saving current network state...	
Saved.	
Saving current optimizer state...	
Saved.	
================================	
Epoch 8:	
  time to learn 1 sample = 0.55248705576823ms	
  time to learn all 2504949 samples = 1383951.8978596ms	
================================	
Training confusion matrix:	
ConfusionMatrix:
[[       0       0       0       0       0       0       0       0       0       0       0       0       0]   nan% 	[class: 1]
 [       1  150307    5298    5483    5847    5269    7141    5841    4791    2023    3820    6766    6448]   71.905% 	[class: 2]
 [       0    5470  146901    6588    4282    5315    6346    7610    6856    1978    5185    6037    7079]   70.071% 	[class: 3]
 [       0    5568    6058  145983    5627    6538    6863    6724    6328    2472    4866    4575    6782]   70.055% 	[class: 4]
 [       0    5755    4821    6312  143782    5170    6590    6083    8121    1999    6877    5987    6053]   69.276% 	[class: 5]
 [       0    5258    5329    6857    4674  145789    9016    6699    6224    2335    4371    5117    5802]   70.270% 	[class: 6]
 [       0    5914    5921    6348    5478    8138  142301    6598    7105    2005    6166    6137    7095]   68.020% 	[class: 7]
 [       0    5705    6807    6485    5567    6368    7333  146762    7109    1680    5121    4561    6462]   69.900% 	[class: 8]
 [       0    3920    5400    5283    5889    4411    5813    5310  154684    1259    6704    5405    5610]   73.769% 	[class: 9]
 [       0    3039    2507    3404    2587    3283    3617    2561    2575  173948    3745    4036    2501]   83.708% 	[class: 10]
 [       1    3246    4798    4882    6314    4173    6511    5520    8688    2740  149016    3886    7866]   71.766% 	[class: 11]
 [       0    7671    6004    5182    5783    5572    7484    5087    7215    2637    4255  146955    5878]   70.071% 	[class: 12]
 [       1    6885    6664    7216    6252    5812    8180    6831    8018    1772    8436    5991  136783]]  65.496% 	[class: 13]
 + average row correct: 71.192147334417% 
 + average rowUcol correct (VOC measure): 55.547525982062% 
 + global correct: 71.187517190969%
Validating neural network...	
================================	
Frame-Level Validation:	
  time to validate 1 sample = 1.2523384894997ms	
  time to validate all 232619 samples = 291317.72708893ms	
  FER: 0.41650080174018	
================================	
ConfusionMatrix:
[[       0       0       0       0       0       0       0       0       0       0       0       0       0]   nan% 	[class: 1]
 [       1   11302    1533     676     675     451     393    1169     372     495     504    1060     620]   58.709% 	[class: 2]
 [       0     790   12560     684     604     484     371    1229     510     406     556     663     590]   64.586% 	[class: 3]
 [       0     850    1310   12817     522     435     325     961     383     349     382     569     386]   66.447% 	[class: 4]
 [       0     776    1160     899   11224     542     292    1077     696     494     793     975     442]   57.945% 	[class: 5]
 [       0     988    1266     948     749    9457     511    1785     655     492     468    1636     500]   48.610% 	[class: 6]
 [       0    1001    1511     785     941     602    9968    1204     857     365     741     840     526]   51.538% 	[class: 7]
 [       0     687    1515     736     779     489     460   12183     393     326     566     733     391]   63.262% 	[class: 8]
 [       0     641    1827     727     999     448     274    1201   10500     477    1008     784     385]   54.486% 	[class: 9]
 [       0     568     813     883     893     650     623     845     325   11713     626    1031     424]   60.395% 	[class: 10]
 [       0     458    1421     740     944     415     442     889     872     577   11138     887     714]   57.127% 	[class: 11]
 [       0     752    1771     431     886     220     356     708     651     235     289   12919     291]   66.221% 	[class: 12]
 [       0     761    1736     790    1055     460     496    1425     660     409     821     972    9952]]  50.939% 	[class: 13]
 + average row correct: 58.355366935333% 
 + average rowUcol correct (VOC measure): 41.406290481488% 
 + global correct: 58.349919825982%
================================	
Utterance-Level Validation:	
  time to validate 1 utterance = 0.21442494361229ms	
  time to validate all 765 utterances = 164.0350818634ms	
  UER: 0.13986928104575	
================================	
ConfusionMatrix:
[[       0       0       0       0       0       0       0       0       0       0       0       0       0]   nan% 	[class: 1]
 [       0      53       8       4       0       0       0       0       0       0       0       2       0]   79.104% 	[class: 2]
 [       0       0      57       0       0       1       0       2       0       0       1       0       0]   93.443% 	[class: 3]
 [       0       0       1      63       0       0       0       1       0       0       0       0       0]   96.923% 	[class: 4]
 [       0       0       5       1      55       0       0       0       1       0       0       3       0]   84.615% 	[class: 5]
 [       0       2       3       1       0      48       0       2       0       1       0       4       1]   77.419% 	[class: 6]
 [       0       2       2       2       1       0      53       1       1       0       0       0       0]   85.484% 	[class: 7]
 [       0       1       4       1       0       1       0      54       0       0       0       0       1]   87.097% 	[class: 8]
 [       0       1       7       0       0       0       0       0      53       0       1       0       1]   84.127% 	[class: 9]
 [       0       1       5       3       0       2       1       0       0      47       0       2       1]   75.806% 	[class: 10]
 [       0       0       5       3       0       0       0       0       1       0      54       0       1]   84.375% 	[class: 11]
 [       0       0       1       0       0       0       0       0       1       0       0      62       0]   96.875% 	[class: 12]
 [       0       0       5       1       0       0       0       1       0       0       1       1      59]]  86.765% 	[class: 13]
 + average row correct: 86.00280880928% 
 + average rowUcol correct (VOC measure): 76.485368112723% 
 + global correct: 86.013071895425%
Done validating neural network.	
Best validation FER so far 0.38692024297241, current FER 0.41650080174018	
Generalization loss:	
7.6451308260652	
Saving current network state...	
Saved.	
Saving current optimizer state...	
Saved.	
================================	
Epoch 9:	
  time to learn 1 sample = 0.53027725232519ms	
  time to learn all 2504949 samples = 1328317.4729347ms	
================================	
Training confusion matrix:	
ConfusionMatrix:
[[       0       0       0       0       0       0       0       0       0       0       0       0       0]   nan% 	[class: 1]
 [       0  148683    5338    5547    5867    5470    7505    5899    4967    2100    3992    6984    6683]   71.128% 	[class: 2]
 [       0    5625  144284    6731    4422    5366    7128    7939    7199    1999    5441    6273    7240]   68.822% 	[class: 3]
 [       0    5708    6306  144218    5606    6626    7056    6966    6471    2553    5129    4668    7077]   69.208% 	[class: 4]
 [       0    5845    4844    6531  141880    5349    7015    6298    8520    2025    7121    6075    6047]   68.359% 	[class: 5]
 [       0    5305    5445    7105    4642  144154    9507    6782    6478    2369    4545    5098    6041]   69.482% 	[class: 6]
 [       1    5978    6045    6582    5644    8111  140774    6470    7362    2003    6679    6324    7233]   67.290% 	[class: 7]
 [       0    5864    7224    6700    5631    6589    7660  144617    7504    1716    5175    4661    6619]   68.878% 	[class: 8]
 [       0    4040    5556    5112    5899    4399    5992    5425  153566    1373    7007    5448    5871]   73.235% 	[class: 9]
 [       0    3158    2659    3587    2664    3366    3846    2568    2669  172910    3892    4068    2416]   83.209% 	[class: 10]
 [       0    3317    4949    4963    6369    4114    7014    5673    8951    2946  147392    4070    7883]   70.984% 	[class: 11]
 [       1    7992    6051    5258    5916    5666    7910    5197    7382    2662    4250  145519    5919]   69.386% 	[class: 12]
 [       0    7158    6776    7372    6297    5877    8828    6985    8334    1845    8830    6041  134498]]  64.402% 	[class: 13]
 + average row correct: 70.36532809337% 
 + average rowUcol correct (VOC measure): 54.570750395457% 
 + global correct: 70.360514325841%
Validating neural network...	
================================	
Frame-Level Validation:	
  time to validate 1 sample = 1.2764778932718ms	
  time to validate all 232619 samples = 296933.01105499ms	
  FER: 0.41717142623775	
================================	
ConfusionMatrix:
[[       0       0       0       0       0       0       0       0       0       0       0       0       0]   nan% 	[class: 1]
 [       0   11493     701     646     827     720     896     635     671     400     608    1120     534]   59.701% 	[class: 2]
 [       0    1020   10523     871     736     716     842     863    1011     348     688    1049     780]   54.111% 	[class: 3]
 [       0     826     434   11280     909     824    1034     458    1104     599     523     914     384]   58.479% 	[class: 4]
 [       0     730     554     679   11102     828     747     573    1237     401     827    1186     506]   57.315% 	[class: 5]
 [       0     873     576     562     859   11023     978     817    1239     342     516    1226     444]   56.659% 	[class: 6]
 [       0     844     679     470     747     808   11203     556    1331     189     882    1030     602]   57.924% 	[class: 7]
 [       0     945     705     848     992     721     976   10450    1290     174     741     919     497]   54.263% 	[class: 8]
 [       0     569     729     453     826     641     581     554   12362     234    1013     960     349]   64.148% 	[class: 9]
 [       0     689     452     713     808    1131     823     631     623   11369     831     928     396]   58.621% 	[class: 10]
 [       0     543     906     695    1078     604     668     508    1231     393   11353     922     596]   58.229% 	[class: 11]
 [       0     878     542     344     607     339     624     378     983     283     348   13888     295]   71.188% 	[class: 12]
 [       0    1010     716     779    1006     795     884     784    1444     297    1111    1180    9531]]  48.784% 	[class: 13]
 + average row correct: 58.285245299339% 
 + average rowUcol correct (VOC measure): 41.208781550328% 
 + global correct: 58.282857376225%
================================	
Utterance-Level Validation:	
  time to validate 1 utterance = 0.1336509106206ms	
  time to validate all 765 utterances = 102.24294662476ms	
  UER: 0.10849673202614	
================================	
ConfusionMatrix:
[[       0       0       0       0       0       0       0       0       0       0       0       0       0]   nan% 	[class: 1]
 [       0      59       1       2       0       2       1       1       0       0       0       1       0]   88.060% 	[class: 2]
 [       0       0      53       0       0       1       0       2       1       0       1       1       2]   86.885% 	[class: 3]
 [       0       2       1      62       0       0       0       0       0       0       0       0       0]   95.385% 	[class: 4]
 [       0       0       1       0      57       0       1       0       1       0       1       4       0]   87.692% 	[class: 5]
 [       0       3       1       0       0      52       0       1       1       1       0       3       0]   83.871% 	[class: 6]
 [       0       1       0       0       1       0      56       0       2       0       0       1       1]   90.323% 	[class: 7]
 [       0       0       0       0       1       2       0      54       2       0       0       1       2]   87.097% 	[class: 8]
 [       0       0       1       0       0       0       0       0      60       0       1       0       1]   95.238% 	[class: 9]
 [       0       1       2       0       0       2       1       2       0      49       3       2       0]   79.032% 	[class: 10]
 [       0       0       2       0       0       1       1       0       2       0      55       2       1]   85.938% 	[class: 11]
 [       0       0       0       0       0       0       0       0       1       0       0      63       0]   98.438% 	[class: 12]
 [       0       0       0       0       0       0       2       0       2       0       1       1      62]]  91.176% 	[class: 13]
 + average row correct: 89.094500740369% 
 + average rowUcol correct (VOC measure): 80.480467776457% 
 + global correct: 89.150326797386%
Done validating neural network.	
Best validation FER so far 0.38692024297241, current FER 0.41717142623775	
Generalization loss:	
7.8184545303039	
Saving current network state...	
Saved.	
Saving current optimizer state...	
Saved.	
================================	
Epoch 10:	
  time to learn 1 sample = 0.5210508792686ms	
  time to learn all 2504949 samples = 1305205.878973ms	
================================	
Training confusion matrix:	
ConfusionMatrix:
[[       0       0       0       0       0       0       0       0       0       0       0       0       0]   nan% 	[class: 1]
 [       0  148252    5301    5544    5966    5379    8199    5811    5039    2082    4044    6946    6472]   70.922% 	[class: 2]
 [       0    5598  143913    6688    4481    5383    7522    7701    7418    1997    5484    6376    7086]   68.645% 	[class: 3]
 [       0    5817    6377  143462    5470    6700    7748    6920    6558    2554    5111    4859    6808]   68.845% 	[class: 4]
 [       0    5989    4865    6602  140815    5237    7532    6212    8765    2031    7290    6144    6068]   67.846% 	[class: 5]
 [       0    5291    5564    6973    4806  143721   10048    6716    6494    2367    4580    5068    5843]   69.273% 	[class: 6]
 [       0    5755    5943    6433    5599    8064  141189    6521    7452    1967    6617    6334    7332]   67.488% 	[class: 7]
 [       0    5848    7291    6729    5408    6533    8227  143874    7680    1667    5282    4724    6697]   68.524% 	[class: 8]
 [       0    4062    5516    5157    5951    4477    6323    5508  153259    1234    6996    5400    5805]   73.089% 	[class: 9]
 [       1    3172    2548    3594    2768    3383    4014    2521    2831  172506    3935    4067    2463]   83.014% 	[class: 10]
 [       1    3291    4911    5041    6408    4153    7575    5486    9090    2869  146973    4035    7808]   70.782% 	[class: 11]
 [       0    7995    6101    5332    5862    5681    8437    5135    7655    2673    4428  144593    5831]   68.945% 	[class: 12]
 [       1    6947    6621    7255    6145    5929    9353    7031    8538    1707    8761    6074  134479]]  64.393% 	[class: 13]
 + average row correct: 70.147284368674% 
 + average rowUcol correct (VOC measure): 54.328638066848% 
 + global correct: 70.142585737274%
Validating neural network...	
================================	
Frame-Level Validation:	
  time to validate 1 sample = 1.2409895544085ms	
  time to validate all 232619 samples = 288677.74915695ms	
  FER: 0.44860909899879	
================================	
ConfusionMatrix:
[[       0       0       0       0       0       0       0       0       0       0       0       0       0]   nan% 	[class: 1]
 [       0   11318     973     926     681     534    1142     759     275     427     512    1055     649]   58.792% 	[class: 2]
 [       0    1139   11107     758     539     550    1056     959     441     577     721     729     871]   57.114% 	[class: 3]
 [       0     772    1183   11704     525     472    1104     757     290     722     509     767     484]   60.677% 	[class: 4]
 [       0     723    1280     859    9997     584     961     789     609     839     836    1217     676]   51.611% 	[class: 5]
 [       0     875    1135     961    1032    9242    1510     915     570     557     890    1213     555]   47.504% 	[class: 6]
 [       0     811    1247     751     582     738   10859     763     514     356     971     990     759]   56.145% 	[class: 7]
 [       0     938    1416     755     808     645    1284   10441     521     418     709     738     585]   54.216% 	[class: 8]
 [       0     632    1635     766     871     557    1337     782    9285     509    1291     970     636]   48.181% 	[class: 9]
 [       0     686     574     757     689    1014    1037     604     309   11802     630     858     434]   60.854% 	[class: 10]
 [       0     499    1438     938    1009     430     919     584     757     790   10539     807     787]   54.054% 	[class: 11]
 [       0    1220    1134     521     404     331     841     488     567     443     421   12811     328]   65.667% 	[class: 12]
 [       0    1131    1251     938     787     608    1295     935     444     586    1162    1241    9159]]  46.880% 	[class: 13]
 + average row correct: 55.141385147969% 
 + average rowUcol correct (VOC measure): 38.152622183164% 
 + global correct: 55.139090100121%
================================	
Utterance-Level Validation:	
  time to validate 1 utterance = 0.22586155561061ms	
  time to validate all 765 utterances = 172.78409004211ms	
  UER: 0.13071895424837	
================================	
ConfusionMatrix:
[[       0       0       0       0       0       0       0       0       0       0       0       0       0]   nan% 	[class: 1]
 [       0      61       0       1       0       0       1       0       0       1       0       3       0]   91.045% 	[class: 2]
 [       0       1      49       1       0       0       2       3       0       0       1       1       3]   80.328% 	[class: 3]
 [       0       3       1      61       0       0       0       0       0       0       0       0       0]   93.846% 	[class: 4]
 [       0       1       1       0      54       0       1       0       1       1       1       5       0]   83.077% 	[class: 5]
 [       0       2       0       1       1      53       0       1       0       1       0       3       0]   85.484% 	[class: 6]
 [       0       1       0       2       1       0      55       0       0       1       0       1       1]   88.710% 	[class: 7]
 [       0       1       2       0       0       2       1      54       0       0       0       1       1]   87.097% 	[class: 8]
 [       0       0       1       0       1       0       1       0      56       1       0       1       2]   88.889% 	[class: 9]
 [       0       3       0       1       0       1       2       0       1      51       1       1       1]   82.258% 	[class: 10]
 [       0       2       1       0       3       1       0       0       3       0      51       2       1]   79.688% 	[class: 11]
 [       0       0       0       0       0       0       0       0       1       1       0      62       0]   96.875% 	[class: 12]
 [       0       1       0       2       1       0       2       0       0       1       0       3      58]]  85.294% 	[class: 13]
 + average row correct: 86.882468064626% 
 + average rowUcol correct (VOC measure): 77.00450271368% 
 + global correct: 86.928104575163%
Done validating neural network.	
Best validation FER so far 0.38692024297241, current FER 0.44860909899879	
Generalization loss:	
15.943558691184	
============================	
STOPPING EARLY	
============================	
Done training neural network.	
COMPLETED TRAINING
