TRAINING DNN MODEL
[?1034hSet nb of threads to 16	
Setting up neural network...	
Done setting up neural network.	
Using model:	
nn.Sequential {
  [input -> (1) -> (2) -> (3) -> (4) -> (5) -> (6) -> (7) -> (8) -> (9) -> (10) -> (11) -> (12) -> (13) -> (14) -> output]
  (1): nn.Linear(819 -> 1024)
  (2): nn.Add
  (3): nn.ReLU
  (4): nn.Linear(1024 -> 2048)
  (5): nn.Add
  (6): nn.ReLU
  (7): nn.Linear(2048 -> 1024)
  (8): nn.Add
  (9): nn.ReLU
  (10): nn.Linear(1024 -> 512)
  (11): nn.Add
  (12): nn.ReLU
  (13): nn.Linear(512 -> 4)
  (14): nn.LogSoftMax
}
Using optimizer state:	
{}
Convert network to CUDA	
Loading validation dataset...	
Reading dataset...	
Done setting up dataset with 88414 datapoints across 284 utterances.	
Utterances per language:	
 68
 71
 72
 73
[torch.DoubleTensor of size 4]

Loaded validation dataset.	
Loading training dataset...	
Reading dataset...	
Done setting up dataset with 2690331 datapoints across 1805 utterances.	
Utterances per language:	
 649
 527
 318
 311
[torch.DoubleTensor of size 4]

Loaded training dataset.	
Training neural network using minibatch size 128...	
Convert criterion to CUDA	
================================	
Epoch 1:	
  time to learn 1 sample = 0.47905947113839ms	
  time to learn all 2690331 samples = 1288828.5460472ms	
================================	
Training confusion matrix:	
ConfusionMatrix:
[[  297224   57522  152523  164534]   44.243% 	[class: 1]
 [   88978  400508   92631   92611]   59.358% 	[class: 2]
 [  114070   47727  421044   88906]   62.679% 	[class: 3]
 [  139896   49301  100461  382395]]  56.900% 	[class: 4]
 + average row correct: 55.794913321733% 
 + average rowUcol correct (VOC measure): 39.132954925299% 
 + global correct: 55.798747440371%
Validating neural network...	
================================	
Frame-Level Validation:	
  time to validate 1 sample = 1.2324805346751ms	
  time to validate all 88414 samples = 108968.53399277ms	
  FER: 0.35175424706494	
================================	
ConfusionMatrix:
[[   11235    1769    4315    4746]   50.918% 	[class: 1]
 [    2307   15737    1989    2053]   71.253% 	[class: 2]
 [    2670    1296   16545    1511]   75.129% 	[class: 3]
 [    4460    1325    2659   13797]]  62.034% 	[class: 4]
 + average row correct: 64.833630621433% 
 + average rowUcol correct (VOC measure): 48.415122926235% 
 + global correct: 64.824575293506%
================================	
Utterance-Level Validation:	
  time to validate 1 utterance = 0.21637325555506ms	
  time to validate all 284 utterances = 61.450004577637ms	
  UER: 0.1056338028169	
================================	
ConfusionMatrix:
[[      56       1       7       5]   81.159% 	[class: 1]
 [       4      60       0       7]   84.507% 	[class: 2]
 [       0       0      70       1]   98.592% 	[class: 3]
 [       2       1       2      68]]  93.151% 	[class: 4]
 + average row correct: 89.35217410326% 
 + average rowUcol correct (VOC measure): 80.857054889202% 
 + global correct: 89.43661971831%
Done validating neural network.	
Best validation FER so far 1, current FER 0.35175424706494	
Generalization loss:	
0	
Saving current network state...	
Saved.	
Saving current optimizer state...	
Saved.	
================================	
Epoch 2:	
  time to learn 1 sample = 0.4691948867533ms	
  time to learn all 2690331 samples = 1262289.5488739ms	
================================	
Training confusion matrix:	
ConfusionMatrix:
[[  403217   50093   96771  121722]   60.020% 	[class: 1]
 [   72748  482519   55986   63475]   71.513% 	[class: 2]
 [   82212   31507  503495   54533]   74.953% 	[class: 3]
 [  114830   41347   64754  451122]]  67.126% 	[class: 4]
 + average row correct: 68.403066694736% 
 + average rowUcol correct (VOC measure): 52.352526783943% 
 + global correct: 68.406192397887%
Validating neural network...	
================================	
Frame-Level Validation:	
  time to validate 1 sample = 1.1498777005658ms	
  time to validate all 88414 samples = 101665.28701782ms	
  FER: 0.27224195263194	
================================	
ConfusionMatrix:
[[   13733    1375    3649    3308]   62.239% 	[class: 1]
 [    2071   17213    1275    1527]   77.936% 	[class: 2]
 [    1676     617   19062     667]   86.559% 	[class: 3]
 [    4448     899    2558   14336]]  64.458% 	[class: 4]
 + average row correct: 72.797881066799% 
 + average rowUcol correct (VOC measure): 57.645306736231% 
 + global correct: 72.775804736806%
================================	
Utterance-Level Validation:	
  time to validate 1 utterance = 0.20933738896545ms	
  time to validate all 284 utterances = 59.451818466187ms	
  UER: 0.063380281690141	
================================	
ConfusionMatrix:
[[      62       1       1       5]   89.855% 	[class: 1]
 [       6      64       1       0]   90.141% 	[class: 2]
 [       0       0      71       0]   100.000% 	[class: 3]
 [       4       0       0      69]]  94.521% 	[class: 4]
 + average row correct: 93.629115819931% 
 + average rowUcol correct (VOC measure): 88.272927701473% 
 + global correct: 93.661971830986%
Done validating neural network.	
Best validation FER so far 0.35175424706494, current FER 0.27224195263194	
Generalization loss:	
0	
Saving current network state...	
Saved.	
Saving current optimizer state...	
Saved.	
================================	
Epoch 3:	
  time to learn 1 sample = 0.47464810242867ms	
  time to learn all 2690331 samples = 1276960.504055ms	
================================	
Training confusion matrix:	
ConfusionMatrix:
[[  465427   41366   68904   96106]   69.280% 	[class: 1]
 [   56894  531177   38836   47821]   78.725% 	[class: 2]
 [   61949   23879  546465   39454]   81.350% 	[class: 3]
 [   93004   34527   47274  497248]]  73.989% 	[class: 4]
 + average row correct: 75.836029648781% 
 + average rowUcol correct (VOC measure): 61.369857192039% 
 + global correct: 75.838883765604%
Validating neural network...	
================================	
Frame-Level Validation:	
  time to validate 1 sample = 1.1655705665516ms	
  time to validate all 88414 samples = 103052.75607109ms	
  FER: 0.22922840274165	
================================	
ConfusionMatrix:
[[   15179    1527    1774    3585]   68.792% 	[class: 1]
 [    1898   18665     508    1015]   84.511% 	[class: 2]
 [    1982     793   18279     968]   83.003% 	[class: 3]
 [    3888    1323    1006   16024]]  72.047% 	[class: 4]
 + average row correct: 77.088308334351% 
 + average rowUcol correct (VOC measure): 63.316649198532% 
 + global correct: 77.077159725835%
================================	
Utterance-Level Validation:	
  time to validate 1 utterance = 0.20850376344063ms	
  time to validate all 284 utterances = 59.215068817139ms	
  UER: 0.024647887323944	
================================	
ConfusionMatrix:
[[      64       1       0       4]   92.754% 	[class: 1]
 [       0      71       0       0]   100.000% 	[class: 2]
 [       0       0      70       1]   98.592% 	[class: 3]
 [       0       1       0      72]]  98.630% 	[class: 4]
 + average row correct: 97.493827342987% 
 + average rowUcol correct (VOC measure): 95.228284597397% 
 + global correct: 97.535211267606%
Done validating neural network.	
Best validation FER so far 0.27224195263194, current FER 0.22922840274165	
Generalization loss:	
0	
Saving current network state...	
Saved.	
Saving current optimizer state...	
Saved.	
================================	
Epoch 4:	
  time to learn 1 sample = 0.46070106392684ms	
  time to learn all 2690331 samples = 1239438.3540154ms	
================================	
Training confusion matrix:	
ConfusionMatrix:
[[  507212   34209   51749   78633]   75.500% 	[class: 1]
 [   45922  562088   28573   38145]   83.306% 	[class: 2]
 [   49308   19655  571994   30790]   85.150% 	[class: 3]
 [   77166   28873   35740  530274]]  78.904% 	[class: 4]
 + average row correct: 80.714945495129% 
 + average rowUcol correct (VOC measure): 67.897909879684% 
 + global correct: 80.717502790549%
Validating neural network...	
================================	
Frame-Level Validation:	
  time to validate 1 sample = 1.2023850739829ms	
  time to validate all 88414 samples = 106307.67393112ms	
  FER: 0.19652996131834	
================================	
ConfusionMatrix:
[[   15167    1615    2328    2955]   68.738% 	[class: 1]
 [    1334   19250     580     922]   87.159% 	[class: 2]
 [    1114     469   19921     518]   90.460% 	[class: 3]
 [    3386    1021    1134   16700]]  75.087% 	[class: 4]
 + average row correct: 80.360800027847% 
 + average rowUcol correct (VOC measure): 67.477083206177% 
 + global correct: 80.347003868166%
================================	
Utterance-Level Validation:	
  time to validate 1 utterance = 0.19712683180688ms	
  time to validate all 284 utterances = 55.984020233154ms	
  UER: 0.03169014084507	
================================	
ConfusionMatrix:
[[      63       1       0       5]   91.304% 	[class: 1]
 [       0      71       0       0]   100.000% 	[class: 2]
 [       1       0      70       0]   98.592% 	[class: 3]
 [       1       1       0      71]]  97.260% 	[class: 4]
 + average row correct: 96.789042651653% 
 + average rowUcol correct (VOC measure): 93.902462720871% 
 + global correct: 96.830985915493%
Done validating neural network.	
Best validation FER so far 0.22922840274165, current FER 0.19652996131834	
Generalization loss:	
0	
Saving current network state...	
Saved.	
Saving current optimizer state...	
Saved.	
================================	
Epoch 5:	
  time to learn 1 sample = 0.45989374022457ms	
  time to learn all 2690331 samples = 1237266.3860321ms	
================================	
Training confusion matrix:	
ConfusionMatrix:
[[  535630   29228   40950   65995]   79.730% 	[class: 1]
 [   38035  582670   22530   31493]   86.356% 	[class: 2]
 [   40742   16583  589374   25048]   87.737% 	[class: 3]
 [   65520   25153   28609  552771]]  82.251% 	[class: 4]
 + average row correct: 84.018774330616% 
 + average rowUcol correct (VOC measure): 72.624427080154% 
 + global correct: 84.021073986807%
Validating neural network...	
================================	
Frame-Level Validation:	
  time to validate 1 sample = 1.2893633584995ms	
  time to validate all 88414 samples = 113997.77197838ms	
  FER: 0.16309634220825	
================================	
ConfusionMatrix:
[[   15963    1299    1795    3008]   72.345% 	[class: 1]
 [     973   19574     618     921]   88.626% 	[class: 2]
 [     815     257   20420     530]   92.725% 	[class: 3]
 [    2499     725     980   18037]]  81.098% 	[class: 4]
 + average row correct: 83.698762953281% 
 + average rowUcol correct (VOC measure): 72.201639413834% 
 + global correct: 83.690365779175%
================================	
Utterance-Level Validation:	
  time to validate 1 utterance = 0.13354966338252ms	
  time to validate all 284 utterances = 37.928104400635ms	
  UER: 0.024647887323944	
================================	
ConfusionMatrix:
[[      62       1       0       6]   89.855% 	[class: 1]
 [       0      71       0       0]   100.000% 	[class: 2]
 [       0       0      71       0]   100.000% 	[class: 3]
 [       0       0       0      73]]  100.000% 	[class: 4]
 + average row correct: 97.463768720627% 
 + average rowUcol correct (VOC measure): 95.21781206131% 
 + global correct: 97.535211267606%
Done validating neural network.	
Best validation FER so far 0.19652996131834, current FER 0.16309634220825	
Generalization loss:	
0	
Saving current network state...	
Saved.	
Saving current optimizer state...	
Saved.	
================================	
Epoch 6:	
  time to learn 1 sample = 0.4633288728925ms	
  time to learn all 2690331 samples = 1246508.0299377ms	
================================	
Training confusion matrix:	
ConfusionMatrix:
[[  556070   25556   33697   56480]   82.773% 	[class: 1]
 [   32441  597175   18364   26748]   88.506% 	[class: 2]
 [   34729   14301  601146   21571]   89.490% 	[class: 3]
 [   56770   22115   24150  569018]]  84.669% 	[class: 4]
 + average row correct: 86.359344422817% 
 + average rowUcol correct (VOC measure): 76.13991945982% 
 + global correct: 86.361455151801%
Validating neural network...	
================================	
Frame-Level Validation:	
  time to validate 1 sample = 1.18496386341ms	
  time to validate all 88414 samples = 104767.39501953ms	
  FER: 0.15290564842672	
================================	
ConfusionMatrix:
[[   15423    1495    1741    3406]   69.898% 	[class: 1]
 [     644   20067     322    1053]   90.858% 	[class: 2]
 [     696     427   20359     540]   92.448% 	[class: 3]
 [    1665     711     819   19046]]  85.635% 	[class: 4]
 + average row correct: 84.709896147251% 
 + average rowUcol correct (VOC measure): 73.592342436314% 
 + global correct: 84.709435157328%
================================	
Utterance-Level Validation:	
  time to validate 1 utterance = 0.34807769345566ms	
  time to validate all 284 utterances = 98.854064941406ms	
  UER: 0.038732394366197	
================================	
ConfusionMatrix:
[[      59       2       0       8]   85.507% 	[class: 1]
 [       0      71       0       0]   100.000% 	[class: 2]
 [       0       0      70       1]   98.592% 	[class: 3]
 [       0       0       0      73]]  100.000% 	[class: 4]
 + average row correct: 96.024698019028% 
 + average rowUcol correct (VOC measure): 92.595863342285% 
 + global correct: 96.12676056338%
Done validating neural network.	
Best validation FER so far 0.16309634220825, current FER 0.15290564842672	
Generalization loss:	
0	
Saving current network state...	
Saved.	
Saving current optimizer state...	
Saved.	
================================	
Epoch 7:	
  time to learn 1 sample = 0.45565847142306ms	
  time to learn all 2690331 samples = 1225872.1110821ms	
================================	
Training confusion matrix:	
ConfusionMatrix:
[[  572076   22521   28184   49022]   85.155% 	[class: 1]
 [   27808  608202   15677   23041]   90.140% 	[class: 2]
 [   29864   13033  610263   18587]   90.847% 	[class: 3]
 [   49742   19821   20575  581915]]  86.588% 	[class: 4]
 + average row correct: 88.18261474371% 
 + average rowUcol correct (VOC measure): 78.978082537651% 
 + global correct: 88.184539374523%
Validating neural network...	
================================	
Frame-Level Validation:	
  time to validate 1 sample = 1.1609197647168ms	
  time to validate all 88414 samples = 102641.56007767ms	
  FER: 0.13918610174859	
================================	
ConfusionMatrix:
[[   17623    1295     986    2161]   79.869% 	[class: 1]
 [     897   20142     341     706]   91.198% 	[class: 2]
 [    1354     288   20092     288]   91.236% 	[class: 3]
 [    2684     596     710   18251]]  82.060% 	[class: 4]
 + average row correct: 86.090703308582% 
 + average rowUcol correct (VOC measure): 75.913959741592% 
 + global correct: 86.081389825141%
================================	
Utterance-Level Validation:	
  time to validate 1 utterance = 0.21587039383364ms	
  time to validate all 284 utterances = 61.307191848755ms	
  UER: 0.02112676056338	
================================	
ConfusionMatrix:
[[      65       1       1       2]   94.203% 	[class: 1]
 [       0      71       0       0]   100.000% 	[class: 2]
 [       1       0      70       0]   98.592% 	[class: 3]
 [       0       1       0      72]]  98.630% 	[class: 4]
 + average row correct: 97.856146097183% 
 + average rowUcol correct (VOC measure): 95.834907889366% 
 + global correct: 97.887323943662%
Done validating neural network.	
Best validation FER so far 0.15290564842672, current FER 0.13918610174859	
Generalization loss:	
0	
Saving current network state...	
Saved.	
Saving current optimizer state...	
Saved.	
================================	
Epoch 8:	
  time to learn 1 sample = 0.45507758967736ms	
  time to learn all 2690331 samples = 1224309.3469143ms	
================================	
Training confusion matrix:	
ConfusionMatrix:
[[  583849   20323   24155   43476]   86.908% 	[class: 1]
 [   24565  616969   13063   20131]   91.440% 	[class: 2]
 [   26274   11762  617064   16647]   91.860% 	[class: 3]
 [   44178   18214   17828  591833]]  88.063% 	[class: 4]
 + average row correct: 89.567615091801% 
 + average rowUcol correct (VOC measure): 81.201595067978% 
 + global correct: 89.569461898926%
Validating neural network...	
================================	
Frame-Level Validation:	
  time to validate 1 sample = 1.1987324055672ms	
  time to validate all 88414 samples = 105984.72690582ms	
  FER: 0.1392539643043	
================================	
ConfusionMatrix:
[[   16318    1562    1761    2424]   73.954% 	[class: 1]
 [     616   20912     180     378]   94.684% 	[class: 2]
 [     590     702   20530     200]   93.225% 	[class: 3]
 [    1933    1029     937   18342]]  82.469% 	[class: 4]
 + average row correct: 86.083227396011% 
 + average rowUcol correct (VOC measure): 75.563512742519% 
 + global correct: 86.07460356957%
================================	
Utterance-Level Validation:	
  time to validate 1 utterance = 0.22965165930735ms	
  time to validate all 284 utterances = 65.221071243286ms	
  UER: 0.024647887323944	
================================	
ConfusionMatrix:
[[      62       1       2       4]   89.855% 	[class: 1]
 [       0      71       0       0]   100.000% 	[class: 2]
 [       0       0      71       0]   100.000% 	[class: 3]
 [       0       0       0      73]]  100.000% 	[class: 4]
 + average row correct: 97.463768720627% 
 + average rowUcol correct (VOC measure): 95.132912695408% 
 + global correct: 97.535211267606%
Done validating neural network.	
Best validation FER so far 0.13918610174859, current FER 0.1392539643043	
Generalization loss:	
0.048756704046848	
Saving current network state...	
Saved.	
Saving current optimizer state...	
Saved.	
================================	
Epoch 9:	
  time to learn 1 sample = 0.45912478496123ms	
  time to learn all 2690331 samples = 1235197.6418495ms	
================================	
Training confusion matrix:	
ConfusionMatrix:
[[  592292   18263   21511   39737]   88.165% 	[class: 1]
 [   21503  623431   11629   18165]   92.397% 	[class: 2]
 [   23325   10871  622444   15107]   92.660% 	[class: 3]
 [   38883   16401   15254  601515]]  89.504% 	[class: 4]
 + average row correct: 90.681624412537% 
 + average rowUcol correct (VOC measure): 83.029775321484% 
 + global correct: 90.683339708014%
Validating neural network...	
================================	
Frame-Level Validation:	
  time to validate 1 sample = 1.2410187426243ms	
  time to validate all 88414 samples = 109723.43111038ms	
  FER: 0.13142714954645	
================================	
ConfusionMatrix:
[[   15933    1507    1010    3615]   72.209% 	[class: 1]
 [     496   20723     185     682]   93.829% 	[class: 2]
 [     721     325   20103     873]   91.286% 	[class: 3]
 [    1314     634     258   20035]]  90.081% 	[class: 4]
 + average row correct: 86.851355433464% 
 + average rowUcol correct (VOC measure): 76.97755843401% 
 + global correct: 86.857285045355%
================================	
Utterance-Level Validation:	
  time to validate 1 utterance = 0.22433089538359ms	
  time to validate all 284 utterances = 63.70997428894ms	
  UER: 0.042253521126761	
================================	
ConfusionMatrix:
[[      59       1       0       9]   85.507% 	[class: 1]
 [       0      71       0       0]   100.000% 	[class: 2]
 [       0       0      70       1]   98.592% 	[class: 3]
 [       1       0       0      72]]  98.630% 	[class: 4]
 + average row correct: 95.68223208189% 
 + average rowUcol correct (VOC measure): 92.05884039402% 
 + global correct: 95.774647887324%
Done validating neural network.	
Best validation FER so far 0.13918610174859, current FER 0.13142714954645	
Generalization loss:	
0	
Saving current network state...	
Saved.	
Saving current optimizer state...	
Saved.	
================================	
Epoch 10:	
  time to learn 1 sample = 0.4555276239085ms	
  time to learn all 2690331 samples = 1225520.0879574ms	
================================	
Training confusion matrix:	
ConfusionMatrix:
[[  600025   16867   19278   35633]   89.316% 	[class: 1]
 [   19083  629219   10231   16195]   93.255% 	[class: 2]
 [   20606    9820  627744   13577]   93.449% 	[class: 3]
 [   34950   14696   13590  608817]]  90.591% 	[class: 4]
 + average row correct: 91.652730107307% 
 + average rowUcol correct (VOC measure): 84.655560553074% 
 + global correct: 91.654335470245%
Validating neural network...	
================================	
Frame-Level Validation:	
  time to validate 1 sample = 1.2047279260487ms	
  time to validate all 88414 samples = 106514.81485367ms	
  FER: 0.12008279231796	
================================	
ConfusionMatrix:
[[   18525     940     971    1629]   83.956% 	[class: 1]
 [    1070   20282     277     457]   91.832% 	[class: 2]
 [    1100     137   20561     224]   93.366% 	[class: 3]
 [    2635     569     608   18429]]  82.860% 	[class: 4]
 + average row correct: 88.00365626812% 
 + average rowUcol correct (VOC measure): 78.894607722759% 
 + global correct: 87.991720768204%
================================	
Utterance-Level Validation:	
  time to validate 1 utterance = 0.22280635968061ms	
  time to validate all 284 utterances = 63.277006149292ms	
  UER: 0.02112676056338	
================================	
ConfusionMatrix:
[[      66       1       1       1]   95.652% 	[class: 1]
 [       0      71       0       0]   100.000% 	[class: 2]
 [       0       0      71       0]   100.000% 	[class: 3]
 [       3       0       0      70]]  95.890% 	[class: 4]
 + average row correct: 97.885645925999% 
 + average rowUcol correct (VOC measure): 95.870870351791% 
 + global correct: 97.887323943662%
Done validating neural network.	
Best validation FER so far 0.13142714954645, current FER 0.12008279231796	
Generalization loss:	
0	
Saving current network state...	
Saved.	
Saving current optimizer state...	
Saved.	
================================	
Epoch 11:	
  time to learn 1 sample = 0.46639732470508ms	
  time to learn all 2690331 samples = 1254763.1809711ms	
================================	
Training confusion matrix:	
ConfusionMatrix:
[[  606320   15842   17563   32078]   90.253% 	[class: 1]
 [   17474  633005    9440   14809]   93.816% 	[class: 2]
 [   18888    9430  631302   12127]   93.979% 	[class: 3]
 [   31969   14161   12228  613695]]  91.316% 	[class: 4]
 + average row correct: 92.341141402721% 
 + average rowUcol correct (VOC measure): 85.82376241684% 
 + global correct: 92.342615090857%
Validating neural network...	
================================	
Frame-Level Validation:	
  time to validate 1 sample = 1.2084568736322ms	
  time to validate all 88414 samples = 106844.50602531ms	
  FER: 0.12427896034565	
================================	
ConfusionMatrix:
[[   17110    1880    1145    1930]   77.544% 	[class: 1]
 [     449   21099     166     372]   95.531% 	[class: 2]
 [     616     498   20659     249]   93.811% 	[class: 3]
 [    2015    1061     607   18558]]  83.440% 	[class: 4]
 + average row correct: 87.581489980221% 
 + average rowUcol correct (VOC measure): 77.963791787624% 
 + global correct: 87.572103965435%
================================	
Utterance-Level Validation:	
  time to validate 1 utterance = 0.23389450261291ms	
  time to validate all 284 utterances = 66.426038742065ms	
  UER: 0.024647887323944	
================================	
ConfusionMatrix:
[[      64       2       2       1]   92.754% 	[class: 1]
 [       0      71       0       0]   100.000% 	[class: 2]
 [       0       0      71       0]   100.000% 	[class: 3]
 [       1       1       0      71]]  97.260% 	[class: 4]
 + average row correct: 97.503474354744% 
 + average rowUcol correct (VOC measure): 95.145185291767% 
 + global correct: 97.535211267606%
Done validating neural network.	
Best validation FER so far 0.12008279231796, current FER 0.12427896034565	
Generalization loss:	
3.4943957803523	
Saving current network state...	
Saved.	
Saving current optimizer state...	
Saved.	
================================	
Epoch 12:	
  time to learn 1 sample = 0.47107752611925ms	
  time to learn all 2690331 samples = 1267354.4719219ms	
================================	
Training confusion matrix:	
ConfusionMatrix:
[[  611513   15046   16023   29221]   91.026% 	[class: 1]
 [   15939  636874    8655   13260]   94.390% 	[class: 2]
 [   17374    9069  633828   11476]   94.355% 	[class: 3]
 [   29523   13842   11355  617333]]  91.858% 	[class: 4]
 + average row correct: 92.907083034515% 
 + average rowUcol correct (VOC measure): 86.79625838995% 
 + global correct: 92.908567756161%
Validating neural network...	
================================	
Frame-Level Validation:	
  time to validate 1 sample = 1.2019638383435ms	
  time to validate all 88414 samples = 106270.4308033ms	
  FER: 0.1172099441265	
================================	
ConfusionMatrix:
[[   16369    1962    1163    2571]   74.185% 	[class: 1]
 [     290   21208     187     401]   96.025% 	[class: 2]
 [     451     297   20801     473]   94.456% 	[class: 3]
 [    1043    1087     438   19673]]  88.454% 	[class: 4]
 + average row correct: 88.279823958874% 
 + average rowUcol correct (VOC measure): 78.994953632355% 
 + global correct: 88.27900558735%
================================	
Utterance-Level Validation:	
  time to validate 1 utterance = 0.37518353529379ms	
  time to validate all 284 utterances = 106.55212402344ms	
  UER: 0.038732394366197	
================================	
ConfusionMatrix:
[[      60       2       0       7]   86.957% 	[class: 1]
 [       0      71       0       0]   100.000% 	[class: 2]
 [       0       0      70       1]   98.592% 	[class: 3]
 [       0       1       0      72]]  98.630% 	[class: 4]
 + average row correct: 96.044550836086% 
 + average rowUcol correct (VOC measure): 92.595726251602% 
 + global correct: 96.12676056338%
Done validating neural network.	
Best validation FER so far 0.12008279231796, current FER 0.1172099441265	
Generalization loss:	
0	
Saving current network state...	
Saved.	
Saving current optimizer state...	
Saved.	
================================	
Epoch 13:	
  time to learn 1 sample = 0.46057518864477ms	
  time to learn all 2690331 samples = 1239099.7078419ms	
================================	
Training confusion matrix:	
ConfusionMatrix:
[[  615509   14215   15030   27049]   91.620% 	[class: 1]
 [   15186  638817    8176   12549]   94.678% 	[class: 2]
 [   16289    8685  636100   10673]   94.693% 	[class: 3]
 [   27457   13171   10490  620935]]  92.394% 	[class: 4]
 + average row correct: 93.346327543259% 
 + average rowUcol correct (VOC measure): 87.559592723846% 
 + global correct: 93.347658708166%
Validating neural network...	
================================	
Frame-Level Validation:	
  time to validate 1 sample = 1.30753031005ms	
  time to validate all 88414 samples = 115603.98483276ms	
  FER: 0.11052548238967	
================================	
ConfusionMatrix:
[[   17002    1848    1155    2060]   77.054% 	[class: 1]
 [     279   21320     194     293]   96.532% 	[class: 2]
 [     583     344   20898     197]   94.896% 	[class: 3]
 [    1443     868     508   19422]]  87.325% 	[class: 4]
 + average row correct: 88.951779901981% 
 + average rowUcol correct (VOC measure): 80.102533102036% 
 + global correct: 88.947451761033%
================================	
Utterance-Level Validation:	
  time to validate 1 utterance = 0.12279228425362ms	
  time to validate all 284 utterances = 34.873008728027ms	
  UER: 0.024647887323944	
================================	
ConfusionMatrix:
[[      62       2       2       3]   89.855% 	[class: 1]
 [       0      71       0       0]   100.000% 	[class: 2]
 [       0       0      71       0]   100.000% 	[class: 3]
 [       0       0       0      73]]  100.000% 	[class: 4]
 + average row correct: 97.463768720627% 
 + average rowUcol correct (VOC measure): 95.107062160969% 
 + global correct: 97.535211267606%
Done validating neural network.	
Best validation FER so far 0.1172099441265, current FER 0.11052548238967	
Generalization loss:	
0	
Saving current network state...	
Saved.	
Saving current optimizer state...	
Saved.	
================================	
Epoch 14:	
  time to learn 1 sample = 0.45405197799418ms	
  time to learn all 2690331 samples = 1221550.112009ms	
================================	
Training confusion matrix:	
ConfusionMatrix:
[[  618556   13994   13929   25324]   92.074% 	[class: 1]
 [   14172  640759    7839   11958]   94.966% 	[class: 2]
 [   15272    8633  637891    9951]   94.960% 	[class: 3]
 [   26280   12871    9995  622907]]  92.687% 	[class: 4]
 + average row correct: 93.67168545723% 
 + average rowUcol correct (VOC measure): 88.12852948904% 
 + global correct: 93.672971838781%
Validating neural network...	
================================	
Frame-Level Validation:	
  time to validate 1 sample = 1.1760259253315ms	
  time to validate all 88414 samples = 103977.15616226ms	
  FER: 0.10962064831362	
================================	
ConfusionMatrix:
[[   16538    1503    1025    2999]   74.951% 	[class: 1]
 [     404   21007     169     506]   95.115% 	[class: 2]
 [     485     275   20869     393]   94.764% 	[class: 3]
 [     930     589     414   20308]]  91.309% 	[class: 4]
 + average row correct: 89.034751057625% 
 + average rowUcol correct (VOC measure): 80.289676785469% 
 + global correct: 89.037935168638%
================================	
Utterance-Level Validation:	
  time to validate 1 utterance = 0.23532333508344ms	
  time to validate all 284 utterances = 66.831827163696ms	
  UER: 0.03169014084507	
================================	
ConfusionMatrix:
[[      61       1       1       6]   88.406% 	[class: 1]
 [       0      71       0       0]   100.000% 	[class: 2]
 [       0       0      71       0]   100.000% 	[class: 3]
 [       0       1       0      72]]  98.630% 	[class: 4]
 + average row correct: 96.758984029293% 
 + average rowUcol correct (VOC measure): 93.854105472565% 
 + global correct: 96.830985915493%
Done validating neural network.	
Best validation FER so far 0.11052548238967, current FER 0.10962064831362	
Generalization loss:	
0	
Saving current network state...	
Saved.	
Saving current optimizer state...	
Saved.	
================================	
Epoch 15:	
  time to learn 1 sample = 0.45729640741863ms	
  time to learn all 2690331 samples = 1230278.701067ms	
================================	
Training confusion matrix:	
ConfusionMatrix:
[[  619838   14676   13160   24129]   92.265% 	[class: 1]
 [   13038  643809    7288   10593]   95.418% 	[class: 2]
 [   14589    8971  638599    9588]   95.065% 	[class: 3]
 [   24764   13660    9433  624196]]  92.879% 	[class: 4]
 + average row correct: 93.906697630882% 
 + average rowUcol correct (VOC measure): 88.539750874043% 
 + global correct: 93.908221702088%
Validating neural network...	
================================	
Frame-Level Validation:	
  time to validate 1 sample = 1.149995677502ms	
  time to validate all 88414 samples = 101675.71783066ms	
  FER: 0.1050173049517	
================================	
ConfusionMatrix:
[[   16860    1316    1165    2724]   76.411% 	[class: 1]
 [     341   20958     149     638]   94.893% 	[class: 2]
 [     371     233   21113     305]   95.872% 	[class: 3]
 [    1015     492     536   20198]]  90.814% 	[class: 4]
 + average row correct: 89.497466385365% 
 + average rowUcol correct (VOC measure): 81.033124029636% 
 + global correct: 89.49826950483%
================================	
Utterance-Level Validation:	
  time to validate 1 utterance = 0.21148567468348ms	
  time to validate all 284 utterances = 60.061931610107ms	
  UER: 0.035211267605634	
================================	
ConfusionMatrix:
[[      61       1       2       5]   88.406% 	[class: 1]
 [       1      70       0       0]   98.592% 	[class: 2]
 [       0       0      71       0]   100.000% 	[class: 3]
 [       0       1       0      72]]  98.630% 	[class: 4]
 + average row correct: 96.406871080399% 
 + average rowUcol correct (VOC measure): 93.150307238102% 
 + global correct: 96.478873239437%
Done validating neural network.	
Best validation FER so far 0.10962064831362, current FER 0.1050173049517	
Generalization loss:	
0	
Saving current network state...	
Saved.	
Saving current optimizer state...	
Saved.	
================================	
Epoch 16:	
  time to learn 1 sample = 0.45487810156863ms	
  time to learn all 2690331 samples = 1223772.6578712ms	
================================	
Training confusion matrix:	
ConfusionMatrix:
[[  621469   14484   12875   22975]   92.508% 	[class: 1]
 [   12006  646373    6541    9808]   95.798% 	[class: 2]
 [   14097    9058  639293    9299]   95.169% 	[class: 3]
 [   24115   13099    9148  625691]]  93.101% 	[class: 4]
 + average row correct: 94.143836200237% 
 + average rowUcol correct (VOC measure): 88.959757983685% 
 + global correct: 94.145515923505%
Validating neural network...	
================================	
Frame-Level Validation:	
  time to validate 1 sample = 1.1705537694153ms	
  time to validate all 88414 samples = 103493.34096909ms	
  FER: 0.10509647793336	
================================	
ConfusionMatrix:
[[   17288    1294    1012    2471]   78.350% 	[class: 1]
 [     469   21192     145     280]   95.952% 	[class: 2]
 [     485     282   20980     275]   95.268% 	[class: 3]
 [    1175     694     710   19662]]  88.404% 	[class: 4]
 + average row correct: 89.493796229362% 
 + average rowUcol correct (VOC measure): 81.026214361191% 
 + global correct: 89.490352206664%
================================	
Utterance-Level Validation:	
  time to validate 1 utterance = 0.33793650882345ms	
  time to validate all 284 utterances = 95.973968505859ms	
  UER: 0.03169014084507	
================================	
ConfusionMatrix:
[[      60       1       2       6]   86.957% 	[class: 1]
 [       0      71       0       0]   100.000% 	[class: 2]
 [       0       0      71       0]   100.000% 	[class: 3]
 [       0       0       0      73]]  100.000% 	[class: 4]
 + average row correct: 96.739129722118% 
 + average rowUcol correct (VOC measure): 93.808241188526% 
 + global correct: 96.830985915493%
Done validating neural network.	
Best validation FER so far 0.1050173049517, current FER 0.10509647793336	
Generalization loss:	
0.075390414647281	
Saving current network state...	
Saved.	
Saving current optimizer state...	
Saved.	
================================	
Epoch 17:	
  time to learn 1 sample = 0.45534008787442ms	
  time to learn all 2690331 samples = 1225015.5539513ms	
================================	
Training confusion matrix:	
ConfusionMatrix:
[[  622891   14076   12489   22347]   92.719% 	[class: 1]
 [   11556  647352    6236    9584]   95.943% 	[class: 2]
 [   13723    8769  640315    8940]   95.321% 	[class: 3]
 [   23315   12453    8873  627412]]  93.358% 	[class: 4]
 + average row correct: 94.335082173347% 
 + average rowUcol correct (VOC measure): 89.300665259361% 
 + global correct: 94.336719162066%
Validating neural network...	
================================	
Frame-Level Validation:	
  time to validate 1 sample = 1.2006088159283ms	
  time to validate all 88414 samples = 106150.62785149ms	
  FER: 0.11785463840568	
================================	
ConfusionMatrix:
[[   15098    1549    1514    3904]   68.425% 	[class: 1]
 [     193   21102     221     570]   95.545% 	[class: 2]
 [     194     209   20970     649]   95.223% 	[class: 3]
 [     538     504     375   20824]]  93.629% 	[class: 4]
 + average row correct: 88.205409049988% 
 + average rowUcol correct (VOC measure): 78.834347426891% 
 + global correct: 88.214536159432%
================================	
Utterance-Level Validation:	
  time to validate 1 utterance = 0.22654885977087ms	
  time to validate all 284 utterances = 64.339876174927ms	
  UER: 0.042253521126761	
================================	
ConfusionMatrix:
[[      57       1       0      11]   82.609% 	[class: 1]
 [       0      71       0       0]   100.000% 	[class: 2]
 [       0       0      71       0]   100.000% 	[class: 3]
 [       0       0       0      73]]  100.000% 	[class: 4]
 + average row correct: 95.65217345953% 
 + average rowUcol correct (VOC measure): 92.031142115593% 
 + global correct: 95.774647887324%
Done validating neural network.	
Best validation FER so far 0.1050173049517, current FER 0.11785463840568	
Generalization loss:	
12.224017232095	
============================	
STOPPING EARLY	
============================	
Done training neural network.	
COMPLETED TRAINING
