TRAINING DNN MODEL
[?1034hSet nb of threads to 16	
Setting up neural network...	
Done setting up neural network.	
Using model:	
nn.Sequential {
  [input -> (1) -> (2) -> (3) -> (4) -> (5) -> (6) -> (7) -> (8) -> (9) -> (10) -> (11) -> (12) -> (13) -> (14) -> (15) -> (16) -> (17) -> (18) -> (19) -> (20) -> (21) -> (22) -> (23) -> output]
  (1): nn.Linear(429 -> 2048)
  (2): nn.Add
  (3): nn.ReLU
  (4): nn.Linear(2048 -> 2048)
  (5): nn.Add
  (6): nn.ReLU
  (7): nn.Linear(2048 -> 1024)
  (8): nn.Add
  (9): nn.ReLU
  (10): nn.Linear(1024 -> 1024)
  (11): nn.Add
  (12): nn.ReLU
  (13): nn.Dropout(0.500000)
  (14): nn.Linear(1024 -> 512)
  (15): nn.Add
  (16): nn.ReLU
  (17): nn.Dropout(0.500000)
  (18): nn.Linear(512 -> 256)
  (19): nn.Add
  (20): nn.ReLU
  (21): nn.Dropout(0.500000)
  (22): nn.Linear(256 -> 4)
  (23): nn.LogSoftMax
}
Using optimizer state:	
{}
Convert network to CUDA	
Reading dataset...	
Done setting up dataset with 1473854 datapoints across 2187 utterances.	
Training neural network using minibatch size 128...	
Convert criterion to CUDA	
================================	
Epoch 1:	
  time to learn 1 sample = 0.35313205316315ms	
  time to learn all 1473854 samples = 520465.08908272ms	
================================	
ConfusionMatrix:
[[  118919   35166  101509  112589]   32.299% 	[class: 1]
 [   41383  230830   49978   46083]   62.679% 	[class: 2]
 [   63996   32870  211839   58779]   57.646% 	[class: 3]
 [   69758   26081   57866  216208]]  58.448% 	[class: 4]
 + average row correct: 52.767967432737% 
 + average rowUcol correct (VOC measure): 36.335636675358% 
 + global correct: 52.772934089808%
Saving current network state...	
Saved.	
Saving current optimizer state...	
Saved.	
================================	
Epoch 2:	
  time to learn 1 sample = 0.35029499187529ms	
  time to learn all 1473854 samples = 516283.67495537ms	
================================	
ConfusionMatrix:
[[  152450   31526   86150   98057]   41.406% 	[class: 1]
 [   45408  242912   41182   38772]   65.960% 	[class: 2]
 [   62609   26097  232881   45897]   63.372% 	[class: 3]
 [   72710   21354   48757  227092]]  61.391% 	[class: 4]
 + average row correct: 58.032003045082% 
 + average rowUcol correct (VOC measure): 41.505093127489% 
 + global correct: 58.033902951039%
Saving current network state...	
Saved.	
Saving current optimizer state...	
Saved.	
================================	
Epoch 3:	
  time to learn 1 sample = 0.34676715060193ms	
  time to learn all 1473854 samples = 511084.15198326ms	
================================	
ConfusionMatrix:
[[  163746   30535   83080   90822]   44.474% 	[class: 1]
 [   47188  246107   38545   36434]   66.827% 	[class: 2]
 [   61476   23988  240365   41655]   65.408% 	[class: 3]
 [   73583   19862   45477  230991]]  62.445% 	[class: 4]
 + average row correct: 59.788548201323% 
 + average rowUcol correct (VOC measure): 43.294617533684% 
 + global correct: 59.789436402792%
Saving current network state...	
Saved.	
Saving current optimizer state...	
Saved.	
================================	
Epoch 4:	
  time to learn 1 sample = 0.34582564832291ms	
  time to learn all 1473854 samples = 509696.51508331ms	
================================	
ConfusionMatrix:
[[  169932   29733   80553   87965]   46.154% 	[class: 1]
 [   48197  247949   36651   35477]   67.327% 	[class: 2]
 [   61575   22839  244222   38848]   66.458% 	[class: 3]
 [   73025   18821   43268  234799]]  63.474% 	[class: 4]
 + average row correct: 60.853377729654% 
 + average rowUcol correct (VOC measure): 44.40320879221% 
 + global correct: 60.854195870147%
Saving current network state...	
Saved.	
Saving current optimizer state...	
Saved.	
================================	
Epoch 5:	
  time to learn 1 sample = 0.34854816757648ms	
  time to learn all 1473854 samples = 513709.11097527ms	
================================	
ConfusionMatrix:
[[  173130   28794   78908   87351]   47.023% 	[class: 1]
 [   47420  249701   35397   35756]   67.803% 	[class: 2]
 [   61465   21089  247037   37893]   67.224% 	[class: 3]
 [   71949   17841   40930  239193]]  64.662% 	[class: 4]
 + average row correct: 61.677924543619% 
 + average rowUcol correct (VOC measure): 45.279706269503% 
 + global correct: 61.679175820672%
Saving current network state...	
Saved.	
Saving current optimizer state...	
Saved.	
================================	
Epoch 6:	
  time to learn 1 sample = 0.34334695773042ms	
  time to learn all 1473854 samples = 506043.2870388ms	
================================	
ConfusionMatrix:
[[  176482   28713   76919   86069]   47.933% 	[class: 1]
 [   47984  250201   35505   34584]   67.939% 	[class: 2]
 [   61390   21477  248207   36410]   67.542% 	[class: 3]
 [   72895   17934   40515  238569]]  64.493% 	[class: 4]
 + average row correct: 61.976895481348% 
 + average rowUcol correct (VOC measure): 45.589785277843% 
 + global correct: 61.977577154861%
Saving current network state...	
Saved.	
Saving current optimizer state...	
Saved.	
================================	
Epoch 7:	
  time to learn 1 sample = 0.35303264217891ms	
  time to learn all 1473854 samples = 520318.57180595ms	
================================	
ConfusionMatrix:
[[  177919   28375   74511   87378]   48.324% 	[class: 1]
 [   46837  252144   33984   35309]   68.466% 	[class: 2]
 [   60758   21247  247860   37619]   67.448% 	[class: 3]
 [   70495   18070   38490  242858]]  65.653% 	[class: 4]
 + average row correct: 62.472626566887% 
 + average rowUcol correct (VOC measure): 46.096621453762% 
 + global correct: 62.474369917237%
Saving current network state...	
Saved.	
Saving current optimizer state...	
Saved.	
================================	
Epoch 8:	
  time to learn 1 sample = 0.35073985966139ms	
  time to learn all 1473854 samples = 516939.34512138ms	
================================	
ConfusionMatrix:
[[  179556   28956   74173   85498]   48.768% 	[class: 1]
 [   47801  251193   34276   35004]   68.208% 	[class: 2]
 [   61463   21145  248237   36639]   67.550% 	[class: 3]
 [   71629   17773   38395  242116]]  65.452% 	[class: 4]
 + average row correct: 62.494723498821% 
 + average rowUcol correct (VOC measure): 46.124237775803% 
 + global correct: 62.49614955077%
Saving current network state...	
Saved.	
Saving current optimizer state...	
Saved.	
================================	
Epoch 9:	
  time to learn 1 sample = 0.35361115552222ms	
  time to learn all 1473854 samples = 521171.21601105ms	
================================	
ConfusionMatrix:
[[  176545   28256   77075   86307]   47.950% 	[class: 1]
 [   46968  250769   35247   35290]   68.093% 	[class: 2]
 [   59976   20023  250861   36624]   68.264% 	[class: 3]
 [   69661   17083   39283  243886]]  65.931% 	[class: 4]
 + average row correct: 62.559624016285% 
 + average rowUcol correct (VOC measure): 46.18538543582% 
 + global correct: 62.561217054064%
Saving current network state...	
Saved.	
Saving current optimizer state...	
Saved.	
================================	
Epoch 10:	
  time to learn 1 sample = 0.34769317727061ms	
  time to learn all 1473854 samples = 512448.980093ms	
================================	
ConfusionMatrix:
[[  178594   28058   77334   84197]   48.507% 	[class: 1]
 [   47652  249707   35829   35086]   67.805% 	[class: 2]
 [   60194   20426  250991   35873]   68.300% 	[class: 3]
 [   70803   17599   38883  242628]]  65.591% 	[class: 4]
 + average row correct: 62.550483644009% 
 + average rowUcol correct (VOC measure): 46.167148649693% 
 + global correct: 62.551650299148%
Saving current network state...	
Saved.	
Saving current optimizer state...	
Saved.	
================================	
Epoch 11:	
  time to learn 1 sample = 0.35048470256949ms	
  time to learn all 1473854 samples = 516563.28082085ms	
================================	
ConfusionMatrix:
[[  181931   28077   75634   82541]   49.413% 	[class: 1]
 [   49782  250416   34696   33380]   67.997% 	[class: 2]
 [   63756   20430  248626   34672]   67.656% 	[class: 3]
 [   74327   17765   38727  239094]]  64.635% 	[class: 4]
 + average row correct: 62.425468862057% 
 + average rowUcol correct (VOC measure): 46.103351563215% 
 + global correct: 62.425925498726%
Saving current network state...	
Saved.	
Saving current optimizer state...	
Saved.	
================================	
Epoch 12:	
  time to learn 1 sample = 0.35194727918131ms	
  time to learn all 1473854 samples = 518718.90521049ms	
================================	
ConfusionMatrix:
[[  181551   28027   75156   83449]   49.310% 	[class: 1]
 [   50434  248817   35116   33907]   67.563% 	[class: 2]
 [   63603   19855  247454   36572]   67.337% 	[class: 3]
 [   74540   17715   38021  239637]]  64.782% 	[class: 4]
 + average row correct: 62.248084694147% 
 + average rowUcol correct (VOC measure): 45.9199257195% 
 + global correct: 62.248974457443%
Saving current network state...	
Saved.	
Saving current optimizer state...	
Saved.	
================================	
Epoch 13:	
  time to learn 1 sample = 0.34695857746523ms	
  time to learn all 1473854 samples = 511366.28723145ms	
================================	
ConfusionMatrix:
[[  182851   29846   72783   82703]   49.663% 	[class: 1]
 [   52424  246533   35322   33995]   66.943% 	[class: 2]
 [   68622   21984  239118   37760]   65.069% 	[class: 3]
 [   78475   18884   36646  235908]]  63.774% 	[class: 4]
 + average row correct: 61.362189799547% 
 + average rowUcol correct (VOC measure): 45.009580999613% 
 + global correct: 61.363608607094%
Saving current network state...	
Saved.	
Saving current optimizer state...	
Saved.	
================================	
Epoch 14:	
  time to learn 1 sample = 0.34682522082102ms	
  time to learn all 1473854 samples = 511169.73900795ms	
================================	
ConfusionMatrix:
[[  187843   31245   71445   77650]   51.019% 	[class: 1]
 [   57160  243976   35046   32092]   66.249% 	[class: 2]
 [   75882   22805  233299   35498]   63.485% 	[class: 3]
 [   88942   20679   36348  223944]]  60.540% 	[class: 4]
 + average row correct: 60.323137044907% 
 + average rowUcol correct (VOC measure): 44.022326916456% 
 + global correct: 60.322257157086%
Saving current network state...	
Saved.	
Saving current optimizer state...	
Saved.	
================================	
Epoch 15:	
  time to learn 1 sample = 0.35057440148275ms	
  time to learn all 1473854 samples = 516695.48392296ms	
================================	
ConfusionMatrix:
[[  181575   31398   75916   79294]   49.317% 	[class: 1]
 [   56746  239092   37786   34650]   64.922% 	[class: 2]
 [   76522   24596  229749   36617]   62.519% 	[class: 3]
 [   87606   20569   38623  223115]]  60.316% 	[class: 4]
 + average row correct: 59.268452227116% 
 + average rowUcol correct (VOC measure): 42.909826338291% 
 + global correct: 59.268489280485%
Saving current network state...	
Saved.	
Saving current optimizer state...	
Saved.	
================================	
Epoch 16:	
  time to learn 1 sample = 0.346495478557ms	
  time to learn all 1473854 samples = 510683.74705315ms	
================================	
ConfusionMatrix:
[[  182772   33908   76048   75455]   49.642% 	[class: 1]
 [   59302  236138   37638   35196]   64.120% 	[class: 2]
 [   80236   26914  226536   33798]   61.645% 	[class: 3]
 [   95208   22027   39077  213601]]  57.744% 	[class: 4]
 + average row correct: 58.287630230188% 
 + average rowUcol correct (VOC measure): 41.932449489832% 
 + global correct: 58.285759647835%
Saving current network state...	
Saved.	
Saving current optimizer state...	
Saved.	
================================	
Epoch 17:	
  time to learn 1 sample = 0.3449644787406ms	
  time to learn all 1473854 samples = 508427.27684975ms	
================================	
ConfusionMatrix:
[[  173837   36104   78735   79507]   47.215% 	[class: 1]
 [   58849  235144   39275   35006]   63.850% 	[class: 2]
 [   78807   29525  223761   35391]   60.890% 	[class: 3]
 [   92717   23433   40376  213387]]  57.686% 	[class: 4]
 + average row correct: 57.410210371017% 
 + average rowUcol correct (VOC measure): 41.014948487282% 
 + global correct: 57.409282059146%
Saving current network state...	
Saved.	
Saving current optimizer state...	
Saved.	
================================	
Epoch 18:	
  time to learn 1 sample = 0.34465581256677ms	
  time to learn all 1473854 samples = 507972.34797478ms	
================================	
ConfusionMatrix:
[[  156700   39114   85285   87084]   42.560% 	[class: 1]
 [   58160  223833   45601   40680]   60.779% 	[class: 2]
 [   83712   33538  209176   41058]   56.921% 	[class: 3]
 [   95391   30718   43801  200003]]  54.068% 	[class: 4]
 + average row correct: 53.581996262074% 
 + average rowUcol correct (VOC measure): 37.261383235455% 
 + global correct: 53.5814266542%
Saving current network state...	
Saved.	
Saving current optimizer state...	
Saved.	
================================	
Epoch 19:	
  time to learn 1 sample = 0.3481292522985ms	
  time to learn all 1473854 samples = 513091.69101715ms	
================================	
ConfusionMatrix:
[[  152701   45607   85409   84466]   41.474% 	[class: 1]
 [   68335  214406   46397   39136]   58.219% 	[class: 2]
 [   90561   42857  192826   41240]   52.472% 	[class: 3]
 [  102803   35258   44274  187578]]  50.709% 	[class: 4]
 + average row correct: 50.718496739864% 
 + average rowUcol correct (VOC measure): 34.593340754509% 
 + global correct: 50.718117262633%
Saving current network state...	
Saved.	
Saving current optimizer state...	
Saved.	
================================	
Epoch 20:	
  time to learn 1 sample = 0.34635249832749ms	
  time to learn all 1473854 samples = 510473.01506996ms	
================================	
ConfusionMatrix:
[[  134427   52756  101254   79746]   36.511% 	[class: 1]
 [   72436  201961   53332   40545]   54.840% 	[class: 2]
 [   92949   48715  180810   45010]   49.202% 	[class: 3]
 [  110042   49529   61533  148809]]  40.228% 	[class: 4]
 + average row correct: 45.195260643959% 
 + average rowUcol correct (VOC measure): 29.641170799732% 
 + global correct: 45.188125825217%
Saving current network state...	
Saved.	
Saving current optimizer state...	
Saved.	
================================	
Epoch 21:	
  time to learn 1 sample = 0.34241705225102ms	
  time to learn all 1473854 samples = 504672.74212837ms	
================================	
ConfusionMatrix:
[[   83286   52427  151526   80944]   22.621% 	[class: 1]
 [   51057  202004   78103   37110]   54.852% 	[class: 2]
 [   67729   44528  212311   42916]   57.774% 	[class: 3]
 [   78357   47820  102614  141122]]  38.150% 	[class: 4]
 + average row correct: 43.349158391356% 
 + average rowUcol correct (VOC measure): 27.757526189089% 
 + global correct: 43.336924824304%
Saving current network state...	
Saved.	
Saving current optimizer state...	
Saved.	
================================	
Epoch 22:	
  time to learn 1 sample = 0.34235337896383ms	
  time to learn all 1473854 samples = 504578.89699936ms	
================================	
ConfusionMatrix:
[[  107544   52937  144362   63340]   29.209% 	[class: 1]
 [   58269  203156   66791   40058]   55.164% 	[class: 2]
 [   98965   44377  182492   41650]   49.660% 	[class: 3]
 [   98975   60452  118630   91856]]  24.832% 	[class: 4]
 + average row correct: 39.716345444322% 
 + average rowUcol correct (VOC measure): 24.963402375579% 
 + global correct: 39.695112270279%
Saving current network state...	
Saved.	
Saving current optimizer state...	
Saved.	
================================	
Epoch 23:	
  time to learn 1 sample = 0.34253543831646ms	
  time to learn all 1473854 samples = 504847.22590446ms	
================================	
ConfusionMatrix:
[[   77250   84677  164741   41515]   20.981% 	[class: 1]
 [   46053  197975   87431   36815]   53.758% 	[class: 2]
 [   77386   81861  167164   41073]   45.489% 	[class: 3]
 [   76002   94692  156195   43024]]  11.631% 	[class: 4]
 + average row correct: 32.964642904699% 
 + average rowUcol correct (VOC measure): 18.849324062467% 
 + global correct: 32.934944709585%
Saving current network state...	
Saved.	
Saving current optimizer state...	
Saved.	
================================	
Epoch 24:	
  time to learn 1 sample = 0.35137999348899ms	
  time to learn all 1473854 samples = 517882.80892372ms	
================================	
ConfusionMatrix:
[[  121212   67855  149472   29644]   32.922% 	[class: 1]
 [   69980  191078   85849   21367]   51.885% 	[class: 2]
 [  121213   66061  150637   29573]   40.991% 	[class: 3]
 [  118002   77750  144665   29496]]  7.974% 	[class: 4]
 + average row correct: 33.442905731499% 
 + average rowUcol correct (VOC measure): 19.385633803904% 
 + global correct: 33.41056848236%
Saving current network state...	
Saved.	
Saving current optimizer state...	
Saved.	
================================	
Epoch 25:	
  time to learn 1 sample = 0.34358517458807ms	
  time to learn all 1473854 samples = 506394.38390732ms	
================================	
ConfusionMatrix:
[[   56356   33032  210096   68699]   15.307% 	[class: 1]
 [   47195   98164  163044   59871]   26.655% 	[class: 2]
 [   56672   29079  213317   68416]   58.048% 	[class: 3]
 [   56531   38350  206565   68467]]  18.509% 	[class: 4]
 + average row correct: 29.629646614194% 
 + average rowUcol correct (VOC measure): 16.550648584962% 
 + global correct: 29.602932176457%
Saving current network state...	
Saved.	
Saving current optimizer state...	
Saved.	
================================	
Epoch 26:	
  time to learn 1 sample = 0.34677234731535ms	
  time to learn all 1473854 samples = 511091.81118011ms	
================================	
ConfusionMatrix:
[[   82655   60441   75429  149658]   22.449% 	[class: 1]
 [   71073   97180   67423  132598]   26.388% 	[class: 2]
 [   81723   62343   77027  146391]   20.961% 	[class: 3]
 [   83324   59805   73852  152932]]  41.343% 	[class: 4]
 + average row correct: 27.785181999207% 
 + average rowUcol correct (VOC measure): 15.913858637214% 
 + global correct: 27.804246553594%
Saving current network state...	
Saved.	
Saving current optimizer state...	
Saved.	
================================	
Epoch 27:	
  time to learn 1 sample = 0.34567980484585ms	
  time to learn all 1473854 samples = 509481.56309128ms	
================================	
ConfusionMatrix:
[[   88516   76619   47447  155601]   24.041% 	[class: 1]
 [   88468   76675   47380  155751]   20.820% 	[class: 2]
 [   88488   76185   46786  156025]   12.731% 	[class: 3]
 [   88820   77054   47711  156328]]  42.261% 	[class: 4]
 + average row correct: 24.963397160172% 
 + average rowUcol correct (VOC measure): 13.656383939087% 
 + global correct: 24.989245881885%
Saving current network state...	
Saved.	
Saving current optimizer state...	
Saved.	
================================	
Epoch 28:	
  time to learn 1 sample = 0.34276280896593ms	
  time to learn all 1473854 samples = 505182.33704567ms	
================================	
ConfusionMatrix:
[[   83677   82060   59790  142656]   22.727% 	[class: 1]
 [   83903   82806   59507  142058]   22.485% 	[class: 2]
 [   83715   82281   60073  141415]   16.347% 	[class: 3]
 [   84193   82771   60246  142703]]  38.577% 	[class: 4]
 + average row correct: 25.034114718437% 
 + average rowUcol correct (VOC measure): 13.965164497495% 
 + global correct: 25.053974138551%
Saving current network state...	
Saved.	
Saving current optimizer state...	
Saved.	
================================	
Epoch 29:	
  time to learn 1 sample = 0.34777330177526ms	
  time to learn all 1473854 samples = 512567.07191467ms	
================================	
ConfusionMatrix:
[[   62998   90778   56226  158181]   17.111% 	[class: 1]
 [   63413   90913   56089  157859]   24.686% 	[class: 2]
 [   63407   90677   56043  157357]   15.250% 	[class: 3]
 [   63622   91342   56282  158667]]  42.893% 	[class: 4]
 + average row correct: 24.985067546368% 
 + average rowUcol correct (VOC measure): 13.68193756789% 
 + global correct: 25.010686268789%
Saving current network state...	
Saved.	
Saving current optimizer state...	
Saved.	
================================	
Epoch 30:	
  time to learn 1 sample = 0.34560000921026ms	
  time to learn all 1473854 samples = 509363.95597458ms	
================================	
ConfusionMatrix:
[[   78268   91387   40079  158449]   21.258% 	[class: 1]
 [   78453   91018   40585  158218]   24.715% 	[class: 2]
 [   78698   90234   39670  158882]   10.795% 	[class: 3]
 [   78947   91138   40496  159332]]  43.073% 	[class: 4]
 + average row correct: 24.960129149258% 
 + average rowUcol correct (VOC measure): 13.528708741069% 
 + global correct: 24.988092443349%
Saving current network state...	
Saved.	
Saving current optimizer state...	
Saved.	
================================	
Epoch 31:	
  time to learn 1 sample = 0.35136146876266ms	
  time to learn all 1473854 samples = 517855.50618172ms	
================================	
ConfusionMatrix:
[[   88727   77970   56354  145132]   24.099% 	[class: 1]
 [   88576   77978   56226  145494]   21.174% 	[class: 2]
 [   88622   77162   56246  145454]   15.306% 	[class: 3]
 [   88891   78058   56966  145998]]  39.468% 	[class: 4]
 + average row correct: 25.011605396867% 
 + average rowUcol correct (VOC measure): 13.885268941522% 
 + global correct: 25.032940847601%
Saving current network state...	
Saved.	
Saving current optimizer state...	
Saved.	
================================	
Epoch 32:	
  time to learn 1 sample = 0.35305254239642ms	
  time to learn all 1473854 samples = 520347.90182114ms	
================================	
ConfusionMatrix:
[[   72860   75226   64405  155692]   19.789% 	[class: 1]
 [   73161   74730   64385  155998]   20.292% 	[class: 2]
 [   72984   74982   63909  155609]   17.391% 	[class: 3]
 [   73475   75222   64325  156891]]  42.413% 	[class: 4]
 + average row correct: 24.971234425902% 
 + average rowUcol correct (VOC measure): 13.7805538252% 
 + global correct: 24.995013074565%
Saving current network state...	
Saved.	
Saving current optimizer state...	
Saved.	
================================	
Epoch 33:	
  time to learn 1 sample = 0.34626657922452ms	
  time to learn all 1473854 samples = 510346.38285637ms	
================================	
ConfusionMatrix:
[[   68534   89797   62855  146997]   18.614% 	[class: 1]
 [   68493   90367   62666  146748]   24.538% 	[class: 2]
 [   68117   89694   62593  147080]   17.033% 	[class: 3]
 [   69416   89950   63022  147525]]  39.881% 	[class: 4]
 + average row correct: 25.016485899687% 
 + average rowUcol correct (VOC measure): 13.889846019447% 
 + global correct: 25.037690300396%
Saving current network state...	
Saved.	
Saving current optimizer state...	
Saved.	
================================	
Epoch 34:	
  time to learn 1 sample = 0.34598503107849ms	
  time to learn all 1473854 samples = 509931.42199516ms	
================================	
ConfusionMatrix:
[[   92457   87856   33239  154631]   25.112% 	[class: 1]
 [   92059   87663   33115  155437]   23.804% 	[class: 2]
 [   92378   87928   32802  154376]   8.926% 	[class: 3]
 [   92832   88041   33452  155588]]  42.061% 	[class: 4]
 + average row correct: 24.97556079179% 
 + average rowUcol correct (VOC measure): 13.465053215623% 
 + global correct: 25.003154993643%
Saving current network state...	
Saved.	
Saving current optimizer state...	
Saved.	
================================	
Epoch 35:	
  time to learn 1 sample = 0.35291155576368ms	
  time to learn all 1473854 samples = 520140.10810852ms	
================================	
ConfusionMatrix:
[[   82862   78528   63662  143131]   22.506% 	[class: 1]
 [   82565   78238   63629  143842]   21.245% 	[class: 2]
 [   82617   77822   63465  143580]   17.270% 	[class: 3]
 [   83348   78372   64092  144101]]  38.955% 	[class: 4]
 + average row correct: 24.993919953704% 
 + average rowUcol correct (VOC measure): 13.942275196314% 
 + global correct: 25.013739488443%
Saving current network state...	
Saved.	
Saving current optimizer state...	
Saved.	
================================	
Epoch 36:	
  time to learn 1 sample = 0.35387876418212ms	
  time to learn all 1473854 samples = 521565.63210487ms	
================================	
ConfusionMatrix:
[[   76278   68376   81984  141545]   20.717% 	[class: 1]
 [   76981   67560   82156  141577]   18.345% 	[class: 2]
 [   76341   67609   82383  141151]   22.418% 	[class: 3]
 [   76704   68455   82309  142445]]  38.508% 	[class: 4]
 + average row correct: 24.997068569064% 
 + average rowUcol correct (VOC measure): 13.975597918034% 
 + global correct: 25.013739488443%
Saving current network state...	
Saved.	
Saving current optimizer state...	
Saved.	
================================	
Epoch 37:	
  time to learn 1 sample = 0.34453757564902ms	
  time to learn all 1473854 samples = 507798.08402061ms	
================================	
ConfusionMatrix:
[[   81177   76590   65955  144461]   22.048% 	[class: 1]
 [   80987   76350   66442  144495]   20.732% 	[class: 2]
 [   80698   76241   66123  144422]   17.993% 	[class: 3]
 [   81234   76867   66630  145182]]  39.248% 	[class: 4]
 + average row correct: 25.005223974586% 
 + average rowUcol correct (VOC measure): 13.949308916926% 
 + global correct: 25.0250024765%
Saving current network state...	
Saved.	
Saving current optimizer state...	
Saved.	
================================	
Epoch 38:	
  time to learn 1 sample = 0.34645081529234ms	
  time to learn all 1473854 samples = 510617.91992188ms	
================================	
ConfusionMatrix:
[[   76729   80465   61570  149419]   20.840% 	[class: 1]
 [   76983   80719   61377  149195]   21.918% 	[class: 2]
 [   76586   80298   61179  149421]   16.648% 	[class: 3]
 [   77220   80950   61634  150109]]  40.580% 	[class: 4]
 + average row correct: 24.996428564191% 
 + average rowUcol correct (VOC measure): 13.869191706181% 
 + global correct: 25.018488941238%
Saving current network state...	
Saved.	
Saving current optimizer state...	
Saved.	
================================	
Epoch 39:	
  time to learn 1 sample = 0.34301553067977ms	
  time to learn all 1473854 samples = 505554.8119545ms	
================================	
ConfusionMatrix:
[[   83162   87870   54616  142535]   22.587% 	[class: 1]
 [   83124   88076   55003  142071]   23.916% 	[class: 2]
 [   82902   87955   54768  141859]   14.904% 	[class: 3]
 [   83612   88289   55005  143007]]  38.660% 	[class: 4]
 + average row correct: 25.016541033983% 
 + average rowUcol correct (VOC measure): 13.90947047621% 
 + global correct: 25.037283204442%
Saving current network state...	
Saved.	
Saving current optimizer state...	
Saved.	
================================	
Epoch 40:	
  time to learn 1 sample = 0.34480694156644ms	
  time to learn all 1473854 samples = 508195.09005547ms	
================================	
ConfusionMatrix:
[[   87221   76243   64355  140364]   23.690% 	[class: 1]
 [   86841   76335   64032  141066]   20.728% 	[class: 2]
 [   86786   76444   63570  140684]   17.299% 	[class: 3]
 [   86672   77154   64299  141788]]  38.330% 	[class: 4]
 + average row correct: 25.011539086699% 
 + average rowUcol correct (VOC measure): 13.972723670304% 
 + global correct: 25.030566121203%
Saving current network state...	
Saved.	
Saving current optimizer state...	
Saved.	
================================	
Epoch 41:	
  time to learn 1 sample = 0.34833033202664ms	
  time to learn all 1473854 samples = 513388.05317879ms	
================================	
ConfusionMatrix:
[[   98605   75861   46364  147353]   26.782% 	[class: 1]
 [   98727   75633   46366  147548]   20.537% 	[class: 2]
 [   98282   76107   45779  147316]   12.457% 	[class: 3]
 [   99522   76143   46129  148119]]  40.042% 	[class: 4]
 + average row correct: 24.954416416585% 
 + average rowUcol correct (VOC measure): 13.698887266219% 
 + global correct: 24.977779345851%
Saving current network state...	
Saved.	
Saving current optimizer state...	
Saved.	
================================	
Epoch 42:	
  time to learn 1 sample = 0.34873022563498ms	
  time to learn all 1473854 samples = 513977.43797302ms	
================================	
ConfusionMatrix:
[[   82875   74919   66778  143611]   22.509% 	[class: 1]
 [   83369   74700   66966  143239]   20.284% 	[class: 2]
 [   82686   74317   67021  143460]   18.238% 	[class: 3]
 [   83102   75456   67073  144282]]  39.004% 	[class: 4]
 + average row correct: 25.008776038885% 
 + average rowUcol correct (VOC measure): 13.961416296661% 
 + global correct: 25.02812354548%
Saving current network state...	
Saved.	
Saving current optimizer state...	
Saved.	
================================	
Epoch 43:	
  time to learn 1 sample = 0.3441771762538ms	
  time to learn all 1473854 samples = 507266.90793037ms	
================================	
ConfusionMatrix:
[[   76790   69750   68307  153336]   20.856% 	[class: 1]
 [   77181   69777   68010  153306]   18.947% 	[class: 2]
 [   77032   69626   68179  152647]   18.553% 	[class: 3]
 [   77349   70077   68784  153703]]  41.551% 	[class: 4]
 + average row correct: 24.976887181401% 
 + average rowUcol correct (VOC measure): 13.831277005374% 
 + global correct: 24.999016184778%
Saving current network state...	
Saved.	
Saving current optimizer state...	
Saved.	
================================	
Epoch 44:	
  time to learn 1 sample = 0.34452841584512ms	
  time to learn all 1473854 samples = 507784.58380699ms	
================================	
ConfusionMatrix:
[[   85118   76691   56270  150104]   23.118% 	[class: 1]
 [   84763   77091   55798  150622]   20.933% 	[class: 2]
 [   84132   76993   55608  150751]   15.132% 	[class: 3]
 [   85187   77577   56452  150697]]  40.738% 	[class: 4]
 + average row correct: 24.980509281158% 
 + average rowUcol correct (VOC measure): 13.814584352076% 
 + global correct: 25.003426390945%
Saving current network state...	
Saved.	
Saving current optimizer state...	
Saved.	
================================	
Epoch 45:	
  time to learn 1 sample = 0.34460067758082ms	
  time to learn all 1473854 samples = 507891.08705521ms	
================================	
ConfusionMatrix:
[[   73078   75712   71532  147861]   19.848% 	[class: 1]
 [   72990   75847   71138  148299]   20.595% 	[class: 2]
 [   73092   75463   71444  147485]   19.441% 	[class: 3]
 [   73192   76594   71260  148867]]  40.244% 	[class: 4]
 + average row correct: 25.032180547714% 
 + average rowUcol correct (VOC measure): 13.937761448324% 
 + global correct: 25.052413604061%
Saving current network state...	
Saved.	
Saving current optimizer state...	
Saved.	
================================	
Epoch 46:	
  time to learn 1 sample = 0.35090728458375ms	
  time to learn all 1473854 samples = 517186.10501289ms	
================================	
ConfusionMatrix:
[[   89674   70252   66688  141569]   24.356% 	[class: 1]
 [   89166   70159   66873  142076]   19.051% 	[class: 2]
 [   88749   70224   66764  141747]   18.168% 	[class: 3]
 [   89659   70709   67129  142416]]  38.500% 	[class: 4]
 + average row correct: 25.018578395247% 
 + average rowUcol correct (VOC measure): 13.96761611104% 
 + global correct: 25.037283204442%
Saving current network state...	
Saved.	
Saving current optimizer state...	
Saved.	
================================	
Epoch 47:	
  time to learn 1 sample = 0.35013289243161ms	
  time to learn all 1473854 samples = 516044.7640419ms	
================================	
ConfusionMatrix:
[[   83339   75502   69617  139725]   22.635% 	[class: 1]
 [   83185   74701   70084  140304]   20.284% 	[class: 2]
 [   83482   75047   69600  139355]   18.940% 	[class: 3]
 [   83946   75550   70123  140294]]  37.926% 	[class: 4]
 + average row correct: 24.946276843548% 
 + average rowUcol correct (VOC measure): 13.966617546976% 
 + global correct: 24.964073782071%
Saving current network state...	
Saved.	
Saving current optimizer state...	
Saved.	
================================	
Epoch 48:	
  time to learn 1 sample = 0.35020518716746ms	
  time to learn all 1473854 samples = 516151.31592751ms	
================================	
ConfusionMatrix:
[[   59418   91191   76901  140673]   16.138% 	[class: 1]
 [   59716   91297   77065  140196]   24.791% 	[class: 2]
 [   59297   91192   77533  139462]   21.098% 	[class: 3]
 [   59905   91504   77365  141139]]  38.155% 	[class: 4]
 + average row correct: 25.045415014029% 
 + average rowUcol correct (VOC measure): 13.971396908164% 
 + global correct: 25.062658852234%
Saving current network state...	
Saved.	
Saving current optimizer state...	
Saved.	
================================	
Epoch 49:	
  time to learn 1 sample = 0.34373000379608ms	
  time to learn all 1473854 samples = 506607.84101486ms	
================================	
ConfusionMatrix:
[[   78780   79357   60237  149809]   21.397% 	[class: 1]
 [   78900   79507   60615  149252]   21.589% 	[class: 2]
 [   79029   79190   59862  149403]   16.290% 	[class: 3]
 [   79195   80088   60694  149936]]  40.533% 	[class: 4]
 + average row correct: 24.952129647136% 
 + average rowUcol correct (VOC measure): 13.834892399609% 
 + global correct: 24.974319030243%
Saving current network state...	
Saved.	
Saving current optimizer state...	
Saved.	
================================	
Epoch 50:	
  time to learn 1 sample = 0.34400800491221ms	
  time to learn all 1473854 samples = 507017.57407188ms	
================================	
ConfusionMatrix:
[[   63559  103500   55312  145812]   17.263% 	[class: 1]
 [   63763  103916   54431  146164]   28.217% 	[class: 2]
 [   63794  103338   54531  145821]   14.839% 	[class: 3]
 [   64244  104094   54862  146713]]  39.661% 	[class: 4]
 + average row correct: 24.995104968548% 
 + average rowUcol correct (VOC measure): 13.765579089522% 
 + global correct: 25.017335502702%
Saving current network state...	
Saved.	
Saving current optimizer state...	
Saved.	
================================	
Epoch 51:	
  time to learn 1 sample = 0.34290560672407ms	
  time to learn all 1473854 samples = 505392.8000927ms	
================================	
ConfusionMatrix:
[[   82894   82400   59546  143343]   22.514% 	[class: 1]
 [   83205   82692   59174  143203]   22.454% 	[class: 2]
 [   83563   82352   58889  142680]   16.025% 	[class: 3]
 [   83650   82796   59703  143764]]  38.864% 	[class: 4]
 + average row correct: 24.964367598295% 
 + average rowUcol correct (VOC measure): 13.901343382895% 
 + global correct: 24.984767826393%
Saving current network state...	
Saved.	
Saving current optimizer state...	
Saved.	
================================	
Epoch 52:	
  time to learn 1 sample = 0.34380662462396ms	
  time to learn all 1473854 samples = 506720.76892853ms	
================================	
ConfusionMatrix:
[[   70539   72888   66695  158061]   19.159% 	[class: 1]
 [   71043   72618   66942  157671]   19.718% 	[class: 2]
 [   70256   72762   66464  158002]   18.086% 	[class: 3]
 [   71042   72932   66969  158970]]  42.975% 	[class: 4]
 + average row correct: 24.984587356448% 
 + average rowUcol correct (VOC measure): 13.766934163868% 
 + global correct: 25.00865078902%
Saving current network state...	
Saved.	
Saving current optimizer state...	
Saved.	
================================	
Epoch 53:	
  time to learn 1 sample = 0.34364045904524ms	
  time to learn all 1473854 samples = 506475.86512566ms	
================================	
ConfusionMatrix:
[[   84321   83484   52345  148033]   22.902% 	[class: 1]
 [   84457   83410   52561  147846]   22.649% 	[class: 2]
 [   84611   82863   52219  147791]   14.210% 	[class: 3]
 [   84659   84001   52923  148330]]  40.099% 	[class: 4]
 + average row correct: 24.964828044176% 
 + average rowUcol correct (VOC measure): 13.803458586335% 
 + global correct: 24.987549648744%
Saving current network state...	
Saved.	
Saving current optimizer state...	
Saved.	
================================	
Epoch 54:	
  time to learn 1 sample = 0.35450199401091ms	
  time to learn all 1473854 samples = 522484.18188095ms	
================================	
ConfusionMatrix:
[[   71969  108421   37650  150143]   19.547% 	[class: 1]
 [   72162  108978   37569  149565]   29.592% 	[class: 2]
 [   71925  108445   37398  149716]   10.177% 	[class: 3]
 [   72456  109162   37655  150640]]  40.723% 	[class: 4]
 + average row correct: 25.009621493518% 
 + average rowUcol correct (VOC measure): 13.54381237179% 
 + global correct: 25.035383423324%
Saving current network state...	
Saved.	
Saving current optimizer state...	
Saved.	
================================	
Epoch 55:	
  time to learn 1 sample = 0.34344182181284ms	
  time to learn all 1473854 samples = 506183.10284615ms	
================================	
ConfusionMatrix:
[[   82424   82522   56488  146749]   22.387% 	[class: 1]
 [   82674   82371   56319  146910]   22.367% 	[class: 2]
 [   82458   82026   56272  146728]   15.313% 	[class: 3]
 [   82874   82937   56841  147261]]  39.810% 	[class: 4]
 + average row correct: 24.968968331814% 
 + average rowUcol correct (VOC measure): 13.850896432996% 
 + global correct: 24.990806416375%
Saving current network state...	
Saved.	
Saving current optimizer state...	
Saved.	
================================	
Epoch 56:	
  time to learn 1 sample = 0.34829754040102ms	
  time to learn all 1473854 samples = 513339.7231102ms	
================================	
ConfusionMatrix:
[[   83209   60746   65676  158552]   22.600% 	[class: 1]
 [   82950   60941   65961  158422]   16.548% 	[class: 2]
 [   83368   60889   65795  157432]   17.904% 	[class: 3]
 [   83529   61520   65798  159066]]  43.001% 	[class: 4]
 + average row correct: 25.013184547424% 
 + average rowUcol correct (VOC measure): 13.750354759395% 
 + global correct: 25.037147505791%
Saving current network state...	
Saved.	
Saving current optimizer state...	
Saved.	
================================	
Epoch 57:	
  time to learn 1 sample = 0.35184529806843ms	
  time to learn all 1473854 samples = 518568.59993935ms	
================================	
ConfusionMatrix:
[[   59049   89051   70644  149439]   16.038% 	[class: 1]
 [   59193   88800   70760  149521]   24.112% 	[class: 2]
 [   59430   88622   70863  148569]   19.283% 	[class: 3]
 [   59384   89367   70869  150293]]  40.629% 	[class: 4]
 + average row correct: 25.015750154853% 
 + average rowUcol correct (VOC measure): 13.849265500903% 
 + global correct: 25.036740409837%
Saving current network state...	
Saved.	
Saving current optimizer state...	
Saved.	
================================	
Epoch 58:	
  time to learn 1 sample = 0.348677624704ms	
  time to learn all 1473854 samples = 513899.91188049ms	
================================	
ConfusionMatrix:
[[   75926   86889   68760  136608]   20.622% 	[class: 1]
 [   75462   87080   68491  137241]   23.645% 	[class: 2]
 [   75816   86636   68072  136960]   18.524% 	[class: 3]
 [   76668   86915   68725  137605]]  37.199% 	[class: 4]
 + average row correct: 24.99758452177% 
 + average rowUcol correct (VOC measure): 14.020688086748% 
 + global correct: 25.014892926979%
Saving current network state...	
Saved.	
Saving current optimizer state...	
Saved.	
================================	
Epoch 59:	
  time to learn 1 sample = 0.3434347832386ms	
  time to learn all 1473854 samples = 506172.72901535ms	
================================	
ConfusionMatrix:
[[   69823   74951   55121  168288]   18.964% 	[class: 1]
 [   70215   74612   54821  168626]   20.260% 	[class: 2]
 [   70561   74676   54821  167426]   14.918% 	[class: 3]
 [   70039   75537   55141  169196]]  45.739% 	[class: 4]
 + average row correct: 24.970364198089% 
 + average rowUcol correct (VOC measure): 13.569764047861% 
 + global correct: 24.999219732755%
Saving current network state...	
Saved.	
Saving current optimizer state...	
Saved.	
================================	
Epoch 60:	
  time to learn 1 sample = 0.34250458124323ms	
  time to learn all 1473854 samples = 504801.74708366ms	
================================	
ConfusionMatrix:
[[   85727   69327   56769  156360]   23.284% 	[class: 1]
 [   86060   69346   56625  156243]   18.830% 	[class: 2]
 [   86095   69284   56408  155697]   15.350% 	[class: 3]
 [   85798   69737   57014  157364]]  42.541% 	[class: 4]
 + average row correct: 25.001100078225% 
 + average rowUcol correct (VOC measure): 13.74457385391% 
 + global correct: 25.025884517734%
Saving current network state...	
Saved.	
Saving current optimizer state...	
Saved.	
================================	
Epoch 61:	
  time to learn 1 sample = 0.34370948806122ms	
  time to learn all 1473854 samples = 506577.60381699ms	
================================	
ConfusionMatrix:
[[   93433   82845   58507  133398]   25.377% 	[class: 1]
 [   92783   83186   58645  133660]   22.588% 	[class: 2]
 [   93039   82666   58191  133588]   15.835% 	[class: 3]
 [   93609   83847   58513  133944]]  36.210% 	[class: 4]
 + average row correct: 25.002356246114% 
 + average rowUcol correct (VOC measure): 13.998036272824% 
 + global correct: 25.0197102291%
Saving current network state...	
Saved.	
Saving current optimizer state...	
Saved.	
================================	
Epoch 62:	
  time to learn 1 sample = 0.34721519772517ms	
  time to learn all 1473854 samples = 511744.50802803ms	
================================	
ConfusionMatrix:
[[   79603   86260   41099  161221]   21.620% 	[class: 1]
 [   80402   85467   41292  161113]   23.207% 	[class: 2]
 [   79143   85560   41288  161493]   11.235% 	[class: 3]
 [   79956   86009   41375  162573]]  43.949% 	[class: 4]
 + average row correct: 25.003061816096% 
 + average rowUcol correct (VOC measure): 13.549291528761% 
 + global correct: 25.031719559739%
Saving current network state...	
Saved.	
Saving current optimizer state...	
Saved.	
================================	
Epoch 63:	
  time to learn 1 sample = 0.34477998627462ms	
  time to learn all 1473854 samples = 508155.36189079ms	
================================	
ConfusionMatrix:
[[   71368   90509   56152  150154]   19.384% 	[class: 1]
 [   71837   90257   56565  149615]   24.508% 	[class: 2]
 [   71042   90455   56095  149892]   15.265% 	[class: 3]
 [   71961   91147   56468  150337]]  40.641% 	[class: 4]
 + average row correct: 24.949434027076% 
 + average rowUcol correct (VOC measure): 13.782738521695% 
 + global correct: 24.972419249125%
Saving current network state...	
Saved.	
Saving current optimizer state...	
Saved.	
================================	
Epoch 64:	
  time to learn 1 sample = 0.35141565855338ms	
  time to learn all 1473854 samples = 517935.37402153ms	
================================	
ConfusionMatrix:
[[   75178   76238   58977  157790]   20.419% 	[class: 1]
 [   74922   76050   59344  157958]   20.650% 	[class: 2]
 [   75030   76254   58696  157504]   15.972% 	[class: 3]
 [   75670   76354   59655  158234]]  42.776% 	[class: 4]
 + average row correct: 24.95435886085% 
 + average rowUcol correct (VOC measure): 13.731003925204% 
 + global correct: 24.979272031015%
Saving current network state...	
Saved.	
Saving current optimizer state...	
Saved.	
================================	
Epoch 65:	
  time to learn 1 sample = 0.34490514853082ms	
  time to learn all 1473854 samples = 508339.83278275ms	
================================	
ConfusionMatrix:
[[   78113   72541   51238  166291]   21.216% 	[class: 1]
 [   77870   72606   51350  166448]   19.715% 	[class: 2]
 [   77699   72560   51195  166030]   13.931% 	[class: 3]
 [   78316   72725   51657  167215]]  45.204% 	[class: 4]
 + average row correct: 25.016528367996% 
 + average rowUcol correct (VOC measure): 13.605986908078% 
 + global correct: 25.045153726217%
Saving current network state...	
Saved.	
Saving current optimizer state...	
Saved.	
================================	
Epoch 66:	
  time to learn 1 sample = 0.34968408339335ms	
  time to learn all 1473854 samples = 515383.28504562ms	
================================	
ConfusionMatrix:
[[   73826   89571   60346  144440]   20.051% 	[class: 1]
 [   73818   89957   60985  143514]   24.427% 	[class: 2]
 [   73847   89521   61054  143062]   16.614% 	[class: 3]
 [   74317   89607   61005  144984]]  39.194% 	[class: 4]
 + average row correct: 25.071557238698% 
 + average rowUcol correct (VOC measure): 13.95957544446% 
 + global correct: 25.092105459564%
Saving current network state...	
Saved.	
Saving current optimizer state...	
Saved.	
================================	
Epoch 67:	
  time to learn 1 sample = 0.34596501681638ms	
  time to learn all 1473854 samples = 509901.92389488ms	
================================	
ConfusionMatrix:
[[   71751   91078   58674  146680]   19.488% 	[class: 1]
 [   71705   91472   58865  146232]   24.838% 	[class: 2]
 [   71861   91025   58359  146239]   15.881% 	[class: 3]
 [   72171   91609   58982  147151]]  39.780% 	[class: 4]
 + average row correct: 24.996620044112% 
 + average rowUcol correct (VOC measure): 13.862891495228% 
 + global correct: 25.018285393261%
Saving current network state...	
Saved.	
Saving current optimizer state...	
Saved.	
================================	
Epoch 68:	
  time to learn 1 sample = 0.34602433618787ms	
  time to learn all 1473854 samples = 509989.35198784ms	
================================	
ConfusionMatrix:
[[   86317   78595   52435  150836]   23.444% 	[class: 1]
 [   86335   77947   53103  150889]   21.165% 	[class: 2]
 [   85964   78415   52491  150614]   14.284% 	[class: 3]
 [   87368   78515   53171  150859]]  40.782% 	[class: 4]
 + average row correct: 24.918929114938% 
 + average rowUcol correct (VOC measure): 13.745031692088% 
 + global correct: 24.942361997864%
Saving current network state...	
Saved.	
Saving current optimizer state...	
Saved.	
================================	
Epoch 69:	
  time to learn 1 sample = 0.34596864877309ms	
  time to learn all 1473854 samples = 509907.27686882ms	
================================	
ConfusionMatrix:
[[   95596   82238   52221  138128]   25.964% 	[class: 1]
 [   95014   81910   52413  138937]   22.242% 	[class: 2]
 [   95092   82131   52106  138155]   14.179% 	[class: 3]
 [   95226   82425   52858  139404]]  37.686% 	[class: 4]
 + average row correct: 25.017648562789% 
 + average rowUcol correct (VOC measure): 13.90651781112% 
 + global correct: 25.037486752419%
Saving current network state...	
Saved.	
Saving current optimizer state...	
Saved.	
================================	
Epoch 70:	
  time to learn 1 sample = 0.35061133672905ms	
  time to learn all 1473854 samples = 516749.92108345ms	
================================	
ConfusionMatrix:
[[   83601   76143   55323  153116]   22.706% 	[class: 1]
 [   83781   75267   55617  153609]   20.438% 	[class: 2]
 [   83230   75847   54754  153653]   14.900% 	[class: 3]
 [   84236   75975   56386  153316]]  41.447% 	[class: 4]
 + average row correct: 24.872585386038% 
 + average rowUcol correct (VOC measure): 13.705857656896% 
 + global correct: 24.896495853728%
Saving current network state...	
Saved.	
Saving current optimizer state...	
Saved.	
================================	
Epoch 71:	
  time to learn 1 sample = 0.34810661161338ms	
  time to learn all 1473854 samples = 513058.32195282ms	
================================	
ConfusionMatrix:
[[   83130   94466   50714  139873]   22.578% 	[class: 1]
 [   83374   94842   50287  139771]   25.753% 	[class: 2]
 [   83518   94845   49858  139263]   13.567% 	[class: 3]
 [   83930   95367   50741  139875]]  37.813% 	[class: 4]
 + average row correct: 24.927973374724% 
 + average rowUcol correct (VOC measure): 13.822319731116% 
 + global correct: 24.948536286498%
Saving current network state...	
Saved.	
Saving current optimizer state...	
Saved.	
================================	
Epoch 72:	
  time to learn 1 sample = 0.34320618058386ms	
  time to learn all 1473854 samples = 505835.80207825ms	
================================	
ConfusionMatrix:
[[   78160   75631   62513  151879]   21.229% 	[class: 1]
 [   78325   75690   62354  151905]   20.553% 	[class: 2]
 [   77994   75564   62272  151654]   16.945% 	[class: 3]
 [   78481   75897   62461  153074]]  41.381% 	[class: 4]
 + average row correct: 25.026946887374% 
 + average rowUcol correct (VOC measure): 13.86148147285% 
 + global correct: 25.049699631035%
Saving current network state...	
Saved.	
Saving current optimizer state...	
Saved.	
================================	
Epoch 73:	
  time to learn 1 sample = 0.34918674780919ms	
  time to learn all 1473854 samples = 514650.28500557ms	
================================	
ConfusionMatrix:
[[   63525   72920   74404  157334]   17.254% 	[class: 1]
 [   63802   73147   74472  156853]   19.862% 	[class: 2]
 [   63908   72631   74120  156825]   20.170% 	[class: 3]
 [   64315   73270   74604  157724]]  42.638% 	[class: 4]
 + average row correct: 24.980870634317% 
 + average rowUcol correct (VOC measure): 13.774227909744% 
 + global correct: 25.003562089596%
Saving current network state...	
Saved.	
Saving current optimizer state...	
Saved.	
================================	
Epoch 74:	
  time to learn 1 sample = 0.34393636063503ms	
  time to learn all 1473854 samples = 506911.98086739ms	
================================	
ConfusionMatrix:
[[   84497   97145   47133  139408]   22.950% 	[class: 1]
 [   84595   97786   46911  138982]   26.553% 	[class: 2]
 [   83902   97459   46706  139417]   12.710% 	[class: 3]
 [   85054   97114   47282  140463]]  37.972% 	[class: 4]
 + average row correct: 25.045952945948% 
 + average rowUcol correct (VOC measure): 13.854456320405% 
 + global correct: 25.067069058401%
Saving current network state...	
Saved.	
Saving current optimizer state...	
Saved.	
================================	
Epoch 75:	
  time to learn 1 sample = 0.34561677198788ms	
  time to learn all 1473854 samples = 509388.66186142ms	
================================	
ConfusionMatrix:
[[   65808   84015   55286  163074]   17.874% 	[class: 1]
 [   66039   83820   55641  162774]   22.760% 	[class: 2]
 [   66090   83848   54756  162790]   14.900% 	[class: 3]
 [   66189   84445   55245  164034]]  44.344% 	[class: 4]
 + average row correct: 24.969531968236% 
 + average rowUcol correct (VOC measure): 13.622426055372% 
 + global correct: 24.996912855683%
Saving current network state...	
Saved.	
Saving current optimizer state...	
Saved.	
================================	
Epoch 76:	
  time to learn 1 sample = 0.34782510212928ms	
  time to learn all 1473854 samples = 512643.41807365ms	
================================	
ConfusionMatrix:
[[   89744   71643   50772  156024]   24.375% 	[class: 1]
 [   89317   71386   50876  156695]   19.384% 	[class: 2]
 [   89624   71690   50070  156100]   13.625% 	[class: 3]
 [   89843   71489   51162  157419]]  42.556% 	[class: 4]
 + average row correct: 24.984883889556% 
 + average rowUcol correct (VOC measure): 13.680986315012% 
 + global correct: 25.010550570138%
Saving current network state...	
Saved.	
Saving current optimizer state...	
Saved.	
================================	
Epoch 77:	
  time to learn 1 sample = 0.3463257981397ms	
  time to learn all 1473854 samples = 510433.66289139ms	
================================	
ConfusionMatrix:
[[   77203   91878   60979  138123]   20.969% 	[class: 1]
 [   76919   91850   61028  138477]   24.941% 	[class: 2]
 [   77602   91029   60504  138349]   16.464% 	[class: 3]
 [   77908   92091   61201  138713]]  37.499% 	[class: 4]
 + average row correct: 24.968131259084% 
 + average rowUcol correct (VOC measure): 13.948269374669% 
 + global correct: 24.986871155488%
Saving current network state...	
Saved.	
Saving current optimizer state...	
Saved.	
================================	
Epoch 78:	
  time to learn 1 sample = 0.34748748447862ms	
  time to learn all 1473854 samples = 512145.81894875ms	
================================	
ConfusionMatrix:
[[   52376   89078   69067  157662]   14.226% 	[class: 1]
 [   53036   88316   69416  157506]   23.981% 	[class: 2]
 [   52642   88146   69121  157575]   18.809% 	[class: 3]
 [   53018   89148   68876  158871]]  42.948% 	[class: 4]
 + average row correct: 24.991013482213% 
 + average rowUcol correct (VOC measure): 13.683629594743% 
 + global correct: 25.014960776305%
Saving current network state...	
Saved.	
Saving current optimizer state...	
Saved.	
================================	
Epoch 79:	
  time to learn 1 sample = 0.34624274584311ms	
  time to learn all 1473854 samples = 510311.25593185ms	
================================	
ConfusionMatrix:
[[   79987   81636   60016  146544]   21.725% 	[class: 1]
 [   79734   81014   60679  146847]   21.998% 	[class: 2]
 [   79201   81347   60348  146588]   16.422% 	[class: 3]
 [   80054   82019   60493  147347]]  39.833% 	[class: 4]
 + average row correct: 24.994477629662% 
 + average rowUcol correct (VOC measure): 13.894017413259% 
 + global correct: 25.015774968213%
Saving current network state...	
Saved.	
Saving current optimizer state...	
Saved.	
================================	
Epoch 80:	
  time to learn 1 sample = 0.34728857062739ms	
  time to learn all 1473854 samples = 511852.64897346ms	
================================	
ConfusionMatrix:
[[   88512   76196   62076  141399]   24.040% 	[class: 1]
 [   88290   75965   62414  141605]   20.627% 	[class: 2]
 [   88411   75945   61944  141184]   16.856% 	[class: 3]
 [   89091   76278   62526  142018]]  38.392% 	[class: 4]
 + average row correct: 24.979009479284% 
 + average rowUcol correct (VOC measure): 13.936926238239% 
 + global correct: 24.998337691522%
Saving current network state...	
Saved.	
Saving current optimizer state...	
Saved.	
================================	
Epoch 81:	
  time to learn 1 sample = 0.35143496234187ms	
  time to learn all 1473854 samples = 517963.82498741ms	
================================	
ConfusionMatrix:
[[   75579   87125   57071  148408]   20.528% 	[class: 1]
 [   76132   87217   56454  148471]   23.683% 	[class: 2]
 [   75777   86855   56595  148257]   15.401% 	[class: 3]
 [   76190   87475   56696  149552]]  40.429% 	[class: 4]
 + average row correct: 25.009959936142% 
 + average rowUcol correct (VOC measure): 13.849772885442% 
 + global correct: 25.032533751647%
Saving current network state...	
Saved.	
Saving current optimizer state...	
Saved.	
================================	
Epoch 82:	
  time to learn 1 sample = 0.34759176832194ms	
  time to learn all 1473854 samples = 512299.51810837ms	
================================	
ConfusionMatrix:
[[   79865   70044   55884  162390]   21.692% 	[class: 1]
 [   79915   70072   56354  161933]   19.027% 	[class: 2]
 [   79271   70081   55804  162328]   15.185% 	[class: 3]
 [   79797   70697   56214  163205]]  44.120% 	[class: 4]
 + average row correct: 25.006013736129% 
 + average rowUcol correct (VOC measure): 13.679965026677% 
 + global correct: 25.032737299624%
Saving current network state...	
Saved.	
Saving current optimizer state...	
Saved.	
slurmstepd: error: *** JOB 2561952 ON node108 CANCELLED AT 2017-04-29T01:36:36 DUE TO TIME LIMIT ***
