EVALUATING DNN MODEL
EVALUATING NETWORK WITH MODEL NAME 1k_1k_64_1k_es_wd0.00005
[?1034hSet nb of threads to 16	
Setting up evaluation dataset...	
Loading neural network /pool001/atitus/FastLID-DNN/models/1k_1k_64_1k_es_wd0.00005...	
Loaded neural network /pool001/atitus/FastLID-DNN/models/1k_1k_64_1k_es_wd0.00005	
Using model:	
nn.Sequential {
  [input -> (1) -> (2) -> (3) -> (4) -> (5) -> (6) -> (7) -> (8) -> (9) -> (10) -> (11) -> (12) -> (13) -> (14) -> output]
  (1): nn.Linear(819 -> 1024)
  (2): nn.Add
  (3): nn.ReLU
  (4): nn.Linear(1024 -> 1024)
  (5): nn.Add
  (6): nn.ReLU
  (7): nn.Linear(1024 -> 64)
  (8): nn.Add
  (9): nn.ReLU
  (10): nn.Linear(64 -> 1024)
  (11): nn.Add
  (12): nn.ReLU
  (13): nn.Linear(1024 -> 4)
  (14): nn.LogSoftMax
}
Convert network to CUDA	
Reading dataset...	
Done setting up dataset with 105781 datapoints across 359 utterances.	
Utterances per language:	
 91
 88
 88
 92
[torch.DoubleTensor of size 4]

Testing neural network...	
Convert input tensor to CUDA	
================================	
Frame-Level Testing:	
  time to evaluate 1 sample = 1.0527467508132ms	
  time to evaluate all 105781 samples = 111360.60404778ms	
  FER: 0.47007496620376	
================================	
ConfusionMatrix:
[[   10173    2635    6244    7523]   38.280% 	[class: 1]
 [    7054    9481    4524    5275]   36.003% 	[class: 2]
 [    3662     987   19034    2643]   72.301% 	[class: 3]
 [    5543    1044    2591   17368]]  65.426% 	[class: 4]
 + average row correct: 53.002606332302% 
 + average rowUcol correct (VOC measure): 35.915397107601% 
 + global correct: 52.992503379624%
Incorrectly classified 1 utterance 01eq as 4	
Incorrectly classified 1 utterance 01fg as 2	
Incorrectly classified 1 utterance 01fz as 4	
Incorrectly classified 2 utterance 01gt as 1	
Incorrectly classified 1 utterance 01gz as 3	
Incorrectly classified 1 utterance 01h1 as 4	
Incorrectly classified 1 utterance 01hh as 2	
Incorrectly classified 1 utterance 01hz as 3	
Incorrectly classified 1 utterance 01i4 as 3	
Incorrectly classified 1 utterance 01it as 4	
Incorrectly classified 1 utterance 01j2 as 3	
Incorrectly classified 2 utterance 01j3 as 1	
Incorrectly classified 1 utterance 01j6 as 4	
Incorrectly classified 1 utterance 01j9 as 3	
Incorrectly classified 2 utterance 01jc as 1	
Incorrectly classified 1 utterance 01jf as 3	
Incorrectly classified 1 utterance 01ji as 4	
Incorrectly classified 1 utterance 01jo as 4	
Incorrectly classified 1 utterance 01jp as 3	
Incorrectly classified 1 utterance 01jt as 4	
Incorrectly classified 1 utterance 01k3 as 4	
Incorrectly classified 2 utterance 01k7 as 4	
Incorrectly classified 1 utterance 01kh as 3	
Incorrectly classified 1 utterance 01ko as 3	
Incorrectly classified 1 utterance 01l0 as 3	
Incorrectly classified 1 utterance 01l3 as 4	
Incorrectly classified 1 utterance 01l8 as 4	
Incorrectly classified 2 utterance 01lg as 1	
Incorrectly classified 1 utterance 01lr as 4	
Incorrectly classified 4 utterance 01lx as 1	
Incorrectly classified 2 utterance 01mb as 1	
Incorrectly classified 1 utterance 01mz as 4	
Incorrectly classified 1 utterance 01n8 as 4	
Incorrectly classified 1 utterance 01n9 as 4	
Incorrectly classified 2 utterance 01nh as 1	
Incorrectly classified 1 utterance 01ni as 4	
Incorrectly classified 1 utterance 01nk as 4	
Incorrectly classified 1 utterance 01nx as 4	
Incorrectly classified 1 utterance 01oc as 4	
Incorrectly classified 1 utterance 01oe as 4	
Incorrectly classified 4 utterance 01og as 1	
Incorrectly classified 1 utterance 01ok as 4	
Incorrectly classified 2 utterance 01op as 4	
Incorrectly classified 1 utterance 01oy as 2	
Incorrectly classified 1 utterance 01p2 as 4	
Incorrectly classified 1 utterance 01p3 as 2	
Incorrectly classified 1 utterance 01p4 as 4	
Incorrectly classified 1 utterance 01p5 as 4	
Incorrectly classified 2 utterance 01ps as 1	
Incorrectly classified 2 utterance 01pz as 1	
Incorrectly classified 2 utterance 01qq as 3	
Incorrectly classified 4 utterance 01ri as 1	
Incorrectly classified 2 utterance 01s0 as 3	
Incorrectly classified 2 utterance 01sq as 4	
Incorrectly classified 2 utterance 01t2 as 4	
Incorrectly classified 2 utterance 01uu as 4	
Incorrectly classified 2 utterance 01v2 as 4	
Incorrectly classified 2 utterance 01xr as 1	
Incorrectly classified 2 utterance 01yr as 4	
Incorrectly classified 2 utterance 01z4 as 1	
Incorrectly classified 2 utterance 0204 as 4	
Incorrectly classified 2 utterance 0223 as 1	
Incorrectly classified 2 utterance 022v as 1	
Incorrectly classified 2 utterance 0239 as 1	
Incorrectly classified 2 utterance 024a as 3	
Incorrectly classified 2 utterance 024q as 1	
Incorrectly classified 2 utterance 025b as 4	
Incorrectly classified 2 utterance 026a as 3	
Incorrectly classified 4 utterance 0274 as 1	
Incorrectly classified 2 utterance 028f as 4	
Incorrectly classified 2 utterance 02b7 as 4	
Incorrectly classified 2 utterance 02bf as 1	
Incorrectly classified 2 utterance 02cc as 1	
Incorrectly classified 2 utterance 02dk as 1	
Incorrectly classified 2 utterance 02em as 4	
Incorrectly classified 2 utterance 02fw as 3	
Incorrectly classified 2 utterance 02gb as 1	
Incorrectly classified 4 utterance 02hi as 1	
Incorrectly classified 2 utterance 02jq as 1	
Incorrectly classified 2 utterance 02jr as 4	
Incorrectly classified 2 utterance 02kb as 4	
Incorrectly classified 2 utterance 02kv as 1	
Incorrectly classified 2 utterance 02lg as 3	
Incorrectly classified 2 utterance 02nn as 3	
Incorrectly classified 2 utterance 02nu as 4	
Incorrectly classified 2 utterance 02nx as 1	
Incorrectly classified 3 utterance 02pk as 1	
Incorrectly classified 2 utterance 02qg as 3	
Incorrectly classified 2 utterance 02rn as 1	
Incorrectly classified 2 utterance 02rp as 4	
Incorrectly classified 2 utterance 01tj as 3	
Incorrectly classified 2 utterance 01vv as 1	
Incorrectly classified 4 utterance 01yr as 1	
Incorrectly classified 4 utterance 0266 as 1	
================================	
Utterance-Level Testing:	
  time to evaluate 1 utterance = 0.15015920888747ms	
  time to evaluate all 359 utterances = 53.907155990601ms	
  UER: 0.26183844011142	
================================	
ConfusionMatrix:
[[      54       4      10      24]   58.696% 	[class: 1]
 [      23      40       9      16]   45.455% 	[class: 2]
 [       1       0      86       0]   98.851% 	[class: 3]
 [       7       0       0      85]]  92.391% 	[class: 4]
 + average row correct: 73.848018795252% 
 + average rowUcol correct (VOC measure): 58.226678520441% 
 + global correct: 73.816155988858%
Done evaluating neural network.	
COMPLETED EVALUATION
