TRAINING DNN MODEL
TRAINING NETWORK WITH FILENAME /pool001/atitus/FastLID-DNN/models/1k_1k_64_1k_es_wd0.00005
[?1034hWeight decay: 5e-05	
Set nb of threads to 16	
Setting up neural network...	
Done setting up neural network.	
Using model:	
nn.Sequential {
  [input -> (1) -> (2) -> (3) -> (4) -> (5) -> (6) -> (7) -> (8) -> (9) -> (10) -> (11) -> (12) -> (13) -> (14) -> output]
  (1): nn.Linear(819 -> 1024)
  (2): nn.Add
  (3): nn.ReLU
  (4): nn.Linear(1024 -> 1024)
  (5): nn.Add
  (6): nn.ReLU
  (7): nn.Linear(1024 -> 64)
  (8): nn.Add
  (9): nn.ReLU
  (10): nn.Linear(64 -> 1024)
  (11): nn.Add
  (12): nn.ReLU
  (13): nn.Linear(1024 -> 4)
  (14): nn.LogSoftMax
}
Using optimizer state:	
{}
Convert network to CUDA	
Loading validation dataset...	
Reading dataset...	
Done setting up dataset with 88414 datapoints across 284 utterances.	
Utterances per language:	
 68
 71
 72
 73
[torch.DoubleTensor of size 4]

Loaded validation dataset.	
Loading training dataset...	
Reading dataset...	
Done setting up dataset with 2690331 datapoints across 1805 utterances.	
Utterances per language:	
 649
 527
 318
 311
[torch.DoubleTensor of size 4]

Loaded training dataset.	
Training neural network using minibatch size 128...	
Convert criterion to CUDA	
================================	
Epoch 1:	
  time to learn 1 sample = 0.85457603918908ms	
  time to learn all 2690331 samples = 2299092.4100876ms	
================================	
Training confusion matrix:	
ConfusionMatrix:
[[  256770   58558  173046  183429]   38.221% 	[class: 1]
 [   85466  377884  106479  104899]   56.005% 	[class: 2]
 [  116193   50774  401695  103085]   59.799% 	[class: 3]
 [  138559   49510  112938  371046]]  55.211% 	[class: 4]
 + average row correct: 52.308946847916% 
 + average rowUcol correct (VOC measure): 35.835326462984% 
 + global correct: 52.313079691681%
Validating neural network...	
================================	
Frame-Level Validation:	
  time to validate 1 sample = 1.1353886280909ms	
  time to validate all 88414 samples = 100384.25016403ms	
  FER: 0.40656457122175	
================================	
ConfusionMatrix:
[[    7037    1834    5751    7443]   31.892% 	[class: 1]
 [    1590   14801    2447    3248]   67.015% 	[class: 2]
 [    2297    1139   15242    3344]   69.213% 	[class: 3]
 [    2685    1375    2793   15388]]  69.188% 	[class: 4]
 + average row correct: 59.32689383626% 
 + average rowUcol correct (VOC measure): 42.288576439023% 
 + global correct: 59.343542877825%
================================	
Utterance-Level Validation:	
  time to validate 1 utterance = 0.11556333219501ms	
  time to validate all 284 utterances = 32.819986343384ms	
  UER: 0.22887323943662	
================================	
ConfusionMatrix:
[[      34       4      10      21]   49.275% 	[class: 1]
 [       2      55       2      12]   77.465% 	[class: 2]
 [       0       0      64       7]   90.141% 	[class: 3]
 [       3       1       3      66]]  90.411% 	[class: 4]
 + average row correct: 76.822988688946% 
 + average rowUcol correct (VOC measure): 62.785012274981% 
 + global correct: 77.112676056338%
Done validating neural network.	
Best validation FER so far 1, current FER 0.40656457122175	
Generalization loss:	
0	
Saving current network state...	
Saved.	
Saving current optimizer state...	
Saved.	
================================	
Epoch 2:	
  time to learn 1 sample = 0.83949634487723ms	
  time to learn all 2690331 samples = 2258523.0410099ms	
================================	
Training confusion matrix:	
ConfusionMatrix:
[[  322565   55732  140294  153212]   48.015% 	[class: 1]
 [   89037  416069   82401   87221]   61.665% 	[class: 2]
 [  109102   41420  442765   78460]   65.912% 	[class: 3]
 [  139187   45759   90831  396276]]  58.965% 	[class: 4]
 + average row correct: 58.639243245125% 
 + average rowUcol correct (VOC measure): 41.944825649261% 
 + global correct: 58.642412402043%
Validating neural network...	
================================	
Frame-Level Validation:	
  time to validate 1 sample = 1.0504038625613ms	
  time to validate all 88414 samples = 92870.407104492ms	
  FER: 0.37397923405795	
================================	
ConfusionMatrix:
[[   11048    1511    3621    5885]   50.070% 	[class: 1]
 [    2252   15214    1873    2747]   68.885% 	[class: 2]
 [    3965     975   14813    2269]   67.265% 	[class: 3]
 [    4342    1175    2450   14274]]  64.179% 	[class: 4]
 + average row correct: 62.599708139896% 
 + average rowUcol correct (VOC measure): 46.364231407642% 
 + global correct: 62.602076594205%
================================	
Utterance-Level Validation:	
  time to validate 1 utterance = 0.11905230266947ms	
  time to validate all 284 utterances = 33.81085395813ms	
  UER: 0.15845070422535	
================================	
ConfusionMatrix:
[[      52       3       3      11]   75.362% 	[class: 1]
 [       4      56       1      10]   78.873% 	[class: 2]
 [       1       0      66       4]   92.958% 	[class: 3]
 [       6       0       2      65]]  89.041% 	[class: 4]
 + average row correct: 84.058600664139% 
 + average rowUcol correct (VOC measure): 73.179122805595% 
 + global correct: 84.154929577465%
Done validating neural network.	
Best validation FER so far 0.40656457122175, current FER 0.37397923405795	
Generalization loss:	
0	
Saving current network state...	
Saved.	
Saving current optimizer state...	
Saved.	
================================	
Epoch 3:	
  time to learn 1 sample = 0.85384467002255ms	
  time to learn all 2690331 samples = 2297124.7849464ms	
================================	
Training confusion matrix:	
ConfusionMatrix:
[[  341504   56009  130390  143900]   50.834% 	[class: 1]
 [   86679  432174   75611   80264]   64.052% 	[class: 2]
 [  102617   38766  459608   70756]   68.420% 	[class: 3]
 [  134033   45166   85046  407808]]  60.681% 	[class: 4]
 + average row correct: 60.996568202972% 
 + average rowUcol correct (VOC measure): 44.319263100624% 
 + global correct: 60.999705984134%
Validating neural network...	
================================	
Frame-Level Validation:	
  time to validate 1 sample = 1.0356719193948ms	
  time to validate all 88414 samples = 91567.897081375ms	
  FER: 0.37226004931346	
================================	
ConfusionMatrix:
[[   11959    2378    2927    4801]   54.199% 	[class: 1]
 [    2664   16299    1248    1875]   73.798% 	[class: 2]
 [    4622    1364   13934    2102]   63.273% 	[class: 3]
 [    5029    2083    1820   13309]]  59.840% 	[class: 4]
 + average row correct: 62.777465581894% 
 + average rowUcol correct (VOC measure): 46.455284953117% 
 + global correct: 62.773995068654%
================================	
Utterance-Level Validation:	
  time to validate 1 utterance = 0.24627883669356ms	
  time to validate all 284 utterances = 69.943189620972ms	
  UER: 0.13028169014085	
================================	
ConfusionMatrix:
[[      56       3       2       8]   81.159% 	[class: 1]
 [       6      62       0       3]   87.324% 	[class: 2]
 [       2       0      63       6]   88.732% 	[class: 3]
 [       6       0       1      66]]  90.411% 	[class: 4]
 + average row correct: 86.906678974628% 
 + average rowUcol correct (VOC measure): 77.430532872677% 
 + global correct: 86.971830985915%
Done validating neural network.	
Best validation FER so far 0.37397923405795, current FER 0.37226004931346	
Generalization loss:	
0	
Saving current network state...	
Saved.	
Saving current optimizer state...	
Saved.	
================================	
Epoch 4:	
  time to learn 1 sample = 0.7948025979012ms	
  time to learn all 2690331 samples = 2138282.0680141ms	
================================	
Training confusion matrix:	
ConfusionMatrix:
[[  351781   56743  123457  139822]   52.364% 	[class: 1]
 [   85055  442475   70880   76318]   65.578% 	[class: 2]
 [   98799   37662  468045   67241]   69.676% 	[class: 3]
 [  130761   45839   80790  414663]]  61.701% 	[class: 4]
 + average row correct: 62.329678237438% 
 + average rowUcol correct (VOC measure): 45.696693658829% 
 + global correct: 62.332999173708%
Validating neural network...	
================================	
Frame-Level Validation:	
  time to validate 1 sample = 1.0631782973466ms	
  time to validate all 88414 samples = 93999.845981598ms	
  FER: 0.36153776551225	
================================	
ConfusionMatrix:
[[   10814    2070    5045    4136]   49.010% 	[class: 1]
 [    2106   16350    1756    1874]   74.029% 	[class: 2]
 [    2850    1118   16685    1369]   75.765% 	[class: 3]
 [    4347    1796    3498   12600]]  56.652% 	[class: 4]
 + average row correct: 63.863953202963% 
 + average rowUcol correct (VOC measure): 47.258799523115% 
 + global correct: 63.846223448775%
================================	
Utterance-Level Validation:	
  time to validate 1 utterance = 0.17983476880571ms	
  time to validate all 284 utterances = 51.07307434082ms	
  UER: 0.12323943661972	
================================	
ConfusionMatrix:
[[      56       2       6       5]   81.159% 	[class: 1]
 [       3      61       3       4]   85.915% 	[class: 2]
 [       0       0      70       1]   98.592% 	[class: 3]
 [       7       0       4      62]]  84.932% 	[class: 4]
 + average row correct: 87.649491429329% 
 + average rowUcol correct (VOC measure): 78.119960427284% 
 + global correct: 87.676056338028%
Done validating neural network.	
Best validation FER so far 0.37226004931346, current FER 0.36153776551225	
Generalization loss:	
0	
Saving current network state...	
Saved.	
Saving current optimizer state...	
Saved.	
================================	
Epoch 5:	
  time to learn 1 sample = 0.82157559267118ms	
  time to learn all 2690331 samples = 2210310.2858067ms	
================================	
Training confusion matrix:	
ConfusionMatrix:
[[  359817   55932  119811  136243]   53.560% 	[class: 1]
 [   83647  449087   67956   74038]   66.558% 	[class: 2]
 [   96183   36909  473781   64874]   70.530% 	[class: 3]
 [  127894   45726   78200  420233]]  62.530% 	[class: 4]
 + average row correct: 63.294388353825% 
 + average rowUcol correct (VOC measure): 46.710629016161% 
 + global correct: 63.297713181017%
Validating neural network...	
================================	
Frame-Level Validation:	
  time to validate 1 sample = 1.057727881546ms	
  time to validate all 88414 samples = 93517.952919006ms	
  FER: 0.34996719976474	
================================	
ConfusionMatrix:
[[   11185    2049    4199    4632]   50.691% 	[class: 1]
 [    2221   16039    1998    1828]   72.621% 	[class: 2]
 [    3073     806   16460    1683]   74.743% 	[class: 3]
 [    4266    1490    2697   13788]]  61.994% 	[class: 4]
 + average row correct: 65.012215077877% 
 + average rowUcol correct (VOC measure): 48.667576164007% 
 + global correct: 65.003280023526%
================================	
Utterance-Level Validation:	
  time to validate 1 utterance = 0.1205348632705ms	
  time to validate all 284 utterances = 34.231901168823ms	
  UER: 0.10211267605634	
================================	
ConfusionMatrix:
[[      58       1       5       5]   84.058% 	[class: 1]
 [       6      62       0       3]   87.324% 	[class: 2]
 [       0       0      70       1]   98.592% 	[class: 3]
 [       5       0       3      65]]  89.041% 	[class: 4]
 + average row correct: 89.753639698029% 
 + average rowUcol correct (VOC measure): 81.621751189232% 
 + global correct: 89.788732394366%
Done validating neural network.	
Best validation FER so far 0.36153776551225, current FER 0.34996719976474	
Generalization loss:	
0	
Saving current network state...	
Saved.	
Saving current optimizer state...	
Saved.	
================================	
Epoch 6:	
  time to learn 1 sample = 0.81983917515374ms	
  time to learn all 2690331 samples = 2205638.7479305ms	
================================	
Training confusion matrix:	
ConfusionMatrix:
[[  366258   55664  116751  133130]   54.519% 	[class: 1]
 [   82276  453779   65916   72757]   67.254% 	[class: 2]
 [   94815   36393  476868   63671]   70.989% 	[class: 3]
 [  127178   45169   76282  423424]]  63.005% 	[class: 4]
 + average row correct: 63.941515982151% 
 + average rowUcol correct (VOC measure): 47.404193133116% 
 + global correct: 63.944882618533%
Validating neural network...	
================================	
Frame-Level Validation:	
  time to validate 1 sample = 1.0619736921543ms	
  time to validate all 88414 samples = 93893.342018127ms	
  FER: 0.34414233040016	
================================	
ConfusionMatrix:
[[   11566    2178    3989    4332]   52.418% 	[class: 1]
 [    2095   16621    1655    1715]   75.256% 	[class: 2]
 [    3210    1096   16259    1457]   73.831% 	[class: 3]
 [    4323    1980    2397   13541]]  60.883% 	[class: 4]
 + average row correct: 65.596859157085% 
 + average rowUcol correct (VOC measure): 49.223569780588% 
 + global correct: 65.585766959984%
================================	
Utterance-Level Validation:	
  time to validate 1 utterance = 0.12018646992428ms	
  time to validate all 284 utterances = 34.132957458496ms	
  UER: 0.091549295774648	
================================	
ConfusionMatrix:
[[      58       3       3       5]   84.058% 	[class: 1]
 [       4      64       0       3]   90.141% 	[class: 2]
 [       0       0      70       1]   98.592% 	[class: 3]
 [       5       0       2      66]]  90.411% 	[class: 4]
 + average row correct: 90.800330042839% 
 + average rowUcol correct (VOC measure): 83.359633386135% 
 + global correct: 90.845070422535%
Done validating neural network.	
Best validation FER so far 0.34996719976474, current FER 0.34414233040016	
Generalization loss:	
0	
Saving current network state...	
Saved.	
Saving current optimizer state...	
Saved.	
================================	
Epoch 7:	
  time to learn 1 sample = 0.83542726900543ms	
  time to learn all 2690331 samples = 2247575.8800507ms	
================================	
Training confusion matrix:	
ConfusionMatrix:
[[  368850   55703  115595  131655]   54.904% 	[class: 1]
 [   81372  457170   64936   71250]   67.756% 	[class: 2]
 [   93073   36394  480271   62009]   71.496% 	[class: 3]
 [  124946   45585   75042  426480]]  63.459% 	[class: 4]
 + average row correct: 64.403946697712% 
 + average rowUcol correct (VOC measure): 47.89017662406% 
 + global correct: 64.407353593294%
Validating neural network...	
================================	
Frame-Level Validation:	
  time to validate 1 sample = 1.0318261031842ms	
  time to validate all 88414 samples = 91227.873086929ms	
  FER: 0.34678897007261	
================================	
ConfusionMatrix:
[[   10988    2189    3730    5158]   49.798% 	[class: 1]
 [    2143   16100    1855    1988]   72.897% 	[class: 2]
 [    2889    1086   16414    1633]   74.535% 	[class: 3]
 [    3941    1611    2438   14251]]  64.075% 	[class: 4]
 + average row correct: 65.326273441315% 
 + average rowUcol correct (VOC measure): 48.916503041983% 
 + global correct: 65.321102992739%
================================	
Utterance-Level Validation:	
  time to validate 1 utterance = 0.22721122687971ms	
  time to validate all 284 utterances = 64.527988433838ms	
  UER: 0.1056338028169	
================================	
ConfusionMatrix:
[[      53       2       5       9]   76.812% 	[class: 1]
 [       3      62       0       6]   87.324% 	[class: 2]
 [       0       0      70       1]   98.592% 	[class: 3]
 [       3       0       1      69]]  94.521% 	[class: 4]
 + average row correct: 89.311908185482% 
 + average rowUcol correct (VOC measure): 81.008838117123% 
 + global correct: 89.43661971831%
Done validating neural network.	
Best validation FER so far 0.34414233040016, current FER 0.34678897007261	
Generalization loss:	
0.76905380090051	
Saving current network state...	
Saved.	
Saving current optimizer state...	
Saved.	
================================	
Epoch 8:	
  time to learn 1 sample = 0.81706371294066ms	
  time to learn all 2690331 samples = 2198171.8358994ms	
================================	
Training confusion matrix:	
ConfusionMatrix:
[[  372329   55602  113692  130180]   55.422% 	[class: 1]
 [   80062  460760   63938   69968]   68.288% 	[class: 2]
 [   91456   36207  483155   60929]   71.925% 	[class: 3]
 [  124119   45387   74260  428287]]  63.728% 	[class: 4]
 + average row correct: 64.840978384018% 
 + average rowUcol correct (VOC measure): 48.360776156187% 
 + global correct: 64.844474527484%
Validating neural network...	
================================	
Frame-Level Validation:	
  time to validate 1 sample = 1.0647123642567ms	
  time to validate all 88414 samples = 94135.478973389ms	
  FER: 0.3395729183161	
================================	
ConfusionMatrix:
[[   13339    1900    3343    3483]   60.453% 	[class: 1]
 [    2581   16294    1595    1616]   73.775% 	[class: 2]
 [    3847     971   16006    1198]   72.682% 	[class: 3]
 [    5534    1680    2275   12752]]  57.336% 	[class: 4]
 + average row correct: 66.061465442181% 
 + average rowUcol correct (VOC measure): 49.951376765966% 
 + global correct: 66.04270816839%
================================	
Utterance-Level Validation:	
  time to validate 1 utterance = 0.15594002226709ms	
  time to validate all 284 utterances = 44.286966323853ms	
  UER: 0.088028169014085	
================================	
ConfusionMatrix:
[[      63       2       2       2]   91.304% 	[class: 1]
 [       8      62       0       1]   87.324% 	[class: 2]
 [       1       0      70       0]   98.592% 	[class: 3]
 [       8       0       1      64]]  87.671% 	[class: 4]
 + average row correct: 91.222769021988% 
 + average rowUcol correct (VOC measure): 84.248109161854% 
 + global correct: 91.197183098592%
Done validating neural network.	
Best validation FER so far 0.34414233040016, current FER 0.3395729183161	
Generalization loss:	
0	
Saving current network state...	
Saved.	
Saving current optimizer state...	
Saved.	
================================	
Epoch 9:	
  time to learn 1 sample = 0.83304305937549ms	
  time to learn all 2690331 samples = 2241161.5669727ms	
================================	
Training confusion matrix:	
ConfusionMatrix:
[[  375152   55434  113099  128118]   55.843% 	[class: 1]
 [   79167  462950   63740   68871]   68.613% 	[class: 2]
 [   90531   35743  485314   60159]   72.247% 	[class: 3]
 [  122812   44940   73238  431063]]  64.141% 	[class: 4]
 + average row correct: 65.210789442062% 
 + average rowUcol correct (VOC measure): 48.759042471647% 
 + global correct: 65.214243154467%
Validating neural network...	
================================	
Frame-Level Validation:	
  time to validate 1 sample = 1.0647894685889ms	
  time to validate all 88414 samples = 94142.296075821ms	
  FER: 0.33527495645486	
================================	
ConfusionMatrix:
[[   12390    1845    3731    4099]   56.152% 	[class: 1]
 [    2584   16351    1595    1556]   74.033% 	[class: 2]
 [    3201    1029   16400    1392]   74.471% 	[class: 3]
 [    4971    1428    2212   13630]]  61.283% 	[class: 4]
 + average row correct: 66.484950482845% 
 + average rowUcol correct (VOC measure): 50.433050841093% 
 + global correct: 66.472504354514%
================================	
Utterance-Level Validation:	
  time to validate 1 utterance = 0.17531405032521ms	
  time to validate all 284 utterances = 49.789190292358ms	
  UER: 0.088028169014085	
================================	
ConfusionMatrix:
[[      60       2       3       4]   86.957% 	[class: 1]
 [       6      63       0       2]   88.732% 	[class: 2]
 [       0       0      69       2]   97.183% 	[class: 3]
 [       4       0       2      67]]  91.781% 	[class: 4]
 + average row correct: 91.16320759058% 
 + average rowUcol correct (VOC measure): 83.939063549042% 
 + global correct: 91.197183098592%
Done validating neural network.	
Best validation FER so far 0.3395729183161, current FER 0.33527495645486	
Generalization loss:	
0	
Saving current network state...	
Saved.	
Saving current optimizer state...	
Saved.	
================================	
Epoch 10:	
  time to learn 1 sample = 0.85772494684036ms	
  time to learn all 2690331 samples = 2307564.013958ms	
================================	
Training confusion matrix:	
ConfusionMatrix:
[[  377678   55043  111334  127748]   56.219% 	[class: 1]
 [   78934  464857   62465   68472]   68.895% 	[class: 2]
 [   89646   35376  487400   59325]   72.557% 	[class: 3]
 [  122980   44760   72378  431935]]  64.271% 	[class: 4]
 + average row correct: 65.485520660877% 
 + average rowUcol correct (VOC measure): 49.065857380629% 
 + global correct: 65.488967714382%
Validating neural network...	
================================	
Frame-Level Validation:	
  time to validate 1 sample = 1.0704151805887ms	
  time to validate all 88414 samples = 94639.687776566ms	
  FER: 0.33347659872871	
================================	
ConfusionMatrix:
[[   12673    1712    3728    3952]   57.435% 	[class: 1]
 [    2583   16106    1622    1775]   72.924% 	[class: 2]
 [    3241     937   16612    1232]   75.434% 	[class: 3]
 [    4966    1497    2239   13539]]  60.874% 	[class: 4]
 + average row correct: 66.666649281979% 
 + average rowUcol correct (VOC measure): 50.609505176544% 
 + global correct: 66.652340127129%
================================	
Utterance-Level Validation:	
  time to validate 1 utterance = 0.12218700328343ms	
  time to validate all 284 utterances = 34.701108932495ms	
  UER: 0.084507042253521	
================================	
ConfusionMatrix:
[[      61       2       3       3]   88.406% 	[class: 1]
 [       7      62       1       1]   87.324% 	[class: 2]
 [       0       0      71       0]   100.000% 	[class: 3]
 [       6       0       1      66]]  90.411% 	[class: 4]
 + average row correct: 91.535176336765% 
 + average rowUcol correct (VOC measure): 84.614272415638% 
 + global correct: 91.549295774648%
Done validating neural network.	
Best validation FER so far 0.33527495645486, current FER 0.33347659872871	
Generalization loss:	
0	
Saving current network state...	
Saved.	
Saving current optimizer state...	
Saved.	
================================	
Epoch 11:	
  time to learn 1 sample = 0.83505234865562ms	
  time to learn all 2690331 samples = 2246567.220211ms	
================================	
Training confusion matrix:	
ConfusionMatrix:
[[  379498   54916  110801  126588]   56.489% 	[class: 1]
 [   78627  466408   61948   67745]   69.125% 	[class: 2]
 [   88809   35011  488723   59204]   72.754% 	[class: 3]
 [  121770   44889   71785  433609]]  64.520% 	[class: 4]
 + average row correct: 65.722225606441% 
 + average rowUcol correct (VOC measure): 49.321912974119% 
 + global correct: 65.72566721344%
Validating neural network...	
================================	
Frame-Level Validation:	
  time to validate 1 sample = 1.0685973488101ms	
  time to validate all 88414 samples = 94478.965997696ms	
  FER: 0.33034361074038	
================================	
ConfusionMatrix:
[[   12187    1901    3738    4239]   55.232% 	[class: 1]
 [    2584   16182    1498    1822]   73.268% 	[class: 2]
 [    2910     987   16804    1321]   76.306% 	[class: 3]
 [    4528    1387    2292   14034]]  63.100% 	[class: 4]
 + average row correct: 66.976399719715% 
 + average rowUcol correct (VOC measure): 50.902233272791% 
 + global correct: 66.965638925962%
================================	
Utterance-Level Validation:	
  time to validate 1 utterance = 0.15594338027524ms	
  time to validate all 284 utterances = 44.287919998169ms	
  UER: 0.084507042253521	
================================	
ConfusionMatrix:
[[      60       3       3       3]   86.957% 	[class: 1]
 [       7      61       0       3]   85.915% 	[class: 2]
 [       1       0      69       1]   97.183% 	[class: 3]
 [       2       0       1      70]]  95.890% 	[class: 4]
 + average row correct: 91.486379504204% 
 + average rowUcol correct (VOC measure): 84.470449388027% 
 + global correct: 91.549295774648%
Done validating neural network.	
Best validation FER so far 0.33347659872871, current FER 0.33034361074038	
Generalization loss:	
0	
Saving current network state...	
Saved.	
Saving current optimizer state...	
Saved.	
================================	
Epoch 12:	
  time to learn 1 sample = 0.77781351624108ms	
  time to learn all 2690331 samples = 2092575.8149624ms	
================================	
Training confusion matrix:	
ConfusionMatrix:
[[  381476   54560  109526  126241]   56.784% 	[class: 1]
 [   78009  468023   61073   67623]   69.365% 	[class: 2]
 [   88385   35008  489216   59138]   72.827% 	[class: 3]
 [  120914   44231   71169  435739]]  64.837% 	[class: 4]
 + average row correct: 65.953253209591% 
 + average rowUcol correct (VOC measure): 49.579265713692% 
 + global correct: 65.956716850083%
Validating neural network...	
================================	
Frame-Level Validation:	
  time to validate 1 sample = 1.0651739655363ms	
  time to validate all 88414 samples = 94176.290988922ms	
  FER: 0.32917863686746	
================================	
ConfusionMatrix:
[[   12440    1977    4162    3486]   56.379% 	[class: 1]
 [    2327   16786    1555    1418]   76.003% 	[class: 2]
 [    2553    1092   17050    1327]   77.423% 	[class: 3]
 [    4822    1690    2695   13034]]  58.603% 	[class: 4]
 + average row correct: 67.101958394051% 
 + average rowUcol correct (VOC measure): 50.87266266346% 
 + global correct: 67.082136313254%
================================	
Utterance-Level Validation:	
  time to validate 1 utterance = 0.17414462398475ms	
  time to validate all 284 utterances = 49.45707321167ms	
  UER: 0.091549295774648	
================================	
ConfusionMatrix:
[[      61       2       5       1]   88.406% 	[class: 1]
 [       5      64       0       2]   90.141% 	[class: 2]
 [       0       0      70       1]   98.592% 	[class: 3]
 [       8       1       1      63]]  86.301% 	[class: 4]
 + average row correct: 90.859889984131% 
 + average rowUcol correct (VOC measure): 83.401001989841% 
 + global correct: 90.845070422535%
Done validating neural network.	
Best validation FER so far 0.33034361074038, current FER 0.32917863686746	
Generalization loss:	
0	
Saving current network state...	
Saved.	
Saving current optimizer state...	
Saved.	
================================	
Epoch 13:	
  time to learn 1 sample = 0.80750312952272ms	
  time to learn all 2690331 samples = 2172450.701952ms	
================================	
Training confusion matrix:	
ConfusionMatrix:
[[  382535   54093  109522  125653]   56.942% 	[class: 1]
 [   77967  468381   60824   67556]   69.418% 	[class: 2]
 [   88088   34405  490696   58558]   73.048% 	[class: 3]
 [  121554   44057   70296  436146]]  64.898% 	[class: 4]
 + average row correct: 66.076149046421% 
 + average rowUcol correct (VOC measure): 49.720959365368% 
 + global correct: 66.079527017308%
Validating neural network...	
================================	
Frame-Level Validation:	
  time to validate 1 sample = 1.0642963330855ms	
  time to validate all 88414 samples = 94098.695993423ms	
  FER: 0.33142941163164	
================================	
ConfusionMatrix:
[[   11492    1728    3918    4927]   52.082% 	[class: 1]
 [    2110   16031    1937    2008]   72.584% 	[class: 2]
 [    2624     710   17292    1396]   78.521% 	[class: 3]
 [    3802    1471    2672   14296]]  64.278% 	[class: 4]
 + average row correct: 66.86652302742% 
 + average rowUcol correct (VOC measure): 50.647442787886% 
 + global correct: 66.857058836836%
================================	
Utterance-Level Validation:	
  time to validate 1 utterance = 0.13654920416819ms	
  time to validate all 284 utterances = 38.779973983765ms	
  UER: 0.063380281690141	
================================	
ConfusionMatrix:
[[      62       2       2       3]   89.855% 	[class: 1]
 [       5      63       0       3]   88.732% 	[class: 2]
 [       0       0      71       0]   100.000% 	[class: 3]
 [       2       0       1      70]]  95.890% 	[class: 4]
 + average row correct: 93.619468808174% 
 + average rowUcol correct (VOC measure): 88.108465075493% 
 + global correct: 93.661971830986%
Done validating neural network.	
Best validation FER so far 0.32917863686746, current FER 0.33142941163164	
Generalization loss:	
0.68375481033536	
Saving current network state...	
Saved.	
Saving current optimizer state...	
Saved.	
================================	
Epoch 14:	
  time to learn 1 sample = 0.76164575182057ms	
  time to learn all 2690331 samples = 2049079.1771412ms	
================================	
Training confusion matrix:	
ConfusionMatrix:
[[  383944   53725  108531  125603]   57.151% 	[class: 1]
 [   77948  469488   60377   66915]   69.582% 	[class: 2]
 [   87185   34467  492031   58064]   73.246% 	[class: 3]
 [  120713   44210   70622  436508]]  64.951% 	[class: 4]
 + average row correct: 66.232748329639% 
 + average rowUcol correct (VOC measure): 49.891130626202% 
 + global correct: 66.236124848578%
Validating neural network...	
================================	
Frame-Level Validation:	
  time to validate 1 sample = 1.0655919059113ms	
  time to validate all 88414 samples = 94213.242769241ms	
  FER: 0.33183658696587	
================================	
ConfusionMatrix:
[[   12060    2054    3334    4617]   54.657% 	[class: 1]
 [    2199   16491    1531    1865]   74.667% 	[class: 2]
 [    2843    1104   16456    1619]   74.725% 	[class: 3]
 [    4355    1785    2033   14068]]  63.253% 	[class: 4]
 + average row correct: 66.825433075428% 
 + average rowUcol correct (VOC measure): 50.65269395709% 
 + global correct: 66.816341303413%
================================	
Utterance-Level Validation:	
  time to validate 1 utterance = 0.12037619738512ms	
  time to validate all 284 utterances = 34.186840057373ms	
  UER: 0.056338028169014	
================================	
ConfusionMatrix:
[[      63       1       1       4]   91.304% 	[class: 1]
 [       3      64       0       4]   90.141% 	[class: 2]
 [       0       0      71       0]   100.000% 	[class: 3]
 [       3       0       0      70]]  95.890% 	[class: 4]
 + average row correct: 94.333900511265% 
 + average rowUcol correct (VOC measure): 89.479938149452% 
 + global correct: 94.366197183099%
Done validating neural network.	
Best validation FER so far 0.32917863686746, current FER 0.33183658696587	
Generalization loss:	
0.80744914788347	
Saving current network state...	
Saved.	
Saving current optimizer state...	
Saved.	
================================	
Epoch 15:	
  time to learn 1 sample = 0.84189550027219ms	
  time to learn all 2690331 samples = 2264977.5631428ms	
================================	
Training confusion matrix:	
ConfusionMatrix:
[[  385819   53946  107848  124190]   57.430% 	[class: 1]
 [   76811  471116   60288   66513]   69.823% 	[class: 2]
 [   86464   34369  493345   57569]   73.442% 	[class: 3]
 [  120101   43877   70544  437531]]  65.104% 	[class: 4]
 + average row correct: 66.449801623821% 
 + average rowUcol correct (VOC measure): 50.126507878304% 
 + global correct: 66.453198509774%
Validating neural network...	
================================	
Frame-Level Validation:	
  time to validate 1 sample = 1.0664537604637ms	
  time to validate all 88414 samples = 94289.442777634ms	
  FER: 0.33361232384012	
================================	
ConfusionMatrix:
[[   12900    1852    4072    3241]   58.464% 	[class: 1]
 [    2512   16584    1620    1370]   75.088% 	[class: 2]
 [    3121     862   17223     816]   78.208% 	[class: 3]
 [    5412    1754    2864   12211]]  54.903% 	[class: 4]
 + average row correct: 66.665796935558% 
 + average rowUcol correct (VOC measure): 50.46843290329% 
 + global correct: 66.638767615988%
================================	
Utterance-Level Validation:	
  time to validate 1 utterance = 0.12113426772641ms	
  time to validate all 284 utterances = 34.402132034302ms	
  UER: 0.088028169014085	
================================	
ConfusionMatrix:
[[      61       2       3       3]   88.406% 	[class: 1]
 [       6      64       0       1]   90.141% 	[class: 2]
 [       0       0      71       0]   100.000% 	[class: 3]
 [       8       0       2      63]]  86.301% 	[class: 4]
 + average row correct: 91.212002933025% 
 + average rowUcol correct (VOC measure): 84.101110696793% 
 + global correct: 91.197183098592%
Done validating neural network.	
Best validation FER so far 0.32917863686746, current FER 0.33361232384012	
Generalization loss:	
1.346893897746	
Saving current network state...	
Saved.	
Saving current optimizer state...	
Saved.	
================================	
Epoch 16:	
  time to learn 1 sample = 0.8376027582163ms	
  time to learn all 2690331 samples = 2253428.6661148ms	
================================	
Training confusion matrix:	
ConfusionMatrix:
[[  387476   53256  106812  124259]   57.677% 	[class: 1]
 [   77060  471325   59809   66534]   69.854% 	[class: 2]
 [   86324   33618  494383   57422]   73.597% 	[class: 3]
 [  120237   43814   70439  437563]]  65.108% 	[class: 4]
 + average row correct: 66.559028625488% 
 + average rowUcol correct (VOC measure): 50.255327671766% 
 + global correct: 66.562330062732%
Validating neural network...	
================================	
Frame-Level Validation:	
  time to validate 1 sample = 1.0584027743397ms	
  time to validate all 88414 samples = 93577.622890472ms	
  FER: 0.32810414640215	
================================	
ConfusionMatrix:
[[   12418    1702    4004    3941]   56.279% 	[class: 1]
 [    2350   16005    1865    1866]   72.467% 	[class: 2]
 [    2422     712   17489    1399]   79.416% 	[class: 3]
 [    4954    1222    2572   13493]]  60.667% 	[class: 4]
 + average row correct: 67.207291722298% 
 + average rowUcol correct (VOC measure): 51.129075884819% 
 + global correct: 67.189585359785%
================================	
Utterance-Level Validation:	
  time to validate 1 utterance = 0.1709436027097ms	
  time to validate all 284 utterances = 48.547983169556ms	
  UER: 0.080985915492958	
================================	
ConfusionMatrix:
[[      61       1       3       4]   88.406% 	[class: 1]
 [       6      64       0       1]   90.141% 	[class: 2]
 [       0       0      70       1]   98.592% 	[class: 3]
 [       6       0       1      66]]  90.411% 	[class: 4]
 + average row correct: 91.887287795544% 
 + average rowUcol correct (VOC measure): 85.268792510033% 
 + global correct: 91.901408450704%
Done validating neural network.	
Best validation FER so far 0.32917863686746, current FER 0.32810414640215	
Generalization loss:	
0	
Saving current network state...	
Saved.	
Saving current optimizer state...	
Saved.	
================================	
Epoch 17:	
  time to learn 1 sample = 0.81223646045563ms	
  time to learn all 2690331 samples = 2185184.928894ms	
================================	
Training confusion matrix:	
ConfusionMatrix:
[[  387551   53496  107076  123680]   57.688% 	[class: 1]
 [   76725  472359   59742   65902]   70.007% 	[class: 2]
 [   85827   33959  494828   57133]   73.663% 	[class: 3]
 [  119864   43722   70278  438189]]  65.202% 	[class: 4]
 + average row correct: 66.63998067379% 
 + average rowUcol correct (VOC measure): 50.341437757015% 
 + global correct: 66.643360984206%
Validating neural network...	
================================	
Frame-Level Validation:	
  time to validate 1 sample = 1.0303147579579ms	
  time to validate all 88414 samples = 91094.249010086ms	
  FER: 0.33299025041283	
================================	
ConfusionMatrix:
[[   12341    1514    3107    5103]   55.930% 	[class: 1]
 [    2405   16237    1331    2113]   73.517% 	[class: 2]
 [    3361     962   15611    2088]   70.888% 	[class: 3]
 [    4112    1580    1765   14784]]  66.472% 	[class: 4]
 + average row correct: 66.701851785183% 
 + average rowUcol correct (VOC measure): 50.730182230473% 
 + global correct: 66.700974958717%
================================	
Utterance-Level Validation:	
  time to validate 1 utterance = 0.28355272722916ms	
  time to validate all 284 utterances = 80.528974533081ms	
  UER: 0.077464788732394	
================================	
ConfusionMatrix:
[[      59       1       1       8]   85.507% 	[class: 1]
 [       4      63       0       4]   88.732% 	[class: 2]
 [       0       0      70       1]   98.592% 	[class: 3]
 [       3       0       0      70]]  95.890% 	[class: 4]
 + average row correct: 92.180398106575% 
 + average rowUcol correct (VOC measure): 85.937286913395% 
 + global correct: 92.253521126761%
Done validating neural network.	
Best validation FER so far 0.32810414640215, current FER 0.33299025041283	
Generalization loss:	
1.4891930090662	
Saving current network state...	
Saved.	
Saving current optimizer state...	
Saved.	
================================	
Epoch 18:	
  time to learn 1 sample = 0.8931331810139ms	
  time to learn all 2690331 samples = 2402823.8840103ms	
================================	
Training confusion matrix:	
ConfusionMatrix:
[[  389264   53091  106279  123169]   57.943% 	[class: 1]
 [   76623  473122   59241   65742]   70.120% 	[class: 2]
 [   85189   33706  495909   56943]   73.824% 	[class: 3]
 [  119557   43676   70254  438566]]  65.258% 	[class: 4]
 + average row correct: 66.786251962185% 
 + average rowUcol correct (VOC measure): 50.505079329014% 
 + global correct: 66.789588344334%
Validating neural network...	
================================	
Frame-Level Validation:	
  time to validate 1 sample = 1.0316178543414ms	
  time to validate all 88414 samples = 91209.46097374ms	
  FER: 0.3271993123261	
================================	
ConfusionMatrix:
[[   12751    1343    3651    4320]   57.788% 	[class: 1]
 [    2699   15569    1717    2101]   70.493% 	[class: 2]
 [    3009     594   17004    1415]   77.214% 	[class: 3]
 [    4504    1115    2461   14161]]  63.671% 	[class: 4]
 + average row correct: 67.291341722012% 
 + average rowUcol correct (VOC measure): 51.371109485626% 
 + global correct: 67.28006876739%
================================	
Utterance-Level Validation:	
  time to validate 1 utterance = 0.21421825382071ms	
  time to validate all 284 utterances = 60.837984085083ms	
  UER: 0.063380281690141	
================================	
ConfusionMatrix:
[[      63       1       3       2]   91.304% 	[class: 1]
 [       7      62       0       2]   87.324% 	[class: 2]
 [       0       0      71       0]   100.000% 	[class: 3]
 [       3       0       0      70]]  95.890% 	[class: 4]
 + average row correct: 93.629676103592% 
 + average rowUcol correct (VOC measure): 88.178247213364% 
 + global correct: 93.661971830986%
Done validating neural network.	
Best validation FER so far 0.32810414640215, current FER 0.3271993123261	
Generalization loss:	
0	
Saving current network state...	
Saved.	
Saving current optimizer state...	
Saved.	
slurmstepd: error: *** JOB 2681010 ON node103 CANCELLED AT 2017-05-04T21:27:50 DUE TO TIME LIMIT ***
